Ok
pinf-1, 56-1
pinf-2, 60-1
pinf-3, 66-1
Ok
epi-1, 35-1
pinf-4, 65-1
2
er-1, 14-1, 25-1
pinf-5, 59-1
pinf-6, 76-1
epi-2, 13-1
er-2, 14-2, 23-1
Ok
pinf-7, 77-1
Ok
epi-3, 34-1
4
pinf-8, 59-2
epi-4, 19-1
epi-5, 2-1
epi-6, 3-1
pinf-9, 51-1
pinf-10, 72-1
Ok
pinf-11, 72-2
epi-7, 37-1
Ok
epi-8, 31-1
pinf-12, 57-1
pinf-13, 61-1
true
6
pinf-14, 66-2
pinf-15, 49-1
pinf-16, 76-2
pinf-17, 86-1
pinf-18, 70-1
Ok
epi-9, 11-1
epi-10, 31-2
epi-11, 16-1
er-3, 16-1, 31-1
Ok
pinf-19, 84-1
Ok
pinf-20, 74-1
pinf-21, 76-3
pinf-22, 80-1
Ok
rnf-1, 14-1, 46-1
epi-12, 46-1
epi-13, 36-1
9
pinf-23, 71-1
Ok
rnf-2, 31-1, 47-1
pinf-24, 78-1
pinf-25, 79-1
Ok
pinf-26, 63-1
epi-14, 19-2
pinf-27, 84-2
Ok
pinf-28, 68-1
epi-15, 1-1
true
Ok
Ok
pinf-29, 75-1
Ok
epi-16, 48-1
epi-17, 52-1
epi-18, 15-1
14
epi-19, 11-2
14
Ok
pinf-30, 69-1
Ok
Ok
Ok
pinf-31, 81-1
pinf-32, 100-1
pinf-33, 68-2
epi-20, 30-1
16
pinf-34, 98-1
pinf-35, 95-1
Ok
Ok
epi-21, 54-1
pinf-36, 108-1
epi-22, 27-1
epi-23, 49-1
epi-24, 29-1
pinf-37, 81-2
pinf-38, 93-1
Ok
epi-25, 41-1
pinf-39, 92-1
pinf-40, 76-4
Ok
Ok
rnf-3, 37-1, 50-1
pinf-41, 93-2
Ok
Ok
epi-26, 11-3
epi-27, 23-1
Ok
epi-28, 25-1
22
false
pinf-42, 90-1
pinf-43, 113-1
epi-29, 39-1
pinf-44, 75-2
pinf-45, 88-1
epi-30, 49-2
pinf-46, 72-3
pinf-47, 94-1
pinf-48, 98-2
Ok
pinf-49, 98-3
Ok
pinf-50, 111-1
pinf-51, 124-1
pinf-52, 104-1
pinf-53, 87-1
epi-31, 58-1
epi-32, 33-1
Ok
epi-33, 58-2
pinf-54, 121-1
Ok
pinf-55, 115-1
pinf-56, 90-2
rnf-4, 11-1, 64-1
54612
epi-34, 29-2
Ok
Ok
pinf-57, 130-1
54612
epi-35, 1-2
pinf-58, 67-1
er-4, 3-1, 31-2
17
pinf-59, 107-1
25
pinf-60, 91-1
Ok
Ok
25
epi-36, 45-1
rnf-5, 1-1, 48-1
pinf-61, 132-1
54612
pinf-62, 83-1
Ok
pinf-63, 86-2
Ok
epi-37, 34-2
Ok
Ok
Ok
Ok
epi-38, 43-1
54612
Ok
epi-39, 22-1
pinf-64, 140-1
pinf-65, 104-2
pinf-66, 145-1
pinf-67, 134-1
Ok
pinf-68, 143-1
pinf-69, 77-2
false
epi-40, 69-1
rnf-6, 23-1, 55-1
Ok
32
epi-41, 11-4
pinf-70, 135-1
Ok
Ok
Ok
rnf-7, 49-1, 60-1
epi-42, 18-1
epi-43, 38-1
Ok
pinf-71, 152-1
epi-44, 68-1
pinf-72, 79-2
epi-45, 17-1
epi-46, 16-2
epi-47, 69-2
Ok
epi-48, 15-2
pinf-73, 129-1
false
pinf-74, 92-2
epi-49, 57-1
epi-50, 66-1
Ok
epi-51, 16-3
pinf-75, 81-3
epi-52, 19-3
epi-53, 16-4
pinf-76, 130-2
pinf-77, 125-1
34
Ok
false
pinf-78, 153-1
Ok
pinf-79, 136-1
Ok
pinf-80, 127-1
epi-54, 50-1
pinf-81, 111-2
pinf-82, 156-1
54612
Ok
epi-55, 11-5
pinf-83, 100-2
epi-56, 36-2
pinf-84, 149-1
pinf-85, 128-1
pinf-86, 106-1
epi-57, 20-1
36
pinf-87, 158-1
pinf-88, 93-3
pinf-89, 160-1
pinf-90, 83-2
Ok
pinf-91, 121-2
Ok
Ok
54612
Ok
Ok
epi-58, 3-2
37
epi-59, 10-1
Ok
38
pinf-92, 127-2
38
er-5, 8-1, 23-2
Ok
pinf-93, 169-1
pinf-94, 138-1
epi-60, 84-1
epi-61, 16-5
Ok
Ok
epi-62, 8-1
pinf-95, 103-1
epi-63, 75-1
epi-64, 80-1
pinf-96, 103-2
epi-65, 3-3
pinf-97, 136-2
pinf-98, 122-1
Ok
39
false
Ok
Ok
Ok
epi-66, 54-2
false
pinf-99, 133-1
pinf-100, 143-2
epi-67, 48-2
epi-68, 71-1
Ok
pinf-101, 122-2
true
false
epi-69, 69-3
epi-70, 44-1
pinf-102, 107-2
pinf-103, 132-2
epi-71, 46-2
