0
[2024-01-03] A-2816 2
[2024-01-03] [reject] 22370156 ordered A-2816
[2024-01-03] 22370156 10
[2024-01-03] [reject] 22370156 borrowed A-2816
[2024-01-03] 22370156 10
[2024-01-03] [accept] 22370185 donated AU-2057
[2024-01-03] [accept] 22370156 donated BU-2994
[2024-01-03] [reject] 22370156 ordered AU-2057
[2024-01-03] [accept] 22370156 borrowed BU-2994
[2024-01-03] [accept] 22370156 returned BU-2994 not overdue
[2024-01-03] 22370185 12
[2024-01-03] [reject] 22370156 ordered A-2816
1
[2024-01-03] move BU-2994 from bro to bdc
0
[2024-01-07] A-2816 2
[2024-01-07] 22370185 12
[2024-01-07] [accept] 22370185 borrowed BU-2994
0
0
[2024-01-08] 22370156 13
0
0
[2024-01-13] [accept] 22370185 returned BU-2994 not overdue
1
[2024-01-13] move BU-2994 from bro to bs
0
[2024-01-16] 22370185 13
0
0
[2024-01-20] 22370156 13
0
0
[2024-01-25] 22370156 13
[2024-01-25] [accept] 22370185 donated BU-2789
[2024-01-25] A-2816 2
0
0
0
0
[2024-01-31] [accept] 22370185 borrowed B-2994
[2024-01-31] B-2994 0
[2024-01-31] [reject] 22370185 renewed B-2994
[2024-01-31] [reject] 22370156 ordered A-2816
[2024-01-31] [reject] 22370185 borrowed AU-2057
[2024-01-31] [reject] 22370185 ordered AU-2057
[2024-01-31] [accept] 22370185 donated BU-6080
[2024-01-31] 22370156 13
0
0
0
0
[2024-02-09] BU-2789 1
0
0
0
0
[2024-02-15] 22370185 17
[2024-02-15] A-2816 2
[2024-02-15] [reject] 22370156 ordered AU-2057
0
0
[2024-02-20] 22370185 17
0
0
[2024-02-24] [accept] 22370185 donated BU-0910
[2024-02-24] [reject] 22370156 ordered A-2816
[2024-02-24] [accept] 22370185 returned B-2994 not overdue
[2024-02-24] 22370156 13
1
[2024-02-24] move B-2994 from bro to bs
0
0
0
[2024-03-02] 22370185 20
[2024-03-02] 22370185 20
[2024-03-02] 22370156 13
0
0
0
0
[2024-03-09] 22370156 13
0
0
[2024-03-13] [accept] 22370156 donated AU-9202
[2024-03-13] [reject] 22370156 ordered A-2816
[2024-03-13] [accept] 22370156 donated BU-4498
[2024-03-13] 22370156 17
[2024-03-13] 22370156 17
[2024-03-13] 22370185 20
[2024-03-13] [accept] 22370156 donated BU-8719
[2024-03-13] 22370185 20
[2024-03-13] [accept] 22370156 donated CU-1399
[2024-03-13] 22370185 20
[2024-03-13] A-2816 2
0
0
0
0
[2024-03-19] [reject] 22370156 borrowed AU-9202
0
0
[2024-03-23] 22370185 20
0
0
[2024-03-24] [accept] 22370185 borrowed BU-6080
[2024-03-24] [reject] 22370156 borrowed AU-9202
[2024-03-24] 22370156 20
[2024-03-24] AU-9202 1
0
0
0
