[   1.6700]RECEIVE-20-4
[   1.9660]RECEIVE-5-3
[   2.0720]ARRIVE-2-4
[   2.3660]ARRIVE-2-3
[   2.4660]RECEIVE-19-5
[   2.4720]ARRIVE-3-4
[   2.4730]OPEN-3-4
[   2.6650]RECEIVE-33-2
[   2.6730]IN-20-3-4
[   2.7660]ARRIVE-3-3
[   2.8660]ARRIVE-2-5
[   2.8740]CLOSE-3-4
[   3.0660]ARRIVE-2-2
[   3.1670]ARRIVE-4-3
[   3.1670]OPEN-4-3
[   3.2670]ARRIVE-3-5
[   3.2740]ARRIVE-4-4
[   3.3670]IN-5-4-3
[   3.4660]ARRIVE-3-2
[   3.5680]CLOSE-4-3
[   3.6670]ARRIVE-4-5
[   3.6740]ARRIVE-5-4
[   3.8670]ARRIVE-4-2
[   3.9680]ARRIVE-5-3
[   4.0680]ARRIVE-5-5
[   4.0750]ARRIVE-6-4
[   4.0750]OPEN-6-4
[   4.2670]ARRIVE-5-2
[   4.2750]OUT-20-6-4
[   4.3690]ARRIVE-6-3
[   4.4680]ARRIVE-6-5
[   4.4750]CLOSE-6-4
[   4.5670]RECEIVE-45-6
[   4.6680]ARRIVE-6-2
[   4.6680]OPEN-6-2
[   4.7690]ARRIVE-7-3
[   4.8680]IN-33-6-2
[   4.8690]ARRIVE-7-5
[   4.9670]ARRIVE-2-6
[   4.9670]OPEN-2-6
[   5.0690]CLOSE-6-2
[   5.1670]IN-45-2-6
[   5.1700]ARRIVE-8-3
[   5.2660]RECEIVE-34-4
[   5.2660]RECEIVE-3-2
[   5.2660]OPEN-6-4
[   5.2690]ARRIVE-8-5
[   5.2690]OPEN-8-5
[   5.3650]RECEIVE-66-5
[   5.3680]CLOSE-2-6
[   5.4670]IN-34-6-4
[   5.4690]ARRIVE-7-2
[   5.4690]IN-19-8-5
[   5.5700]ARRIVE-9-3
[   5.6670]CLOSE-6-4
[   5.6690]CLOSE-8-5
[   5.7660]RECEIVE-18-5
[   5.7680]ARRIVE-3-6
[   5.8690]ARRIVE-8-2
[   5.9700]ARRIVE-10-3
[   6.0670]ARRIVE-5-4
[   6.0700]ARRIVE-7-5
[   6.1680]ARRIVE-4-6
[   6.2700]ARRIVE-9-2
[   6.3710]ARRIVE-11-3
[   6.3710]OPEN-11-3
[   6.4680]ARRIVE-4-4
[   6.4700]ARRIVE-6-5
[   6.5690]ARRIVE-5-6
[   6.5710]OUT-5-11-3
[   6.6700]ARRIVE-10-2
[   6.6700]OPEN-10-2
[   6.7710]CLOSE-11-3
[   6.8660]RECEIVE-30-4
[   6.8680]ARRIVE-3-4
[   6.8680]OPEN-3-4
[   6.8700]ARRIVE-5-5
[   6.8710]OUT-33-10-2
[   6.9690]ARRIVE-6-6
[   7.0690]OUT-34-3-4
[   7.0710]CLOSE-10-2
[   7.2690]CLOSE-3-4
[   7.2710]ARRIVE-4-5
[   7.2710]OPEN-4-5
[   7.3700]ARRIVE-7-6
[   7.4710]OUT-19-4-5
[   7.4710]ARRIVE-9-2
[   7.6690]ARRIVE-4-4
[   7.6710]CLOSE-4-5
[   7.7700]ARRIVE-8-6
[   7.8660]RECEIVE-1-4
[   7.8720]ARRIVE-8-2
[   8.0700]ARRIVE-5-4
[   8.0720]ARRIVE-3-5
[   8.1650]RECEIVE-21-3
[   8.1700]ARRIVE-9-6
[   8.1700]OPEN-9-6
[   8.2720]ARRIVE-7-2
[   8.3710]OUT-45-9-6
[   8.4700]ARRIVE-6-4
[   8.4720]ARRIVE-2-5
[   8.4720]OPEN-2-5
[   8.5660]ARRIVE-10-3
[   8.5710]CLOSE-9-6
[   8.6720]ARRIVE-6-2
[   8.6720]IN-66-2-5
[   8.8700]ARRIVE-7-4
[   8.8730]CLOSE-2-5
[   8.9660]ARRIVE-9-3
[   9.0730]ARRIVE-5-2
[   9.2710]ARRIVE-8-4
[   9.2730]ARRIVE-3-5
[   9.3670]ARRIVE-8-3
[   9.4730]ARRIVE-4-2
[   9.6660]RECEIVE-12-4
[   9.6710]ARRIVE-9-4
[   9.6730]ARRIVE-4-5
[   9.7670]ARRIVE-7-3
[   9.8730]ARRIVE-3-2
[   9.8740]OPEN-3-2
[  10.0720]ARRIVE-10-4
[  10.0730]ARRIVE-5-5
[  10.0740]IN-3-3-2
[  10.1670]ARRIVE-6-3
[  10.2740]CLOSE-3-2
[  10.3660]RECEIVE-50-2
[  10.4720]ARRIVE-11-4
[  10.4720]OPEN-11-4
[  10.4740]ARRIVE-6-5
[  10.5680]ARRIVE-5-3
[  10.6720]IN-30-11-4
[  10.6730]IN-12-11-4
[  10.6740]ARRIVE-4-2
[  10.8730]CLOSE-11-4
[  10.8740]ARRIVE-7-5
[  10.9660]RECEIVE-11-4
[  10.9680]ARRIVE-4-3
[  11.0750]ARRIVE-5-2
[  11.2730]ARRIVE-10-4
[  11.2740]ARRIVE-8-5
[  11.3680]ARRIVE-3-3
[  11.3690]OPEN-3-3
[  11.4750]ARRIVE-6-2
[  11.5690]IN-21-3-3
[  11.6660]RECEIVE-7-1
[  11.6740]ARRIVE-9-4
[  11.6750]ARRIVE-9-5
[  11.7690]CLOSE-3-3
[  11.8750]ARRIVE-7-2
[  11.8750]OPEN-7-2
[  12.0660]RECEIVE-69-4
[  12.0660]ARRIVE-2-1
[  12.0740]ARRIVE-8-4
[  12.0750]ARRIVE-10-5
[  12.0760]OUT-3-7-2
[  12.1690]ARRIVE-4-3
[  12.2760]CLOSE-7-2
[  12.4670]ARRIVE-3-1
[  12.4740]ARRIVE-7-4
[  12.4750]ARRIVE-11-5
[  12.4750]OPEN-11-5
[  12.5700]ARRIVE-5-3
[  12.5700]OPEN-5-3
[  12.6750]OUT-66-11-5
[  12.6760]ARRIVE-8-2
[  12.7660]RECEIVE-43-6
[  12.7700]OUT-21-5-3
[  12.8670]ARRIVE-4-1
[  12.8740]ARRIVE-6-4
[  12.8760]CLOSE-11-5
[  12.9700]CLOSE-5-3
[  13.0760]ARRIVE-9-2
[  13.0770]OPEN-9-2
[  13.1660]RECEIVE-28-5
[  13.1660]ARRIVE-8-6
[  13.2670]ARRIVE-5-1
[  13.2750]ARRIVE-5-4
[  13.2760]ARRIVE-10-5
[  13.2770]IN-50-9-2
[  13.3650]RECEIVE-47-5
[  13.4770]CLOSE-9-2
[  13.5660]ARRIVE-7-6
[  13.5670]OPEN-7-6
[  13.6670]RESET_ACCEPT-4-6-7-0.4
[  13.6680]ARRIVE-6-1
[  13.6750]ARRIVE-4-4
[  13.6750]OPEN-4-4
[  13.6760]ARRIVE-9-5
[  13.7670]IN-43-7-6
[  13.8650]RECEIVE-37-3
[  13.8760]OUT-12-4-4
[  13.8760]OUT-30-4-4
[  13.8760]RECEIVE-12-6
[  13.8760]RECEIVE-30-2
[  13.8770]ARRIVE-8-2
[  13.9670]CLOSE-7-6
[  14.0680]ARRIVE-7-1
[  14.0680]OPEN-7-1
[  14.0760]CLOSE-4-4
[  14.0760]RESET_BEGIN-4
[  14.0760]ARRIVE-8-5
[  14.0770]RECEIVE-11-1
[  14.0770]OPEN-8-5
[  14.0770]RECEIVE-1-2
[  14.0770]RECEIVE-69-6
[  14.2660]ARRIVE-6-3
[  14.2680]IN-7-7-1
[  14.2770]IN-18-8-5
[  14.2780]ARRIVE-7-2
[  14.2780]OPEN-7-2
[  14.3680]ARRIVE-6-6
[  14.4690]CLOSE-7-1
[  14.4770]CLOSE-8-5
[  14.4830]OUT-50-7-2
[  14.5660]RECEIVE-35-6
[  14.6660]ARRIVE-7-3
[  14.6830]CLOSE-7-2
[  14.7680]ARRIVE-5-6
[  14.7680]OPEN-5-6
[  14.8690]ARRIVE-8-1
[  14.8690]OPEN-8-1
[  14.8780]ARRIVE-7-5
[  14.9660]RECEIVE-64-3
[  14.9680]OUT-43-5-6
[  15.0660]ARRIVE-8-3
[  15.0690]OUT-7-8-1
[  15.0830]ARRIVE-6-2
[  15.1690]CLOSE-5-6
[  15.2650]RECEIVE-8-2
[  15.2700]CLOSE-8-1
[  15.2770]RESET_END-4
[  15.2780]ARRIVE-6-5
[  15.2780]OPEN-6-5
[  15.4670]ARRIVE-9-3
[  15.4780]OUT-18-6-5
[  15.4840]ARRIVE-5-2
[  15.5690]ARRIVE-4-6
[  15.5690]OPEN-4-6
[  15.6660]RECEIVE-70-2
[  15.6700]ARRIVE-7-1
[  15.6780]CLOSE-6-5
[  15.7690]IN-12-4-6
[  15.8670]ARRIVE-10-3
[  15.8670]OPEN-10-3
[  15.8840]ARRIVE-4-2
[  15.8840]OPEN-4-2
[  15.9700]CLOSE-4-6
[  16.0670]IN-37-10-3
[  16.0700]ARRIVE-6-1
[  16.0790]ARRIVE-5-5
[  16.0790]OPEN-5-5
[  16.0840]IN-30-4-2
[  16.1660]RECEIVE-63-4-A
[  16.2680]CLOSE-10-3
[  16.2790]IN-47-5-5
[  16.2840]CLOSE-4-2
[  16.3700]ARRIVE-3-6
[  16.4700]ARRIVE-5-1
[  16.4790]CLOSE-5-5
[  16.5660]ARRIVE-4-4-A
[  16.6680]ARRIVE-9-3
[  16.6850]ARRIVE-3-2
[  16.6850]OPEN-3-2
[  16.7710]ARRIVE-2-6
[  16.8710]ARRIVE-4-1
[  16.8800]ARRIVE-6-5
[  16.8850]OUT-30-3-2
[  16.9670]ARRIVE-3-4-A
[  16.9670]OPEN-3-4-A
[  17.0690]ARRIVE-8-3
[  17.0690]OPEN-8-3
[  17.0850]CLOSE-3-2
[  17.1670]IN-63-3-4-A
[  17.1710]ARRIVE-1-6
[  17.1710]OPEN-1-6
[  17.2690]OUT-37-8-3
[  17.2710]ARRIVE-3-1
[  17.2800]ARRIVE-7-5
[  17.3670]CLOSE-3-4-A
[  17.3710]OUT-12-1-6
[  17.4690]CLOSE-8-3
[  17.4860]ARRIVE-2-2
[  17.4860]OPEN-2-2
[  17.5710]CLOSE-1-6
[  17.6710]ARRIVE-2-1
[  17.6800]ARRIVE-8-5
[  17.6860]IN-1-2-2
[  17.7670]ARRIVE-2-4-A
[  17.7680]OPEN-2-4-A
[  17.8670]RECEIVE-57-5
[  17.8700]ARRIVE-7-3
[  17.8860]CLOSE-2-2
[  17.9650]RECEIVE-56-3
[  17.9680]OUT-63-2-4-A
[  17.9720]ARRIVE-2-6
[  18.0650]RECEIVE-46-2
[  18.0710]ARRIVE-1-1
[  18.0720]OPEN-1-1
[  18.0800]ARRIVE-9-5
[  18.1680]CLOSE-2-4-A
[  18.2700]ARRIVE-6-3
[  18.2720]IN-11-1-1
[  18.2860]ARRIVE-1-2
[  18.2870]OPEN-1-2
[  18.3720]ARRIVE-3-6
[  18.4660]RECEIVE-31-2
[  18.4720]CLOSE-1-1
[  18.4810]ARRIVE-10-5
[  18.4870]OUT-1-1-2
[  18.6700]ARRIVE-5-3
[  18.6870]CLOSE-1-2
[  18.7720]ARRIVE-4-6
[  18.8660]RECEIVE-53-4-B
[  18.8720]ARRIVE-2-1
[  18.8810]ARRIVE-11-5
[  18.8810]OPEN-11-5
[  19.0700]ARRIVE-4-3
[  19.0710]OPEN-4-3
[  19.0810]OUT-47-11-5
[  19.0870]ARRIVE-2-2
[  19.0870]OPEN-2-2
[  19.1730]ARRIVE-5-6
[  19.2660]ARRIVE-8-4-B
[  19.2660]OPEN-8-4-B
[  19.2710]IN-64-4-3
[  19.2720]ARRIVE-3-1
[  19.2810]CLOSE-11-5
[  19.2810]OPEN-11-5
[  19.2870]IN-46-2-2
[  19.4660]IN-53-8-4-B
[  19.4710]CLOSE-4-3
[  19.4820]IN-28-11-5
[  19.4880]CLOSE-2-2
[  19.5730]ARRIVE-6-6
[  19.6670]CLOSE-8-4-B
[  19.6730]ARRIVE-4-1
[  19.6820]CLOSE-11-5
[  19.8660]RECEIVE-23-5
[  19.8710]ARRIVE-3-3
[  19.8880]ARRIVE-3-2
[  19.8880]OPEN-3-2
[  19.9730]ARRIVE-7-6
[  19.9730]OPEN-7-6
[  20.0720]ARRIVE-9-4-B
[  20.0730]ARRIVE-5-1
[  20.0820]ARRIVE-10-5
[  20.0880]IN-31-3-2
[  20.1730]IN-35-7-6
[  20.2710]ARRIVE-2-3
[  20.2880]CLOSE-3-2
[  20.3740]CLOSE-7-6
[  20.4660]RECEIVE-59-3
[  20.4720]ARRIVE-10-4-B
[  20.4720]OPEN-10-4-B
[  20.4730]ARRIVE-6-1
[  20.4820]ARRIVE-9-5
[  20.6650]RECEIVE-32-3
[  20.6720]ARRIVE-1-3
[  20.6720]OPEN-1-3
[  20.6720]OUT-53-10-4-B
[  20.6890]ARRIVE-4-2
[  20.7740]ARRIVE-8-6
[  20.8720]OUT-64-1-3
[  20.8720]CLOSE-10-4-B
[  20.8730]ARRIVE-7-1
[  20.8820]ARRIVE-8-5
[  20.9650]RECEIVE-22-2
[  21.0650]RESET_ACCEPT-5-8-0.4
[  21.0720]CLOSE-1-3
[  21.0890]ARRIVE-5-2
[  21.1740]ARRIVE-9-6
[  21.2730]ARRIVE-8-1
[  21.2830]ARRIVE-7-5
[  21.2830]OPEN-7-5
[  21.4730]ARRIVE-2-3
[  21.4830]OUT-28-7-5
[  21.4830]RECEIVE-28-5
[  21.4890]ARRIVE-6-2
[  21.4890]OPEN-6-2
[  21.5750]ARRIVE-10-6
[  21.5750]OPEN-10-6
[  21.6740]ARRIVE-9-1
[  21.6830]CLOSE-7-5
[  21.6830]RESET_BEGIN-5
[  21.6840]RECEIVE-57-6
[  21.6840]RECEIVE-28-1
[  21.6840]RECEIVE-23-2
[  21.6890]OUT-31-6-2
[  21.7750]OUT-35-10-6
[  21.7760]IN-69-10-6
[  21.8730]ARRIVE-3-3
[  21.8730]OPEN-3-3
[  21.8890]CLOSE-6-2
[  21.9760]CLOSE-10-6
[  22.0730]IN-59-3-3
[  22.0740]ARRIVE-10-1
[  22.0740]OPEN-10-1
[  22.2730]CLOSE-3-3
[  22.2740]OUT-11-10-1
[  22.2900]ARRIVE-7-2
[  22.3760]ARRIVE-11-6
[  22.3760]OPEN-11-6
[  22.4740]CLOSE-10-1
[  22.5760]OUT-69-11-6
[  22.6740]ARRIVE-4-3
[  22.6900]ARRIVE-8-2
[  22.7770]CLOSE-11-6
[  22.8750]ARRIVE-9-1
[  22.8840]RESET_END-5
[  23.0740]ARRIVE-5-3
[  23.0900]ARRIVE-9-2
[  23.0900]OPEN-9-2
[  23.1770]ARRIVE-10-6
[  23.2750]ARRIVE-8-1
[  23.2900]OUT-46-9-2
[  23.4740]ARRIVE-6-3
[  23.4910]CLOSE-9-2
[  23.5770]ARRIVE-9-6
[  23.6750]ARRIVE-7-1
[  23.6750]OPEN-7-1
[  23.7680]RECEIVE-44-2
[  23.8740]ARRIVE-7-3
[  23.8760]IN-28-7-1
[  23.8910]ARRIVE-10-2
[  23.8910]OPEN-10-2
[  23.9770]ARRIVE-8-6
[  24.0760]CLOSE-7-1
[  24.0910]IN-23-10-2
[  24.2750]ARRIVE-8-3
[  24.2750]OPEN-8-3
[  24.2910]CLOSE-10-2
[  24.3660]RECEIVE-13-1
[  24.3780]ARRIVE-7-6
[  24.4750]OUT-59-8-3
[  24.4760]ARRIVE-6-1
[  24.5650]RECEIVE-16-4-A
[  24.6750]CLOSE-8-3
[  24.6910]ARRIVE-11-2
[  24.6920]OPEN-11-2
[  24.7650]RECEIVE-61-4-A
[  24.7780]ARRIVE-6-6
[  24.8760]ARRIVE-5-1
[  24.8920]OUT-23-11-2
[  24.9660]ARRIVE-3-4-A
[  25.0750]ARRIVE-9-3
[  25.0920]CLOSE-11-2
[  25.0920]OPEN-11-2
[  25.1780]ARRIVE-5-6
[  25.2660]RECEIVE-17-4-B
[  25.2760]ARRIVE-4-1
[  25.2920]IN-8-11-2
[  25.3660]ARRIVE-4-4-A
[  25.4760]ARRIVE-10-3
[  25.4760]OPEN-10-3
[  25.4920]CLOSE-11-2
[  25.5650]RECEIVE-25-5
[  25.5790]ARRIVE-4-6
[  25.6660]ARRIVE-9-4-B
[  25.6660]OPEN-9-4-B
[  25.6760]IN-56-10-3
[  25.6770]ARRIVE-3-1
[  25.7650]RECEIVE-9-6
[  25.7660]ARRIVE-5-4-A
[  25.8660]IN-17-9-4-B
[  25.8760]CLOSE-10-3
[  25.8930]ARRIVE-10-2
[  25.9660]ARRIVE-8-5
[  25.9800]ARRIVE-3-6
[  25.9800]OPEN-3-6
[  26.0660]CLOSE-9-4-B
[  26.0770]ARRIVE-2-1
[  26.1660]ARRIVE-6-4-A
[  26.1670]OPEN-6-4-A
[  26.1800]IN-57-3-6
[  26.2660]RESET_ACCEPT-2-8-7-0.2
[  26.2760]ARRIVE-9-3
[  26.2770]OPEN-9-3
[  26.2930]ARRIVE-9-2
[  26.2930]OPEN-9-2
[  26.3660]ARRIVE-9-5
[  26.3670]IN-16-6-4-A
[  26.3670]IN-61-6-4-A
[  26.3800]CLOSE-3-6
[  26.4670]ARRIVE-8-4-B
[  26.4770]IN-32-9-3
[  26.4770]ARRIVE-1-1
[  26.4770]OPEN-1-1
[  26.4930]OUT-8-9-2
[  26.4930]RECEIVE-8-6
[  26.5660]RECEIVE-52-1
[  26.5670]CLOSE-6-4-A
[  26.6650]RECEIVE-40-6
[  26.6770]CLOSE-9-3
[  26.6770]OUT-28-1-1
[  26.6930]CLOSE-9-2
[  26.6930]RESET_BEGIN-2
[  26.6940]RECEIVE-44-6
[  26.6940]RECEIVE-22-6
[  26.6940]RECEIVE-70-4-B
[  26.7660]ARRIVE-10-5
[  26.7800]ARRIVE-4-6
[  26.8670]ARRIVE-7-4-B
[  26.8770]CLOSE-1-1
[  26.9670]ARRIVE-5-4-A
[  27.0770]ARRIVE-8-3
[  27.0770]OPEN-8-3
[  27.1660]ARRIVE-11-5
[  27.1670]OPEN-11-5
[  27.1800]ARRIVE-5-6
[  27.1810]OPEN-5-6
[  27.2670]ARRIVE-6-4-B
[  27.2670]OPEN-6-4-B
[  27.2770]OUT-32-8-3
[  27.2780]ARRIVE-2-1
[  27.3670]IN-25-11-5
[  27.3670]ARRIVE-4-4-A
[  27.3810]OUT-57-5-6
[  27.4680]OUT-17-6-4-B
[  27.4780]CLOSE-8-3
[  27.5670]CLOSE-11-5
[  27.5810]CLOSE-5-6
[  27.6660]RECEIVE-60-6
[  27.6680]CLOSE-6-4-B
[  27.6780]ARRIVE-3-1
[  27.7680]ARRIVE-3-4-A
[  27.7680]OPEN-3-4-A
[  27.8780]ARRIVE-7-3
[  27.8940]RESET_END-2
[  27.9670]ARRIVE-10-5
[  27.9680]OUT-16-3-4-A
[  27.9680]OUT-61-3-4-A
[  27.9810]ARRIVE-6-6
[  28.0680]ARRIVE-7-4-B
[  28.0780]ARRIVE-4-1
[  28.1680]CLOSE-3-4-A
[  28.2780]ARRIVE-6-3
[  28.3670]ARRIVE-9-5
[  28.3810]ARRIVE-7-6
[  28.4680]ARRIVE-8-4-B
[  28.4680]OPEN-8-4-B
[  28.4780]ARRIVE-5-1
[  28.6690]IN-70-8-4-B
[  28.6780]ARRIVE-5-3
[  28.7680]ARRIVE-8-5
[  28.7810]ARRIVE-8-6
[  28.8660]RECEIVE-49-4-A
[  28.8670]OPEN-3-4-A
[  28.8690]CLOSE-8-4-B
[  28.8780]ARRIVE-6-1
[  29.0670]IN-49-3-4-A
[  29.0780]ARRIVE-4-3
[  29.1650]RECEIVE-27-3
[  29.1680]ARRIVE-7-5
[  29.1820]ARRIVE-9-6
[  29.2670]CLOSE-3-4-A
[  29.2690]ARRIVE-7-4-B
[  29.2780]ARRIVE-7-1
[  29.2780]OPEN-7-1
[  29.4790]IN-52-7-1
[  29.4790]ARRIVE-3-3
[  29.5680]ARRIVE-6-5
[  29.5820]ARRIVE-10-6
[  29.5820]OPEN-10-6
[  29.6670]ARRIVE-4-4-A
[  29.6690]ARRIVE-6-4-B
[  29.6690]OPEN-6-4-B
[  29.6790]CLOSE-7-1
[  29.7820]IN-9-10-6
[  29.8660]RECEIVE-67-1
[  29.8690]OUT-70-6-4-B
[  29.8700]RECEIVE-70-4-A
[  29.8790]ARRIVE-2-3
[  29.8790]OPEN-2-3
[  29.9680]ARRIVE-5-5
[  29.9820]CLOSE-10-6
[  30.0670]ARRIVE-5-4-A
[  30.0700]CLOSE-6-4-B
[  30.0790]ARRIVE-8-1
[  30.0790]OUT-56-2-3
[  30.2790]CLOSE-2-3
[  30.3680]ARRIVE-4-5
[  30.3690]OPEN-4-5
[  30.3830]ARRIVE-9-6
[  30.3830]OPEN-9-6
[  30.4680]ARRIVE-6-4-A
[  30.4680]OPEN-6-4-A
[  30.4700]ARRIVE-7-4-B
[  30.4790]ARRIVE-9-1
[  30.5690]OUT-25-4-5
[  30.5830]IN-8-9-6
[  30.6680]OUT-49-6-4-A
[  30.6680]RECEIVE-49-3
[  30.6800]ARRIVE-3-3
[  30.7690]CLOSE-4-5
[  30.7830]CLOSE-9-6
[  30.8680]CLOSE-6-4-A
[  30.8680]OPEN-6-4-A
[  30.8790]ARRIVE-10-1
[  31.0690]IN-70-6-4-A
[  31.0800]ARRIVE-4-3
[  31.1830]ARRIVE-8-6
[  31.2690]CLOSE-6-4-A
[  31.2800]ARRIVE-11-1
[  31.2800]OPEN-11-1
[  31.4800]OUT-52-11-1
[  31.4800]ARRIVE-5-3
[  31.5830]ARRIVE-7-6
[  31.6690]ARRIVE-5-4-A
[  31.6800]CLOSE-11-1
[  31.8800]ARRIVE-6-3
[  31.8800]OPEN-6-3
[  31.9840]ARRIVE-6-6
[  31.9840]OPEN-6-6
[  32.0690]ARRIVE-4-4-A
[  32.0800]ARRIVE-10-1
[  32.0800]OPEN-10-1
[  32.0800]IN-49-6-3
[  32.1840]OUT-9-6-6
[  32.2800]IN-13-10-1
[  32.2810]CLOSE-6-3
[  32.3840]CLOSE-6-6
[  32.4690]ARRIVE-3-4-A
[  32.4700]OPEN-3-4-A
[  32.4810]CLOSE-10-1
[  32.6700]OUT-70-3-4-A
[  32.6810]ARRIVE-7-3
[  32.6810]OPEN-7-3
[  32.7840]ARRIVE-5-6
[  32.7840]OPEN-5-6
[  32.8700]CLOSE-3-4-A
[  32.8810]ARRIVE-9-1
[  32.8810]OUT-49-7-3
[  32.9850]IN-22-5-6
[  33.0810]CLOSE-7-3
[  33.0810]OPEN-7-3
[  33.1850]CLOSE-5-6
[  33.2810]ARRIVE-8-1
[  33.2810]OPEN-8-1
[  33.2810]IN-27-7-3
[  33.4810]IN-67-8-1
[  33.4820]CLOSE-7-3
[  33.5850]ARRIVE-4-6
[  33.5850]OPEN-4-6
[  33.6820]CLOSE-8-1
[  33.7850]IN-40-4-6
[  33.8820]ARRIVE-6-3
[  33.9860]CLOSE-4-6
[  34.0820]ARRIVE-7-1
[  34.0820]OPEN-7-1
[  34.2820]ARRIVE-5-3
[  34.2820]OUT-13-7-1
[  34.3860]ARRIVE-3-6
[  34.3860]OPEN-3-6
[  34.4820]CLOSE-7-1
[  34.5860]OUT-40-3-6
[  34.6820]ARRIVE-4-3
[  34.6820]OPEN-4-3
[  34.7860]CLOSE-3-6
[  34.8830]ARRIVE-6-1
[  34.8830]OUT-27-4-3
[  34.8830]OPEN-6-1
[  35.0830]CLOSE-4-3
[  35.0830]OUT-67-6-1
[  35.1860]ARRIVE-2-6
[  35.2830]CLOSE-6-1
[  35.5870]ARRIVE-1-6
[  35.5870]OPEN-1-6
[  35.7870]OUT-8-1-6
[  35.7870]OUT-22-1-6
[  35.9870]CLOSE-1-6
[  36.3870]ARRIVE-2-6
[  36.7880]ARRIVE-3-6
[  36.7880]OPEN-3-6
[  36.9880]IN-44-3-6
[  37.1880]CLOSE-3-6
[  37.5880]ARRIVE-4-6
[  37.9880]ARRIVE-5-6
[  37.9890]OPEN-5-6
[  38.1890]IN-60-5-6
[  38.3890]CLOSE-5-6
[  38.7890]ARRIVE-6-6
[  39.1890]ARRIVE-7-6
[  39.1890]OPEN-7-6
[  39.3900]OUT-60-7-6
[  39.5900]CLOSE-7-6
[  39.9900]ARRIVE-8-6
[  40.3900]ARRIVE-9-6
[  40.3900]OPEN-9-6
[  40.5900]OUT-44-9-6
[  40.7910]CLOSE-9-6
