[   1.5300]RECEIVE-26-2
[   1.6250]RECEIVE-28-3
[   1.9310]ARRIVE-2-2
[   2.0250]ARRIVE-2-3
[   2.3320]ARRIVE-3-2
[   2.4260]ARRIVE-3-3
[   2.7320]ARRIVE-4-2
[   2.8260]ARRIVE-4-3
[   3.1330]ARRIVE-5-2
[   3.2270]ARRIVE-5-3
[   3.5330]ARRIVE-6-2
[   3.6270]ARRIVE-6-3
[   3.9340]ARRIVE-7-2
[   4.0270]ARRIVE-7-3
[   4.3340]ARRIVE-8-2
[   4.4280]ARRIVE-8-3
[   4.7340]ARRIVE-9-2
[   4.8280]RECEIVE-29-4
[   4.8280]ARRIVE-9-3
[   4.8290]OPEN-9-3
[   5.0250]RECEIVE-63-1
[   5.0290]IN-28-9-3
[   5.1350]ARRIVE-10-2
[   5.1350]OPEN-10-2
[   5.2280]ARRIVE-2-4
[   5.2290]CLOSE-9-3
[   5.3350]IN-26-10-2
[   5.4250]ARRIVE-2-1
[   5.5360]CLOSE-10-2
[   5.6290]ARRIVE-3-4
[   5.6300]ARRIVE-10-3
[   5.6300]OPEN-10-3
[   5.8260]ARRIVE-3-1
[   5.8300]OUT-28-10-3
[   5.9260]RECEIVE-9-4
[   5.9360]ARRIVE-9-2
[   5.9360]OPEN-9-2
[   6.0290]ARRIVE-4-4
[   6.0300]CLOSE-10-3
[   6.1370]OUT-26-9-2
[   6.2260]ARRIVE-4-1
[   6.3370]CLOSE-9-2
[   6.4300]ARRIVE-5-4
[   6.6270]ARRIVE-5-1
[   6.8300]ARRIVE-6-4
[   7.0270]ARRIVE-6-1
[   7.2310]ARRIVE-7-4
[   7.4270]ARRIVE-7-1
[   7.6310]ARRIVE-8-4
[   7.6310]OPEN-8-4
[   7.8280]ARRIVE-8-1
[   7.8320]IN-29-8-4
[   8.0320]CLOSE-8-4
[   8.2280]ARRIVE-9-1
[   8.2290]OPEN-9-1
[   8.4270]RECEIVE-50-1
[   8.4290]IN-63-9-1
[   8.4320]ARRIVE-7-4
[   8.4320]OPEN-7-4
[   8.6290]CLOSE-9-1
[   8.6330]OUT-29-7-4
[   8.8330]CLOSE-7-4
[   9.0290]ARRIVE-8-1
[   9.2330]ARRIVE-6-4
[   9.4300]ARRIVE-7-1
[   9.6340]ARRIVE-5-4
[   9.7260]RECEIVE-55-5
[   9.8300]ARRIVE-6-1
[  10.0340]ARRIVE-4-4
[  10.0340]OPEN-4-4
[  10.1260]ARRIVE-2-5
[  10.2310]ARRIVE-5-1
[  10.2350]IN-9-4-4
[  10.4350]CLOSE-4-4
[  10.5270]ARRIVE-3-5
[  10.5270]OPEN-3-5
[  10.6310]ARRIVE-4-1
[  10.7270]IN-55-3-5
[  10.8350]ARRIVE-3-4
[  10.9280]CLOSE-3-5
[  11.0310]ARRIVE-3-1
[  11.0320]OPEN-3-1
[  11.2320]OUT-63-3-1
[  11.2360]ARRIVE-2-4
[  11.2360]OPEN-2-4
[  11.3280]ARRIVE-4-5
[  11.4320]CLOSE-3-1
[  11.4360]OUT-9-2-4
[  11.6360]CLOSE-2-4
[  11.7280]ARRIVE-5-5
[  11.8330]ARRIVE-4-1
[  11.9270]RECEIVE-47-1
[  12.1290]ARRIVE-6-5
[  12.2330]ARRIVE-5-1
[  12.5250]RECEIVE-59-1
[  12.5290]ARRIVE-7-5
[  12.6340]ARRIVE-6-1
[  12.9290]ARRIVE-8-5
[  12.9300]OPEN-8-5
[  13.0340]ARRIVE-7-1
[  13.1300]OUT-55-8-5
[  13.3300]CLOSE-8-5
[  13.4340]ARRIVE-8-1
[  13.8350]ARRIVE-9-1
[  13.8350]OPEN-9-1
[  14.0350]IN-50-9-1
[  14.2360]CLOSE-9-1
[  14.6360]ARRIVE-10-1
[  14.6360]OPEN-10-1
[  14.8360]OUT-50-10-1
[  15.0370]CLOSE-10-1
[  15.2260]RECEIVE-40-4
[  15.4370]ARRIVE-9-1
[  15.4370]OPEN-9-1
[  15.6260]ARRIVE-3-4
[  15.6380]IN-47-9-1
[  15.8380]CLOSE-9-1
[  15.9270]RESET_ACCEPT-1-5-7-0.2
[  16.0270]ARRIVE-4-4
[  16.2380]ARRIVE-8-1
[  16.2390]OPEN-8-1
[  16.3250]RECEIVE-67-4
[  16.4270]ARRIVE-5-4
[  16.4390]OUT-47-8-1
[  16.4390]RECEIVE-47-1
[  16.6390]CLOSE-8-1
[  16.6400]RESET_BEGIN-1
[  16.6400]RECEIVE-59-3
[  16.6400]RECEIVE-47-5
[  16.6400]OPEN-8-5
[  16.8280]ARRIVE-6-4
[  16.8400]IN-47-8-5
[  17.0250]RECEIVE-57-3
[  17.0400]ARRIVE-9-3
[  17.0400]OPEN-9-3
[  17.0410]CLOSE-8-5
[  17.2280]ARRIVE-7-4
[  17.2410]IN-57-9-3
[  17.4410]CLOSE-9-3
[  17.4410]ARRIVE-7-5
[  17.6280]ARRIVE-8-4
[  17.8400]RESET_END-1
[  17.8410]ARRIVE-8-3
[  17.8410]ARRIVE-6-5
[  18.0290]ARRIVE-9-4
[  18.0400]ARRIVE-7-1-B
[  18.0410]OPEN-7-1-B
[  18.2260]RECEIVE-54-3
[  18.2410]IN-59-7-1-B
[  18.2420]ARRIVE-7-3
[  18.2420]ARRIVE-5-5
[  18.2420]OPEN-7-3
[  18.4290]ARRIVE-10-4
[  18.4290]OPEN-10-4
[  18.4410]CLOSE-7-1-B
[  18.4420]IN-59-7-3
[  18.6290]IN-67-10-4
[  18.6420]ARRIVE-6-1-B
[  18.6420]ARRIVE-4-5
[  18.6420]OPEN-4-5
[  18.6420]CLOSE-7-3
[  18.8300]CLOSE-10-4
[  18.8420]ARRIVE-5-1-B
[  18.8420]OUT-47-4-5
[  18.8420]OPEN-5-1-B
[  19.0250]RECEIVE-30-1-B
[  19.0430]ARRIVE-6-3
[  19.0430]OUT-59-5-1-B
[  19.0430]CLOSE-4-5
[  19.0430]RECEIVE-59-3
[  19.0430]OUT-47-5-1-B
[  19.0430]RECEIVE-47-2-A
[  19.2300]ARRIVE-9-4
[  19.2300]OPEN-9-4
[  19.2430]CLOSE-5-1-B
[  19.2440]IN-47-5-1-B
[  19.2440]OPEN-5-1-B
[  19.4310]IN-40-9-4
[  19.4430]ARRIVE-5-3
[  19.4430]OPEN-5-3
[  19.6250]RECEIVE-38-1-A
[  19.6310]CLOSE-9-4
[  19.6430]IN-59-5-3
[  19.6440]CLOSE-5-1-B
[  19.6440]OPEN-5-1-B
[  19.8260]ARRIVE-3-1-A
[  19.8440]CLOSE-5-3
[  20.0260]ARRIVE-2-1-A
[  20.0260]OPEN-2-1-A
[  20.0310]ARRIVE-8-4
[  20.0450]CLOSE-5-1-B
[  20.0450]OPEN-5-1-B
[  20.1250]RECEIVE-13-3
[  20.2260]IN-38-2-1-A
[  20.2440]ARRIVE-4-3
[  20.2440]OPEN-4-3
[  20.4270]CLOSE-2-1-A
[  20.4310]ARRIVE-7-4
[  20.4440]OUT-57-4-3
[  20.4450]CLOSE-5-1-B
[  20.4450]OPEN-5-1-B
[  20.6270]ARRIVE-1-1-A
[  20.6270]OPEN-1-1-A
[  20.6450]CLOSE-4-3
[  20.7250]RECEIVE-52-6
[  20.8270]OUT-38-1-1-A
[  20.8320]ARRIVE-6-4
[  20.8450]CLOSE-5-1-B
[  20.8460]OPEN-5-1-B
[  21.0280]CLOSE-1-1-A
[  21.0450]ARRIVE-3-3
[  21.1260]ARRIVE-2-6
[  21.2320]ARRIVE-5-4
[  21.2510]CLOSE-5-1-B
[  21.2510]OPEN-5-1-B
[  21.4450]ARRIVE-2-3
[  21.4460]OPEN-2-3
[  21.5260]ARRIVE-3-6
[  21.6250]RECEIVE-56-4
[  21.6320]ARRIVE-4-4
[  21.6460]OUT-59-2-3
[  21.6460]OUT-59-2-3
[  21.6510]CLOSE-5-1-B
[  21.6520]OPEN-5-1-B
[  21.8460]CLOSE-2-3
[  21.9260]ARRIVE-4-6
[  22.0330]ARRIVE-3-4
[  22.0330]OPEN-3-4
[  22.0520]CLOSE-5-1-B
[  22.0520]OPEN-5-1-B
[  22.2330]OUT-67-3-4
[  22.2460]ARRIVE-1-3
[  22.2470]OPEN-1-3
[  22.3250]RECEIVE-45-2-B
[  22.3270]ARRIVE-5-6
[  22.4250]RECEIVE-11-5
[  22.4330]CLOSE-3-4
[  22.4470]IN-13-1-3
[  22.4520]CLOSE-5-1-B
[  22.4520]OPEN-5-1-B
[  22.6470]CLOSE-1-3
[  22.7270]ARRIVE-6-6
[  22.8250]ARRIVE-3-5
[  22.8340]ARRIVE-2-4
[  22.8340]OPEN-2-4
[  22.8530]CLOSE-5-1-B
[  22.8530]OPEN-5-1-B
[  23.0250]RECEIVE-2-2-A
[  23.0340]OUT-40-2-4
[  23.0470]ARRIVE-2-3
[  23.1270]ARRIVE-7-6
[  23.2250]ARRIVE-2-5
[  23.2340]CLOSE-2-4
[  23.2530]CLOSE-5-1-B
[  23.2530]OPEN-5-1-B
[  23.4480]ARRIVE-3-3
[  23.5280]ARRIVE-8-6
[  23.5280]OPEN-8-6
[  23.6260]ARRIVE-1-5
[  23.6260]OPEN-1-5
[  23.6350]ARRIVE-3-4
[  23.6350]OPEN-3-4
[  23.6540]CLOSE-5-1-B
[  23.6540]OPEN-5-1-B
[  23.7280]IN-52-8-6
[  23.8260]IN-11-1-5
[  23.8350]IN-56-3-4
[  23.8480]ARRIVE-4-3
[  23.9280]CLOSE-8-6
[  24.0260]CLOSE-1-5
[  24.0350]CLOSE-3-4
[  24.0540]CLOSE-5-1-B
[  24.0540]OPEN-5-1-B
[  24.2480]ARRIVE-5-3
[  24.3290]ARRIVE-7-6
[  24.4270]ARRIVE-2-5
[  24.4350]ARRIVE-4-4
[  24.4550]CLOSE-5-1-B
[  24.4550]OPEN-5-1-B
[  24.6490]ARRIVE-6-3
[  24.7290]ARRIVE-6-6
[  24.7290]OPEN-6-6
[  24.8270]ARRIVE-3-5
[  24.8360]ARRIVE-5-4
[  24.8550]CLOSE-5-1-B
[  24.8550]OPEN-5-1-B
[  24.9290]OUT-52-6-6
[  25.0490]ARRIVE-7-3
[  25.1290]CLOSE-6-6
[  25.2270]ARRIVE-4-5
[  25.2360]ARRIVE-6-4
[  25.2560]CLOSE-5-1-B
[  25.2560]OPEN-5-1-B
[  25.3250]RECEIVE-62-2-B
[  25.4490]ARRIVE-8-3
[  25.4490]OPEN-8-3
[  25.5250]RECEIVE-35-3
[  25.6270]ARRIVE-5-5
[  25.6280]OPEN-5-5
[  25.6360]ARRIVE-7-4
[  25.6360]OPEN-7-4
[  25.6500]OUT-13-8-3
[  25.6560]CLOSE-5-1-B
[  25.6560]OPEN-5-1-B
[  25.8280]OUT-11-5-5
[  25.8360]IN-45-7-4
[  25.8500]CLOSE-8-3
[  26.0280]CLOSE-5-5
[  26.0370]CLOSE-7-4
[  26.0560]CLOSE-5-1-B
[  26.0570]OPEN-5-1-B
[  26.2500]ARRIVE-9-3
[  26.2500]OPEN-9-3
[  26.4370]ARRIVE-8-4
[  26.4370]OPEN-8-4
[  26.4510]IN-54-9-3
[  26.4570]CLOSE-5-1-B
[  26.4570]OPEN-5-1-B
[  26.6370]OUT-56-8-4
[  26.6510]CLOSE-9-3
[  26.8380]CLOSE-8-4
[  26.8580]CLOSE-5-1-B
[  26.8580]OPEN-5-1-B
[  27.0510]ARRIVE-8-3
[  27.2380]ARRIVE-9-4
[  27.2580]CLOSE-5-1-B
[  27.2580]OPEN-5-1-B
[  27.4510]ARRIVE-7-3
[  27.4520]OPEN-7-3
[  27.6260]RECEIVE-33-4
[  27.6380]ARRIVE-10-4
[  27.6380]OPEN-10-4
[  27.6560]OUT-54-7-3
[  27.6580]CLOSE-5-1-B
[  27.6590]OPEN-5-1-B
[  27.8380]OUT-45-10-4
[  27.8560]CLOSE-7-3
[  28.0250]RECEIVE-6-1-A
[  28.0250]OPEN-1-1-A
[  28.0390]CLOSE-10-4
[  28.0590]CLOSE-5-1-B
[  28.0590]OPEN-5-1-B
[  28.2250]IN-6-1-1-A
[  28.2570]ARRIVE-6-3
[  28.4260]CLOSE-1-1-A
[  28.4390]ARRIVE-9-4
[  28.4590]CLOSE-5-1-B
[  28.4590]OPEN-5-1-B
[  28.5250]RECEIVE-61-2-A
[  28.6260]ARRIVE-2-1-A
[  28.6570]ARRIVE-5-3
[  28.8260]ARRIVE-3-1-A
[  28.8390]ARRIVE-8-4
[  28.8600]CLOSE-5-1-B
[  28.8600]OPEN-5-1-B
[  29.0270]ARRIVE-4-1-A
[  29.0570]ARRIVE-4-3
[  29.1250]RESET_ACCEPT-2-7-0.5
[  29.2270]ARRIVE-5-1-A
[  29.2270]OPEN-5-1-A
[  29.2400]ARRIVE-7-4
[  29.2600]CLOSE-5-1-B
[  29.2600]RESET_BEGIN-1
[  29.2600]RECEIVE-2-6
[  29.2600]RECEIVE-61-4
[  29.2600]RECEIVE-30-3
[  29.4270]OUT-6-5-1-A
[  29.4570]ARRIVE-3-3
[  29.4580]OPEN-3-3
[  29.6280]CLOSE-5-1-A
[  29.6400]ARRIVE-6-4
[  29.6580]IN-35-3-3
[  29.6610]ARRIVE-5-6
[  29.8280]ARRIVE-4-1-A
[  29.8580]CLOSE-3-3
[  30.0400]ARRIVE-5-4
[  30.0400]OPEN-5-4
[  30.0610]ARRIVE-4-6
[  30.0610]OPEN-4-6
[  30.2400]IN-33-5-4
[  30.2580]ARRIVE-2-3
[  30.2590]OPEN-2-3
[  30.2610]IN-2-4-6
[  30.4410]CLOSE-5-4
[  30.4590]OUT-35-2-3
[  30.4600]RESET_END-1
[  30.4610]RECEIVE-6-1-B
[  30.4610]CLOSE-4-6
[  30.6590]CLOSE-2-3
[  30.8420]ARRIVE-4-4
[  30.8620]ARRIVE-5-6
[  31.0590]ARRIVE-3-3
[  31.2420]ARRIVE-3-4
[  31.2420]OPEN-3-4
[  31.2620]ARRIVE-6-6
[  31.4420]OUT-33-3-4
[  31.4600]ARRIVE-4-3
[  31.6420]CLOSE-3-4
[  31.6620]ARRIVE-7-6
[  31.6620]OPEN-7-6
[  31.8600]ARRIVE-5-3
[  31.8600]OPEN-5-3
[  31.8620]OUT-2-7-6
[  32.0430]ARRIVE-4-4
[  32.0430]OPEN-4-4
[  32.0600]IN-30-5-3
[  32.0630]CLOSE-7-6
[  32.2430]IN-61-4-4
[  32.2600]CLOSE-5-3
[  32.4430]CLOSE-4-4
[  32.6610]ARRIVE-6-3
[  32.8430]ARRIVE-5-4
[  32.8440]OPEN-5-4
[  33.0440]IN-62-5-4
[  33.0610]ARRIVE-7-3
[  33.0610]OPEN-7-3
[  33.2440]CLOSE-5-4
[  33.2610]OUT-30-7-3
[  33.4610]CLOSE-7-3
[  33.6440]ARRIVE-6-4
[  34.0440]ARRIVE-7-4
[  34.0450]OPEN-7-4
[  34.2450]OUT-62-7-4
[  34.4450]CLOSE-7-4
[  34.8450]ARRIVE-8-4
[  35.2460]ARRIVE-9-4
[  35.2460]OPEN-9-4
[  35.4460]OUT-61-9-4
[  35.6460]CLOSE-9-4
