[   1.3780]RECEIVE-31-3
[   1.7790]ARRIVE-2-3
[   1.9740]RECEIVE-3-1
[   2.1790]ARRIVE-3-3
[   2.2730]RECEIVE-6-5
[   2.3740]ARRIVE-2-1
[   2.4740]RESET_ACCEPT-1-4-0.3
[   2.5800]ARRIVE-4-3
[   2.6740]ARRIVE-2-5
[   2.7750]ARRIVE-3-1
[   2.7750]RESET_BEGIN-1
[   2.7760]RECEIVE-3-4
[   2.9800]ARRIVE-5-3
[   3.0740]RECEIVE-58-3
[   3.0740]ARRIVE-3-5
[   3.1760]ARRIVE-2-4
[   3.3810]ARRIVE-6-3
[   3.4750]ARRIVE-4-5
[   3.5740]RECEIVE-53-2
[   3.5770]ARRIVE-3-4
[   3.7810]ARRIVE-7-3
[   3.8750]ARRIVE-5-5
[   3.8760]OPEN-5-5
[   3.9740]ARRIVE-2-2
[   3.9760]RESET_END-1
[   3.9770]ARRIVE-4-4
[   3.9770]OPEN-4-4
[   4.0760]IN-6-5-5
[   4.1770]IN-3-4-4
[   4.1820]ARRIVE-8-3
[   4.2760]CLOSE-5-5
[   4.3750]ARRIVE-3-2
[   4.3780]CLOSE-4-4
[   4.5820]ARRIVE-9-3
[   4.6770]ARRIVE-4-5
[   4.7740]RECEIVE-38-5
[   4.7750]ARRIVE-4-2
[   4.7780]ARRIVE-5-4
[   4.9820]ARRIVE-10-3
[   4.9830]OPEN-10-3
[   5.0770]ARRIVE-3-5
[   5.1750]ARRIVE-5-2
[   5.1760]OPEN-5-2
[   5.1780]ARRIVE-6-4
[   5.1830]IN-58-10-3
[   5.3740]RECEIVE-68-1
[   5.3740]RECEIVE-21-3
[   5.3760]IN-53-5-2
[   5.3830]CLOSE-10-3
[   5.4730]RECEIVE-4-6
[   5.4780]ARRIVE-2-5
[   5.4780]OPEN-2-5
[   5.5730]RECEIVE-27-3
[   5.5760]CLOSE-5-2
[   5.5790]ARRIVE-7-4
[   5.6740]ARRIVE-4-1
[   5.6780]OUT-6-2-5
[   5.7840]ARRIVE-9-3
[   5.7840]OPEN-9-3
[   5.8740]ARRIVE-2-6
[   5.8740]OPEN-2-6
[   5.8780]CLOSE-2-5
[   5.9750]ARRIVE-5-1
[   5.9750]OPEN-5-1
[   5.9760]ARRIVE-6-2
[   5.9790]ARRIVE-8-4
[   5.9790]OPEN-8-4
[   5.9840]IN-31-9-3
[   5.9840]IN-21-9-3
[   6.0740]IN-4-2-6
[   6.1750]IN-68-5-1
[   6.1790]OUT-3-8-4
[   6.1840]CLOSE-9-3
[   6.2750]CLOSE-2-6
[   6.2790]ARRIVE-3-5
[   6.3740]RECEIVE-5-5
[   6.3760]CLOSE-5-1
[   6.3770]ARRIVE-7-2
[   6.3770]OPEN-7-2
[   6.3800]CLOSE-8-4
[   6.4730]RECEIVE-70-2
[   6.5770]OUT-53-7-2
[   6.5850]ARRIVE-8-3
[   6.6750]ARRIVE-3-6
[   6.6760]ARRIVE-4-1
[   6.6790]ARRIVE-4-5
[   6.7770]CLOSE-7-2
[   6.9760]ARRIVE-3-1
[   6.9850]ARRIVE-7-3
[   7.0750]ARRIVE-4-6
[   7.0790]ARRIVE-5-5
[   7.1780]ARRIVE-6-2
[   7.2770]ARRIVE-2-1
[   7.3860]ARRIVE-6-3
[   7.4760]ARRIVE-5-6
[   7.4790]ARRIVE-6-5
[   7.5770]ARRIVE-1-1
[   7.5770]OPEN-1-1
[   7.5780]ARRIVE-5-2
[   7.6740]RECEIVE-39-4
[   7.7770]OUT-68-1-1
[   7.7860]ARRIVE-5-3
[   7.8760]ARRIVE-6-6
[   7.8800]ARRIVE-7-5
[   7.9780]CLOSE-1-1
[   7.9790]ARRIVE-4-2
[   8.0740]RECEIVE-30-1
[   8.0740]OPEN-1-1
[   8.0750]ARRIVE-7-4
[   8.1730]RECEIVE-63-5
[   8.1860]ARRIVE-4-3
[   8.2740]IN-30-1-1
[   8.2770]ARRIVE-7-6
[   8.2800]ARRIVE-8-5
[   8.3790]ARRIVE-3-2
[   8.4750]CLOSE-1-1
[   8.4750]ARRIVE-6-4
[   8.4750]OPEN-6-4
[   8.5870]ARRIVE-3-3
[   8.6750]IN-39-6-4
[   8.6770]ARRIVE-8-6
[   8.6800]ARRIVE-9-5
[   8.7750]ARRIVE-2-1
[   8.7790]ARRIVE-2-2
[   8.8760]CLOSE-6-4
[   8.9870]ARRIVE-2-3
[   8.9880]OPEN-2-3
[   9.0750]ARRIVE-3-1
[   9.0770]ARRIVE-9-6
[   9.0800]ARRIVE-10-5
[   9.1800]ARRIVE-1-2
[   9.1800]OPEN-1-2
[   9.1880]OUT-58-2-3
[   9.2760]ARRIVE-7-4
[   9.3760]ARRIVE-4-1
[   9.3800]IN-70-1-2
[   9.3880]CLOSE-2-3
[   9.4780]ARRIVE-10-6
[   9.4810]ARRIVE-11-5
[   9.4810]OPEN-11-5
[   9.5800]CLOSE-1-2
[   9.6760]ARRIVE-5-1
[   9.6760]ARRIVE-8-4
[   9.6810]IN-38-11-5
[   9.7880]ARRIVE-1-3
[   9.7890]OPEN-1-3
[   9.8780]ARRIVE-11-6
[   9.8780]OPEN-11-6
[   9.8810]CLOSE-11-5
[   9.9750]RECEIVE-20-5
[   9.9770]ARRIVE-6-1
[   9.9810]ARRIVE-2-2
[   9.9890]OUT-31-1-3
[   9.9890]OUT-21-1-3
[  10.0770]ARRIVE-9-4
[  10.0770]OPEN-9-4
[  10.0780]OUT-4-11-6
[  10.1890]CLOSE-1-3
[  10.1890]OPEN-1-3
[  10.2770]ARRIVE-7-1
[  10.2770]OUT-39-9-4
[  10.2790]CLOSE-11-6
[  10.2810]ARRIVE-10-5
[  10.3810]ARRIVE-3-2
[  10.3900]IN-27-1-3
[  10.4770]CLOSE-9-4
[  10.5770]ARRIVE-8-1
[  10.5770]OPEN-8-1
[  10.5900]CLOSE-1-3
[  10.6820]ARRIVE-9-5
[  10.7780]OUT-30-8-1
[  10.7810]ARRIVE-4-2
[  10.9780]CLOSE-8-1
[  10.9900]ARRIVE-2-3
[  11.0820]ARRIVE-8-5
[  11.0820]OPEN-8-5
[  11.1820]ARRIVE-5-2
[  11.1820]OPEN-5-2
[  11.2830]IN-63-8-5
[  11.2830]IN-20-8-5
[  11.3820]OUT-70-5-2
[  11.3910]ARRIVE-3-3
[  11.4830]CLOSE-8-5
[  11.5820]CLOSE-5-2
[  11.7910]ARRIVE-4-3
[  11.7910]OPEN-4-3
[  11.8830]ARRIVE-7-5
[  11.9910]OUT-27-4-3
[  12.1920]CLOSE-4-3
[  12.2840]ARRIVE-6-5
[  12.2840]OPEN-6-5
[  12.4840]OUT-20-6-5
[  12.6850]CLOSE-6-5
[  12.7750]RESET_ACCEPT-2-5-0.4
[  12.7750]RESET_BEGIN-2
[  12.8740]RESET_ACCEPT-5-5-3-0.4
[  13.0850]ARRIVE-5-5
[  13.0850]OPEN-5-5
[  13.2850]OUT-38-5-5
[  13.2860]OUT-63-5-5
[  13.2860]RECEIVE-63-5
[  13.3740]RECEIVE-8-1
[  13.4860]CLOSE-5-5
[  13.4860]RESET_BEGIN-5
[  13.4870]RECEIVE-63-6
[  13.6740]ARRIVE-7-1
[  13.8870]ARRIVE-10-6
[  13.9740]ARRIVE-6-1
[  13.9750]RESET_END-2
[  13.9750]RECEIVE-5-2
[  14.2750]ARRIVE-5-1
[  14.2870]ARRIVE-9-6
[  14.3750]ARRIVE-4-2
[  14.5800]ARRIVE-4-1
[  14.6870]RESET_END-5
[  14.6870]ARRIVE-8-6
[  14.7760]ARRIVE-3-2
[  14.8750]RESET_ACCEPT-6-6-0.3
[  14.8750]RECEIVE-51-2
[  14.8800]ARRIVE-3-1
[  14.8800]OPEN-3-1
[  15.0810]IN-8-3-1
[  15.0880]ARRIVE-7-6
[  15.0880]RESET_BEGIN-6
[  15.0880]RECEIVE-63-4
[  15.1760]ARRIVE-2-2
[  15.1760]OPEN-2-2
[  15.2810]CLOSE-3-1
[  15.3770]IN-5-2-2
[  15.4880]ARRIVE-8-4
[  15.5740]RECEIVE-57-3
[  15.5770]CLOSE-2-2
[  15.5810]ARRIVE-2-1
[  15.7730]RECEIVE-35-1
[  15.8820]ARRIVE-1-1
[  15.8820]OPEN-1-1
[  15.8890]ARRIVE-7-4
[  15.9740]ARRIVE-5-3
[  15.9770]ARRIVE-3-2
[  16.0730]RECEIVE-40-5-B
[  16.0820]OUT-8-1-1
[  16.2730]RECEIVE-11-2
[  16.2820]CLOSE-1-1
[  16.2880]RESET_END-6
[  16.2890]ARRIVE-6-4
[  16.3750]ARRIVE-6-3
[  16.3770]ARRIVE-4-2
[  16.4740]ARRIVE-7-5-B
[  16.5830]ARRIVE-2-1
[  16.6890]ARRIVE-5-4
[  16.6890]OPEN-5-4
[  16.7750]ARRIVE-7-3
[  16.7780]ARRIVE-5-2
[  16.7780]OPEN-5-2
[  16.8740]ARRIVE-8-5-B
[  16.8830]ARRIVE-3-1
[  16.8900]IN-63-5-4
[  16.9740]RECEIVE-49-1
[  16.9780]IN-11-5-2
[  17.0900]CLOSE-5-4
[  17.1750]ARRIVE-8-3
[  17.1760]OPEN-8-3
[  17.1780]CLOSE-5-2
[  17.1830]ARRIVE-4-1
[  17.2730]RECEIVE-46-4
[  17.2750]ARRIVE-9-5-B
[  17.3760]IN-57-8-3
[  17.4730]RECEIVE-34-2
[  17.4840]ARRIVE-5-1
[  17.4900]ARRIVE-4-4
[  17.5760]CLOSE-8-3
[  17.5790]ARRIVE-6-2
[  17.5790]OPEN-6-2
[  17.6750]ARRIVE-10-5-B
[  17.7790]OUT-5-6-2
[  17.7840]ARRIVE-6-1
[  17.8910]ARRIVE-3-4
[  17.9760]ARRIVE-9-3
[  17.9790]CLOSE-6-2
[  18.0750]ARRIVE-11-5-B
[  18.0760]OPEN-11-5-B
[  18.0840]ARRIVE-7-1
[  18.2760]IN-40-11-5-B
[  18.2910]ARRIVE-2-4
[  18.2910]OPEN-2-4
[  18.3770]ARRIVE-10-3
[  18.3770]OPEN-10-3
[  18.3790]ARRIVE-7-2
[  18.3840]ARRIVE-8-1
[  18.4760]CLOSE-11-5-B
[  18.4910]OUT-63-2-4
[  18.5740]RECEIVE-29-3
[  18.5770]OUT-57-10-3
[  18.6850]ARRIVE-9-1
[  18.6920]CLOSE-2-4
[  18.7770]CLOSE-10-3
[  18.7800]ARRIVE-8-2
[  18.8730]RECEIVE-25-6
[  18.8760]ARRIVE-10-5-B
[  18.9850]ARRIVE-10-1
[  18.9850]OPEN-10-1
[  19.0920]ARRIVE-3-4
[  19.0920]OPEN-3-4
[  19.1730]RECEIVE-44-1
[  19.1740]ARRIVE-8-6
[  19.1780]ARRIVE-9-3
[  19.1800]ARRIVE-9-2
[  19.1850]IN-49-10-1
[  19.1850]IN-44-10-1
[  19.2770]ARRIVE-9-5-B
[  19.2920]IN-46-3-4
[  19.3860]CLOSE-10-1
[  19.4740]ARRIVE-9-6
[  19.4920]CLOSE-3-4
[  19.5730]RECEIVE-59-2
[  19.5780]ARRIVE-8-3
[  19.5800]ARRIVE-10-2
[  19.5800]OPEN-10-2
[  19.6770]ARRIVE-8-5-B
[  19.6860]ARRIVE-9-1
[  19.6860]OPEN-9-1
[  19.7730]RECEIVE-26-4
[  19.7740]ARRIVE-10-6
[  19.7800]OUT-11-10-2
[  19.8860]OUT-49-9-1
[  19.8930]ARRIVE-4-4
[  19.9730]RECEIVE-69-1
[  19.9780]ARRIVE-7-3
[  19.9810]CLOSE-10-2
[  19.9810]OPEN-10-2
[  20.0750]ARRIVE-11-6
[  20.0750]OPEN-11-6
[  20.0770]ARRIVE-7-5-B
[  20.0870]CLOSE-9-1
[  20.0870]OPEN-9-1
[  20.1730]RECEIVE-42-1
[  20.1810]IN-51-10-2
[  20.1810]IN-34-10-2
[  20.1810]IN-59-10-2
[  20.2750]IN-25-11-6
[  20.2870]IN-69-9-1
[  20.2930]ARRIVE-5-4
[  20.3780]ARRIVE-6-3
[  20.3810]CLOSE-10-2
[  20.4750]CLOSE-11-6
[  20.4780]ARRIVE-6-5-B
[  20.4780]OPEN-6-5-B
[  20.4870]CLOSE-9-1
[  20.6780]OUT-40-6-5-B
[  20.6930]ARRIVE-6-4
[  20.7780]ARRIVE-5-3
[  20.7800]ARRIVE-10-6
[  20.7800]OPEN-10-6
[  20.7810]ARRIVE-9-2
[  20.7870]ARRIVE-8-1
[  20.7880]OPEN-8-1
[  20.8780]CLOSE-6-5-B
[  20.9810]OUT-25-10-6
[  20.9880]IN-35-8-1
[  21.0740]RECEIVE-19-6
[  21.0930]ARRIVE-7-4
[  21.1790]ARRIVE-4-3
[  21.1810]CLOSE-10-6
[  21.1820]ARRIVE-8-2
[  21.1880]CLOSE-8-1
[  21.2730]RECEIVE-52-5-B
[  21.4730]RECEIVE-2-5-B
[  21.4810]ARRIVE-9-6
[  21.4880]ARRIVE-7-1
[  21.4880]OPEN-7-1
[  21.4940]ARRIVE-8-4
[  21.5790]ARRIVE-3-3
[  21.5790]OPEN-3-3
[  21.5820]ARRIVE-7-2
[  21.5820]OPEN-7-2
[  21.6740]ARRIVE-7-5-B
[  21.6880]OUT-35-7-1
[  21.7730]RESET_ACCEPT-2-4-0.6
[  21.7790]IN-29-3-3
[  21.7810]ARRIVE-8-6
[  21.7820]OUT-59-7-2
[  21.8890]CLOSE-7-1
[  21.8940]ARRIVE-9-4
[  21.9800]CLOSE-3-3
[  21.9820]CLOSE-7-2
[  21.9830]OPEN-7-2
[  22.0730]RECEIVE-12-6
[  22.0740]RECEIVE-65-3
[  22.0740]ARRIVE-8-5-B
[  22.0810]ARRIVE-7-6
[  22.1830]OUT-51-7-2
[  22.1830]OUT-34-7-2
[  22.1830]RECEIVE-51-6
[  22.1830]RECEIVE-34-6
[  22.1890]ARRIVE-6-1
[  22.2730]RECEIVE-55-5-B
[  22.2940]ARRIVE-10-4
[  22.3800]ARRIVE-4-3
[  22.3820]ARRIVE-6-6
[  22.3830]CLOSE-7-2
[  22.3830]RESET_BEGIN-2
[  22.4740]ARRIVE-9-5-B
[  22.4890]ARRIVE-5-1
[  22.4900]OPEN-5-1
[  22.5730]RECEIVE-7-1
[  22.6730]RECEIVE-22-1
[  22.6820]ARRIVE-5-6
[  22.6900]OUT-69-5-1
[  22.6940]ARRIVE-11-4
[  22.6950]OPEN-11-4
[  22.7800]ARRIVE-5-3
[  22.8750]ARRIVE-10-5-B
[  22.8750]OPEN-10-5-B
[  22.8900]CLOSE-5-1
[  22.8950]OUT-46-11-4
[  22.9820]ARRIVE-4-6
[  23.0750]IN-2-10-5-B
[  23.0750]IN-55-10-5-B
[  23.0950]CLOSE-11-4
[  23.1810]ARRIVE-6-3
[  23.1810]OPEN-6-3
[  23.1900]ARRIVE-4-1
[  23.2730]RECEIVE-14-6
[  23.2750]CLOSE-10-5-B
[  23.2820]ARRIVE-3-6
[  23.3810]OUT-29-6-3
[  23.4910]ARRIVE-3-1
[  23.4910]OPEN-3-1
[  23.4950]ARRIVE-10-4
[  23.5810]CLOSE-6-3
[  23.5820]ARRIVE-2-6
[  23.5830]RESET_END-2
[  23.5830]RECEIVE-66-2
[  23.6750]ARRIVE-9-5-B
[  23.6760]OPEN-9-5-B
[  23.6910]OUT-44-3-1
[  23.8760]OUT-55-9-5-B
[  23.8830]ARRIVE-1-6
[  23.8830]OPEN-1-6
[  23.8910]CLOSE-3-1
[  23.8950]ARRIVE-9-4
[  23.9810]ARRIVE-7-3
[  24.0760]CLOSE-9-5-B
[  24.0830]IN-12-1-6
[  24.1830]ARRIVE-6-2
[  24.1910]ARRIVE-2-1
[  24.2830]CLOSE-1-6
[  24.2960]ARRIVE-8-4
[  24.3740]RECEIVE-56-5-A
[  24.3820]ARRIVE-8-3
[  24.4760]ARRIVE-8-5-B
[  24.4770]OPEN-8-5-B
[  24.4920]ARRIVE-1-1
[  24.4920]OPEN-1-1
[  24.5830]ARRIVE-2-6
[  24.6770]OUT-2-8-5-B
[  24.6920]IN-22-1-1
[  24.6960]ARRIVE-7-4
[  24.7750]ARRIVE-3-5-A
[  24.7820]ARRIVE-9-3
[  24.7820]OPEN-9-3
[  24.7840]ARRIVE-5-2
[  24.7840]OPEN-5-2
[  24.8770]CLOSE-8-5-B
[  24.8840]ARRIVE-3-6
[  24.8920]CLOSE-1-1
[  24.9820]IN-65-9-3
[  24.9840]IN-66-5-2
[  25.0740]RECEIVE-64-2
[  25.0960]ARRIVE-6-4
[  25.1750]ARRIVE-2-5-A
[  25.1820]CLOSE-9-3
[  25.1840]ARRIVE-4-6
[  25.1840]OPEN-4-6
[  25.1840]CLOSE-5-2
[  25.1920]ARRIVE-2-1
[  25.2770]ARRIVE-7-5-B
[  25.2770]OPEN-7-5-B
[  25.3840]OUT-12-4-6
[  25.3840]IN-19-4-6
[  25.4740]RECEIVE-36-1
[  25.4780]IN-52-7-5-B
[  25.4920]ARRIVE-3-1
[  25.4960]ARRIVE-5-4
[  25.5750]ARRIVE-1-5-A
[  25.5750]OPEN-1-5-A
[  25.5830]ARRIVE-8-3
[  25.5840]CLOSE-4-6
[  25.6780]CLOSE-7-5-B
[  25.7750]IN-56-1-5-A
[  25.7840]ARRIVE-6-2
[  25.7930]ARRIVE-4-1
[  25.8850]ARRIVE-5-6
[  25.8960]ARRIVE-4-4
[  25.9760]CLOSE-1-5-A
[  25.9830]ARRIVE-7-3
[  26.0780]ARRIVE-6-5-B
[  26.0780]OPEN-6-5-B
[  26.0930]ARRIVE-5-1
[  26.0930]OPEN-5-1
[  26.1850]ARRIVE-6-6
[  26.2780]OUT-52-6-5-B
[  26.2930]IN-7-5-1
[  26.2970]ARRIVE-3-4
[  26.3760]ARRIVE-2-5-A
[  26.3830]ARRIVE-6-3
[  26.3830]OPEN-6-3
[  26.3840]ARRIVE-7-2
[  26.4790]CLOSE-6-5-B
[  26.4850]ARRIVE-7-6
[  26.4930]CLOSE-5-1
[  26.5830]OUT-65-6-3
[  26.6970]ARRIVE-2-4
[  26.7760]ARRIVE-3-5-A
[  26.7840]CLOSE-6-3
[  26.7860]ARRIVE-8-6
[  26.7940]ARRIVE-6-1
[  26.8750]RECEIVE-24-5-B
[  26.9850]ARRIVE-8-2
[  26.9850]OPEN-8-2
[  27.0860]ARRIVE-9-6
[  27.0860]OPEN-9-6
[  27.0940]ARRIVE-7-1
[  27.0970]ARRIVE-1-4
[  27.0970]OPEN-1-4
[  27.1730]RECEIVE-23-4
[  27.1760]ARRIVE-4-5-A
[  27.1850]OUT-66-8-2
[  27.2750]ARRIVE-7-5-B
[  27.2860]OUT-19-9-6
[  27.2970]IN-26-1-4
[  27.3850]CLOSE-8-2
[  27.3940]ARRIVE-8-1
[  27.4860]CLOSE-9-6
[  27.4980]CLOSE-1-4
[  27.5770]ARRIVE-5-5-A
[  27.5770]OPEN-5-5-A
[  27.6750]ARRIVE-8-5-B
[  27.6940]ARRIVE-9-1
[  27.6940]OPEN-9-1
[  27.7770]OUT-56-5-5-A
[  27.7770]RECEIVE-56-3
[  27.7860]ARRIVE-10-6
[  27.7870]OPEN-10-6
[  27.8940]IN-36-9-1
[  27.8980]ARRIVE-2-4
[  27.9770]CLOSE-5-5-A
[  27.9850]ARRIVE-7-2
[  27.9870]IN-14-10-6
[  28.0750]ARRIVE-9-5-B
[  28.0760]OPEN-9-5-B
[  28.0950]CLOSE-9-1
[  28.1780]ARRIVE-5-3
[  28.1780]OPEN-5-3
[  28.1870]CLOSE-10-6
[  28.2760]IN-24-9-5-B
[  28.2980]ARRIVE-3-4
[  28.2980]OPEN-3-4
[  28.3780]ARRIVE-4-5-A
[  28.3780]IN-56-5-3
[  28.3950]ARRIVE-10-1
[  28.4760]CLOSE-9-5-B
[  28.4870]ARRIVE-9-6
[  28.4980]OUT-26-3-4
[  28.5780]CLOSE-5-3
[  28.5860]ARRIVE-6-2
[  28.5860]OPEN-6-2
[  28.6750]RECEIVE-33-5-B
[  28.6950]ARRIVE-11-1
[  28.6950]OPEN-11-1
[  28.6980]CLOSE-3-4
[  28.7730]RECEIVE-10-1
[  28.7860]IN-64-6-2
[  28.7870]ARRIVE-8-6
[  28.8760]ARRIVE-10-5-B
[  28.8760]OPEN-10-5-B
[  28.8950]OUT-22-11-1
[  28.8960]OUT-7-11-1
[  28.8960]OUT-36-11-1
[  28.9780]ARRIVE-6-3
[  28.9860]CLOSE-6-2
[  29.0730]RECEIVE-1-1
[  29.0760]OUT-24-10-5-B
[  29.0870]ARRIVE-7-6
[  29.0880]OPEN-7-6
[  29.0960]CLOSE-11-1
[  29.0990]ARRIVE-4-4
[  29.2770]CLOSE-10-5-B
[  29.2880]IN-51-7-6
[  29.2880]IN-34-7-6
[  29.3730]RECEIVE-48-6
[  29.3790]ARRIVE-7-3
[  29.3790]OPEN-7-3
[  29.3960]ARRIVE-10-1
[  29.3960]OPEN-10-1
[  29.4880]CLOSE-7-6
[  29.4880]OPEN-7-6
[  29.4990]ARRIVE-5-4
[  29.5790]OUT-56-7-3
[  29.5860]ARRIVE-5-2
[  29.5960]IN-42-10-1
[  29.6770]ARRIVE-11-5-B
[  29.6770]OPEN-11-5-B
[  29.6880]IN-48-7-6
[  29.7790]CLOSE-7-3
[  29.7960]CLOSE-10-1
[  29.8770]IN-33-11-5-B
[  29.8880]CLOSE-7-6
[  29.8990]ARRIVE-6-4
[  29.9740]RECEIVE-50-5-A
[  30.0770]CLOSE-11-5-B
[  30.0970]ARRIVE-9-1
[  30.1860]ARRIVE-4-2
[  30.1890]ARRIVE-6-6
[  30.1890]OPEN-6-6
[  30.2990]ARRIVE-7-4
[  30.3740]ARRIVE-3-5-A
[  30.3890]OUT-48-6-6
[  30.3970]ARRIVE-8-1
[  30.4780]ARRIVE-10-5-B
[  30.5890]CLOSE-6-6
[  30.6970]ARRIVE-7-1
[  30.6990]ARRIVE-8-4
[  30.7740]ARRIVE-2-5-A
[  30.7870]ARRIVE-3-2
[  30.8780]ARRIVE-9-5-B
[  30.8890]ARRIVE-5-6
[  30.8890]OPEN-5-6
[  30.9970]ARRIVE-6-1
[  31.0900]OUT-14-5-6
[  31.0900]OUT-34-5-6
[  31.1000]ARRIVE-9-4
[  31.1000]OPEN-9-4
[  31.1740]ARRIVE-1-5-A
[  31.1750]OPEN-1-5-A
[  31.2780]ARRIVE-8-5-B
[  31.2900]CLOSE-5-6
[  31.2970]ARRIVE-5-1
[  31.2980]OPEN-5-1
[  31.3000]IN-23-9-4
[  31.3750]IN-50-1-5-A
[  31.3870]ARRIVE-2-2
[  31.3870]OPEN-2-2
[  31.4980]OUT-42-5-1
[  31.5000]CLOSE-9-4
[  31.5750]CLOSE-1-5-A
[  31.5870]OUT-64-2-2
[  31.5900]ARRIVE-4-6
[  31.5900]OPEN-4-6
[  31.6780]ARRIVE-7-5-B
[  31.6980]CLOSE-5-1
[  31.7870]CLOSE-2-2
[  31.7900]OUT-51-4-6
[  31.9000]ARRIVE-8-4
[  31.9750]ARRIVE-2-5-A
[  31.9900]CLOSE-4-6
[  31.9980]ARRIVE-4-1
[  32.0790]ARRIVE-6-5-B
[  32.2980]ARRIVE-3-1
[  32.3010]ARRIVE-7-4
[  32.3760]ARRIVE-3-5-A
[  32.4790]ARRIVE-5-5-B
[  32.4790]OPEN-5-5-B
[  32.5990]ARRIVE-2-1
[  32.6790]OUT-33-5-5-B
[  32.6800]RECEIVE-33-5-A
[  32.7010]ARRIVE-6-4
[  32.7010]OPEN-6-4
[  32.7760]ARRIVE-4-5-A
[  32.8800]CLOSE-5-5-B
[  32.8990]ARRIVE-1-1
[  32.8990]OPEN-1-1
[  32.9010]OUT-23-6-4
[  33.0990]IN-1-1-1
[  33.1010]CLOSE-6-4
[  33.1760]ARRIVE-5-5-A
[  33.1760]OPEN-5-5-A
[  33.2800]ARRIVE-6-5-B
[  33.3000]CLOSE-1-1
[  33.3760]OUT-50-5-5-A
[  33.3770]RECEIVE-50-6
[  33.5770]CLOSE-5-5-A
[  33.5770]OPEN-5-5-A
[  33.6000]ARRIVE-2-1
[  33.6000]OPEN-2-1
[  33.6770]ARRIVE-5-6
[  33.6770]OPEN-5-6
[  33.7770]IN-33-5-5-A
[  33.8000]IN-10-2-1
[  33.8770]IN-50-5-6
[  33.9770]CLOSE-5-5-A
[  34.0000]CLOSE-2-1
[  34.0770]CLOSE-5-6
[  34.3010]ARRIVE-3-1
[  34.3780]ARRIVE-4-5-A
[  34.3780]ARRIVE-6-6
[  34.3780]OPEN-4-5-A
[  34.5780]OUT-33-4-5-A
[  34.6010]ARRIVE-4-1
[  34.6780]ARRIVE-7-6
[  34.7780]CLOSE-4-5-A
[  34.9010]ARRIVE-5-1
[  34.9780]ARRIVE-8-6
[  35.2010]ARRIVE-6-1
[  35.2780]ARRIVE-9-6
[  35.2790]OPEN-9-6
[  35.4790]OUT-50-9-6
[  35.5020]ARRIVE-7-1
[  35.6790]CLOSE-9-6
[  35.8020]ARRIVE-8-1
[  36.1020]ARRIVE-9-1
[  36.4020]ARRIVE-10-1
[  36.4030]OPEN-10-1
[  36.6030]OUT-1-10-1
[  36.6030]OUT-10-10-1
[  36.8030]CLOSE-10-1
