[   1.3030]RECEIVE-23-1
[   1.7040]ARRIVE-2-1
[   1.9960]RECEIVE-30-6
[   2.1040]ARRIVE-3-1
[   2.3960]ARRIVE-2-6
[   2.4950]RECEIVE-16-2
[   2.5050]ARRIVE-4-1
[   2.6960]RECEIVE-13-2
[   2.7970]ARRIVE-3-6
[   2.8960]RECEIVE-32-4
[   2.8960]ARRIVE-2-2
[   2.9060]ARRIVE-5-1
[   3.1950]RECEIVE-48-5
[   3.1960]RECEIVE-47-2
[   3.1970]RECEIVE-17-1
[   3.1980]ARRIVE-4-6
[   3.1980]OPEN-1-5
[   3.2960]ARRIVE-2-4
[   3.2970]ARRIVE-3-2
[   3.3060]ARRIVE-6-1
[   3.3960]RECEIVE-35-4
[   3.3980]IN-48-1-5
[   3.5980]ARRIVE-5-6
[   3.5990]CLOSE-1-5
[   3.6970]ARRIVE-3-4
[   3.6970]ARRIVE-4-2
[   3.7060]ARRIVE-7-1
[   3.7950]RECEIVE-60-5
[   3.9990]ARRIVE-6-6
[   4.0000]ARRIVE-2-5
