0
0
0
[2024-01-11] [accept] 22370029 donated BU-0083
[2024-01-11] 22370029 12
0
0
[2024-01-16] 22370029 12
[2024-01-16] [accept] 22370193 borrowed C-5492
[2024-01-16] [accept] 22370029 ordered C-6416
[2024-01-16] [reject] 22370029 picked C-6416
[2024-01-16] 22370193 10
[2024-01-16] [reject] 22370029 picked C-6416
1
[2024-01-16] move C-6416 from bs to ao for 22370029
0
[2024-01-18] B-5459 7
[2024-01-18] 22370029 12
0
1
[2024-01-23] move C-6416 from ao to bs
[2024-01-23] [reject] 22370193 ordered C-5492
4
0
