Ok
pinf-1, 426-1
pinf-2, 259-1
pinf-3, 354-1
pinf-4, 373-1
pinf-5, 390-1
1
epi-1, 148-1
1
pinf-6, 471-1
pinf-7, 444-1
1
pinf-8, 275-1
pinf-9, 415-1
pinf-10, 379-1
pinf-11, 261-1
pinf-12, 408-1
pinf-13, 276-1
pinf-14, 284-1
pinf-15, 266-1
pinf-16, 279-1
pinf-17, 256-1
pinf-18, 323-1
1
pinf-19, 244-1
pinf-20, 322-1
pinf-21, 241-1
pinf-22, 333-1
pinf-23, 240-1
pinf-24, 278-1
pinf-25, 332-1
pinf-26, 341-1
pinf-27, 414-1
pinf-28, 371-1
1
pinf-29, 241-2
pinf-30, 406-1
pinf-31, 339-1
pinf-32, 338-1
pinf-33, 456-1
pinf-34, 247-1
pinf-35, 457-1
pinf-36, 464-1
1
pinf-37, 456-2
pinf-38, 466-1
pinf-39, 282-1
2246839
pinf-40, 337-1
pinf-41, 366-1
pinf-42, 381-1
pinf-43, 409-1
pinf-44, 440-1
pinf-45, 395-1
pinf-46, 327-1
pinf-47, 474-1
pinf-48, 369-1
pinf-49, 467-1
pinf-50, 357-1
1
pinf-51, 338-2
pinf-52, 245-1
pinf-53, 252-1
1
pinf-54, 410-1
pinf-55, 464-2
1
1
pinf-56, 279-2
pinf-57, 345-1
pinf-58, 458-1
pinf-59, 439-1
pinf-60, 468-1
pinf-61, 250-1
pinf-62, 342-1
pinf-63, 465-1
epi-2, 190-1
pinf-64, 361-1
pinf-65, 278-2
pinf-66, 321-1
pinf-67, 469-1
epi-3, 71-1
1
pinf-68, 415-2
pinf-69, 293-1
epi-4, 63-1
pinf-70, 291-1
pinf-71, 475-1
pinf-72, 394-1
pinf-73, 459-1
pinf-74, 409-2
pinf-75, 435-1
pinf-76, 413-1
pinf-77, 315-1
pinf-78, 338-3
Ok
2246839
pinf-79, 437-1
pinf-80, 254-1
Ok
pinf-81, 408-2
pinf-82, 368-1
pinf-83, 267-1
pinf-84, 285-1
pinf-85, 354-2
pinf-86, 346-1
pinf-87, 260-1
pinf-88, 452-1
Ok
pinf-89, 425-1
pinf-90, 298-1
Ok
pinf-91, 382-1
pinf-92, 434-1
pinf-93, 308-1
pinf-94, 476-1
Ok
pinf-95, 272-1
pinf-96, 318-1
pinf-97, 363-1
epi-5, 131-1
5
Ok
pinf-98, 299-1
pinf-99, 280-1
pinf-100, 349-1
pinf-101, 375-1
pinf-102, 368-2
pinf-103, 472-1
pinf-104, 284-2
pinf-105, 254-2
6
pinf-106, 475-2
pinf-107, 462-1
pinf-108, 260-2
pinf-109, 285-2
pinf-110, 300-1
pinf-111, 379-2
pinf-112, 314-1
epi-6, 235-1
6
pinf-113, 415-3
6
pinf-114, 311-1
pinf-115, 327-2
6
6
6
pinf-116, 319-1
pinf-117, 418-1
pinf-118, 338-4
6
pinf-119, 408-3
pinf-120, 246-1
pinf-121, 440-2
pinf-122, 330-1
pinf-123, 262-1
pinf-124, 338-5
pinf-125, 350-1
6
pinf-126, 308-2
pinf-127, 398-1
pinf-128, 470-1
pinf-129, 271-1
pinf-130, 476-2
pinf-131, 329-1
pinf-132, 433-1
pinf-133, 375-2
pinf-134, 476-3
pinf-135, 407-1
pinf-136, 363-2
pinf-137, 377-1
pinf-138, 329-2
pinf-139, 384-1
pinf-140, 302-1
pinf-141, 452-2
6
6
pinf-142, 465-2
pinf-143, 336-1
pinf-144, 249-1
pinf-145, 424-1
pinf-146, 371-2
pinf-147, 487-1
pinf-148, 321-2
pinf-149, 339-2
pinf-150, 462-2
pinf-151, 358-1
pinf-152, 253-1
6
pinf-153, 328-1
6
pinf-154, 366-2
pinf-155, 411-1
pinf-156, 391-1
pinf-157, 437-2
pinf-158, 378-1
pinf-159, 313-1
pinf-160, 394-2
pinf-161, 373-2
pinf-162, 395-2
pinf-163, 418-2
pinf-164, 301-1
pinf-165, 352-1
pinf-166, 462-3
pinf-167, 343-1
pinf-168, 398-2
pinf-169, 341-2
pinf-170, 264-1
pinf-171, 336-2
pinf-172, 473-1
epi-7, 242-1
pinf-173, 471-2
pinf-174, 436-1
pinf-175, 255-1
pinf-176, 441-1
pinf-177, 318-2
pinf-178, 409-3
pinf-179, 388-1
pinf-180, 348-1
pinf-181, 437-3
pinf-182, 443-1
pinf-183, 329-3
pinf-184, 310-1
pinf-185, 289-1
pinf-186, 364-1
6
pinf-187, 488-1
6
6
pinf-188, 413-2
pinf-189, 432-1
true
pinf-190, 458-2
pinf-191, 391-2
pinf-192, 290-1
Ok
pinf-193, 428-1
pinf-194, 339-3
epi-8, 19-1
pinf-195, 398-3
pinf-196, 365-1
Ok
pinf-197, 270-1
pinf-198, 381-2
pinf-199, 475-3
pinf-200, 332-2
pinf-201, 461-1
pinf-202, 392-1
pinf-203, 328-2
pinf-204, 283-1
pinf-205, 441-2
pinf-206, 293-2
pinf-207, 407-2
8
pinf-208, 480-1
pinf-209, 425-2
pinf-210, 408-4
pinf-211, 285-3
2246839
8
8
pinf-212, 268-1
pinf-213, 474-2
pinf-214, 423-1
pinf-215, 284-3
pinf-216, 310-2
pinf-217, 305-1
Ok
pinf-218, 263-1
pinf-219, 410-2
Ok
pinf-220, 492-1
pinf-221, 398-4
pinf-222, 250-2
Ok
pinf-223, 266-2
11
pinf-224, 486-1
pinf-225, 266-3
pinf-226, 287-1
pinf-227, 285-4
pinf-228, 379-3
pinf-229, 414-2
pinf-230, 449-1
pinf-231, 445-1
pinf-232, 492-2
pinf-233, 426-2
pinf-234, 396-1
pinf-235, 421-1
pinf-236, 296-1
pinf-237, 414-3
Ok
Ok
pinf-238, 436-2
pinf-239, 299-2
pinf-240, 389-1
pinf-241, 426-3
pinf-242, 321-3
pinf-243, 268-2
pinf-244, 430-1
pinf-245, 492-3
pinf-246, 375-3
epi-9, 226-1
pinf-247, 395-3
pinf-248, 499-1
pinf-249, 413-3
pinf-250, 370-1
pinf-251, 342-2
pinf-252, 312-1
pinf-253, 456-3
epi-10, 106-1
pinf-254, 453-1
pinf-255, 408-5
pinf-256, 343-2
pinf-257, 330-2
pinf-258, 497-1
pinf-259, 306-1
pinf-260, 333-2
pinf-261, 495-1
pinf-262, 261-2
pinf-263, 299-3
pinf-264, 463-1
pinf-265, 402-1
13
pinf-266, 331-1
13
13
pinf-267, 493-1
pinf-268, 256-2
pinf-269, 283-2
pinf-270, 383-1
pinf-271, 367-1
pinf-272, 391-3
2246839
pinf-273, 438-1
pinf-274, 435-2
pinf-275, 268-3
pinf-276, 363-3
pinf-277, 362-1
13
pinf-278, 413-4
13
pinf-279, 290-2
pinf-280, 330-3
pinf-281, 470-2
pinf-282, 377-2
epi-11, 25-1
13
epi-12, 76-1
pinf-283, 437-4
pinf-284, 318-3
13
pinf-285, 463-2
pinf-286, 353-1
pinf-287, 462-4
pinf-288, 365-2
pinf-289, 500-1
pinf-290, 310-3
pinf-291, 331-2
pinf-292, 383-2
pinf-293, 427-1
pinf-294, 342-3
pinf-295, 275-2
pinf-296, 472-2
pinf-297, 409-4
Ok
pinf-298, 348-2
pinf-299, 445-2
14
pinf-300, 449-2
pinf-301, 376-1
pinf-302, 315-2
pinf-303, 263-2
pinf-304, 267-2
pinf-305, 353-2
pinf-306, 385-1
14
pinf-307, 450-1
pinf-308, 457-2
pinf-309, 393-1
pinf-310, 413-5
pinf-311, 479-1
14
pinf-312, 336-3
Ok
pinf-313, 418-3
pinf-314, 371-3
pinf-315, 391-4
Ok
pinf-316, 261-3
pinf-317, 375-4
pinf-318, 340-1
pinf-319, 315-3
pinf-320, 492-4
pinf-321, 490-1
pinf-322, 504-1
epi-13, 230-1
pinf-323, 326-1
pinf-324, 297-1
15
pinf-325, 452-3
pinf-326, 452-4
pinf-327, 280-2
pinf-328, 398-5
pinf-329, 353-3
pinf-330, 294-1
epi-14, 89-1
pinf-331, 281-1
15
15
15
pinf-332, 361-2
pinf-333, 291-2
epi-15, 244-1
pinf-334, 460-1
pinf-335, 483-1
Ok
pinf-336, 484-1
pinf-337, 453-2
epi-16, 182-1
pinf-338, 498-1
Ok
pinf-339, 377-3
pinf-340, 339-4
pinf-341, 452-5
pinf-342, 398-6
pinf-343, 449-3
pinf-344, 479-2
epi-17, 163-1
pinf-345, 271-2
pinf-346, 355-1
pinf-347, 492-5
16
16
pinf-348, 372-1
pinf-349, 348-3
16
pinf-350, 257-1
pinf-351, 262-2
pinf-352, 430-2
pinf-353, 330-4
pinf-354, 468-2
pinf-355, 273-1
pinf-356, 369-2
pinf-357, 490-2
pinf-358, 293-3
16
pinf-359, 474-3
pinf-360, 378-2
pinf-361, 455-1
pinf-362, 272-2
pinf-363, 479-3
pinf-364, 362-2
pinf-365, 411-2
pinf-366, 441-3
pinf-367, 327-3
pinf-368, 487-2
pinf-369, 373-3
pinf-370, 477-1
pinf-371, 322-2
pinf-372, 487-3
pinf-373, 487-4
epi-18, 35-1
pinf-374, 410-3
pinf-375, 431-1
pinf-376, 424-2
pinf-377, 372-2
pinf-378, 267-3
pinf-379, 389-2
pinf-380, 279-3
pinf-381, 454-1
16
pinf-382, 289-2
pinf-383, 506-1
pinf-384, 455-2
pinf-385, 342-4
pinf-386, 388-2
pinf-387, 285-5
pinf-388, 283-3
pinf-389, 355-2
epi-19, 122-1
pinf-390, 508-1
pinf-391, 258-1
pinf-392, 486-2
pinf-393, 349-2
epi-20, 74-1
pinf-394, 351-1
pinf-395, 442-1
pinf-396, 323-2
Ok
pinf-397, 415-4
pinf-398, 257-2
pinf-399, 308-3
pinf-400, 367-2
pinf-401, 466-2
17
pinf-402, 494-1
pinf-403, 298-2
pinf-404, 288-1
pinf-405, 256-3
pinf-406, 424-3
pinf-407, 289-3
pinf-408, 406-2
pinf-409, 326-2
pinf-410, 456-4
pinf-411, 315-4
pinf-412, 300-2
pinf-413, 403-1
pinf-414, 293-4
pinf-415, 485-1
pinf-416, 439-2
epi-21, 53-1
pinf-417, 467-2
pinf-418, 303-1
pinf-419, 373-4
epi-22, 133-1
pinf-420, 364-2
17
pinf-421, 331-3
2246839
pinf-422, 504-2
pinf-423, 498-2
2246839
pinf-424, 379-4
17
Ok
pinf-425, 444-2
pinf-426, 421-2
Ok
pinf-427, 299-4
pinf-428, 413-6
pinf-429, 286-1
pinf-430, 421-3
pinf-431, 280-3
epi-23, 122-2
pinf-432, 297-2
pinf-433, 356-1
pinf-434, 496-1
epi-24, 168-1
pinf-435, 302-2
pinf-436, 385-2
pinf-437, 420-1
pinf-438, 431-2
pinf-439, 278-3
18
pinf-440, 339-5
pinf-441, 506-2
pinf-442, 432-2
18
Ok
pinf-443, 511-1
pinf-444, 324-1
pinf-445, 445-3
pinf-446, 462-5
pinf-447, 285-6
Ok
pinf-448, 351-2
pinf-449, 307-1
pinf-450, 502-1
pinf-451, 330-5
pinf-452, 384-2
epi-25, 182-2
20
20
Ok
epi-26, 8-1
pinf-453, 423-2
pinf-454, 432-3
pinf-455, 453-3
pinf-456, 283-4
pinf-457, 422-1
pinf-458, 507-1
pinf-459, 474-4
pinf-460, 276-2
2246839
21
pinf-461, 480-2
pinf-462, 284-4
pinf-463, 473-2
pinf-464, 335-1
pinf-465, 291-3
pinf-466, 503-1
pinf-467, 398-7
pinf-468, 397-1
Ok
pinf-469, 316-1
epi-27, 39-1
pinf-470, 342-5
pinf-471, 281-2
pinf-472, 375-5
pinf-473, 384-3
Ok
pinf-474, 418-4
er-1, 78-1, 221-1
pinf-475, 457-3
pinf-476, 264-2
2246839
pinf-477, 479-4
pinf-478, 275-3
pinf-479, 290-3
23
pinf-480, 332-3
23
pinf-481, 461-2
pinf-482, 410-4
pinf-483, 330-6
pinf-484, 504-3
23
pinf-485, 461-3
pinf-486, 290-4
2246839
epi-28, 189-1
pinf-487, 503-2
epi-29, 205-1
pinf-488, 360-1
pinf-489, 265-1
2246839
pinf-490, 401-1
pinf-491, 371-4
pinf-492, 453-4
pinf-493, 380-1
pinf-494, 311-2
2246839
pinf-495, 350-2
pinf-496, 302-3
pinf-497, 276-3
pinf-498, 323-3
pinf-499, 369-3
pinf-500, 472-3
pinf-501, 468-3
pinf-502, 262-3
pinf-503, 297-3
pinf-504, 285-7
23
pinf-505, 435-3
23
pinf-506, 393-2
Ok
pinf-507, 309-1
pinf-508, 301-2
pinf-509, 495-2
23
pinf-510, 442-2
pinf-511, 472-4
pinf-512, 293-5
pinf-513, 263-3
23
pinf-514, 274-1
pinf-515, 452-6
pinf-516, 426-4
pinf-517, 322-3
pinf-518, 439-3
pinf-519, 308-4
pinf-520, 491-1
pinf-521, 443-2
pinf-522, 405-1
pinf-523, 277-1
2246839
epi-30, 222-1
pinf-524, 491-2
pinf-525, 317-1
pinf-526, 301-3
pinf-527, 462-6
pinf-528, 382-2
pinf-529, 495-3
23
Ok
pinf-530, 289-4
pinf-531, 422-2
Ok
25
pinf-532, 495-4
pinf-533, 270-2
pinf-534, 367-3
pinf-535, 323-4
pinf-536, 303-2
pinf-537, 282-2
pinf-538, 351-3
pinf-539, 489-1
pinf-540, 413-7
pinf-541, 429-1
pinf-542, 335-2
Ok
pinf-543, 452-7
pinf-544, 297-4
pinf-545, 319-2
pinf-546, 340-2
pinf-547, 321-4
pinf-548, 502-2
pinf-549, 466-3
pinf-550, 522-1
Ok
pinf-551, 420-2
pinf-552, 427-2
pinf-553, 376-2
pinf-554, 444-3
pinf-555, 394-3
Ok
2246839
pinf-556, 430-3
pinf-557, 515-1
pinf-558, 443-3
28
pinf-559, 286-2
pinf-560, 500-2
pinf-561, 393-3
epi-31, 70-1
pinf-562, 431-3
pinf-563, 468-4
pinf-564, 279-4
pinf-565, 312-2
Ok
pinf-566, 528-1
pinf-567, 469-2
pinf-568, 315-5
pinf-569, 523-1
pinf-570, 435-4
pinf-571, 489-2
pinf-572, 273-2
29
2246839
29
pinf-573, 375-6
pinf-574, 502-3
pinf-575, 455-3
pinf-576, 438-2
pinf-577, 325-1
pinf-578, 420-3
pinf-579, 280-4
pinf-580, 455-4
pinf-581, 318-4
pinf-582, 448-1
pinf-583, 526-1
pinf-584, 390-2
29
epi-32, 37-1
epi-33, 244-2
Ok
pinf-585, 322-4
pinf-586, 374-1
pinf-587, 417-1
30
pinf-588, 498-3
pinf-589, 399-1
pinf-590, 530-1
pinf-591, 422-3
pinf-592, 478-1
pinf-593, 468-5
pinf-594, 521-1
pinf-595, 273-3
pinf-596, 294-2
pinf-597, 357-2
pinf-598, 317-2
pinf-599, 273-4
pinf-600, 489-3
pinf-601, 400-1
pinf-602, 407-3
pinf-603, 423-3
pinf-604, 368-3
pinf-605, 421-4
pinf-606, 332-4
pinf-607, 311-3
pinf-608, 354-3
Ok
31
pinf-609, 341-3
31
pinf-610, 354-4
pinf-611, 403-2
pinf-612, 403-3
pinf-613, 416-1
pinf-614, 278-4
pinf-615, 524-1
pinf-616, 354-5
pinf-617, 382-3
pinf-618, 436-3
pinf-619, 406-3
pinf-620, 363-4
pinf-621, 524-2
pinf-622, 422-4
pinf-623, 504-4
pinf-624, 452-8
pinf-625, 377-4
31
pinf-626, 285-8
pinf-627, 449-4
pinf-628, 455-5
pinf-629, 485-2
pinf-630, 482-1
31
pinf-631, 341-4
pinf-632, 391-5
pinf-633, 387-1
pinf-634, 400-2
pinf-635, 337-2
pinf-636, 491-3
pinf-637, 477-2
pinf-638, 383-3
pinf-639, 412-1
pinf-640, 397-2
pinf-641, 464-3
pinf-642, 349-3
pinf-643, 392-2
Ok
pinf-644, 466-4
32
pinf-645, 357-3
pinf-646, 523-2
pinf-647, 468-6
Ok
pinf-648, 416-2
pinf-649, 406-4
pinf-650, 404-1
33
pinf-651, 483-2
pinf-652, 520-1
pinf-653, 427-3
pinf-654, 383-4
pinf-655, 373-5
pinf-656, 356-2
pinf-657, 459-2
pinf-658, 344-1
epi-34, 192-1
33
33
pinf-659, 347-1
pinf-660, 364-3
pinf-661, 275-4
33
pinf-662, 421-5
pinf-663, 325-2
Ok
pinf-664, 468-7
pinf-665, 421-6
pinf-666, 456-5
pinf-667, 425-3
32
32
pinf-668, 400-3
pinf-669, 387-2
pinf-670, 396-2
epi-35, 52-1
pinf-671, 343-3
pinf-672, 434-2
pinf-673, 510-1
pinf-674, 341-5
pinf-675, 526-2
32
pinf-676, 305-2
pinf-677, 477-3
epi-36, 39-2
pinf-678, 396-3
32
pinf-679, 528-2
pinf-680, 435-5
pinf-681, 488-2
pinf-682, 336-4
Ok
pinf-683, 380-2
pinf-684, 465-3
Ok
pinf-685, 470-3
pinf-686, 276-4
pinf-687, 319-3
pinf-688, 449-5
pinf-689, 313-2
Ok
epi-37, 52-2
pinf-690, 472-5
epi-38, 263-1
pinf-691, 346-2
epi-39, 163-2
pinf-692, 399-2
2246839
pinf-693, 456-6
pinf-694, 485-3
pinf-695, 396-4
pinf-696, 318-5
pinf-697, 472-6
epi-40, 231-1
pinf-698, 382-4
pinf-699, 324-2
pinf-700, 501-1
Ok
pinf-701, 283-5
2246839
Ok
pinf-702, 390-3
pinf-703, 542-1
pinf-704, 515-2
pinf-705, 422-5
pinf-706, 311-4
pinf-707, 368-4
pinf-708, 331-4
epi-41, 91-1
37
pinf-709, 541-1
pinf-710, 504-5
pinf-711, 406-5
37
pinf-712, 457-4
pinf-713, 497-2
pinf-714, 520-2
pinf-715, 510-2
37
pinf-716, 409-5
pinf-717, 470-4
pinf-718, 445-4
37
pinf-719, 292-1
pinf-720, 277-2
pinf-721, 432-4
pinf-722, 529-1
pinf-723, 380-3
pinf-724, 367-4
pinf-725, 504-6
pinf-726, 299-5
pinf-727, 433-2
pinf-728, 325-3
pinf-729, 351-4
pinf-730, 440-3
epi-42, 182-3
pinf-731, 394-4
pinf-732, 409-6
pinf-733, 419-1
pinf-734, 310-4
pinf-735, 334-1
pinf-736, 376-3
pinf-737, 535-1
pinf-738, 333-3
pinf-739, 375-7
Ok
2246839
pinf-740, 406-6
pinf-741, 382-5
pinf-742, 444-4
epi-43, 43-1
pinf-743, 439-4
pinf-744, 491-4
2246839
pinf-745, 284-5
pinf-746, 322-5
pinf-747, 379-5
pinf-748, 507-2
pinf-749, 464-4
pinf-750, 400-4
pinf-751, 450-2
38
38
pinf-752, 471-3
pinf-753, 455-6
pinf-754, 380-4
epi-44, 51-1
pinf-755, 323-5
pinf-756, 304-1
pinf-757, 305-3
2246839
pinf-758, 524-3
true
pinf-759, 480-3
pinf-760, 314-2
epi-45, 71-2
pinf-761, 435-6
pinf-762, 506-3
pinf-763, 375-8
pinf-764, 396-5
pinf-765, 509-1
epi-46, 153-1
pinf-766, 446-1
pinf-767, 384-4
pinf-768, 551-1
pinf-769, 431-4
pinf-770, 470-5
38
pinf-771, 520-3
pinf-772, 363-5
pinf-773, 307-2
pinf-774, 506-4
pinf-775, 475-4
pinf-776, 433-3
pinf-777, 361-3
pinf-778, 426-5
pinf-779, 514-1
pinf-780, 286-3
38
pinf-781, 427-4
pinf-782, 506-5
pinf-783, 439-5
epi-47, 128-1
Ok
epi-48, 156-1
39
pinf-784, 327-4
pinf-785, 382-6
pinf-786, 378-3
pinf-787, 488-3
pinf-788, 409-7
pinf-789, 474-5
pinf-790, 345-2
pinf-791, 424-4
pinf-792, 519-1
epi-49, 79-1
39
pinf-793, 509-2
pinf-794, 403-4
pinf-795, 389-3
pinf-796, 427-5
pinf-797, 364-4
pinf-798, 506-6
pinf-799, 504-7
pinf-800, 367-5
2246839
pinf-801, 401-2
pinf-802, 433-4
39
pinf-803, 286-4
pinf-804, 374-2
pinf-805, 398-8
pinf-806, 298-3
pinf-807, 353-4
pinf-808, 483-3
pinf-809, 510-3
pinf-810, 384-5
pinf-811, 525-1
pinf-812, 373-6
pinf-813, 283-6
pinf-814, 403-5
pinf-815, 345-3
pinf-816, 388-3
pinf-817, 307-3
pinf-818, 303-3
pinf-819, 460-2
pinf-820, 506-7
2246839
pinf-821, 483-4
Ok
pinf-822, 539-1
pinf-823, 372-3
40
pinf-824, 432-5
pinf-825, 504-8
pinf-826, 412-2
pinf-827, 397-3
pinf-828, 364-5
40
pinf-829, 464-5
pinf-830, 415-5
pinf-831, 361-4
pinf-832, 376-4
pinf-833, 379-6
epi-50, 144-1
pinf-834, 522-2
epi-51, 146-1
pinf-835, 298-4
pinf-836, 471-4
pinf-837, 291-4
pinf-838, 459-3
pinf-839, 386-1
pinf-840, 556-1
pinf-841, 402-2
pinf-842, 333-4
40
pinf-843, 465-4
pinf-844, 480-4
pinf-845, 492-6
epi-52, 236-1
epi-53, 41-1
pinf-846, 485-4
pinf-847, 324-3
pinf-848, 491-5
pinf-849, 441-4
2246839
pinf-850, 317-3
pinf-851, 424-5
pinf-852, 539-2
pinf-853, 448-2
2246839
2246839
pinf-854, 330-7
40
40
epi-54, 187-1
pinf-855, 379-7
pinf-856, 464-6
40
pinf-857, 528-3
pinf-858, 387-3
pinf-859, 294-3
pinf-860, 492-7
pinf-861, 334-2
pinf-862, 347-2
Ok
pinf-863, 551-2
pinf-864, 412-3
pinf-865, 377-5
pinf-866, 322-6
epi-55, 57-1
pinf-867, 479-5
pinf-868, 332-5
pinf-869, 491-6
epi-56, 226-2
pinf-870, 372-4
pinf-871, 333-5
pinf-872, 361-5
pinf-873, 445-5
pinf-874, 313-3
epi-57, 260-1
epi-58, 159-1
Ok
pinf-875, 496-2
2246839
pinf-876, 536-1
42
42
pinf-877, 301-4
pinf-878, 490-3
pinf-879, 333-6
pinf-880, 524-4
pinf-881, 420-4
pinf-882, 359-1
pinf-883, 344-2
pinf-884, 469-3
pinf-885, 443-4
pinf-886, 285-9
pinf-887, 433-5
pinf-888, 555-1
pinf-889, 357-4
2246839
pinf-890, 466-5
pinf-891, 532-1
pinf-892, 456-7
pinf-893, 307-4
pinf-894, 313-4
pinf-895, 489-4
pinf-896, 343-4
epi-59, 179-1
pinf-897, 465-5
pinf-898, 422-6
pinf-899, 560-1
pinf-900, 392-3
42
42
pinf-901, 412-4
pinf-902, 476-4
pinf-903, 389-4
pinf-904, 519-2
pinf-905, 545-1
pinf-906, 353-5
pinf-907, 445-6
pinf-908, 496-3
Ok
pinf-909, 453-5
pinf-910, 291-5
epi-60, 248-1
epi-61, 220-1
pinf-911, 407-4
pinf-912, 493-2
epi-62, 196-1
pinf-913, 514-2
pinf-914, 500-3
pinf-915, 286-5
Ok
44
pinf-916, 284-6
pinf-917, 462-7
pinf-918, 395-4
pinf-919, 401-3
pinf-920, 366-3
pinf-921, 350-3
pinf-922, 459-4
pinf-923, 331-5
pinf-924, 340-3
Ok
pinf-925, 557-1
pinf-926, 412-5
pinf-927, 346-3
pinf-928, 552-1
pinf-929, 489-5
2246839
pinf-930, 367-6
45
pinf-931, 487-5
pinf-932, 478-2
pinf-933, 495-5
pinf-934, 355-3
Ok
pinf-935, 348-4
pinf-936, 554-1
46
pinf-937, 447-1
pinf-938, 297-5
pinf-939, 453-6
pinf-940, 552-2
pinf-941, 338-6
pinf-942, 468-8
pinf-943, 447-2
pinf-944, 450-3
pinf-945, 390-4
pinf-946, 396-6
pinf-947, 400-5
pinf-948, 474-6
pinf-949, 483-5
pinf-950, 355-4
pinf-951, 564-1
pinf-952, 349-4
pinf-953, 453-7
pinf-954, 407-5
pinf-955, 359-2
pinf-956, 367-7
pinf-957, 347-3
pinf-958, 516-1
2246839
pinf-959, 502-4
pinf-960, 348-5
pinf-961, 565-1
2246839
pinf-962, 315-6
pinf-963, 551-3
pinf-964, 308-5
pinf-965, 354-6
pinf-966, 535-2
46
pinf-967, 515-3
epi-63, 168-2
pinf-968, 361-6
pinf-969, 405-2
pinf-970, 415-6
pinf-971, 345-4
pinf-972, 379-8
Ok
pinf-973, 339-6
pinf-974, 341-6
pinf-975, 434-3
47
47
pinf-976, 510-4
47
pinf-977, 540-1
pinf-978, 307-5
47
pinf-979, 563-1
47
Ok
48
pinf-980, 561-1
pinf-981, 520-4
pinf-982, 438-3
true
pinf-983, 345-5
pinf-984, 310-5
pinf-985, 360-2
pinf-986, 331-6
48
pinf-987, 569-1
Ok
pinf-988, 436-4
pinf-989, 334-3
49
pinf-990, 345-6
49
pinf-991, 357-5
Ok
pinf-992, 294-4
pinf-993, 526-3
pinf-994, 394-5
pinf-995, 575-1
pinf-996, 548-1
pinf-997, 529-2
pinf-998, 359-3
epi-64, 146-2
pinf-999, 348-6
50
50
pinf-1000, 573-1
pinf-1001, 362-3
Ok
pinf-1002, 350-4
pinf-1003, 374-3
pinf-1004, 354-7
pinf-1005, 351-5
pinf-1006, 574-1
pinf-1007, 402-3
pinf-1008, 326-3
pinf-1009, 397-4
pinf-1010, 457-5
51
pinf-1011, 498-4
pinf-1012, 490-4
pinf-1013, 364-6
pinf-1014, 448-3
pinf-1015, 353-6
pinf-1016, 537-1
pinf-1017, 511-2
pinf-1018, 569-2
pinf-1019, 308-6
pinf-1020, 398-9
pinf-1021, 378-4
pinf-1022, 510-5
pinf-1023, 524-5
pinf-1024, 366-4
pinf-1025, 560-2
pinf-1026, 358-2
pinf-1027, 347-4
pinf-1028, 333-7
pinf-1029, 469-4
pinf-1030, 353-7
pinf-1031, 357-6
pinf-1032, 343-5
epi-65, 57-2
pinf-1033, 578-1
pinf-1034, 297-6
pinf-1035, 558-1
pinf-1036, 336-5
pinf-1037, 500-4
pinf-1038, 361-7
pinf-1039, 562-1
pinf-1040, 535-3
pinf-1041, 504-9
pinf-1042, 485-5
pinf-1043, 299-6
epi-66, 57-3
pinf-1044, 525-2
pinf-1045, 509-3
Ok
pinf-1046, 316-2
pinf-1047, 313-5
pinf-1048, 309-2
pinf-1049, 509-4
epi-67, 103-1
52
pinf-1050, 504-10
pinf-1051, 522-3
pinf-1052, 444-5
pinf-1053, 576-1
pinf-1054, 381-3
pinf-1055, 450-4
pinf-1056, 293-6
pinf-1057, 369-4
epi-68, 236-2
pinf-1058, 360-3
52
pinf-1059, 310-6
pinf-1060, 313-6
pinf-1061, 495-6
pinf-1062, 511-3
Ok
pinf-1063, 353-8
Ok
pinf-1064, 318-6
pinf-1065, 475-5
pinf-1066, 502-5
pinf-1067, 366-5
pinf-1068, 447-3
pinf-1069, 330-8
pinf-1070, 459-5
pinf-1071, 558-2
54
pinf-1072, 534-1
epi-69, 47-1
pinf-1073, 348-7
pinf-1074, 308-7
pinf-1075, 427-6
pinf-1076, 394-6
pinf-1077, 318-7
pinf-1078, 475-6
pinf-1079, 316-3
pinf-1080, 387-4
54
pinf-1081, 379-9
pinf-1082, 474-7
pinf-1083, 569-3
pinf-1084, 310-7
pinf-1085, 541-2
pinf-1086, 578-2
pinf-1087, 356-3
pinf-1088, 485-6
pinf-1089, 395-5
epi-70, 224-1
pinf-1090, 525-3
pinf-1091, 535-4
pinf-1092, 566-1
pinf-1093, 348-8
epi-71, 145-1
pinf-1094, 435-7
pinf-1095, 513-1
epi-72, 255-1
pinf-1096, 450-5
pinf-1097, 578-3
pinf-1098, 405-3
54
pinf-1099, 570-1
pinf-1100, 325-4
2246839
Ok
pinf-1101, 538-1
pinf-1102, 508-2
55
pinf-1103, 467-3
55
pinf-1104, 445-7
pinf-1105, 426-6
55
pinf-1106, 413-8
pinf-1107, 444-6
pinf-1108, 578-4
pinf-1109, 578-5
pinf-1110, 559-1
pinf-1111, 565-2
pinf-1112, 365-3
Ok
55
pinf-1113, 504-11
pinf-1114, 360-4
pinf-1115, 510-6
pinf-1116, 424-6
pinf-1117, 367-8
pinf-1118, 482-2
pinf-1119, 518-1
epi-73, 64-1
pinf-1120, 341-7
pinf-1121, 531-1
pinf-1122, 451-1
pinf-1123, 377-6
pinf-1124, 490-5
pinf-1125, 544-1
pinf-1126, 357-7
pinf-1127, 556-2
pinf-1128, 438-4
pinf-1129, 323-6
pinf-1130, 493-3
pinf-1131, 338-7
pinf-1132, 398-10
pinf-1133, 441-5
pinf-1134, 458-3
pinf-1135, 494-2
Ok
pinf-1136, 535-5
pinf-1137, 307-6
pinf-1138, 477-4
pinf-1139, 562-2
pinf-1140, 560-3
Ok
epi-74, 153-2
pinf-1141, 564-2
2246839
pinf-1142, 529-3
epi-75, 102-1
pinf-1143, 470-6
Ok
pinf-1144, 569-4
epi-76, 83-1
epi-77, 255-2
pinf-1145, 429-2
Ok
pinf-1146, 527-1
pinf-1147, 586-1
pinf-1148, 326-4
pinf-1149, 328-3
pinf-1150, 510-7
pinf-1151, 341-8
pinf-1152, 590-1
pinf-1153, 330-9
59
pinf-1154, 553-1
pinf-1155, 407-6
pinf-1156, 330-10
epi-78, 87-1
pinf-1157, 322-7
pinf-1158, 558-3
epi-79, 59-1
pinf-1159, 405-4
pinf-1160, 322-8
Ok
pinf-1161, 314-3
60
pinf-1162, 335-3
Ok
pinf-1163, 542-2
pinf-1164, 435-8
pinf-1165, 335-4
pinf-1166, 430-4
pinf-1167, 428-2
pinf-1168, 414-4
pinf-1169, 527-2
pinf-1170, 339-7
pinf-1171, 424-7
pinf-1172, 301-5
Ok
Ok
63
pinf-1173, 387-5
pinf-1174, 542-3
pinf-1175, 560-4
pinf-1176, 590-2
pinf-1177, 392-4
pinf-1178, 488-4
pinf-1179, 573-2
pinf-1180, 460-3
Ok
pinf-1181, 590-3
pinf-1182, 606-1
2246839
pinf-1183, 504-12
pinf-1184, 467-4
pinf-1185, 435-9
pinf-1186, 481-1
Ok
pinf-1187, 399-3
pinf-1188, 429-3
epi-80, 128-2
pinf-1189, 384-6
pinf-1190, 376-5
pinf-1191, 602-1
pinf-1192, 378-5
pinf-1193, 395-6
epi-81, 251-1
pinf-1194, 315-7
pinf-1195, 434-4
pinf-1196, 540-2
pinf-1197, 531-2
pinf-1198, 544-2
65
2246839
pinf-1199, 473-3
pinf-1200, 449-6
pinf-1201, 495-7
pinf-1202, 443-5
pinf-1203, 498-5
pinf-1204, 459-6
pinf-1205, 371-5
pinf-1206, 435-10
pinf-1207, 470-7
pinf-1208, 394-7
pinf-1209, 556-3
pinf-1210, 504-13
pinf-1211, 335-5
pinf-1212, 441-6
pinf-1213, 420-5
pinf-1214, 506-8
65
65
pinf-1215, 473-4
pinf-1216, 468-9
65
pinf-1217, 448-4
pinf-1218, 590-4
pinf-1219, 384-7
pinf-1220, 597-1
pinf-1221, 519-3
pinf-1222, 494-3
65
pinf-1223, 462-8
pinf-1224, 347-5
pinf-1225, 410-5
pinf-1226, 400-6
pinf-1227, 317-4
Ok
pinf-1228, 406-7
pinf-1229, 344-3
pinf-1230, 496-4
pinf-1231, 392-5
pinf-1232, 579-1
pinf-1233, 514-3
pinf-1234, 353-9
pinf-1235, 563-2
66
pinf-1236, 570-2
66
pinf-1237, 504-14
pinf-1238, 495-8
66
pinf-1239, 540-3
pinf-1240, 319-4
pinf-1241, 382-7
pinf-1242, 331-7
pinf-1243, 472-7
pinf-1244, 427-7
pinf-1245, 385-3
pinf-1246, 527-3
epi-82, 71-3
66
pinf-1247, 507-3
pinf-1248, 605-1
pinf-1249, 436-5
pinf-1250, 412-6
pinf-1251, 553-2
pinf-1252, 431-5
pinf-1253, 379-10
pinf-1254, 371-6
epi-83, 86-1
pinf-1255, 583-1
pinf-1256, 371-7
pinf-1257, 412-7
pinf-1258, 383-5
Ok
pinf-1259, 550-1
pinf-1260, 370-2
pinf-1261, 312-3
pinf-1262, 474-8
epi-84, 278-1
pinf-1263, 444-7
Ok
pinf-1264, 516-2
pinf-1265, 567-1
pinf-1266, 508-3
pinf-1267, 333-8
68
pinf-1268, 473-5
pinf-1269, 473-6
pinf-1270, 348-9
pinf-1271, 542-4
pinf-1272, 589-1
pinf-1273, 483-6
pinf-1274, 437-5
pinf-1275, 309-3
pinf-1276, 361-8
pinf-1277, 383-6
pinf-1278, 392-6
pinf-1279, 465-6
pinf-1280, 595-1
pinf-1281, 527-4
68
2246839
pinf-1282, 332-6
epi-85, 306-1
pinf-1283, 532-2
pinf-1284, 501-2
2246839
Ok
pinf-1285, 370-3
pinf-1286, 318-8
pinf-1287, 593-1
pinf-1288, 549-1
epi-86, 192-2
pinf-1289, 487-6
pinf-1290, 311-5
pinf-1291, 386-2
69
pinf-1292, 583-2
Ok
pinf-1293, 349-5
pinf-1294, 491-7
pinf-1295, 403-6
pinf-1296, 399-4
pinf-1297, 537-2
Ok
pinf-1298, 571-1
71
2246839
pinf-1299, 416-3
71
epi-87, 180-1
pinf-1300, 523-3
pinf-1301, 554-2
pinf-1302, 535-6
pinf-1303, 469-5
pinf-1304, 568-1
pinf-1305, 494-4
pinf-1306, 415-7
pinf-1307, 511-4
pinf-1308, 554-3
pinf-1309, 395-7
71
pinf-1310, 431-6
pinf-1311, 416-4
pinf-1312, 566-2
pinf-1313, 384-8
pinf-1314, 370-4
pinf-1315, 561-2
71
Ok
pinf-1316, 603-1
pinf-1317, 608-1
pinf-1318, 317-5
72
pinf-1319, 598-1
Ok
pinf-1320, 371-8
pinf-1321, 539-3
pinf-1322, 492-8
pinf-1323, 334-4
pinf-1324, 434-5
pinf-1325, 484-2
pinf-1326, 405-5
pinf-1327, 409-8
pinf-1328, 564-3
epi-88, 120-1
pinf-1329, 334-5
pinf-1330, 526-4
pinf-1331, 493-4
pinf-1332, 396-7
pinf-1333, 525-4
epi-89, 192-3
pinf-1334, 364-7
pinf-1335, 469-6
pinf-1336, 366-6
pinf-1337, 371-9
pinf-1338, 401-4
pinf-1339, 378-6
pinf-1340, 413-9
73
pinf-1341, 509-5
pinf-1342, 562-3
Ok
pinf-1343, 350-5
pinf-1344, 616-1
2246839
pinf-1345, 387-6
pinf-1346, 413-10
pinf-1347, 404-2
pinf-1348, 531-3
pinf-1349, 450-6
74
pinf-1350, 530-2
pinf-1351, 554-4
pinf-1352, 441-7
pinf-1353, 476-5
pinf-1354, 567-2
pinf-1355, 613-1
pinf-1356, 347-6
pinf-1357, 422-7
pinf-1358, 342-6
pinf-1359, 354-8
pinf-1360, 445-8
epi-90, 213-1
pinf-1361, 618-1
pinf-1362, 511-5
pinf-1363, 526-5
pinf-1364, 335-6
2246839
epi-91, 188-1
pinf-1365, 573-3
74
pinf-1366, 416-5
pinf-1367, 470-8
pinf-1368, 349-6
pinf-1369, 389-5
pinf-1370, 383-7
pinf-1371, 554-5
pinf-1372, 607-1
epi-92, 96-1
pinf-1373, 368-5
pinf-1374, 331-8
pinf-1375, 571-2
epi-93, 212-1
pinf-1376, 488-5
pinf-1377, 598-2
pinf-1378, 551-4
pinf-1379, 605-2
Ok
pinf-1380, 372-5
pinf-1381, 620-1
pinf-1382, 474-9
pinf-1383, 365-4
pinf-1384, 391-6
pinf-1385, 375-9
pinf-1386, 375-10
pinf-1387, 522-4
pinf-1388, 332-7
pinf-1389, 395-8
pinf-1390, 367-9
pinf-1391, 487-7
75
pinf-1392, 430-5
pinf-1393, 429-4
pinf-1394, 511-6
pinf-1395, 375-11
pinf-1396, 489-6
pinf-1397, 475-7
pinf-1398, 390-5
pinf-1399, 418-5
pinf-1400, 433-6
pinf-1401, 573-4
pinf-1402, 393-4
pinf-1403, 598-3
pinf-1404, 526-6
pinf-1405, 501-3
75
pinf-1406, 346-4
pinf-1407, 541-3
pinf-1408, 325-5
pinf-1409, 525-5
75
pinf-1410, 589-2
75
pinf-1411, 390-6
pinf-1412, 416-6
pinf-1413, 427-8
pinf-1414, 424-8
pinf-1415, 433-7
pinf-1416, 321-5
pinf-1417, 513-2
pinf-1418, 524-6
pinf-1419, 521-2
pinf-1420, 557-2
pinf-1421, 317-6
pinf-1422, 380-5
pinf-1423, 444-8
epi-94, 76-2
pinf-1424, 473-7
pinf-1425, 392-7
pinf-1426, 460-4
75
pinf-1427, 578-6
epi-95, 196-2
pinf-1428, 431-7
pinf-1429, 496-5
2246839
pinf-1430, 348-10
pinf-1431, 334-6
Ok
pinf-1432, 418-6
pinf-1433, 436-6
pinf-1434, 616-2
pinf-1435, 496-6
76
pinf-1436, 433-8
pinf-1437, 432-6
epi-96, 269-1
pinf-1438, 579-2
pinf-1439, 465-7
pinf-1440, 453-8
pinf-1441, 579-3
pinf-1442, 620-2
pinf-1443, 407-7
pinf-1444, 610-1
pinf-1445, 342-7
pinf-1446, 428-3
epi-97, 296-1
pinf-1447, 547-1
pinf-1448, 415-8
76
pinf-1449, 630-1
pinf-1450, 341-9
epi-98, 205-2
pinf-1451, 582-1
pinf-1452, 357-8
Ok
Ok
pinf-1453, 405-6
pinf-1454, 576-2
pinf-1455, 559-2
pinf-1456, 521-3
pinf-1457, 372-6
pinf-1458, 582-2
epi-99, 19-2
pinf-1459, 362-4
pinf-1460, 596-1
Ok
pinf-1461, 407-8
79
pinf-1462, 541-4
pinf-1463, 537-3
pinf-1464, 395-9
79
2246839
pinf-1465, 509-6
pinf-1466, 564-4
79
epi-100, 312-1
pinf-1467, 631-1
79
pinf-1468, 621-1
pinf-1469, 398-11
epi-101, 5-1
pinf-1470, 449-7
79
pinf-1471, 388-4
epi-102, 23-1
79
epi-103, 87-2
pinf-1472, 387-7
pinf-1473, 461-4
pinf-1474, 520-5
79
pinf-1475, 504-15
2246839
pinf-1476, 603-2
pinf-1477, 551-5
Ok
Ok
epi-104, 156-2
81
pinf-1478, 352-2
pinf-1479, 540-4
2246839
pinf-1480, 541-5
pinf-1481, 582-3
pinf-1482, 445-9
pinf-1483, 498-6
pinf-1484, 360-5
pinf-1485, 325-6
pinf-1486, 530-3
pinf-1487, 434-6
epi-105, 235-2
pinf-1488, 441-8
pinf-1489, 367-10
epi-106, 20-1
pinf-1490, 506-9
pinf-1491, 601-1
pinf-1492, 586-2
pinf-1493, 633-1
pinf-1494, 498-7
pinf-1495, 417-2
pinf-1496, 384-9
pinf-1497, 359-4
pinf-1498, 564-5
pinf-1499, 498-8
pinf-1500, 341-10
pinf-1501, 455-7
pinf-1502, 557-3
pinf-1503, 602-2
pinf-1504, 608-2
pinf-1505, 331-9
81
pinf-1506, 387-8
2246839
pinf-1507, 486-3
pinf-1508, 566-3
pinf-1509, 441-9
pinf-1510, 487-8
pinf-1511, 407-9
pinf-1512, 428-4
pinf-1513, 361-9
pinf-1514, 448-5
pinf-1515, 498-9
pinf-1516, 503-3
81
pinf-1517, 413-11
pinf-1518, 422-8
pinf-1519, 618-2
pinf-1520, 574-2
epi-107, 290-1
pinf-1521, 567-3
epi-108, 8-2
pinf-1522, 400-7
pinf-1523, 485-7
pinf-1524, 336-6
pinf-1525, 387-9
pinf-1526, 635-1
pinf-1527, 465-8
Ok
82
82
pinf-1528, 488-6
pinf-1529, 617-1
pinf-1530, 609-1
pinf-1531, 368-6
pinf-1532, 324-4
pinf-1533, 604-1
pinf-1534, 510-8
epi-109, 216-1
pinf-1535, 501-4
Ok
pinf-1536, 565-3
epi-110, 107-1
pinf-1537, 471-5
pinf-1538, 394-8
pinf-1539, 364-8
pinf-1540, 347-7
Ok
epi-111, 33-1
Ok
pinf-1541, 458-4
epi-112, 233-1
pinf-1542, 497-3
pinf-1543, 454-2
pinf-1544, 366-7
pinf-1545, 403-7
85
pinf-1546, 572-1
Ok
epi-113, 216-2
pinf-1547, 607-2
epi-114, 305-1
Ok
85
pinf-1548, 362-5
pinf-1549, 458-5
epi-115, 74-2
pinf-1550, 572-2
Ok
pinf-1551, 426-7
pinf-1552, 342-8
pinf-1553, 329-4
pinf-1554, 608-3
pinf-1555, 484-3
pinf-1556, 629-1
Ok
pinf-1557, 379-11
pinf-1558, 373-7
pinf-1559, 634-1
pinf-1560, 552-3
pinf-1561, 502-6
pinf-1562, 508-4
87
pinf-1563, 585-1
epi-116, 307-1
pinf-1564, 629-2
87
pinf-1565, 446-2
pinf-1566, 548-2
pinf-1567, 392-8
pinf-1568, 408-6
pinf-1569, 329-5
pinf-1570, 362-6
pinf-1571, 543-1
pinf-1572, 491-8
pinf-1573, 541-6
pinf-1574, 626-1
pinf-1575, 364-9
pinf-1576, 380-6
pinf-1577, 460-5
pinf-1578, 391-7
pinf-1579, 546-1
pinf-1580, 380-7
pinf-1581, 351-6
pinf-1582, 463-3
pinf-1583, 491-9
pinf-1584, 347-8
pinf-1585, 413-12
epi-117, 115-1
pinf-1586, 436-7
pinf-1587, 424-9
pinf-1588, 577-1
pinf-1589, 371-10
pinf-1590, 377-7
pinf-1591, 544-3
pinf-1592, 510-9
pinf-1593, 452-9
pinf-1594, 519-4
pinf-1595, 599-1
pinf-1596, 642-1
pinf-1597, 362-7
pinf-1598, 487-9
pinf-1599, 654-1
pinf-1600, 493-5
87
Ok
pinf-1601, 519-5
false
pinf-1602, 359-5
pinf-1603, 393-5
pinf-1604, 381-4
pinf-1605, 432-7
pinf-1606, 523-4
pinf-1607, 599-2
pinf-1608, 611-1
pinf-1609, 346-5
pinf-1610, 487-10
pinf-1611, 389-6
pinf-1612, 510-10
2246839
pinf-1613, 555-2
epi-118, 318-1
pinf-1614, 616-3
88
pinf-1615, 501-5
epi-119, 60-1
pinf-1616, 615-1
pinf-1617, 521-4
pinf-1618, 541-7
88
pinf-1619, 636-1
pinf-1620, 352-3
pinf-1621, 416-7
pinf-1622, 365-5
pinf-1623, 527-5
pinf-1624, 442-3
pinf-1625, 350-6
pinf-1626, 484-4
88
pinf-1627, 605-3
pinf-1628, 500-5
epi-120, 48-1
pinf-1629, 574-3
pinf-1630, 583-3
pinf-1631, 453-9
pinf-1632, 347-9
pinf-1633, 629-3
88
pinf-1634, 541-8
epi-121, 130-1
88
pinf-1635, 340-4
pinf-1636, 598-4
pinf-1637, 518-2
epi-122, 219-1
pinf-1638, 545-2
pinf-1639, 646-1
88
pinf-1640, 627-1
pinf-1641, 335-7
pinf-1642, 597-2
pinf-1643, 455-8
pinf-1644, 355-5
pinf-1645, 377-8
pinf-1646, 389-7
88
pinf-1647, 495-9
88
pinf-1648, 617-2
pinf-1649, 589-3
pinf-1650, 402-4
pinf-1651, 414-5
pinf-1652, 431-8
pinf-1653, 404-3
pinf-1654, 542-5
rnf-1, 247-1, 257-1
pinf-1655, 467-5
pinf-1656, 378-7
pinf-1657, 344-4
pinf-1658, 638-1
pinf-1659, 547-2
pinf-1660, 553-3
pinf-1661, 594-1
pinf-1662, 364-10
pinf-1663, 575-2
pinf-1664, 534-2
Ok
Ok
pinf-1665, 629-4
pinf-1666, 365-6
pinf-1667, 449-8
pinf-1668, 566-4
pinf-1669, 465-9
pinf-1670, 471-6
pinf-1671, 623-1
pinf-1672, 381-5
pinf-1673, 611-2
pinf-1674, 371-11
90
pinf-1675, 594-2
pinf-1676, 390-7
pinf-1677, 492-9
pinf-1678, 369-5
pinf-1679, 526-7
pinf-1680, 505-1
pinf-1681, 457-6
pinf-1682, 538-2
90
pinf-1683, 653-1
pinf-1684, 449-9
pinf-1685, 558-4
pinf-1686, 608-4
pinf-1687, 386-3
90
pinf-1688, 651-1
Ok
pinf-1689, 391-8
pinf-1690, 613-2
pinf-1691, 450-7
pinf-1692, 583-4
pinf-1693, 603-3
pinf-1694, 403-8
pinf-1695, 452-10
pinf-1696, 613-3
pinf-1697, 460-6
pinf-1698, 489-7
pinf-1699, 342-9
Ok
pinf-1700, 448-6
92
pinf-1701, 567-4
pinf-1702, 465-10
92
pinf-1703, 401-5
pinf-1704, 523-5
pinf-1705, 356-4
pinf-1706, 614-1
pinf-1707, 373-8
pinf-1708, 504-16
pinf-1709, 354-9
pinf-1710, 623-2
Ok
93
pinf-1711, 546-2
pinf-1712, 600-1
93
93
Ok
pinf-1713, 461-5
94
pinf-1714, 407-10
pinf-1715, 660-1
pinf-1716, 422-9
pinf-1717, 454-3
94
pinf-1718, 372-7
pinf-1719, 482-3
2246839
pinf-1720, 430-6
pinf-1721, 499-2
pinf-1722, 400-8
pinf-1723, 574-4
pinf-1724, 601-2
pinf-1725, 462-9
pinf-1726, 356-5
pinf-1727, 546-3
94
pinf-1728, 615-2
pinf-1729, 457-7
pinf-1730, 500-6
94
pinf-1731, 347-10
pinf-1732, 445-10
pinf-1733, 572-3
pinf-1734, 661-1
Ok
pinf-1735, 610-2
pinf-1736, 374-4
Ok
pinf-1737, 566-5
pinf-1738, 640-1
96
pinf-1739, 616-4
pinf-1740, 433-9
pinf-1741, 413-13
pinf-1742, 656-1
pinf-1743, 543-2
pinf-1744, 591-1
2246839
Ok
pinf-1745, 490-6
pinf-1746, 410-6
pinf-1747, 464-7
pinf-1748, 668-1
97
pinf-1749, 642-2
pinf-1750, 564-6
pinf-1751, 593-2
pinf-1752, 459-7
pinf-1753, 593-3
pinf-1754, 400-9
Ok
pinf-1755, 365-7
98
pinf-1756, 380-8
pinf-1757, 605-4
epi-123, 185-1
pinf-1758, 605-5
pinf-1759, 596-2
pinf-1760, 636-2
pinf-1761, 528-4
pinf-1762, 441-10
epi-124, 93-1
pinf-1763, 351-7
pinf-1764, 346-6
2246839
pinf-1765, 582-4
Ok
pinf-1766, 641-1
pinf-1767, 475-8
epi-125, 186-1
99
pinf-1768, 666-1
99
pinf-1769, 556-4
pinf-1770, 550-2
pinf-1771, 472-8
pinf-1772, 485-8
pinf-1773, 534-3
pinf-1774, 381-6
pinf-1775, 576-3
pinf-1776, 641-2
pinf-1777, 494-5
99
pinf-1778, 351-8
2246839
pinf-1779, 594-3
pinf-1780, 569-5
epi-126, 145-2
pinf-1781, 530-4
pinf-1782, 506-10
99
pinf-1783, 547-3
pinf-1784, 553-4
pinf-1785, 640-2
pinf-1786, 415-9
pinf-1787, 367-11
pinf-1788, 446-3
Ok
pinf-1789, 630-2
100
pinf-1790, 427-9
2246839
100
pinf-1791, 525-6
pinf-1792, 409-9
pinf-1793, 388-5
pinf-1794, 576-4
pinf-1795, 473-8
pinf-1796, 354-10
pinf-1797, 386-4
pinf-1798, 657-1
pinf-1799, 439-6
pinf-1800, 624-1
pinf-1801, 593-4
100
pinf-1802, 650-1
pinf-1803, 548-3
pinf-1804, 645-1
epi-127, 325-1
pinf-1805, 525-7
pinf-1806, 367-12
Ok
pinf-1807, 533-1
pinf-1808, 646-2
pinf-1809, 639-1
pinf-1810, 345-7
pinf-1811, 671-1
pinf-1812, 626-2
pinf-1813, 442-4
pinf-1814, 410-7
101
Ok
101
pinf-1815, 352-4
epi-128, 215-1
pinf-1816, 485-9
pinf-1817, 574-5
pinf-1818, 611-3
pinf-1819, 678-1
pinf-1820, 609-2
pinf-1821, 517-1
pinf-1822, 429-5
pinf-1823, 385-4
pinf-1824, 663-1
pinf-1825, 447-4
101
rnf-2, 282-1, 312-1
pinf-1826, 373-9
epi-129, 163-3
pinf-1827, 649-1
101
pinf-1828, 498-10
101
pinf-1829, 471-7
pinf-1830, 524-7
101
101
pinf-1831, 628-1
epi-130, 331-1
pinf-1832, 353-10
pinf-1833, 547-4
pinf-1834, 639-2
pinf-1835, 457-8
pinf-1836, 419-2
epi-131, 201-1
pinf-1837, 519-6
pinf-1838, 498-11
pinf-1839, 512-1
pinf-1840, 440-4
pinf-1841, 580-1
pinf-1842, 618-3
pinf-1843, 572-4
pinf-1844, 414-6
Ok
pinf-1845, 668-2
Ok
Ok
pinf-1846, 479-6
pinf-1847, 365-8
pinf-1848, 364-11
pinf-1849, 402-5
epi-132, 150-1
pinf-1850, 672-1
104
104
epi-133, 118-1
pinf-1851, 385-5
pinf-1852, 530-5
pinf-1853, 380-9
pinf-1854, 421-7
104
pinf-1855, 525-8
epi-134, 101-1
pinf-1856, 576-5
pinf-1857, 575-3
pinf-1858, 603-4
pinf-1859, 668-3
104
epi-135, 15-1
pinf-1860, 372-8
pinf-1861, 665-1
Ok
epi-136, 329-1
pinf-1862, 535-7
pinf-1863, 361-10
pinf-1864, 655-1
pinf-1865, 502-7
Ok
pinf-1866, 437-6
pinf-1867, 390-8
pinf-1868, 608-5
pinf-1869, 389-8
pinf-1870, 424-10
pinf-1871, 405-7
rnf-3, 6-1, 313-1
pinf-1872, 427-10
pinf-1873, 534-4
pinf-1874, 650-2
pinf-1875, 536-2
pinf-1876, 359-6
pinf-1877, 558-5
pinf-1878, 358-3
2246839
pinf-1879, 534-5
pinf-1880, 477-5
pinf-1881, 452-11
pinf-1882, 367-13
pinf-1883, 396-8
pinf-1884, 564-7
Ok
pinf-1885, 412-8
epi-137, 68-1
pinf-1886, 645-2
107
pinf-1887, 502-8
pinf-1888, 521-5
pinf-1889, 387-10
107
pinf-1890, 561-3
Ok
pinf-1891, 546-4
pinf-1892, 425-4
pinf-1893, 680-1
pinf-1894, 509-7
pinf-1895, 682-1
pinf-1896, 638-2
pinf-1897, 575-4
pinf-1898, 501-6
pinf-1899, 480-5
pinf-1900, 438-5
epi-138, 252-1
pinf-1901, 359-7
pinf-1902, 399-5
epi-139, 65-1
pinf-1903, 695-1
pinf-1904, 603-5
pinf-1905, 437-7
pinf-1906, 411-3
pinf-1907, 675-1
pinf-1908, 694-1
pinf-1909, 560-5
pinf-1910, 385-6
pinf-1911, 663-2
pinf-1912, 555-3
pinf-1913, 584-1
pinf-1914, 452-12
pinf-1915, 511-7
pinf-1916, 620-3
pinf-1917, 530-6
epi-140, 117-1
pinf-1918, 372-9
pinf-1919, 571-3
pinf-1920, 411-4
pinf-1921, 611-4
rnf-4, 59-1, 309-1
pinf-1922, 506-11
pinf-1923, 488-7
pinf-1924, 609-3
pinf-1925, 615-3
pinf-1926, 442-5
Ok
pinf-1927, 393-6
pinf-1928, 659-1
pinf-1929, 437-8
pinf-1930, 555-4
109
pinf-1931, 631-2
pinf-1932, 437-9
pinf-1933, 393-7
pinf-1934, 437-10
pinf-1935, 596-3
109
pinf-1936, 528-5
pinf-1937, 553-5
Ok
pinf-1938, 657-2
2246839
pinf-1939, 504-17
pinf-1940, 531-4
pinf-1941, 520-6
110
110
Ok
pinf-1942, 567-5
111
2246839
pinf-1943, 456-8
2246839
pinf-1944, 475-9
pinf-1945, 468-10
pinf-1946, 417-3
pinf-1947, 573-5
pinf-1948, 594-4
pinf-1949, 431-9
pinf-1950, 365-9
111
pinf-1951, 579-4
pinf-1952, 434-7
pinf-1953, 468-11
111
pinf-1954, 370-5
pinf-1955, 660-2
Ok
pinf-1956, 690-1
pinf-1957, 479-7
112
pinf-1958, 421-8
pinf-1959, 522-5
pinf-1960, 444-9
pinf-1961, 613-4
pinf-1962, 542-6
pinf-1963, 429-6
pinf-1964, 506-12
pinf-1965, 574-6
pinf-1966, 697-1
pinf-1967, 647-1
pinf-1968, 629-5
pinf-1969, 361-11
pinf-1970, 581-1
pinf-1971, 475-10
pinf-1972, 593-5
pinf-1973, 556-5
pinf-1974, 682-2
pinf-1975, 370-6
pinf-1976, 567-6
Ok
pinf-1977, 684-1
pinf-1978, 539-4
pinf-1979, 381-7
pinf-1980, 521-6
pinf-1981, 468-12
pinf-1982, 404-4
pinf-1983, 564-8
113
pinf-1984, 464-8
pinf-1985, 672-2
2246839
113
pinf-1986, 414-7
pinf-1987, 456-9
pinf-1988, 463-4
pinf-1989, 633-2
pinf-1990, 536-3
pinf-1991, 660-3
pinf-1992, 364-12
113
113
pinf-1993, 550-3
pinf-1994, 618-4
pinf-1995, 458-6
pinf-1996, 510-11
pinf-1997, 579-5
pinf-1998, 381-8
Ok
pinf-1999, 397-5
pinf-2000, 462-10
pinf-2001, 619-1
pinf-2002, 547-5
114
pinf-2003, 452-13
pinf-2004, 481-2
114
Ok
pinf-2005, 359-8
pinf-2006, 469-7
pinf-2007, 429-7
pinf-2008, 558-6
pinf-2009, 693-1
pinf-2010, 529-4
pinf-2011, 625-1
pinf-2012, 690-2
pinf-2013, 611-5
pinf-2014, 527-6
pinf-2015, 544-4
pinf-2016, 437-11
pinf-2017, 366-8
pinf-2018, 519-7
pinf-2019, 573-6
pinf-2020, 645-3
pinf-2021, 411-5
pinf-2022, 615-4
pinf-2023, 665-2
pinf-2024, 484-5
115
pinf-2025, 397-6
2246839
pinf-2026, 637-1
epi-141, 287-1
2246839
pinf-2027, 707-1
pinf-2028, 390-9
pinf-2029, 447-5
pinf-2030, 637-2
pinf-2031, 414-8
pinf-2032, 459-8
pinf-2033, 653-2
epi-142, 326-1
pinf-2034, 632-1
pinf-2035, 486-4
pinf-2036, 690-3
pinf-2037, 587-1
Ok
pinf-2038, 565-4
pinf-2039, 641-3
pinf-2040, 585-2
pinf-2041, 396-9
Ok
115
pinf-2042, 659-2
Ok
pinf-2043, 366-9
epi-143, 8-3
pinf-2044, 565-5
pinf-2045, 451-2
pinf-2046, 511-8
pinf-2047, 522-6
pinf-2048, 571-4
pinf-2049, 423-4
pinf-2050, 470-9
116
pinf-2051, 376-6
pinf-2052, 404-5
pinf-2053, 669-1
pinf-2054, 415-10
pinf-2055, 409-10
pinf-2056, 458-7
116
epi-144, 214-1
pinf-2057, 707-2
pinf-2058, 664-1
116
pinf-2059, 640-3
epi-145, 268-1
pinf-2060, 530-7
pinf-2061, 385-7
116
epi-146, 333-1
pinf-2062, 587-2
pinf-2063, 684-2
pinf-2064, 478-3
pinf-2065, 605-6
pinf-2066, 679-1
pinf-2067, 453-10
pinf-2068, 607-3
pinf-2069, 442-6
epi-147, 251-2
epi-148, 37-2
116
pinf-2070, 502-9
pinf-2071, 564-9
pinf-2072, 501-7
pinf-2073, 624-2
2246839
pinf-2074, 507-4
pinf-2075, 384-10
pinf-2076, 452-14
pinf-2077, 626-3
pinf-2078, 698-1
pinf-2079, 639-3
pinf-2080, 375-12
pinf-2081, 483-7
epi-149, 319-1
pinf-2082, 684-3
pinf-2083, 539-5
pinf-2084, 676-1
pinf-2085, 454-4
pinf-2086, 444-10
pinf-2087, 634-2
pinf-2088, 433-10
pinf-2089, 544-5
pinf-2090, 404-6
pinf-2091, 700-1
pinf-2092, 470-10
pinf-2093, 574-7
116
2246839
pinf-2094, 499-3
2246839
pinf-2095, 618-5
pinf-2096, 391-9
pinf-2097, 429-8
pinf-2098, 503-4
pinf-2099, 606-2
116
pinf-2100, 680-2
pinf-2101, 511-9
pinf-2102, 379-12
pinf-2103, 398-12
pinf-2104, 575-5
pinf-2105, 453-11
pinf-2106, 710-1
pinf-2107, 562-4
pinf-2108, 634-3
pinf-2109, 608-6
pinf-2110, 373-10
pinf-2111, 600-2
2246839
116
pinf-2112, 508-5
pinf-2113, 568-2
pinf-2114, 558-7
pinf-2115, 534-6
pinf-2116, 643-1
pinf-2117, 466-6
pinf-2118, 582-5
epi-150, 72-1
pinf-2119, 591-2
pinf-2120, 560-6
pinf-2121, 411-6
pinf-2122, 681-1
116
pinf-2123, 457-9
pinf-2124, 678-2
116
116
pinf-2125, 563-3
pinf-2126, 382-8
pinf-2127, 648-1
pinf-2128, 704-1
116
pinf-2129, 425-5
pinf-2130, 537-4
pinf-2131, 665-3
pinf-2132, 394-9
pinf-2133, 371-12
pinf-2134, 441-11
pinf-2135, 555-5
pinf-2136, 444-11
pinf-2137, 611-6
116
pinf-2138, 641-4
116
pinf-2139, 574-8
pinf-2140, 498-12
116
pinf-2141, 685-1
pinf-2142, 478-4
pinf-2143, 560-7
pinf-2144, 374-5
pinf-2145, 609-4
pinf-2146, 630-3
pinf-2147, 531-5
pinf-2148, 613-5
epi-151, 17-1
pinf-2149, 415-11
pinf-2150, 599-3
pinf-2151, 712-1
pinf-2152, 482-4
116
pinf-2153, 676-2
epi-152, 37-3
2246839
116
pinf-2154, 485-10
pinf-2155, 552-4
pinf-2156, 688-1
pinf-2157, 679-2
pinf-2158, 623-3
pinf-2159, 453-12
pinf-2160, 500-7
pinf-2161, 648-2
pinf-2162, 456-10
pinf-2163, 624-3
pinf-2164, 711-1
pinf-2165, 666-2
pinf-2166, 684-4
pinf-2167, 415-12
pinf-2168, 431-10
pinf-2169, 659-3
2246839
pinf-2170, 663-3
pinf-2171, 493-6
pinf-2172, 689-1
pinf-2173, 444-12
pinf-2174, 518-3
116
pinf-2175, 535-8
pinf-2176, 405-8
pinf-2177, 650-3
116
pinf-2178, 535-9
pinf-2179, 616-5
epi-153, 262-1
pinf-2180, 502-10
pinf-2181, 401-6
116
pinf-2182, 365-10
pinf-2183, 583-5
pinf-2184, 499-4
pinf-2185, 547-6
pinf-2186, 406-8
pinf-2187, 569-6
pinf-2188, 497-4
pinf-2189, 545-3
pinf-2190, 397-7
Ok
pinf-2191, 473-9
pinf-2192, 475-11
pinf-2193, 511-10
pinf-2194, 386-5
pinf-2195, 459-9
pinf-2196, 567-7
pinf-2197, 553-6
pinf-2198, 713-1
pinf-2199, 441-12
pinf-2200, 395-10
pinf-2201, 661-2
pinf-2202, 435-11
pinf-2203, 406-9
pinf-2204, 688-2
pinf-2205, 586-3
pinf-2206, 652-1
pinf-2207, 704-2
epi-154, 20-2
epi-155, 122-3
pinf-2208, 507-5
epi-156, 182-4
pinf-2209, 381-9
pinf-2210, 714-1
pinf-2211, 510-12
117
epi-157, 167-1
pinf-2212, 560-8
pinf-2213, 694-2
pinf-2214, 475-12
pinf-2215, 618-6
Ok
pinf-2216, 659-4
epi-158, 244-3
pinf-2217, 570-3
pinf-2218, 390-10
118
2246839
pinf-2219, 668-4
pinf-2220, 583-6
pinf-2221, 421-9
pinf-2222, 623-4
pinf-2223, 452-15
pinf-2224, 715-1
pinf-2225, 532-3
pinf-2226, 402-6
pinf-2227, 427-11
pinf-2228, 444-13
118
pinf-2229, 361-12
pinf-2230, 589-4
pinf-2231, 693-2
pinf-2232, 604-2
pinf-2233, 477-6
pinf-2234, 492-10
118
pinf-2235, 448-7
pinf-2236, 404-7
pinf-2237, 589-5
pinf-2238, 693-3
118
pinf-2239, 369-6
pinf-2240, 518-4
epi-159, 125-1
pinf-2241, 392-9
pinf-2242, 532-4
pinf-2243, 541-9
pinf-2244, 590-5
pinf-2245, 489-8
pinf-2246, 595-2
pinf-2247, 539-6
118
118
pinf-2248, 497-5
pinf-2249, 692-1
pinf-2250, 429-9
pinf-2251, 707-3
118
pinf-2252, 425-6
epi-160, 5-2
pinf-2253, 661-3
pinf-2254, 587-3
pinf-2255, 562-5
pinf-2256, 528-6
pinf-2257, 578-7
epi-161, 353-1
pinf-2258, 554-6
pinf-2259, 398-13
2246839
118
epi-162, 219-2
Ok
epi-163, 307-2
pinf-2260, 455-9
pinf-2261, 664-2
pinf-2262, 405-9
pinf-2263, 386-6
pinf-2264, 673-1
pinf-2265, 593-6
2246839
pinf-2266, 551-6
pinf-2267, 707-4
pinf-2268, 619-2
pinf-2269, 467-6
119
epi-164, 46-1
pinf-2270, 714-2
pinf-2271, 454-5
119
Ok
120
pinf-2272, 606-3
pinf-2273, 513-3
pinf-2274, 553-7
pinf-2275, 473-10
epi-165, 345-1
pinf-2276, 401-7
pinf-2277, 373-11
120
pinf-2278, 645-4
pinf-2279, 610-3
pinf-2280, 540-5
pinf-2281, 520-7
pinf-2282, 633-3
epi-166, 1-1
pinf-2283, 688-3
2246839
pinf-2284, 485-11
epi-167, 114-1
pinf-2285, 445-11
pinf-2286, 597-3
pinf-2287, 559-3
pinf-2288, 626-4
pinf-2289, 394-10
pinf-2290, 539-7
120
Ok
pinf-2291, 697-2
121
pinf-2292, 366-10
pinf-2293, 423-5
pinf-2294, 661-4
pinf-2295, 378-8
pinf-2296, 622-1
Ok
pinf-2297, 436-8
122
epi-168, 338-1
pinf-2298, 689-2
122
pinf-2299, 602-3
pinf-2300, 696-1
122
pinf-2301, 401-8
pinf-2302, 467-7
pinf-2303, 627-2
pinf-2304, 491-10
pinf-2305, 535-10
pinf-2306, 538-3
Ok
pinf-2307, 409-11
pinf-2308, 605-7
pinf-2309, 383-8
pinf-2310, 478-5
epi-169, 363-1
pinf-2311, 467-8
pinf-2312, 373-12
pinf-2313, 520-8
123
pinf-2314, 477-7
epi-170, 331-2
pinf-2315, 695-2
pinf-2316, 652-2
pinf-2317, 617-3
123
pinf-2318, 683-1
pinf-2319, 423-6
pinf-2320, 528-7
pinf-2321, 624-4
pinf-2322, 557-4
pinf-2323, 541-10
pinf-2324, 387-11
pinf-2325, 561-4
pinf-2326, 627-3
pinf-2327, 476-6
pinf-2328, 618-7
pinf-2329, 516-3
pinf-2330, 447-6
pinf-2331, 385-8
pinf-2332, 428-5
epi-171, 219-3
Ok
pinf-2333, 614-2
pinf-2334, 523-6
pinf-2335, 524-8
Ok
pinf-2336, 625-2
pinf-2337, 686-1
125
pinf-2338, 687-1
epi-172, 344-1
pinf-2339, 716-1
pinf-2340, 552-5
pinf-2341, 478-6
epi-173, 326-2
pinf-2342, 538-4
pinf-2343, 731-1
pinf-2344, 668-5
pinf-2345, 702-1
pinf-2346, 567-8
pinf-2347, 710-2
pinf-2348, 602-4
pinf-2349, 486-5
2246839
pinf-2350, 642-3
pinf-2351, 432-8
epi-174, 347-1
pinf-2352, 619-3
pinf-2353, 622-2
pinf-2354, 714-3
pinf-2355, 427-12
pinf-2356, 623-5
pinf-2357, 379-13
pinf-2358, 697-3
pinf-2359, 570-4
pinf-2360, 453-13
pinf-2361, 369-7
pinf-2362, 717-1
pinf-2363, 517-2
pinf-2364, 610-4
125
pinf-2365, 574-9
pinf-2366, 613-6
pinf-2367, 628-2
pinf-2368, 473-11
pinf-2369, 669-2
pinf-2370, 494-6
pinf-2371, 466-7
pinf-2372, 678-3
pinf-2373, 637-3
pinf-2374, 468-13
Ok
pinf-2375, 688-4
pinf-2376, 474-10
126
pinf-2377, 678-4
pinf-2378, 372-10
epi-175, 118-2
pinf-2379, 601-3
pinf-2380, 589-6
Ok
pinf-2381, 435-12
pinf-2382, 661-5
epi-176, 80-1
127
pinf-2383, 549-2
pinf-2384, 591-3
pinf-2385, 578-8
pinf-2386, 586-4
epi-177, 304-1
epi-178, 65-2
pinf-2387, 633-4
pinf-2388, 450-8
pinf-2389, 556-6
epi-179, 213-2
pinf-2390, 663-4
pinf-2391, 679-3
pinf-2392, 717-2
127
pinf-2393, 732-1
pinf-2394, 452-16
pinf-2395, 662-1
pinf-2396, 601-4
127
pinf-2397, 446-4
pinf-2398, 598-5
epi-180, 178-1
127
Ok
pinf-2399, 548-4
Ok
pinf-2400, 376-7
pinf-2401, 583-7
pinf-2402, 565-6
pinf-2403, 423-7
pinf-2404, 613-7
129
pinf-2405, 553-8
pinf-2406, 515-4
epi-181, 150-2
pinf-2407, 621-2
pinf-2408, 691-1
pinf-2409, 514-4
pinf-2410, 485-12
pinf-2411, 482-5
pinf-2412, 568-3
pinf-2413, 439-7
129
pinf-2414, 571-5
pinf-2415, 389-9
pinf-2416, 537-5
pinf-2417, 567-9
129
pinf-2418, 523-7
pinf-2419, 507-6
pinf-2420, 499-5
pinf-2421, 403-9
pinf-2422, 605-8
pinf-2423, 654-2
pinf-2424, 431-11
pinf-2425, 563-4
pinf-2426, 739-1
pinf-2427, 724-1
pinf-2428, 377-9
pinf-2429, 506-13
pinf-2430, 454-6
pinf-2431, 723-1
pinf-2432, 628-3
epi-182, 318-2
129
pinf-2433, 380-10
pinf-2434, 586-5
pinf-2435, 602-5
pinf-2436, 393-8
pinf-2437, 501-8
pinf-2438, 372-11
pinf-2439, 626-5
pinf-2440, 428-6
pinf-2441, 506-14
pinf-2442, 398-14
pinf-2443, 398-15
129
pinf-2444, 539-8
pinf-2445, 725-1
pinf-2446, 614-3
pinf-2447, 659-5
pinf-2448, 508-6
129
pinf-2449, 603-6
epi-183, 109-1
pinf-2450, 411-7
pinf-2451, 679-4
pinf-2452, 611-7
pinf-2453, 527-7
er-2, 72-1, 175-1
129
pinf-2454, 503-5
pinf-2455, 633-5
pinf-2456, 550-4
pinf-2457, 699-1
2246839
pinf-2458, 383-9
pinf-2459, 636-3
pinf-2460, 682-3
pinf-2461, 669-3
pinf-2462, 605-9
pinf-2463, 401-9
pinf-2464, 504-18
pinf-2465, 496-7
pinf-2466, 731-2
pinf-2467, 673-2
pinf-2468, 692-2
pinf-2469, 579-6
129
pinf-2470, 682-4
pinf-2471, 433-11
pinf-2472, 690-4
pinf-2473, 612-1
pinf-2474, 398-16
pinf-2475, 681-2
pinf-2476, 480-6
pinf-2477, 440-5
pinf-2478, 710-3
pinf-2479, 530-8
pinf-2480, 445-12
pinf-2481, 508-7
pinf-2482, 685-2
pinf-2483, 429-10
pinf-2484, 721-1
pinf-2485, 674-1
pinf-2486, 595-3
pinf-2487, 382-9
epi-184, 240-1
pinf-2488, 696-2
epi-185, 332-1
pinf-2489, 703-1
epi-186, 147-1
pinf-2490, 396-10
pinf-2491, 384-11
epi-187, 180-2
pinf-2492, 479-8
pinf-2493, 698-2
pinf-2494, 425-7
pinf-2495, 417-4
pinf-2496, 432-9
Ok
pinf-2497, 539-9
pinf-2498, 680-3
epi-188, 77-1
pinf-2499, 500-8
pinf-2500, 732-2
pinf-2501, 723-2
pinf-2502, 706-1
pinf-2503, 552-6
pinf-2504, 725-2
pinf-2505, 400-10
pinf-2506, 459-10
pinf-2507, 461-6
pinf-2508, 587-4
pinf-2509, 580-2
pinf-2510, 708-1
pinf-2511, 664-3
pinf-2512, 668-6
pinf-2513, 713-2
pinf-2514, 704-3
pinf-2515, 526-8
130
pinf-2516, 415-13
pinf-2517, 416-8
pinf-2518, 423-8
pinf-2519, 555-6
pinf-2520, 373-13
2246839
pinf-2521, 616-6
pinf-2522, 535-11
pinf-2523, 633-6
pinf-2524, 697-4
pinf-2525, 683-2
Ok
pinf-2526, 470-11
131
pinf-2527, 484-6
pinf-2528, 604-3
pinf-2529, 530-9
pinf-2530, 522-7
2246839
pinf-2531, 509-8
pinf-2532, 682-5
pinf-2533, 676-3
pinf-2534, 544-6
pinf-2535, 457-10
epi-189, 154-1
pinf-2536, 388-6
pinf-2537, 673-3
131
pinf-2538, 666-3
131
epi-190, 139-1
pinf-2539, 614-4
pinf-2540, 726-1
pinf-2541, 645-5
pinf-2542, 545-4
pinf-2543, 573-7
pinf-2544, 604-4
pinf-2545, 402-7
pinf-2546, 587-5
Ok
132
Ok
pinf-2547, 731-3
pinf-2548, 601-5
pinf-2549, 475-13
pinf-2550, 396-11
pinf-2551, 705-1
pinf-2552, 602-6
pinf-2553, 607-4
pinf-2554, 699-2
133
pinf-2555, 698-3
pinf-2556, 489-9
pinf-2557, 479-9
pinf-2558, 478-7
Ok
epi-191, 144-2
2246839
pinf-2559, 700-2
pinf-2560, 677-1
pinf-2561, 486-6
pinf-2562, 509-9
pinf-2563, 577-2
pinf-2564, 665-4
pinf-2565, 528-8
pinf-2566, 689-3
pinf-2567, 569-7
pinf-2568, 673-4
pinf-2569, 554-7
pinf-2570, 668-7
Ok
pinf-2571, 420-6
pinf-2572, 665-5
pinf-2573, 735-1
pinf-2574, 442-7
pinf-2575, 732-3
135
pinf-2576, 642-4
pinf-2577, 652-3
epi-192, 122-4
pinf-2578, 735-2
pinf-2579, 503-6
pinf-2580, 624-5
pinf-2581, 644-1
pinf-2582, 422-10
135
pinf-2583, 606-4
pinf-2584, 582-6
pinf-2585, 662-2
pinf-2586, 424-11
pinf-2587, 715-2
pinf-2588, 556-7
135
pinf-2589, 541-11
pinf-2590, 546-5
pinf-2591, 414-9
pinf-2592, 394-11
pinf-2593, 425-8
pinf-2594, 742-1
pinf-2595, 548-5
pinf-2596, 526-9
pinf-2597, 617-4
135
pinf-2598, 616-7
pinf-2599, 706-2
pinf-2600, 677-2
pinf-2601, 557-5
135
pinf-2602, 645-6
pinf-2603, 478-8
pinf-2604, 608-7
2246839
pinf-2605, 750-1
pinf-2606, 607-5
pinf-2607, 596-4
pinf-2608, 504-19
pinf-2609, 608-8
pinf-2610, 411-8
pinf-2611, 668-8
pinf-2612, 576-6
135
pinf-2613, 393-9
pinf-2614, 381-10
epi-193, 52-3
epi-194, 66-1
135
pinf-2615, 748-1
rnf-5, 12-1, 373-1
pinf-2616, 574-10
pinf-2617, 497-6
epi-195, 41-2
pinf-2618, 700-3
pinf-2619, 743-1
pinf-2620, 679-5
pinf-2621, 561-5
pinf-2622, 453-14
pinf-2623, 730-1
2246839
pinf-2624, 570-5
pinf-2625, 583-8
Ok
pinf-2626, 440-6
pinf-2627, 578-9
pinf-2628, 751-1
pinf-2629, 624-6
epi-196, 110-1
136
pinf-2630, 691-2
pinf-2631, 388-7
Ok
pinf-2632, 733-1
pinf-2633, 552-7
pinf-2634, 430-7
pinf-2635, 540-6
epi-197, 311-1
pinf-2636, 720-1
pinf-2637, 622-3
pinf-2638, 506-15
137
pinf-2639, 469-8
epi-198, 357-1
pinf-2640, 492-11
pinf-2641, 488-8
pinf-2642, 585-3
pinf-2643, 500-9
pinf-2644, 569-8
pinf-2645, 597-4
pinf-2646, 398-17
pinf-2647, 596-5
pinf-2648, 435-13
pinf-2649, 584-2
pinf-2650, 677-3
pinf-2651, 486-7
pinf-2652, 753-1
2246839
pinf-2653, 708-2
pinf-2654, 576-7
pinf-2655, 457-11
2246839
pinf-2656, 528-9
pinf-2657, 623-6
pinf-2658, 518-5
pinf-2659, 417-5
pinf-2660, 449-10
pinf-2661, 740-1
137
pinf-2662, 424-12
epi-199, 53-2
pinf-2663, 647-2
pinf-2664, 709-1
pinf-2665, 528-10
pinf-2666, 426-8
pinf-2667, 576-8
pinf-2668, 389-10
pinf-2669, 745-1
pinf-2670, 431-12
pinf-2671, 415-14
137
pinf-2672, 424-13
137
pinf-2673, 577-3
Ok
138
pinf-2674, 658-1
pinf-2675, 504-20
pinf-2676, 736-1
pinf-2677, 726-2
pinf-2678, 647-3
pinf-2679, 403-10
pinf-2680, 704-4
pinf-2681, 432-10
pinf-2682, 531-6
pinf-2683, 585-4
2246839
pinf-2684, 465-11
Ok
Ok
pinf-2685, 416-9
pinf-2686, 733-2
pinf-2687, 642-5
pinf-2688, 428-7
pinf-2689, 459-11
pinf-2690, 565-7
pinf-2691, 575-6
pinf-2692, 470-12
pinf-2693, 505-2
pinf-2694, 384-12
pinf-2695, 388-8
pinf-2696, 729-1
epi-200, 155-1
pinf-2697, 501-9
epi-201, 41-3
pinf-2698, 516-4
pinf-2699, 747-1
pinf-2700, 576-9
pinf-2701, 474-11
pinf-2702, 555-7
pinf-2703, 514-5
pinf-2704, 735-3
140
pinf-2705, 647-4
140
pinf-2706, 486-8
140
pinf-2707, 523-8
140
pinf-2708, 678-5
pinf-2709, 533-2
pinf-2710, 404-8
epi-202, 196-3
pinf-2711, 711-2
pinf-2712, 707-5
pinf-2713, 668-9
140
pinf-2714, 424-14
epi-203, 16-1
pinf-2715, 632-2
140
pinf-2716, 474-12
pinf-2717, 749-1
pinf-2718, 462-11
pinf-2719, 610-5
pinf-2720, 530-10
pinf-2721, 598-6
pinf-2722, 718-1
pinf-2723, 670-1
pinf-2724, 459-12
pinf-2725, 435-14
pinf-2726, 440-7
Ok
pinf-2727, 518-6
pinf-2728, 509-10
pinf-2729, 453-15
pinf-2730, 744-1
pinf-2731, 592-1
pinf-2732, 674-2
pinf-2733, 407-11
pinf-2734, 666-4
pinf-2735, 417-6
pinf-2736, 716-2
pinf-2737, 496-8
pinf-2738, 758-1
pinf-2739, 569-9
epi-204, 145-3
Ok
pinf-2740, 414-10
142
pinf-2741, 700-4
pinf-2742, 497-7
142
pinf-2743, 401-10
pinf-2744, 576-10
pinf-2745, 527-8
pinf-2746, 682-6
epi-205, 344-2
142
pinf-2747, 426-9
Ok
pinf-2748, 736-2
pinf-2749, 660-4
142
pinf-2750, 496-9
pinf-2751, 439-8
pinf-2752, 754-1
epi-206, 166-1
pinf-2753, 556-8
pinf-2754, 754-2
pinf-2755, 582-7
Ok
pinf-2756, 701-1
epi-207, 102-2
pinf-2757, 427-13
pinf-2758, 713-3
pinf-2759, 661-6
pinf-2760, 556-9
pinf-2761, 687-2
pinf-2762, 628-4
pinf-2763, 444-14
pinf-2764, 390-11
2246839
2246839
143
pinf-2765, 454-7
pinf-2766, 633-7
pinf-2767, 522-8
pinf-2768, 586-6
pinf-2769, 474-13
pinf-2770, 633-8
pinf-2771, 759-1
pinf-2772, 629-6
pinf-2773, 508-8
pinf-2774, 445-13
pinf-2775, 419-3
pinf-2776, 437-12
pinf-2777, 624-7
pinf-2778, 504-21
pinf-2779, 429-11
pinf-2780, 595-4
2246839
pinf-2781, 692-3
pinf-2782, 681-3
pinf-2783, 757-1
pinf-2784, 659-6
pinf-2785, 646-3
pinf-2786, 553-9
pinf-2787, 458-8
pinf-2788, 672-3
pinf-2789, 625-3
pinf-2790, 411-9
pinf-2791, 678-6
pinf-2792, 587-6
pinf-2793, 586-7
pinf-2794, 648-3
pinf-2795, 608-9
pinf-2796, 525-9
143
epi-208, 290-2
143
pinf-2797, 539-10
pinf-2798, 635-2
pinf-2799, 732-4
pinf-2800, 743-2
pinf-2801, 712-2
Ok
pinf-2802, 686-2
pinf-2803, 555-8
pinf-2804, 746-1
epi-209, 20-3
pinf-2805, 519-8
pinf-2806, 593-7
pinf-2807, 557-6
pinf-2808, 693-4
144
pinf-2809, 729-2
pinf-2810, 667-1
144
pinf-2811, 664-4
Ok
pinf-2812, 501-10
pinf-2813, 612-2
pinf-2814, 425-9
pinf-2815, 634-4
pinf-2816, 672-4
Ok
pinf-2817, 629-7
pinf-2818, 591-4
144
pinf-2819, 711-3
epi-210, 311-2
pinf-2820, 479-10
pinf-2821, 483-8
pinf-2822, 397-8
pinf-2823, 649-2
pinf-2824, 606-5
pinf-2825, 701-2
pinf-2826, 461-7
pinf-2827, 419-4
144
144
pinf-2828, 597-5
pinf-2829, 458-9
Ok
pinf-2830, 593-8
Ok
pinf-2831, 404-9
pinf-2832, 644-2
pinf-2833, 536-4
146
pinf-2834, 535-12
pinf-2835, 540-7
pinf-2836, 533-3
pinf-2837, 401-11
pinf-2838, 752-1
pinf-2839, 707-6
pinf-2840, 463-5
epi-211, 368-1
pinf-2841, 735-4
pinf-2842, 762-1
pinf-2843, 393-10
epi-212, 188-2
pinf-2844, 752-2
pinf-2845, 513-4
pinf-2846, 411-10
2246839
pinf-2847, 508-9
rnf-6, 266-1, 332-1
pinf-2848, 650-4
pinf-2849, 524-9
pinf-2850, 688-5
146
pinf-2851, 735-5
pinf-2852, 535-13
pinf-2853, 484-7
pinf-2854, 718-2
pinf-2855, 702-2
pinf-2856, 659-7
pinf-2857, 678-7
pinf-2858, 605-10
pinf-2859, 688-6
pinf-2860, 391-10
pinf-2861, 620-4
pinf-2862, 693-5
pinf-2863, 754-3
pinf-2864, 580-3
pinf-2865, 712-3
epi-213, 93-2
pinf-2866, 661-7
pinf-2867, 730-2
146
Ok
pinf-2868, 662-3
Ok
148
pinf-2869, 687-3
pinf-2870, 553-10
148
pinf-2871, 484-8
pinf-2872, 492-12
pinf-2873, 734-1
pinf-2874, 542-7
pinf-2875, 570-6
pinf-2876, 668-10
pinf-2877, 777-1
pinf-2878, 712-4
pinf-2879, 501-11
pinf-2880, 740-2
Ok
pinf-2881, 450-9
pinf-2882, 392-10
pinf-2883, 522-9
Ok
pinf-2884, 746-2
epi-214, 144-3
pinf-2885, 451-3
false
pinf-2886, 622-4
pinf-2887, 546-6
pinf-2888, 733-3
pinf-2889, 701-3
pinf-2890, 768-1
pinf-2891, 421-10
pinf-2892, 686-3
150
150
pinf-2893, 662-4
pinf-2894, 724-2
pinf-2895, 499-6
pinf-2896, 612-3
pinf-2897, 419-5
pinf-2898, 736-3
Ok
pinf-2899, 399-6
pinf-2900, 474-14
pinf-2901, 733-4
pinf-2902, 529-5
pinf-2903, 538-5
151
pinf-2904, 421-11
pinf-2905, 450-10
pinf-2906, 551-7
pinf-2907, 662-5
pinf-2908, 707-7
pinf-2909, 691-3
pinf-2910, 676-4
pinf-2911, 537-6
2246839
pinf-2912, 557-7
151
Ok
pinf-2913, 578-10
152
Ok
pinf-2914, 723-3
2246839
pinf-2915, 778-1
pinf-2916, 532-5
pinf-2917, 493-7
pinf-2918, 515-5
pinf-2919, 554-8
pinf-2920, 523-9
epi-215, 134-1
Ok
pinf-2921, 428-8
Ok
pinf-2922, 615-5
pinf-2923, 421-12
pinf-2924, 595-5
pinf-2925, 714-4
pinf-2926, 415-15
pinf-2927, 570-7
pinf-2928, 491-11
pinf-2929, 595-6
pinf-2930, 711-4
pinf-2931, 524-10
pinf-2932, 496-10
pinf-2933, 725-3
pinf-2934, 494-7
pinf-2935, 469-9
pinf-2936, 696-3
2246839
pinf-2937, 760-1
pinf-2938, 659-8
pinf-2939, 541-12
pinf-2940, 557-8
pinf-2941, 703-2
pinf-2942, 642-6
pinf-2943, 658-2
pinf-2944, 649-3
pinf-2945, 501-12
pinf-2946, 556-10
2246839
pinf-2947, 770-1
pinf-2948, 668-11
pinf-2949, 624-8
pinf-2950, 639-4
pinf-2951, 440-8
pinf-2952, 575-7
pinf-2953, 747-2
pinf-2954, 618-8
pinf-2955, 507-7
155
pinf-2956, 542-8
pinf-2957, 690-5
pinf-2958, 627-4
pinf-2959, 551-8
pinf-2960, 767-1
epi-216, 34-1
pinf-2961, 435-15
pinf-2962, 774-1
pinf-2963, 418-7
155
pinf-2964, 614-5
pinf-2965, 692-4
pinf-2966, 477-8
pinf-2967, 486-9
pinf-2968, 398-18
pinf-2969, 767-2
pinf-2970, 772-1
pinf-2971, 781-1
pinf-2972, 635-3
pinf-2973, 723-4
pinf-2974, 554-9
pinf-2975, 593-9
pinf-2976, 600-3
pinf-2977, 722-1
pinf-2978, 753-2
pinf-2979, 586-8
pinf-2980, 769-1
pinf-2981, 443-6
155
pinf-2982, 410-8
pinf-2983, 791-1
pinf-2984, 642-7
pinf-2985, 498-13
pinf-2986, 685-3
pinf-2987, 463-6
pinf-2988, 556-11
pinf-2989, 694-3
pinf-2990, 647-5
epi-217, 320-1
pinf-2991, 628-5
pinf-2992, 675-2
pinf-2993, 453-16
Ok
pinf-2994, 456-11
pinf-2995, 568-4
pinf-2996, 794-1
pinf-2997, 661-8
epi-218, 270-1
pinf-2998, 736-4
pinf-2999, 536-5
pinf-3000, 628-6
pinf-3001, 769-2
pinf-3002, 533-4
pinf-3003, 450-11
pinf-3004, 690-6
pinf-3005, 733-5
pinf-3006, 740-3
pinf-3007, 604-5
epi-219, 37-4
pinf-3008, 665-6
epi-220, 184-1
pinf-3009, 522-10
Ok
198
pinf-3010, 730-3
pinf-3011, 753-3
pinf-3012, 701-4
pinf-3013, 601-6
pinf-3014, 733-6
157
pinf-3015, 729-3
157
pinf-3016, 720-2
pinf-3017, 471-8
pinf-3018, 760-2
pinf-3019, 514-6
pinf-3020, 748-2
pinf-3021, 412-9
pinf-3022, 684-5
pinf-3023, 579-7
pinf-3024, 730-4
pinf-3025, 475-14
157
2246839
Ok
158
pinf-3026, 659-9
pinf-3027, 717-3
pinf-3028, 432-11
pinf-3029, 577-4
epi-221, 150-3
158
pinf-3030, 636-4
pinf-3031, 739-2
pinf-3032, 712-5
pinf-3033, 596-6
pinf-3034, 554-10
158
Ok
157
pinf-3035, 591-5
Ok
pinf-3036, 689-4
pinf-3037, 712-6
pinf-3038, 508-10
158
pinf-3039, 766-1
pinf-3040, 549-3
158
Ok
pinf-3041, 571-6
pinf-3042, 443-7
epi-222, 175-1
pinf-3043, 446-5
pinf-3044, 614-6
pinf-3045, 617-5
pinf-3046, 618-9
pinf-3047, 515-6
pinf-3048, 410-9
pinf-3049, 744-2
pinf-3050, 700-5
pinf-3051, 700-6
2246839
epi-223, 14-1
pinf-3052, 464-9
pinf-3053, 711-5
pinf-3054, 647-6
pinf-3055, 783-1
pinf-3056, 694-4
pinf-3057, 769-3
Ok
pinf-3058, 651-2
pinf-3059, 781-2
pinf-3060, 591-6
pinf-3061, 642-8
pinf-3062, 694-5
pinf-3063, 541-13
pinf-3064, 804-1
pinf-3065, 588-1
epi-224, 156-3
pinf-3066, 634-5
pinf-3067, 507-8
epi-225, 96-2
pinf-3068, 658-3
pinf-3069, 602-7
pinf-3070, 759-2
pinf-3071, 766-2
160
pinf-3072, 501-13
pinf-3073, 650-5
pinf-3074, 805-1
pinf-3075, 608-10
pinf-3076, 560-9
pinf-3077, 556-12
pinf-3078, 624-9
pinf-3079, 677-4
pinf-3080, 704-5
epi-226, 93-3
Ok
pinf-3081, 455-10
161
pinf-3082, 459-13
Ok
pinf-3083, 477-9
pinf-3084, 650-6
pinf-3085, 425-10
pinf-3086, 698-4
pinf-3087, 596-7
Ok
pinf-3088, 598-7
161
pinf-3089, 576-11
161
pinf-3090, 578-11
pinf-3091, 796-1
pinf-3092, 491-12
pinf-3093, 583-9
pinf-3094, 449-11
pinf-3095, 415-16
pinf-3096, 645-7
161
pinf-3097, 490-7
161
pinf-3098, 548-6
pinf-3099, 793-1
pinf-3100, 756-1
pinf-3101, 592-2
