[   1.3760]RECEIVE-36-2
[   1.7770]ARRIVE-2-2
[   2.1770]ARRIVE-3-2
[   2.5780]ARRIVE-4-2
[   2.9780]ARRIVE-5-2
[   3.2690]RECEIVE-46-1
[   3.3790]ARRIVE-6-2
[   3.6690]ARRIVE-2-1
[   3.7790]ARRIVE-7-2
[   3.8670]RECEIVE-66-3
[   3.9680]RESET_ACCEPT-6-4-7-0.4
[   3.9680]RESET_BEGIN-6
[   4.0690]ARRIVE-3-1
[   4.1800]ARRIVE-8-2
[   4.2680]ARRIVE-2-3
[   4.4700]ARRIVE-4-1
[   4.5800]ARRIVE-9-2
[   4.6680]ARRIVE-3-3
[   4.6680]OPEN-3-3
[   4.8690]IN-66-3-3
[   4.8700]ARRIVE-5-1
[   4.9810]ARRIVE-10-2
[   4.9810]OPEN-10-2
[   5.0690]CLOSE-3-3
[   5.1690]RESET_END-6
[   5.1690]RECEIVE-67-6-B
[   5.1700]RECEIVE-39-5
[   5.1700]RECEIVE-26-2
[   5.1810]IN-36-10-2
[   5.2670]RECEIVE-27-4
[   5.2710]ARRIVE-6-1
[   5.3810]CLOSE-10-2
[   5.4700]ARRIVE-2-3
[   5.5700]ARRIVE-2-5
[   5.6680]ARRIVE-2-4
[   5.6710]ARRIVE-7-1
[   5.7820]ARRIVE-9-2
[   5.8700]ARRIVE-1-3
[   5.8710]OPEN-1-3
[   5.9710]ARRIVE-3-5
[   6.0670]RECEIVE-4-2
[   6.0680]ARRIVE-3-4
[   6.0680]OPEN-3-4
[   6.0710]OUT-66-1-3
[   6.0710]ARRIVE-8-1
[   6.1820]ARRIVE-8-2
[   6.2690]IN-27-3-4
[   6.2710]CLOSE-1-3
[   6.3670]RECEIVE-10-1
[   6.3710]ARRIVE-4-5
[   6.4690]CLOSE-3-4
[   6.4720]ARRIVE-9-1
[   6.5830]ARRIVE-7-2
[   6.7670]RECEIVE-37-6-A
[   6.7720]ARRIVE-5-5
[   6.8700]ARRIVE-4-4
[   6.8700]OPEN-4-4
[   6.8720]ARRIVE-10-1
[   6.9830]ARRIVE-6-2
[   7.0700]OUT-27-4-4
[   7.1670]ARRIVE-6-6
[   7.1720]ARRIVE-6-5
[   7.2710]CLOSE-4-4
[   7.2720]ARRIVE-11-1
[   7.2730]OPEN-11-1
[   7.3840]ARRIVE-5-2
[   7.3840]OPEN-5-2
[   7.4730]IN-10-11-1
[   7.5680]ARRIVE-7-6
[   7.5720]ARRIVE-7-5
[   7.5840]OUT-36-5-2
[   7.6730]CLOSE-11-1
[   7.7850]CLOSE-5-2
[   7.8680]RECEIVE-41-5
[   7.9680]ARRIVE-8-6
[   7.9730]ARRIVE-8-5
[   7.9730]OPEN-8-5
[   8.0740]ARRIVE-10-1
[   8.0740]OPEN-10-1
[   8.1730]IN-39-8-5
[   8.1850]ARRIVE-4-2
[   8.2740]IN-46-10-1
[   8.3690]ARRIVE-9-6
[   8.3690]OPEN-9-6
[   8.3740]CLOSE-8-5
[   8.4750]CLOSE-10-1
[   8.5690]IN-67-9-6
[   8.5850]ARRIVE-3-2
[   8.5860]OPEN-3-2
[   8.7700]CLOSE-9-6
[   8.7740]ARRIVE-7-5
[   8.7740]OPEN-7-5
[   8.7860]IN-26-3-2
[   8.8750]ARRIVE-9-1
[   8.8760]OPEN-9-1
[   8.9750]OUT-39-7-5
[   8.9910]CLOSE-3-2
[   9.0760]OUT-46-9-1
[   9.1700]ARRIVE-10-6
[   9.1750]CLOSE-7-5
[   9.2760]CLOSE-9-1
[   9.3920]ARRIVE-2-2
[   9.5710]ARRIVE-11-6
[   9.5710]OPEN-11-6
[   9.5760]ARRIVE-6-5
[   9.6670]RECEIVE-15-4
[   9.6670]OPEN-4-4
[   9.6770]ARRIVE-8-1
[   9.7710]OUT-67-11-6
[   9.7920]ARRIVE-1-2
[   9.7920]OPEN-1-2
[   9.8670]IN-15-4-4
[   9.9720]CLOSE-11-6
[   9.9800]ARRIVE-5-5
[   9.9930]OUT-26-1-2
[  10.0680]CLOSE-4-4
[  10.0770]ARRIVE-7-1
[  10.1940]CLOSE-1-2
[  10.3720]ARRIVE-10-6
[  10.3810]ARRIVE-4-5
[  10.3810]OPEN-4-5
[  10.4680]ARRIVE-5-4
[  10.4780]ARRIVE-6-1
[  10.5810]IN-41-4-5
[  10.5940]ARRIVE-2-2
[  10.5950]OPEN-2-2
[  10.7680]RECEIVE-28-4
[  10.7720]ARRIVE-9-6
[  10.7820]CLOSE-4-5
[  10.7960]IN-4-2-2
[  10.8690]ARRIVE-6-4
[  10.8780]ARRIVE-5-1
[  11.0100]CLOSE-2-2
[  11.1730]ARRIVE-8-6
[  11.1840]ARRIVE-3-5
[  11.2680]RECEIVE-51-5
[  11.2690]ARRIVE-7-4
[  11.2860]ARRIVE-4-1
[  11.4120]ARRIVE-3-2
[  11.5730]ARRIVE-7-6
[  11.5840]ARRIVE-2-5
[  11.6690]ARRIVE-8-4
[  11.6700]OPEN-8-4
[  11.6870]ARRIVE-3-1
[  11.8130]ARRIVE-4-2
[  11.8700]OUT-15-8-4
[  11.9740]ARRIVE-6-6
[  11.9850]ARRIVE-1-5
[  11.9850]OPEN-1-5
[  12.0670]RECEIVE-25-4
[  12.0700]CLOSE-8-4
[  12.0700]OPEN-8-4
[  12.0880]ARRIVE-2-1
[  12.1850]OUT-41-1-5
[  12.2130]ARRIVE-5-2
[  12.2130]OPEN-5-2
[  12.2710]IN-28-8-4
[  12.3670]RECEIVE-14-1
[  12.3740]ARRIVE-5-6
[  12.3850]CLOSE-1-5
[  12.4130]OUT-4-5-2
[  12.4710]CLOSE-8-4
[  12.4880]ARRIVE-1-1
[  12.4890]OPEN-1-1
[  12.6140]CLOSE-5-2
[  12.6670]RECEIVE-49-3
[  12.6890]OUT-10-1-1
[  12.7670]RESET_ACCEPT-4-7-0.5
[  12.7750]ARRIVE-4-6
[  12.7860]ARRIVE-2-5
[  12.8670]RECEIVE-57-6-B
[  12.8710]ARRIVE-7-4
[  12.8720]OPEN-7-4
[  12.8890]CLOSE-1-1
[  13.0670]ARRIVE-2-3
[  13.0720]OUT-28-7-4
[  13.0730]RECEIVE-28-3
[  13.1750]ARRIVE-3-6
[  13.1870]ARRIVE-3-5
[  13.2720]CLOSE-7-4
[  13.2730]RESET_BEGIN-4
[  13.2730]RECEIVE-25-6-A
[  13.2900]ARRIVE-2-1
[  13.4680]ARRIVE-3-3
[  13.5760]ARRIVE-2-6
[  13.5760]OPEN-2-6
[  13.5870]ARRIVE-4-5
[  13.6910]ARRIVE-3-1
[  13.6910]OPEN-3-1
[  13.7760]IN-37-2-6
[  13.7760]IN-25-2-6
[  13.8680]ARRIVE-4-3
[  13.8910]IN-14-3-1
[  13.9780]CLOSE-2-6
[  13.9880]ARRIVE-5-5
[  13.9880]OPEN-5-5
[  14.0920]CLOSE-3-1
[  14.1880]IN-51-5-5
[  14.2680]ARRIVE-5-3
[  14.3790]ARRIVE-3-6
[  14.3880]CLOSE-5-5
[  14.4730]RESET_END-4
[  14.4730]RECEIVE-29-4
[  14.4920]ARRIVE-4-1
[  14.6690]ARRIVE-6-3
[  14.7790]ARRIVE-4-6
[  14.7890]ARRIVE-6-5
[  14.8680]RECEIVE-9-2
[  14.8930]ARRIVE-5-1
[  14.9740]ARRIVE-6-4
[  15.0690]ARRIVE-7-3
[  15.1790]ARRIVE-5-6
[  15.1890]ARRIVE-7-5
[  15.2730]ARRIVE-6-2
[  15.2930]ARRIVE-6-1
[  15.4670]RECEIVE-7-3
[  15.4690]ARRIVE-8-3
[  15.4700]OPEN-8-3
[  15.4740]ARRIVE-5-4
[  15.5800]ARRIVE-6-6
[  15.5890]ARRIVE-8-5
[  15.5900]OPEN-8-5
[  15.6700]IN-7-8-3
[  15.6740]ARRIVE-7-2
[  15.6940]ARRIVE-7-1
[  15.6940]OPEN-7-1
[  15.7900]OUT-51-8-5
[  15.8700]CLOSE-8-3
[  15.8940]OUT-14-7-1
[  15.9750]ARRIVE-4-4
[  15.9800]ARRIVE-7-6
[  15.9900]CLOSE-8-5
[  16.0740]ARRIVE-8-2
[  16.0950]CLOSE-7-1
[  16.2700]ARRIVE-9-3
[  16.3800]ARRIVE-8-6
[  16.4740]ARRIVE-9-2
[  16.4750]ARRIVE-3-4
[  16.6670]RECEIVE-42-4
[  16.6710]ARRIVE-10-3
[  16.7810]ARRIVE-9-6
[  16.7810]OPEN-9-6
[  16.8750]ARRIVE-10-2
[  16.9750]ARRIVE-2-4
[  16.9760]OPEN-2-4
[  16.9810]OUT-37-9-6
[  16.9810]OUT-25-9-6
[  17.0710]ARRIVE-11-3
[  17.0710]OPEN-11-3
[  17.1760]IN-29-2-4
[  17.1820]CLOSE-9-6
[  17.2720]OUT-7-11-3
[  17.2750]ARRIVE-11-2
[  17.2750]OPEN-11-2
[  17.3760]CLOSE-2-4
[  17.4720]CLOSE-11-3
[  17.4750]IN-9-11-2
[  17.5670]RECEIVE-22-6-B
[  17.5820]ARRIVE-10-6
[  17.5830]OPEN-10-6
[  17.6760]CLOSE-11-2
[  17.7830]IN-57-10-6
[  17.8720]ARRIVE-10-3
[  17.8730]OPEN-10-3
[  17.8770]ARRIVE-3-4
[  17.9830]CLOSE-10-6
[  18.0670]RECEIVE-50-4
[  18.0730]IN-49-10-3
[  18.0760]ARRIVE-10-2
[  18.2730]CLOSE-10-3
[  18.3770]ARRIVE-4-4
[  18.3780]OPEN-4-4
[  18.3830]ARRIVE-9-6
[  18.3840]OPEN-9-6
[  18.4760]ARRIVE-9-2
[  18.5780]OUT-29-4-4
[  18.5780]IN-42-4-4
[  18.5840]OUT-57-9-6
[  18.6740]ARRIVE-9-3
[  18.7780]CLOSE-4-4
[  18.7840]CLOSE-9-6
[  18.7840]OPEN-9-6
[  18.8770]ARRIVE-8-2
[  18.8770]OPEN-8-2
[  18.9840]IN-22-9-6
[  19.0740]ARRIVE-8-3
[  19.0750]OPEN-8-3
[  19.0770]OUT-9-8-2
[  19.1850]CLOSE-9-6
[  19.2750]OUT-49-8-3
[  19.2770]CLOSE-8-2
[  19.2790]ARRIVE-5-4
[  19.2790]OPEN-5-4
[  19.4750]CLOSE-8-3
[  19.4790]OUT-42-5-4
[  19.4790]IN-50-5-4
[  19.5680]RECEIVE-43-4
[  19.5860]ARRIVE-10-6
[  19.6790]CLOSE-5-4
[  19.6800]OPEN-5-4
[  19.8750]ARRIVE-7-3
[  19.8760]OPEN-7-3
[  19.8800]IN-43-5-4
[  19.9860]ARRIVE-11-6
[  19.9860]OPEN-11-6
[  20.0760]IN-28-7-3
[  20.0800]CLOSE-5-4
[  20.1670]RECEIVE-5-6-B
[  20.1860]OUT-22-11-6
[  20.2670]RECEIVE-48-2
[  20.2760]CLOSE-7-3
[  20.3870]CLOSE-11-6
[  20.5800]ARRIVE-6-4
[  20.5800]OPEN-6-4
[  20.6670]ARRIVE-7-2
[  20.6760]ARRIVE-6-3
[  20.7810]OUT-43-6-4
[  20.7870]ARRIVE-10-6
[  20.9810]CLOSE-6-4
[  21.0670]ARRIVE-6-2
[  21.0680]OPEN-6-2
[  21.0770]ARRIVE-5-3
[  21.1870]ARRIVE-9-6
[  21.2680]IN-48-6-2
[  21.4680]RECEIVE-30-5
[  21.4680]CLOSE-6-2
[  21.4770]ARRIVE-4-3
[  21.4810]ARRIVE-7-4
[  21.5870]ARRIVE-8-6
[  21.8680]ARRIVE-9-5
[  21.8680]ARRIVE-7-2
[  21.8680]OPEN-7-2
[  21.8770]ARRIVE-3-3
[  21.9810]ARRIVE-8-4
[  21.9880]ARRIVE-7-6
[  21.9880]OPEN-7-6
[  22.0690]OUT-48-7-2
[  22.1880]IN-5-7-6
[  22.2680]ARRIVE-10-5
[  22.2690]OPEN-10-5
[  22.2690]CLOSE-7-2
[  22.2780]ARRIVE-2-3
[  22.2780]OPEN-2-3
[  22.3920]CLOSE-7-6
[  22.4690]IN-30-10-5
[  22.4780]OUT-28-2-3
[  22.4820]ARRIVE-9-4
[  22.4820]OPEN-9-4
[  22.6690]CLOSE-10-5
[  22.6780]CLOSE-2-3
[  22.6820]OUT-50-9-4
