Ok
Ok
minf-1, 0-1
Ok
0
einf-1, 0-1
Ok
0
0
Ok
einf-2, 0-2
0
Ok
einf-3, 0-3
einf-4, 0-4
Ok
None
None
minf-2, 1-1
er-1, 32-1, 88-1
0
er-2, 1-1, 28-1
Ok
Ok
einf-5, 0-5
er-3, 53-1, 59-1
einf-6, 0-6
Ok
None
tinf-1, 1-1
Ok
None
None
minf-3, 3-1
tinf-2, 1-2
Ordinary message: 2; notice: homo-31502
einf-7, 0-7
Ok
Ok
0
Ok
0
Ok
minf-4, 5-1
Ok
er-4, 21-1, 57-1
0
er-5, 71-1, 99-1
None
None
minf-5, 7-1
Ok
Ok
None
Ok
0
Ok
Ok
0
0
0
Ok
Ok
0
pinf-1, 102-1
Ok
Ok
None
Ok
Ok
2
Ok
None
Ok
Ok
0
0
2
0
0
Ok
Ok
Ok
er-6, 8-1, 23-1
Ok
0
Ok
0
0
Ok
Ok
Ok
pinf-2, 102-2
Ok
Ok
Ok
er-7, 50-1, 66-1
None
Ok
Ok
0
Ok
Ok
0
None
tinf-3, 1-3
0
None
0
0
0
Ok
0
Tag does not exist
er-8, 69-1, 81-1
None
4
Ok
er-9, 40-1, 63-1
Ok
Ok
Ok
1
Ok
0
Ok
Ok
Ok
er-10, 51-1, 86-1
Ok
Ok
tinf-4, 1-4
0
Ok
Ok
er-11, 1-2, 70-1
None
0
Ok
Ok
0
Ok
er-12, 55-1, 99-2
Ok
Ok
Ok
Ok
Ok
Ok
Ok
0
Ok
Ok
None
0
0
0
1
0
0
0
None
Ok
Ok
Ok
None
Ok
Ok
0
er-13, 35-1, 60-1
er-14, 72-1, 78-1
Ok
Ok
Ok
epi-1, 46-1
Ok
Ok
None
Ok
Ok
None
Ok
Ok
7
Ok
Ok
Ok
-423
minf-6, 29-1
0
Ok
Ok
0
None
Ok
Tag does not exist
None
None
None
Ok
Ok
Ok
0
0
Ok
Ok
0
0
0
Ok
0
The person with this number does not exist
0
Ok
er-15, 8-2, 82-1
None
Ok
0
None
Ok
Ok
Ok
0
None
Ok
Ok
tinf-5, 1-5
11
Ok
Ok
Ok
Ok
Ok
Ok
Ok
er-16, 26-1, 43-1
3
None
Ok
0
Ok
0
None
0
Ok
None
None
Ok
0
tinf-6, 1-6
Ok
epi-2, 35-1
er-17, 55-2, 98-1
Ok
er-18, 32-2, 40-2
er-19, 4-1, 27-1
tinf-7, 1-7
None
0
0
0
Ok
0
epi-3, 59-1
er-20, 19-1, 87-1
Ok
er-21, 31-1, 81-2
Ok
Ok
0
0
0
Ok
Ok
0
Ok
pinf-3, 153-1
tinf-8, 1-8
Ok
er-22, 72-2, 77-1
Ok
The person with this number does not exist
Ok
Ok
tinf-9, 1-9
0
Ok
er-23, 41-1, 72-3
er-24, 38-1, 94-1
0
Ok
None
0
Ok
Ok
2
0
Ok
tinf-10, 1-10
Ordinary message: 17
0
Ok
0
None
Ok
0
0
None
0
er-25, 37-1, 70-2
Ok
Ok
0
0
Ok
Ok
None
None
-409
Ok
Ok
Ok
10
Ok
0
Ok
None
None
Ok
er-26, 51-2, 84-1
0
0
0
None
Ok
0
Ok
0
None
Ok
Ok
Ok
Ok
697
0
er-27, 63-2, 88-2
None
Ok
474
0
2
Ok
2
Ok
None
Ok
0
Ok
0
Ok
None
10
0
0
0
Ok
Ok
10
None
Ok
Ok
0
Ok
0
Tag does not exist
Ok
Ok
Ok
0
tinf-11, 1-11
minf-7, 57-1
Ok
None
Ok
Ok
0
Ok
Ok
Ok
None
Ok
0
Ok
er-28, 9-1, 10-1
None
Ok
er-29, 1-3, 20-1
Ok
Ok
None
Ok
minf-8, 62-1
Ok
er-30, 26-2, 97-1
Ok
0
Ok
Ok
Ok
Ok
Ok
Ok
None
None
0
0
The person with this number does not exist
None
Ok
None
0
0
Ok
Ok
Ok
0
None
er-31, 13-1, 92-1
Ok
Ok
Ok
0
Ok
Ok
None
0
Ok
0
938
Ok
None
er-32, 42-1, 45-1
Ok
Ok
Ok
10
Ok
Ok
0
None
Ok
0
None
Ok
None
0
Ok
Ok
Ok
0
Ok
rnf-1, 88-1, 103-1
Ok
14
0
0
Ok
Ok
0
None
9
0
epi-4, 70-1
None
Ok
Ok
None
0
Ok
0
None
0
3
Ok
er-33, 18-1, 60-2
Ok
Ok
0
Ok
pinf-4, 120-1
Ok
Ok
11
10
None
0
Ok
None
eti-1, 1-1
0
Ok
0
0
The person with this number does not exist
er-34, 21-2, 73-1
notice: homo-21612; Emoji: 3; Emoji: 1; Emoji: 3; Emoji: 0
Ok
Ok
er-35, 68-1, 98-2
Ok
Ok
None
0
2
Ok
Ok
0
Ok
Ok
0
Ok
Ok
Ok
None
er-36, 38-2, 63-3
Ok
0
Ok
Ok
0
None
Ok
er-37, 41-2, 43-2
Ok
15
0
15
Ok
Ok
Ok
er-38, 15-1, 39-1
Ok
tinf-12, 1-12
Ok
Ok
Ok
Ok
Ok
Ok
Ok
None
Tag does not exist
Ok
0
8
Ok
Ok
er-39, 33-1, 94-2
Ok
None
er-40, 32-3, 77-2
None
minf-9, 78-1
0
Ok
er-41, 16-1, 74-1
Ok
Ok
Ok
Ok
Ok
1
None
0
pinf-5, 177-1
Ok
Ok
er-42, 8-3, 56-1
0
0
0
Ok
Ok
15
4
None
Ok
Ok
Ok
5
0
Ok
Ok
0
Ok
0
epi-5, 68-1
Ok
Ok
0
10
None
None
Ok
0
pinf-6, 150-1
0
Ok
0
pinf-7, 105-1
Ok
0
tinf-13, 1-13
0
0
None
Ok
Ok
Ok
0
0
0
Ok
0
None
Ok
Ok
tinf-14, 1-14
Ok
None
0
0
Ok
Ok
Ok
Ok
Ok
-736
Ok
Ok
0
1
Ok
5
Ok
Ok
Ok
0
Ok
Ok
0
None
Ok
None
Ok
Ok
Ok
None
Ok
Ok
Ordinary message: 94; notice: homo-55122
Ok
Ok
0
0
Ok
None
0
Ok
Ok
None
0
0
Ok
Ok
Ok
3
minf-10, 98-1
er-43, 57-2, 91-1
-677
Ok
Ok
Ok
Ok
Ok
0
Ok
Ok
0
Ok
er-44, 7-1, 49-1
Ok
Ok
None
13
Ok
Ok
Ok
None
Ok
The person with this number does not exist
Ok
None
0
er-45, 93-1, 98-3
Ok
Ok
Ok
pinf-8, 155-1
None
er-46, 8-4, 56-2
6
0
None
None
Ok
Ok
Ok
Ok
Ok
Ok
3
Ok
Ok
0
-677
Ok
Ok
None
0
Ok
Ok
None
er-47, 52-1, 92-2
Ok
Ok
0
tinf-15, 1-15
Ok
Ok
9
Ok
0
0
Ok
0
Ordinary message: 93
Ok
None
Ok
Ok
epi-6, 54-1
0
Ok
0
Ordinary message: 92
Ok
None
Ok
0
epi-7, 98-1
Ok
Ok
rnf-2, 1-1, 102-1
Ok
Ok
818
0
er-48, 18-2, 22-1
-423
Emoji: 2
0
Ordinary message: 17
None
er-49, 24-1, 39-2
er-50, 79-1, 80-1
er-51, 24-2, 27-2
6
er-52, 46-1, 88-3
er-53, 6-1, 92-3
0
er-54, 30-1, 49-2
tinf-16, 1-16
Ok
Ok
Ok
143
-35
minf-11, 111-1
Ok
er-55, 58-1, 95-1
Ok
0
Ordinary message: 17
0
6
Ok
None
er-56, 50-2, 70-3
Tag does not exist
Ok
-736
0
Ok
0
0
Ok
Ok
0
Ok
Ok
153
0
5
Ok
tinf-17, 1-17
0
epi-8, 23-1
10
None
None
None
Ok
Ok
0
er-57, 15-2, 34-1
Tag does not exist
Ok
Ok
0
0
6
Ok
0
Ok
Ok
Ok
Ok
Ok
Ok
Ok
None
Ok
420
Ok
Ok
0
Ok
Ok
0
Ok
None
None
0
Ok
er-58, 15-3, 80-2
Ok
Ok
Ok
Ok
None
Tag does not exist
Ok
None
Ok
Ok
Ok
None
Ok
Ok
22
None
0
Ok
0
Ordinary message: 6
None
er-59, 21-3, 79-2
Ok
Ok
0
Ok
Ok
Ok
pinf-9, 150-2
Ok
Ok
er-60, 16-2, 97-2
0
Ok
Ok
Ok
0
0
er-61, 18-3, 58-2
tinf-18, 1-18
Ok
Ok
er-62, 92-4, 94-3
Ok
rnf-3, 2-1, 42-1
Ok
Ok
None
-677
Ok
None
er-63, 6-2, 56-3
7
Ok
er-64, 5-1, 77-3
0
Ok
-127
Ok
Ok
Ok
Ok
er-65, 23-2, 68-2
epi-9, 23-2
1
0
Ok
Ok
22
Ok
7
0
1
0
er-66, 2-1, 53-2
0
Ok
None
Ok
Ok
eti-2, 1-2
Ok
Ok
Ok
Ok
0
0
minf-12, 136-1
Ok
0
Ok
Ok
tinf-19, 1-19
0
Ok
None
1
None
Ok
-902
Ok
None
er-67, 28-2, 35-2
5
Ok
Ok
Ok
0
0
None
0
Ok
18
Ok
-714
Ok
None
Ok
Ok
None
Ok
notice: homo-6118
Ok
Ok
0
Ok
notice: homo-98624
None
0
Ok
Ok
Ok
Ok
Ok
Ok
Ok
Ok
Ok
Ok
650
None
Ok
Ok
Ok
Ok
Ok
0
er-68, 73-2, 76-1
0
0
Ok
Ok
Tag does not exist
0
Ok
None
tinf-20, 1-20
0
Ok
Ok
0
None
er-69, 9-2, 35-3
Ok
Ok
Emoji: 0
Ok
Ok
0
Ok
0
Ok
0
Ok
2
0
er-70, 14-1, 59-2
None
Ok
Ok
None
Ok
Ok
0
Ok
Ok
er-71, 51-3, 62-1
0
Ok
Ok
None
0
Ok
Ok
2
0
6
Ok
0
minf-13, 150-1
er-72, 51-4, 85-1
Ok
0
epi-10, 70-2
None
0
10
0
Ok
-951
Ok
rnf-4, 1-2, 101-1
None
Ok
Ok
None
Emoji: 0
tinf-21, 1-21
Ok
0
Ok
0
Ordinary message: 131; Emoji: 7
0
1
Ok
0
Ok
epi-11, 19-1
Ok
Ok
21
Ok
Ok
0
None
Ok
Ok
pinf-10, 110-1
None
epi-12, 11-1
None
Ok
None
Ok
Tag does not exist
Ok
Ok
0
0
Ok
Ok
Ok
Emoji: 0; Emoji: 0
notice: homo-6118
epi-13, 18-1
0
None
0
None
None
notice: homo-64514
Ok
0
2
rnf-5, 39-1, 105-1
None
Ok
Ok
rnf-6, 1-3, 103-2
Ok
0
Ordinary message: 156
Ok
er-73, 23-3, 30-2
notice: homo-14472; Emoji: 4; Emoji: 4
Ok
Ok
Ok
Ok
0
Ok
Ok
None
None
0
0
0
0
Ok
Ok
0
Ok
None
Ok
None
Ok
Ok
Ok
Ok
er-74, 17-1, 43-3
6
Ok
Ok
Emoji: 1
23
Ok
Ok
0
Ok
Ok
Ok
Ok
Ok
Ok
Ok
tinf-22, 1-22
Ok
Ok
Ok
0
Ok
Ok
None
epi-14, 20-1
Ok
Ok
0
Ordinary message: 6
Ok
er-75, 33-2, 71-2
None
Ok
Ok
Ok
Ok
8
None
0
Ok
Ok
Ok
Ok
0
Emoji: 1
0
6
21
None
0
Ok
2
Ordinary message: 170; Ordinary message: 156
Ok
None
0
Ok
15
er-76, 33-3, 95-2
Ok
Ok
Ok
None
Ok
Ok
Ok
Ok
Ok
Ok
Ok
rnf-7, 1-4, 101-2
pinf-11, 212-1
notice: homo-26367; Emoji: 7; notice: homo-108829
4
er-77, 15-4, 85-2
2
rnf-8, 1-5, 108-1
Ok
Ok
Ok
er-78, 86-2, 92-5
0
Ok
er-79, 2-2, 33-4
Ok
Ok
1
Ok
None
notice: homo-75337; Ordinary message: 149; notice: homo-62189; notice: homo-96781; Emoji: 1
0
Ok
None
Ok
837
None
Ok
Ok
Ok
Ok
0
None
Ok
Ok
Ok
tinf-23, 1-23
Ok
Ok
None
Ok
None
0
er-80, 39-3, 92-6
0
Ok
Ok
0
0
Ok
0
None
Ok
Ok
Ok
Ok
0
Ordinary message: 176; Ordinary message: 92
Ok
Emoji: 0
2
Ok
Ok
Ok
Ordinary message: 6
0
Ordinary message: 94; notice: homo-55122
Ok
0
Emoji: 0
Ok
Ok
Ok
Ok
tinf-24, 1-24
-951
Ok
Ok
Ok
None
Ok
2
Ok
Ok
None
Ok
None
0
Ok
Emoji: 0
er-81, 50-3, 54-1
Ordinary message: 131; Emoji: 7
10
Ok
notice: homo-108503
Ok
0
Ok
Emoji: 1
Ok
Ok
Emoji: 2
er-82, 26-3, 99-3
minf-14, 196-1
Ok
Ok
notice: homo-31621
er-83, 21-4, 68-3
Ok
Ok
None
0
Ok
Ok
Ok
0
Ok
14
er-84, 2-3, 68-4
Ok
14
Ok
0
19
Emoji: 1
0
0
Ok
Ok
None
Ok
Ok
Ok
Ok
None
Ok
9
Ok
6
2
Ok
Ok
Ok
Ok
None
Ok
Ok
Ok
Ordinary message: 93
None
notice: homo-26367; Emoji: 7; notice: homo-108829
453
Ok
Ok
Ok
None
Ok
Ok
Ok
Ok
Ok
Ok
912
0
Ok
0
903
Ok
Ok
Ok
Ok
Ok
er-85, 47-1, 57-3
Ok
0
Ok
notice: homo-93536; Ordinary message: 131; Emoji: 7
5
Ok
Ok
Ok
Ok
16
Ok
Ok
Ok
-912
Emoji: 1; notice: homo-26622; Emoji: 4
-35
Ok
Ok
None
Ok
er-86, 94-4, 99-4
0
Ok
Ok
0
-436
er-87, 11-1, 52-2
Ok
Ok
None
0
tinf-25, 1-25
0
None
None
Ok
notice: homo-26367; Emoji: 7; notice: homo-108829
Ok
None
Ok
Ok
Ok
Ok
None
Ok
Ok
rnf-9, 1-6, 104-1
None
Ok
0
minf-15, 223-1
11
pinf-12, 218-1
Emoji: 1
einf-8, 14-1
Ok
epi-15, 12-1
-714
Ok
0
Ordinary message: 93
einf-9, 22-1
Ok
0
Ok
Emoji: 6
einf-10, 11-1
None
Ok
einf-11, 22-2
Ok
Ok
Ok
0
-848
20
-674
Ok
Ok
er-88, 34-2, 57-4
einf-12, 17-1
pinf-13, 191-1
epi-16, 44-1
einf-13, 11-2
Ok
Ok
er-89, 3-1, 100-1
Ok
0
eti-3, 1-3
0
Ok
Ordinary message: 73
er-90, 8-5, 41-3
28
Ok
tinf-26, 1-26
Ok
Ok
Ok
einf-14, 16-1
Ok
Ok
einf-15, 14-2
Ok
einf-16, 23-1
minf-16, 230-1
Ok
Ok
0
einf-17, 15-1
er-91, 18-4, 90-1
None
Ok
Ok
Ok
Ok
16
Ok
rnf-10, 50-1, 104-2
Ok
Ok
Ok
Ok
einf-18, 23-2
The person with this number does not exist
3
Ok
einf-19, 11-3
Ok
0
19
6
einf-20, 17-2
None
Ok
0
0
er-92, 51-5, 81-3
Ok
Ok
Ok
Ok
None
0
Ok
Ok
0
Ok
None
Ok
0
minf-17, 242-1
Emoji: 5; notice: homo-93921
Ok
er-93, 36-1, 83-1
0
tinf-27, 1-27
Ordinary message: 237; Emoji: 4; notice: homo-16029; Ordinary message: 75
None
10
einf-21, 18-1
einf-22, 18-2
Ordinary message: 6
Emoji: 1; notice: homo-26622; Emoji: 4
0
0
Ok
Ok
21
Ok
None
20
Ok
Ok
Ok
notice: homo-87158; notice: homo-54660; Emoji: 1
einf-23, 11-4
Ok
einf-24, 18-3
Ordinary message: 94; notice: homo-55122
einf-25, 19-1
0
er-94, 83-2, 83-2
er-95, 79-3, 82-2
Ok
tinf-28, 1-28
11
0
tinf-29, 1-29
einf-26, 11-5
Ok
0
Tag does not exist
Ok
einf-27, 20-1
Ok
einf-28, 23-3
Ok
Ok
einf-29, 18-4
Ok
0
Ok
er-96, 56-4, 98-4
notice: homo-37228; Ordinary message: 185; Ordinary message: 70
Ok
None
0
16
einf-30, 24-1
Ok
er-97, 49-3, 84-2
einf-31, 19-2
0
0
Ok
Ok
None
einf-32, 13-1
20
Ok
0
Ok
-1854
Ok
None
Ok
epi-17, 51-1
Ok
20
einf-33, 25-1
Ok
Ok
Ok
Ok
Ok
epi-18, 95-1
Ok
er-98, 57-5, 59-3
0
Ok
0
einf-34, 11-6
einf-35, 26-1
Tag does not exist
Ok
Ok
einf-36, 21-1
er-99, 67-1, 95-3
0
einf-37, 23-4
None
einf-38, 16-2
eti-4, 1-4
0
Ordinary message: 73
0
einf-39, 17-3
None
0
0
Ok
Ok
einf-40, 15-2
Ok
16
0
Emoji: 9
einf-41, 11-7
Ok
Ok
Ok
0
Ok
Ok
Ok
Ok
15
einf-42, 20-2
einf-43, 21-2
0
Ok
Ok
Ok
einf-44, 17-4
einf-45, 16-3
0
Ok
er-100, 3-2, 52-3
Ok
Ok
Ok
Ok
einf-46, 21-3
None
6
Ok
0
Ok
Ok
Ok
None
Ok
Ok
Ok
Ok
0
0
0
einf-47, 28-1
epi-19, 94-1
Ok
Ok
einf-48, 14-3
20
Ok
notice: homo-58967
Ok
pinf-14, 139-1
0
epi-20, 2-1
Ok
Ok
Ok
Ordinary message: 264; notice: homo-79546; notice: homo-80868; Emoji: 1
Ok
notice: homo-37228; Ordinary message: 185; Ordinary message: 70
0
einf-49, 21-4
Ok
rnf-11, 1-7, 101-3
Ok
0
Ok
None
einf-50, 12-1
Ok
einf-51, 20-3
Ok
0
Ok
Ok
einf-52, 15-3
Ok
Ok
Ok
rnf-12, 1-8, 101-4
tinf-30, 1-30
Ok
Ok
Ordinary message: 194
Ok
einf-53, 17-5
0
notice: homo-37228; Ordinary message: 185; Ordinary message: 70
tinf-31, 1-31
einf-54, 20-4
None
er-101, 16-3, 27-3
Ok
Ok
Ok
0
Ok
Ok
er-102, 53-3, 58-3
-242
4
Ok
Ok
2
Ordinary message: 192; Emoji: 9; Ordinary message: 17
None
er-103, 13-2, 21-5
None
Ok
Ok
einf-55, 17-6
Ok
er-104, 18-5, 21-6
einf-56, 25-2
er-105, 26-4, 35-4
0
Ok
0
0
notice: homo-89322; Emoji: 8; notice: homo-95988; Ordinary message: 168
Ok
0
tinf-32, 1-32
17
notice: homo-31621
Ok
Ok
notice: homo-89322; Emoji: 8; notice: homo-95988; Ordinary message: 168
Ok
Ok
0
einf-57, 19-3
0
er-106, 24-3, 38-3
Ordinary message: 237; Emoji: 4; notice: homo-16029; Ordinary message: 75
einf-58, 19-4
epi-21, 44-2
Ok
einf-59, 14-4
Ok
Ok
Ordinary message: 275
einf-60, 15-4
Ok
Ok
Ok
tinf-33, 1-33
Ok
0
einf-61, 14-5
0
Ok
notice: homo-14472; Emoji: 4; Emoji: 4
2
None
0
er-107, 35-5, 49-4
0
er-108, 26-5, 56-5
Ok
None
0
einf-62, 18-5
Ordinary message: 277; Emoji: 11; Emoji: 8; notice: homo-85316
einf-63, 11-8
Ok
epi-22, 97-1
Ok
Ok
tinf-34, 1-34
Ordinary message: 217; Emoji: 6
Ok
0
6
einf-64, 15-5
10
Ok
Emoji: 8; Ordinary message: 176; Ordinary message: 92
er-109, 35-6, 37-2
Ok
tinf-35, 2-1
0
einf-65, 18-6
er-110, 70-4, 74-2
Ok
0
0
Ok
0
0
Ok
einf-66, 24-2
pinf-15, 132-1
15
er-111, 52-4, 54-2
Ok
Ok
Ok
0
notice: homo-58967
709
0
0
er-112, 55-3, 73-3
Ok
0
Ok
Ok
einf-67, 28-2
einf-68, 17-7
er-113, 61-1, 98-5
0
0
Ok
Ok
tinf-36, 1-35
0
Ok
Emoji: 8; Ordinary message: 6
None
0
er-114, 44-1, 93-2
Ok
Ok
0
0
einf-69, 14-6
Tag does not exist
er-115, 26-6, 97-3
einf-70, 29-1
er-116, 55-4, 72-4
er-117, 40-3, 45-2
Ok
Ok
einf-71, 19-5
Ok
None
0
Ok
Ok
Ok
Ok
Ok
0
25
0
Ok
Ordinary message: 268; notice: homo-14222; Ordinary message: 263; notice: homo-45287; Emoji: 2
er-118, 15-5, 41-4
60
Emoji: 1
Ok
-242
rnf-13, 1-9, 106-1
0
einf-72, 18-7
Ok
0
Ok
0
er-119, 70-5, 88-4
Ok
0
einf-73, 13-2
0
Ordinary message: 240
0
Ok
Ok
Ok
Ok
minf-18, 288-1
None
Ok
Ok
Ok
Ok
einf-74, 11-9
0
einf-75, 22-3
einf-76, 21-5
0
Ok
tinf-37, 1-36
Ok
-276
0
einf-77, 28-3
rnf-14, 1-10, 104-3
Ok
Ok
einf-78, 28-4
Ok
Ok
Ok
-912
Ok
0
0
0
Ordinary message: 94; notice: homo-55122
Ok
Ok
einf-79, 18-8
Ok
-8
Ok
einf-80, 15-6
Ok
notice: homo-77123; Emoji: 0
einf-81, 16-4
Ok
Ok
15
Ok
0
Emoji: 11; Ordinary message: 198
einf-82, 20-5
Ok
einf-83, 14-7
None
0
Ok
Ok
einf-84, 31-1
einf-85, 24-3
Ok
0
tinf-38, 1-37
einf-86, 24-4
einf-87, 12-2
0
0
Ok
None
0
Emoji: 13; notice: homo-27373; Emoji: 0
Ok
Tag does not exist
Ok
Ok
einf-88, 29-2
Ok
0
Ok
tinf-39, 1-38
einf-89, 13-3
epi-23, 74-1
Ok
Ok
Ordinary message: 73
Ok
None
None
Tag does not exist
Ok
0
0
Ok
Ok
Ok
Ordinary message: 194
Ok
0
28
Ok
Ok
notice: homo-58967
Ok
Ok
Ok
Ok
Ok
7
Ok
Ok
Ok
Ordinary message: 192; Emoji: 9; Ordinary message: 17
einf-90, 28-5
0
0
einf-91, 33-1
Ok
er-120, 62-2, 93-3
0
0
notice: homo-111144; Emoji: 0
Ok
Ok
Ok
748
None
Ok
einf-92, 18-9
Emoji: 6; notice: homo-61861
Ok
0
einf-93, 20-6
275
Ok
er-121, 38-4, 66-2
Ok
einf-94, 23-5
einf-95, 10-1
0
-628
einf-96, 31-2
Ok
0
Ordinary message: 303
0
eti-5, 1-5
Ok
0
Ok
0
Ok
einf-97, 27-1
Ok
einf-98, 13-4
0
Ok
er-122, 32-4, 65-1
Ok
0
0
einf-99, 14-8
0
Ok
rnf-15, 1-11, 117-1
18
einf-100, 8-1
rnf-16, 1-12, 101-5
er-123, 11-2, 18-6
Emoji: 6
0
Ok
minf-19, 313-1
Ok
0
einf-101, 19-6
The person with this number does not exist
None
einf-102, 31-3
Ok
er-124, 17-2, 64-1
Ok
Ok
einf-103, 10-2
0
Ordinary message: 259; Ordinary message: 161; notice: homo-6118
0
Tag does not exist
Emoji: 6
0
None
Ok
Ok
Ok
-565
Ok
einf-104, 10-3
Ok
er-125, 39-4, 43-4
Ok
einf-105, 25-3
epi-24, 55-1
rnf-17, 1-13, 113-1
tinf-40, 1-39
0
Ok
tinf-41, 1-40
Ok
Ok
Ok
einf-106, 28-6
0
2
Ok
Ok
None
Ok
Ok
einf-107, 21-6
Ok
Ok
rnf-18, 65-1, 117-2
0
einf-108, 31-4
Ordinary message: 247; Emoji: 2
Ok
Ok
Ok
Ok
0
Ordinary message: 310; notice: homo-76135; Emoji: 7; Ordinary message: 119
einf-109, 14-9
1448
None
Ok
Ok
None
-150
0
-674
Ok
einf-110, 15-7
einf-111, 30-1
einf-112, 29-3
0
Emoji: 10; notice: homo-89322; Emoji: 8; notice: homo-95988; Ordinary message: 168
Ok
0
Ordinary message: 277; Emoji: 11; Emoji: 8; notice: homo-85316
Ok
Ok
er-126, 15-6, 75-1
0
16
0
Ok
einf-113, 28-7
epi-25, 31-1
er-127, 39-5, 53-4
Ok
Ok
Ok
Ordinary message: 240
None
0
einf-114, 14-10
er-128, 87-2, 89-1
einf-115, 33-2
0
Ok
Ok
None
einf-116, 14-11
0
einf-117, 13-5
Ok
The person with this number does not exist
einf-118, 27-2
Tag does not exist
Ok
None
0
einf-119, 29-4
rnf-19, 1-14, 106-2
einf-120, 11-10
0
tinf-42, 1-41
0
Ok
None
0
0
None
Ok
-485
Ok
15
Ok
Ok
-655
Ok
einf-121, 25-4
Ok
Ok
einf-122, 27-3
Ok
Ordinary message: 310; notice: homo-76135; Emoji: 7; Ordinary message: 119
pinf-16, 216-1
None
0
einf-123, 35-1
None
Ok
0
0
0
Ok
0
einf-124, 10-4
Ok
Ok
Ok
rnf-20, 1-15, 101-6
einf-125, 20-7
Ok
-227
Emoji: 0
None
None
er-129, 29-1, 34-3
Ok
Ok
Ordinary message: 121
None
Emoji: 6; notice: homo-61861
Emoji: 1
Ok
Ok
einf-126, 7-1
einf-127, 29-5
notice: homo-75921; Emoji: 5
notice: homo-106865; Emoji: 8; Ordinary message: 6
einf-128, 8-2
Ok
489
einf-129, 24-5
Ok
Ok
rnf-21, 64-1, 102-2
einf-130, 8-3
Ok
einf-131, 14-12
tinf-43, 1-42
Ok
Ok
er-130, 60-3, 88-5
Ok
None
944
er-131, 69-2, 99-5
einf-132, 8-4
er-132, 48-1, 60-4
0
Ok
er-133, 27-4, 34-4
Ok
tinf-44, 1-43
Ok
Ok
einf-133, 8-5
rnf-22, 1-16, 101-7
Ok
einf-134, 22-4
-638
einf-135, 18-10
Ok
tinf-45, 1-44
einf-136, 24-6
26
einf-137, 20-8
0
einf-138, 12-3
Ok
er-134, 34-5, 68-5
Ok
Ok
Ok
einf-139, 28-8
Ok
Ok
Ok
einf-140, 24-7
einf-141, 30-2
er-135, 27-5, 91-2
0
pinf-17, 217-1
einf-142, 35-2
Ok
einf-143, 12-4
einf-144, 22-5
Ok
einf-145, 21-7
Ok
notice: homo-58967
0
Ordinary message: 192; Emoji: 9; Ordinary message: 17
0
Ok
er-136, 64-2, 91-3
0
Ok
6
er-137, 33-5, 92-7
er-138, 35-7, 49-5
Ok
Ok
Ok
er-139, 13-3, 51-6
0
rnf-23, 1-17, 114-1
Ok
Ok
Ok
-513
einf-146, 35-3
0
0
0
26
0
0
einf-147, 33-3
einf-148, 21-8
einf-149, 14-13
12
Ok
einf-150, 34-1
tinf-46, 1-45
einf-151, 22-6
Ok
Ordinary message: 237; Emoji: 4; notice: homo-16029; Ordinary message: 75
Ok
Ok
er-140, 88-6, 90-2
Ok
er-141, 1-4, 95-4
0
einf-152, 13-6
Ok
einf-153, 22-7
None
Ok
einf-154, 27-4
Ordinary message: 276
None
-472
Ok
748
None
Ok
einf-155, 14-14
0
0
einf-156, 32-1
Ok
einf-157, 32-2
er-142, 22-2, 36-2
Ok
0
Ordinary message: 192; Emoji: 9; Ordinary message: 17
0
-638
0
einf-158, 25-5
Ok
0
Ok
Ok
pinf-18, 210-1
Ok
rnf-24, 1-18, 101-8
None
er-143, 11-3, 50-4
Ok
pinf-19, 200-1
Ok
Ok
einf-159, 29-6
tinf-47, 1-46
Ok
Ok
einf-160, 7-2
Emoji: 6
er-144, 32-5, 79-4
Ok
8
Ok
Ordinary message: 352; Emoji: 6; notice: homo-61861
0
Ok
None
Emoji: 10
einf-161, 35-4
Ok
0
0
Ok
Ok
Ok
0
einf-162, 13-7
16
0
Ok
einf-163, 19-7
epi-26, 32-1
Ok
einf-164, 30-3
0
861
Ok
Ok
None
60
Tag does not exist
0
0
0
48
0
0
einf-165, 16-5
None
-1028
er-145, 64-3, 79-5
559
Ok
einf-166, 36-1
Ok
einf-167, 10-5
0
0
er-146, 59-4, 73-4
er-147, 54-3, 82-3
notice: homo-111144; Emoji: 0
None
Ok
0
notice: homo-103769; Ordinary message: 259; Ordinary message: 161; notice: homo-6118
Ok
einf-168, 31-5
notice: homo-111144; Emoji: 0
pinf-20, 148-1
0
einf-169, 35-5
einf-170, 28-9
einf-171, 21-9
er-148, 35-8, 39-6
tinf-48, 1-47
Ok
einf-172, 16-6
0
notice: homo-33665; Ordinary message: 271; notice: homo-49699; notice: homo-69244; Ordinary message: 170
Ok
0
None
Ok
einf-173, 19-8
None
Ordinary message: 354; Emoji: 3; Ordinary message: 278; Emoji: 0
Ordinary message: 247; Emoji: 2
er-149, 20-2, 22-3
0
er-150, 9-3, 58-4
Ok
rnf-25, 66-1, 117-3
Ok
tinf-49, 1-48
Ok
The person with this number does not exist
0
Ok
einf-174, 10-6
Tag does not exist
0
Ok
pinf-21, 158-1
einf-175, 37-1
pinf-22, 202-1
0
0
Ok
Ok
Ok
0
Ok
einf-176, 39-1
Ordinary message: 192; Emoji: 9; Ordinary message: 17
0
Ok
0
einf-177, 20-9
Ok
-571
Ok
Ok
Ok
einf-178, 33-4
notice: homo-103769; Ordinary message: 259; Ordinary message: 161; notice: homo-6118
Ok
0
0
Ok
0
Ok
einf-179, 23-6
None
er-151, 35-9, 68-6
0
einf-180, 8-6
0
einf-181, 39-2
Ordinary message: 354; Emoji: 3; Ordinary message: 278; Emoji: 0
einf-182, 19-9
er-152, 71-3, 90-3
einf-183, 36-2
0
None
0
None
einf-184, 28-10
er-153, 3-3, 79-6
er-154, 32-6, 86-3
Emoji: 12
Ordinary message: 358; Emoji: 1; Emoji: 11; notice: homo-75337; Ordinary message: 149
0
Ok
Ok
Ok
-443
Ok
Ordinary message: 310; notice: homo-76135; Emoji: 7; Ordinary message: 119
0
0
einf-185, 27-5
Ok
rnf-26, 68-1, 103-3
Ok
Ok
Ok
277
Ok
0
einf-186, 9-1
8
Ok
Emoji: 3; Emoji: 7
einf-187, 10-7
0
None
0
Ok
1842
Ok
einf-188, 40-1
0
0
0
10
einf-189, 22-8
Ok
einf-190, 24-8
Ok
Ordinary message: 310; notice: homo-76135; Emoji: 7; Ordinary message: 119
Ok
Ok
einf-191, 35-6
einf-192, 40-2
0
0
Ok
tinf-50, 1-49
Emoji: 6; Emoji: 12; Emoji: 9; notice: homo-26367; Emoji: 7
-707
0
Ok
einf-193, 18-11
Ok
Ok
Ok
Ok
None
Emoji: 6
0
einf-194, 24-9
tinf-51, 1-50
Ordinary message: 295
Ok
0
0
Ok
pinf-23, 135-1
None
notice: homo-99273; Ordinary message: 154; notice: homo-98624
0
None
0
None
Ok
Ok
Ok
einf-195, 11-11
Emoji: 6; Emoji: 10
einf-196, 26-2
Ok
None
0
0
einf-197, 30-4
None
Emoji: 3; Emoji: 7
Ok
Ok
-852
Emoji: 15; Emoji: 1; notice: homo-26622; Emoji: 4
Ok
Ok
Ok
None
Ok
Ok
einf-198, 38-1
Ok
einf-199, 33-5
notice: homo-99273; Ordinary message: 154; notice: homo-98624
0
Ok
Ok
Ok
Ok
Ordinary message: 358; Emoji: 1; Emoji: 11; notice: homo-75337; Ordinary message: 149
er-155, 2-4, 48-2
0
Ok
einf-200, 40-3
Ok
einf-201, 16-7
einf-202, 7-3
notice: homo-76030; Ordinary message: 269; Ordinary message: 264; notice: homo-79546; notice: homo-80868
Ok
Ok
Ok
Ok
er-156, 14-2, 97-4
Ok
Ok
einf-203, 7-4
Ok
Ok
0
einf-204, 26-3
0
0
0
0
Ok
er-157, 7-2, 12-1
Ok
0
6
Ordinary message: 300; notice: homo-37228; Ordinary message: 185; Ordinary message: 70
Ok
Ok
einf-205, 32-3
0
tinf-52, 1-51
0
Ok
Ok
Ok
einf-206, 8-7
0
einf-207, 14-15
Ok
einf-208, 42-1
Ok
notice: homo-33167; Emoji: 1
rnf-27, 53-1, 108-2
einf-209, 37-2
-237
einf-210, 26-4
Ok
0
Ok
0
Ok
913
0
None
Emoji: 13; notice: homo-27373; Emoji: 0
Ok
Ok
-571
0
Ok
0
Emoji: 11; notice: homo-69524; notice: homo-93536; Ordinary message: 131; Emoji: 7
notice: homo-111144; Emoji: 0
None
Emoji: 6
0
0
0
0
einf-211, 27-6
0
Emoji: 0
Emoji: 5; notice: homo-75921; Emoji: 5
0
Ok
0
er-158, 29-2, 42-2
er-159, 37-3, 71-4
28
einf-212, 41-1
Ok
einf-213, 40-4
Ok
minf-20, 404-1
0
minf-21, 405-1
minf-22, 406-1
Ok
einf-214, 26-5
Ok
0
749
Ok
einf-215, 13-8
minf-23, 407-1
einf-216, 26-6
er-160, 30-3, 37-4
24
eti-6, 1-6
None
notice: homo-35739; notice: homo-33665; Ordinary message: 271; notice: homo-49699; notice: homo-69244
Emoji: 1
0
Ok
0
tinf-53, 1-52
-443
-669
Ok
0
None
Ok
0
0
Ok
Ordinary message: 376; Emoji: 1
Ok
einf-217, 17-8
0
er-161, 1-5, 18-7
Ok
0
Ok
minf-24, 408-1
None
0
rnf-28, 40-1, 110-1
minf-25, 409-1
einf-218, 13-9
0
0
Ok
None
Ok
Emoji: 13
minf-26, 410-1
Emoji: 6
339
10
Ok
Ok
0
Ok
pinf-24, 214-1
0
Ok
None
minf-27, 411-1
0
0
einf-219, 39-3
Ok
minf-28, 412-1
0
None
None
einf-220, 37-3
0
minf-29, 413-1
Ok
Ok
Ok
einf-221, 18-12
Ok
Ok
499
-142
Ok
276
-748
rnf-29, 97-1, 101-9
Ok
einf-222, 24-10
0
None
einf-223, 42-2
tinf-54, 1-53
963
31
Ok
Ok
48
einf-224, 32-4
0
einf-225, 27-7
tinf-55, 1-54
968
einf-226, 38-2
0
Ok
Ok
0
0
None
minf-30, 414-1
einf-227, 43-1
Ok
einf-228, 24-11
Emoji: 11; notice: homo-69524; notice: homo-93536; Ordinary message: 131; Emoji: 7
einf-229, 28-11
er-162, 5-2, 92-8
einf-230, 40-5
0
None
notice: homo-99273; Ordinary message: 154; notice: homo-98624
0
748
853
10
minf-31, 415-1
einf-231, 13-10
-192
notice: homo-99273; Ordinary message: 154; notice: homo-98624
er-163, 7-3, 25-1
Ordinary message: 352; Emoji: 6; notice: homo-61861
einf-232, 13-11
0
None
None
Ok
0
Ok
28
0
Emoji: 7; Ordinary message: 192; Emoji: 9; Ordinary message: 17
Ok
minf-32, 416-1
Emoji: 11; Ordinary message: 198
Ok
-443
notice: homo-76030; Ordinary message: 269; Ordinary message: 264; notice: homo-79546; notice: homo-80868
Ok
None
minf-33, 417-1
0
Ordinary message: 310; notice: homo-76135; Emoji: 7; Ordinary message: 119
Ok
minf-34, 418-1
Ok
None
einf-233, 9-2
er-164, 11-4, 100-2
None
Ok
einf-234, 40-6
None
Emoji: 8; Emoji: 9
548
minf-35, 419-1
minf-36, 420-1
0
Ok
minf-37, 421-1
einf-235, 15-8
Ok
Ok
einf-236, 24-12
Emoji: 0
Ok
None
pinf-25, 177-2
Ok
0
Ok
20
minf-38, 422-1
er-165, 6-3, 22-4
epi-27, 51-2
None
epi-28, 20-2
48
Emoji: 12
367
0
None
notice: homo-47900; Emoji: 1; Emoji: 13; Emoji: 8; notice: homo-40
minf-39, 423-1
er-166, 21-7, 70-6
Ok
Ok
None
Ok
Ok
Ordinary message: 352; Emoji: 6; notice: homo-61861
Ok
minf-40, 424-1
Ok
einf-237, 18-13
minf-41, 425-1
er-167, 19-2, 51-7
Emoji: 7; Ordinary message: 192; Emoji: 9; Ordinary message: 17
Ok
Ok
minf-42, 426-1
minf-43, 427-1
Ordinary message: 381; Ordinary message: 276
Ok
er-168, 16-4, 42-3
None
-443
Ok
epi-29, 18-2
Ok
Ok
0
einf-238, 26-7
einf-239, 28-12
806
Ok
er-169, 33-6, 84-3
er-170, 16-5, 62-3
Ordinary message: 364
12
Ok
minf-44, 428-1
Ok
Ok
einf-240, 16-8
Ok
-443
Ordinary message: 403; Emoji: 19; Emoji: 15; Ordinary message: 393; Emoji: 15
Emoji: 5; notice: homo-75921; Emoji: 5
minf-45, 429-1
0
Ok
minf-46, 430-1
-674
0
Ok
Ok
720
0
Ordinary message: 358; Emoji: 1; Emoji: 11; notice: homo-75337; Ordinary message: 149
Ok
minf-47, 431-1
einf-241, 10-8
Ordinary message: 377; Ordinary message: 373; Emoji: 13; Ordinary message: 326; notice: homo-36261
einf-242, 40-7
Ordinary message: 310; notice: homo-76135; Emoji: 7; Ordinary message: 119
Ok
einf-243, 34-2
Ok
-726
minf-48, 432-1
0
-305
einf-244, 14-16
Ordinary message: 376; Emoji: 1
Ok
Ok
0
einf-245, 14-17
None
-777
einf-246, 12-5
minf-49, 433-1
None
minf-50, 434-1
None
einf-247, 20-10
Emoji: 1
Ok
minf-51, 435-1
Ok
minf-52, 436-1
None
Ordinary message: 361
Ordinary message: 310; notice: homo-76135; Emoji: 7; Ordinary message: 119
minf-53, 437-1
-499
0
12
51
716
Emoji: 3; Emoji: 8; Ordinary message: 240
7
Ok
er-171, 2-5, 99-6
einf-248, 32-5
Ok
einf-249, 9-3
0
None
Ok
einf-250, 45-1
minf-54, 438-1
Ok
eti-7, 1-7
einf-251, 13-12
Ok
None
einf-252, 8-8
0
epi-30, 73-1
tinf-56, 1-55
einf-253, 41-2
Emoji: 13
Ok
er-172, 25-2, 30-4
einf-254, 10-9
Ok
einf-255, 44-1
er-173, 59-5, 64-4
None
Ok
einf-256, 19-10
notice: homo-72610
Emoji: 0
0
minf-55, 439-1
None
None
0
einf-257, 46-1
einf-258, 38-3
einf-259, 20-11
40
7
er-174, 16-6, 27-6
minf-56, 440-1
einf-260, 42-3
0
er-175, 72-5, 98-6
0
0
Ordinary message: 361
Ok
minf-57, 441-1
einf-261, 44-2
er-176, 28-3, 100-3
0
einf-262, 14-18
0
Ordinary message: 345
einf-263, 33-6
einf-264, 27-8
0
minf-58, 442-1
tinf-57, 1-56
-443
minf-59, 443-1
Ok
Ok
0
Ok
Ok
Ok
The person with this number does not exist
einf-265, 34-3
Ordinary message: 399; notice: homo-27278
None
Ok
Ordinary message: 399; notice: homo-27278
Ok
einf-266, 25-6
Ok
124
einf-267, 42-4
Ok
0
Emoji: 13
None
notice: homo-83200; Ordinary message: 247; Emoji: 2
minf-60, 444-1
einf-268, 37-4
er-177, 20-3, 80-3
Emoji: 2; Ordinary message: 343; notice: homo-24184; Ordinary message: 121
minf-61, 445-1
notice: homo-58967
0
Ordinary message: 300; notice: homo-37228; Ordinary message: 185; Ordinary message: 70
None
Ordinary message: 73
Ok
548
einf-269, 32-6
0
notice: homo-111551; Emoji: 3; Ordinary message: 308; Emoji: 11; Emoji: 7
0
Ok
minf-62, 446-1
minf-63, 447-1
Ok
einf-270, 19-11
0
0
minf-64, 448-1
0
None
0
einf-271, 20-12
einf-272, 27-9
Ok
None
Ordinary message: 403; Emoji: 19; Emoji: 15; Ordinary message: 393; Emoji: 15
eti-8, 1-8
Ok
Ok
Emoji: 6; Emoji: 12; Emoji: 9; notice: homo-26367; Emoji: 7
minf-65, 449-1
einf-273, 28-13
Ok
einf-274, 33-7
4
0
Emoji: 10; notice: homo-108503
minf-66, 450-1
minf-67, 451-1
minf-68, 452-1
Ok
Ordinary message: 403; Emoji: 19; Emoji: 15; Ordinary message: 393; Emoji: 15
0
minf-69, 453-1
0
pinf-26, 123-1
1463
Ordinary message: 403; Emoji: 19; Emoji: 15; Ordinary message: 393; Emoji: 15
Ok
Ok
minf-70, 454-1
0
0
Ok
0
tinf-58, 1-57
minf-71, 455-1
einf-275, 40-8
Ok
913
er-178, 27-7, 77-4
Ok
einf-276, 45-2
minf-72, 456-1
Ok
The person with this number does not exist
0
einf-277, 21-10
None
Ok
einf-278, 34-4
None
einf-279, 16-9
34
minf-73, 457-1
notice: homo-47900; Emoji: 1; Emoji: 13; Emoji: 8; notice: homo-40
0
einf-280, 37-5
Ok
minf-74, 458-1
tinf-59, 1-58
einf-281, 17-9
minf-75, 459-1
2
1842
624
Ok
einf-282, 15-9
Ok
minf-76, 460-1
0
0
Ok
1771
0
None
einf-283, 38-4
Ok
einf-284, 42-5
einf-285, 30-5
einf-286, 7-5
einf-287, 33-8
0
minf-77, 461-1
None
Ok
tinf-60, 1-59
Ok
Ok
Tag does not exist
None
einf-288, 17-10
einf-289, 41-3
einf-290, 18-14
einf-291, 14-19
notice: homo-107383; notice: homo-59783; Emoji: 5; Emoji: 6; notice: homo-5587
minf-78, 462-1
minf-79, 463-1
Ok
einf-292, 20-13
rnf-30, 54-1, 106-3
Ok
notice: homo-99273; Ordinary message: 154; notice: homo-98624
eti-9, 1-9
0
er-179, 3-4, 18-8
1463
Ok
The person with this number does not exist
0
minf-80, 464-1
Ok
Ok
0
Ok
Tag does not exist
Ok
None
notice: homo-76030; Ordinary message: 269; Ordinary message: 264; notice: homo-79546; notice: homo-80868
er-180, 66-3, 96-1
Ok
einf-293, 42-6
34
er-181, 6-4, 19-3
einf-294, 36-3
einf-295, 19-12
Ok
768
einf-296, 46-2
Emoji: 11
-618
None
Ordinary message: 400; Ordinary message: 367; Emoji: 7; notice: homo-66332; Ordinary message: 101
None
Ok
er-182, 17-3, 36-3
notice: homo-99273; Ordinary message: 154; notice: homo-98624
367
0
0
None
er-183, 64-5, 75-2
398
0
0
Ok
minf-81, 465-1
einf-297, 25-7
Ok
einf-298, 44-3
0
Ok
tinf-61, 1-60
-443
Emoji: 5; notice: homo-93921
einf-299, 32-7
minf-82, 466-1
Ok
7
The person with this number does not exist
einf-300, 29-7
er-184, 63-4, 66-4
0
minf-83, 467-1
einf-301, 10-10
notice: homo-16180; Ordinary message: 384; notice: homo-14472; Emoji: 4; Emoji: 4
0
er-185, 78-2, 79-7
None
Ok
0
eti-10, 1-10
notice: homo-111144; Emoji: 0
Ok
Ok
minf-84, 468-1
Ok
minf-85, 469-1
Ok
None
er-186, 51-8, 53-5
Ok
epi-31, 94-2
1771
er-187, 24-4, 91-4
minf-86, 470-1
Ok
None
0
Ok
einf-302, 29-8
Ordinary message: 345
Ok
0
0
einf-303, 21-11
Ok
Ok
0
10
Ok
minf-87, 471-1
None
Ok
einf-304, 7-6
None
0
Ok
Ok
Ok
31
er-188, 13-4, 18-9
0
einf-305, 46-3
Emoji: 5; notice: homo-75921; Emoji: 5
Ok
Ok
0
einf-306, 15-10
Ok
367
minf-88, 472-1
0
0
Ok
Ok
Ok
minf-89, 473-1
None
einf-307, 41-4
minf-90, 474-1
None
None
epi-32, 3-1
0
Ok
Ok
er-189, 19-4, 95-5
None
24
None
321
Ok
einf-308, 41-5
Ok
0
0
einf-309, 49-1
tinf-62, 1-61
0
minf-91, 475-1
einf-310, 16-10
0
einf-311, 8-9
Ok
Ok
einf-312, 38-5
Ok
einf-313, 12-6
Emoji: 1
Ordinary message: 377; Ordinary message: 373; Emoji: 13; Ordinary message: 326; notice: homo-36261
Tag does not exist
0
er-190, 2-6, 19-5
Ok
tinf-63, 1-62
0
einf-314, 17-11
Ordinary message: 403; Emoji: 19; Emoji: 15; Ordinary message: 393; Emoji: 15
Ok
minf-92, 476-1
minf-93, 477-1
einf-315, 31-6
einf-316, 47-1
Ok
Ok
398
Ok
einf-317, 32-8
einf-318, 32-9
0
Emoji: 0
0
Ok
minf-94, 478-1
notice: homo-35739; notice: homo-33665; Ordinary message: 271; notice: homo-49699; notice: homo-69244
Ok
minf-95, 479-1
0
epi-33, 75-1
None
pinf-27, 187-1
einf-319, 26-8
einf-320, 44-4
einf-321, 41-6
0
0
24
None
notice: homo-103769; Ordinary message: 259; Ordinary message: 161; notice: homo-6118
tinf-64, 1-63
Ok
Ok
tinf-65, 1-64
0
einf-322, 43-2
minf-96, 480-1
minf-97, 481-1
0
Ok
0
0
minf-98, 482-1
Ok
minf-99, 483-1
0
pinf-28, 126-1
einf-323, 14-20
einf-324, 49-2
er-191, 32-7, 62-4
0
None
er-192, 10-2, 31-2
er-193, 60-5, 81-4
None
None
notice: homo-58967
0
Ordinary message: 364
er-194, 21-8, 42-4
2
16
Emoji: 10; notice: homo-108503
einf-325, 38-6
einf-326, 24-13
Emoji: 15; Emoji: 1; notice: homo-26622; Emoji: 4
Ok
Emoji: 5; notice: homo-93921
0
minf-100, 484-1
Ordinary message: 350
einf-327, 34-5
Ok
er-195, 15-7, 28-4
Tag does not exist
minf-101, 485-1
Ok
einf-328, 42-7
0
tinf-66, 1-65
er-196, 61-2, 65-2
einf-329, 15-11
epi-34, 112-1
Ok
Emoji: 13; notice: homo-27373; Emoji: 0
minf-102, 486-1
None
0
er-197, 60-6, 82-4
tinf-67, 1-66
276
0
0
0
einf-330, 28-14
-737
0
Ok
-539
0
Ok
Ok
Ok
tinf-68, 1-67
einf-331, 11-12
einf-332, 9-4
Ok
Emoji: 13; notice: homo-27373; Emoji: 0
Emoji: 5; notice: homo-75921; Emoji: 5
7
Ordinary message: 277; Emoji: 11; Emoji: 8; notice: homo-85316
tinf-69, 1-68
0
0
Ok
einf-333, 24-14
minf-103, 487-1
minf-104, 488-1
er-198, 51-9, 61-3
minf-105, 489-1
0
Ok
einf-334, 17-12
0
0
None
minf-106, 490-1
einf-335, 38-7
Ok
Ok
0
Emoji: 18; Ordinary message: 93
einf-336, 35-7
einf-337, 19-13
None
minf-107, 491-1
Ok
10
einf-338, 50-1
einf-339, 38-8
einf-340, 40-9
The person with this number does not exist
minf-108, 492-1
er-199, 67-2, 82-5
minf-109, 493-1
None
Ok
einf-341, 36-4
minf-110, 494-1
0
minf-111, 495-1
0
einf-342, 25-8
Ok
26
Ok
minf-112, 496-1
minf-113, 497-1
Ok
Ordinary message: 295
749
einf-343, 42-8
Emoji: 1
minf-114, 498-1
0
0
7
0
einf-344, 50-2
0
einf-345, 7-7
minf-115, 499-1
tinf-70, 1-69
Ok
einf-346, 31-7
minf-116, 500-1
einf-347, 44-5
tinf-71, 1-70
The person with this number does not exist
Ok
0
tinf-72, 1-71
Ok
minf-117, 501-1
notice: homo-47900; Emoji: 1; Emoji: 13; Emoji: 8; notice: homo-40
Ok
Ok
0
er-200, 16-7, 87-3
Ok
None
einf-348, 26-9
er-201, 71-5, 75-3
er-202, 12-2, 47-2
er-203, 41-5, 72-6
minf-118, 502-1
1463
0
minf-119, 503-1
0
Ok
Ok
notice: homo-111144; Emoji: 0
Ok
Ordinary message: 377; Ordinary message: 373; Emoji: 13; Ordinary message: 326; notice: homo-36261
Ok
minf-120, 504-1
minf-121, 505-1
einf-349, 43-3
er-204, 69-3, 75-4
Ok
0
tinf-73, 1-72
Ok
einf-350, 17-13
Ok
0
Ok
Ordinary message: 337
0
0
Ordinary message: 352; Emoji: 6; notice: homo-61861
einf-351, 17-14
Ok
tinf-74, 1-73
Emoji: 6; Emoji: 10
er-205, 33-7, 56-6
None
-828
None
einf-352, 21-12
einf-353, 20-14
er-206, 45-3, 46-2
913
einf-354, 31-8
er-207, 24-5, 100-4
41
epi-35, 103-1
minf-122, 506-1
einf-355, 42-9
Ok
Ok
einf-356, 28-15
minf-123, 507-1
0
einf-357, 16-11
0
Ok
einf-358, 37-6
0
einf-359, 47-2
0
einf-360, 44-6
Emoji: 3; notice: homo-69255; Ordinary message: 217; Emoji: 6
0
Ordinary message: 277; Emoji: 11; Emoji: 8; notice: homo-85316
None
6
Ok
-707
einf-361, 16-12
None
Ok
einf-362, 44-7
einf-363, 31-9
tinf-75, 1-74
902
epi-36, 22-1
Ok
Ok
einf-364, 32-10
er-208, 7-4, 21-9
einf-365, 31-10
None
einf-366, 12-7
einf-367, 49-3
er-209, 13-5, 124-1
Ok
Ok
51
Ok
einf-368, 47-3
0
0
0
einf-369, 36-5
tinf-76, 1-75
Emoji: 10; notice: homo-108503
Ok
0
0
minf-124, 508-1
Ok
einf-370, 16-13
minf-125, 509-1
Tag does not exist
er-210, 24-6, 92-9
0
Ordinary message: 399; notice: homo-27278
einf-371, 34-6
minf-126, 510-1
Ok
Ok
Ok
epi-37, 6-1
0
er-211, 9-4, 46-3
minf-127, 511-1
einf-372, 8-10
0
minf-128, 512-1
Ok
Ok
0
minf-129, 513-1
Ok
einf-373, 25-9
minf-130, 514-1
einf-374, 19-14
Ok
pinf-29, 242-1
Emoji: 3; notice: homo-71083; notice: homo-18895
Ok
7
The person with this number does not exist
einf-375, 10-11
rnf-31, 92-1, 107-1
Ok
Ok
Ok
einf-376, 25-10
einf-377, 52-1
Ok
Ordinary message: 295
None
Ok
0
einf-378, 41-7
minf-131, 515-1
notice: homo-76030; Ordinary message: 269; Ordinary message: 264; notice: homo-79546; notice: homo-80868
minf-132, 516-1
Ok
0
pinf-30, 148-2
minf-133, 517-1
Emoji: 1
minf-134, 518-1
0
Ok
Ordinary message: 300; notice: homo-37228; Ordinary message: 185; Ordinary message: 70
0
einf-379, 24-15
0
einf-380, 48-1
0
0
Ok
Ok
notice: homo-111144; Emoji: 0
0
Ok
389
0
minf-135, 519-1
Ok
minf-136, 520-1
er-212, 22-5, 23-4
807
einf-381, 39-4
Emoji: 10; notice: homo-89322; Emoji: 8; notice: homo-95988; Ordinary message: 168
Ok
minf-137, 521-1
Ok
0
einf-382, 27-10
Ok
Ok
einf-383, 26-10
einf-384, 19-15
einf-385, 51-1
Ok
0
Ok
tinf-77, 1-76
minf-138, 522-1
er-213, 90-4, 95-6
minf-139, 523-1
tinf-78, 1-77
minf-140, 524-1
None
einf-386, 50-3
0
notice: homo-58967
minf-141, 525-1
Ok
Emoji: 0
Ok
Ok
None
einf-387, 15-12
minf-142, 526-1
Ok
minf-143, 527-1
notice: homo-89616; Emoji: 9; notice: homo-106865; Emoji: 8; Ordinary message: 6
einf-388, 21-13
Ok
einf-389, 15-13
minf-144, 528-1
The person with this number does not exist
Ordinary message: 400; Ordinary message: 367; Emoji: 7; notice: homo-66332; Ordinary message: 101
Ok
0
Emoji: 3; notice: homo-71083; notice: homo-18895
0
124
er-214, 67-3, 85-3
Ok
minf-145, 529-1
einf-390, 46-4
0
None
minf-146, 530-1
einf-391, 33-9
notice: homo-72610
einf-392, 18-15
Emoji: 13; notice: homo-27373; Emoji: 0
0
Ok
Ok
minf-147, 531-1
minf-148, 532-1
0
Ok
einf-393, 44-8
Ok
minf-149, 533-1
Ok
Ok
einf-394, 13-13
0
er-215, 3-5, 85-4
None
Ok
Ok
None
einf-395, 45-3
0
-1809
einf-396, 28-16
None
Ok
einf-397, 30-6
minf-150, 534-1
Ok
0
minf-151, 535-1
einf-398, 34-7
er-216, 20-4, 58-5
34
einf-399, 28-17
Ok
einf-400, 20-15
Ok
minf-152, 536-1
0
Ok
None
None
minf-153, 537-1
Emoji: 6
0
minf-154, 538-1
Ok
Ok
None
Ok
0
None
Ok
Emoji: 18; Ordinary message: 93
tinf-79, 1-78
Ok
Ordinary message: 358; Emoji: 1; Emoji: 11; notice: homo-75337; Ordinary message: 149
Ok
einf-401, 45-4
None
einf-402, 37-7
None
minf-155, 539-1
er-217, 10-3, 40-4
2
minf-156, 540-1
Ordinary message: 277; Emoji: 11; Emoji: 8; notice: homo-85316
0
-118
einf-403, 47-4
902
None
einf-404, 40-10
Ok
286
367
None
Emoji: 11; Ordinary message: 198
einf-405, 43-4
0
0
einf-406, 9-5
12
Ok
None
Ok
0
einf-407, 24-16
0
er-218, 55-5, 57-6
Ordinary message: 403; Emoji: 19; Emoji: 15; Ordinary message: 393; Emoji: 15
Ok
minf-157, 541-1
Ok
einf-408, 51-2
Ok
Ok
Ok
einf-409, 20-16
einf-410, 8-11
0
Ok
einf-411, 17-15
einf-412, 26-11
0
pinf-31, 189-1
Ok
Ok
einf-413, 15-14
Emoji: 6
einf-414, 14-21
Ok
epi-38, 85-1
einf-415, 46-5
Ok
einf-416, 56-1
48
None
minf-158, 542-1
Ok
einf-417, 54-1
Ok
None
Ok
minf-159, 543-1
0
Ok
einf-418, 14-22
Tag does not exist
Tag does not exist
Ok
Ok
Ok
notice: homo-72610
einf-419, 55-1
Ok
Ok
4
einf-420, 28-18
Ok
0
Ordinary message: 399; notice: homo-27278
einf-421, 50-4
einf-422, 49-4
1322
-840
Ok
Ok
Ok
0
minf-160, 544-1
einf-423, 29-9
minf-161, 545-1
rnf-32, 31-1, 124-1
minf-162, 546-1
minf-163, 547-1
er-219, 13-6, 37-5
Emoji: 7; Ordinary message: 192; Emoji: 9; Ordinary message: 17
Ok
eti-11, 1-11
Ok
41
0
Ok
einf-424, 31-11
einf-425, 33-10
8
0
minf-164, 548-1
10
Ok
0
minf-165, 549-1
Ok
minf-166, 550-1
Emoji: 3; notice: homo-69255; Ordinary message: 217; Emoji: 6
er-220, 10-4, 34-6
Ok
Ok
Ok
Ok
minf-167, 551-1
einf-426, 34-8
Ordinary message: 358; Emoji: 1; Emoji: 11; notice: homo-75337; Ordinary message: 149
0
0
768
7
einf-427, 25-11
The person with this number does not exist
minf-168, 552-1
0
Ok
Ordinary message: 354; Emoji: 3; Ordinary message: 278; Emoji: 0
-737
-828
0
0
Ok
einf-428, 42-10
0
minf-169, 553-1
minf-170, 554-1
0
minf-171, 555-1
-912
einf-429, 45-5
Ok
einf-430, 48-2
0
Ok
einf-431, 44-9
einf-432, 13-14
minf-172, 556-1
einf-433, 55-2
einf-434, 11-13
Ok
Ok
None
er-221, 70-7, 75-5
None
0
-1121
minf-173, 557-1
0
0
minf-174, 558-1
minf-175, 559-1
0
minf-176, 560-1
minf-177, 561-1
minf-178, 562-1
0
Ok
er-222, 103-1, 115-1
rnf-33, 68-2, 117-4
0
minf-179, 563-1
Ok
Ok
-439
minf-180, 564-1
tinf-80, 1-79
Ok
minf-181, 565-1
er-223, 18-10, 94-5
Ok
Ok
minf-182, 566-1
epi-39, 34-1
Ok
minf-183, 567-1
einf-435, 7-8
einf-436, 36-6
einf-437, 51-3
Ok
einf-438, 48-3
Ok
einf-439, 52-2
Emoji: 3; Emoji: 8; Ordinary message: 240
einf-440, 16-14
minf-184, 568-1
Ok
tinf-81, 1-80
0
None
einf-441, 8-12
None
Emoji: 0
er-224, 48-3, 53-6
tinf-82, 1-81
einf-442, 52-3
Ok
Ok
None
Ok
0
er-225, 58-6, 70-8
rnf-34, 20-1, 121-1
einf-443, 56-2
einf-444, 25-12
0
einf-445, 13-15
Ok
Ok
minf-185, 569-1
0
6
Ok
Ok
einf-446, 26-12
None
Ok
einf-447, 12-8
0
einf-448, 16-15
Ok
0
Ok
minf-186, 570-1
tinf-83, 1-82
51
minf-187, 571-1
einf-449, 21-14
0
Ok
er-226, 30-5, 35-10
861
er-227, 58-7, 88-7
-674
Ok
er-228, 17-4, 81-5
-1809
Ok
Ok
0
minf-188, 572-1
Ok
einf-450, 30-7
minf-189, 573-1
minf-190, 574-1
tinf-84, 1-83
None
eti-12, 1-12
minf-191, 575-1
Emoji: 6
einf-451, 50-5
minf-192, 576-1
epi-40, 17-1
einf-452, 56-3
0
0
minf-193, 577-1
Ok
minf-194, 578-1
einf-453, 51-4
0
tinf-85, 1-84
einf-454, 49-5
0
0
notice: homo-103769; Ordinary message: 259; Ordinary message: 161; notice: homo-6118
None
Ok
einf-455, 17-16
Ok
einf-456, 52-4
Ok
Ok
Ok
Ok
er-229, 51-10, 73-5
einf-457, 32-11
None
-439
Ok
499
einf-458, 8-13
einf-459, 29-10
Ok
einf-460, 32-12
Ok
notice: homo-72610
124
notice: homo-58967
Ordinary message: 345
-443
einf-461, 32-13
2
0
-539
Ok
Ok
minf-195, 579-1
Ok
tinf-86, 1-85
er-230, 48-4, 68-7
minf-196, 580-1
Emoji: 12
0
minf-197, 581-1
Ok
0
Ok
-411
Ordinary message: 337
Ok
er-231, 32-8, 81-6
einf-462, 34-9
Ok
pinf-32, 131-1
einf-463, 46-6
Ok
einf-464, 46-7
Ok
Ok
0
0
einf-465, 45-6
Ok
einf-466, 53-1
einf-467, 13-16
einf-468, 52-5
0
einf-469, 29-11
minf-198, 582-1
Ok
einf-470, 19-16
minf-199, 583-1
einf-471, 10-12
einf-472, 20-17
er-232, 31-3, 71-6
Ok
er-233, 84-4, 91-5
minf-200, 584-1
0
Ok
Ok
minf-201, 585-1
Ordinary message: 361
er-234, 40-5, 56-7
minf-202, 586-1
einf-473, 35-8
einf-474, 26-13
er-235, 49-6, 90-5
Ok
minf-203, 587-1
minf-204, 588-1
Ordinary message: 352; Emoji: 6
einf-475, 16-16
0
-912
einf-476, 38-9
10
einf-477, 31-12
0
einf-478, 22-9
None
Ok
Ok
einf-479, 14-23
einf-480, 39-5
einf-481, 41-8
0
Ok
er-236, 29-3, 98-7
einf-482, 14-24
0
Emoji: 6
853
minf-205, 589-1
er-237, 8-6, 52-5
Emoji: 7; Ordinary message: 192; Emoji: 9; Ordinary message: 17
epi-41, 115-1
notice: homo-47900; Emoji: 1; Emoji: 13; Emoji: 8; notice: homo-40
einf-483, 25-13
0
Ok
Ok
epi-42, 123-1
minf-206, 590-1
Ok
minf-207, 591-1
einf-484, 40-11
-669
minf-208, 592-1
einf-485, 50-6
minf-209, 593-1
None
einf-486, 34-10
minf-210, 594-1
minf-211, 595-1
Ok
None
einf-487, 53-2
einf-488, 9-6
0
einf-489, 17-17
None
0
tinf-87, 1-86
0
er-238, 53-7, 80-4
einf-490, 15-15
einf-491, 34-11
None
minf-212, 596-1
Ok
Emoji: 8; Emoji: 9
minf-213, 597-1
0
minf-214, 598-1
minf-215, 599-1
0
einf-492, 15-16
Ok
Ok
28
0
pinf-33, 256-1
minf-216, 600-1
Ok
0
einf-493, 26-14
minf-217, 601-1
minf-218, 602-1
0
einf-494, 54-2
einf-495, 57-1
0
Ok
Ok
0
Ok
Ok
Ok
minf-219, 603-1
Tag does not exist
einf-496, 45-7
Emoji: 18; Ordinary message: 93
Ok
0
einf-497, 8-14
Ok
einf-498, 12-9
548
minf-220, 604-1
Ok
einf-499, 59-1
Ok
einf-500, 27-11
minf-221, 605-1
minf-222, 606-1
minf-223, 607-1
notice: homo-76030; Ordinary message: 269; Ordinary message: 264; notice: homo-79546; notice: homo-80868
minf-224, 608-1
-134
einf-501, 56-4
einf-502, 10-13
None
minf-225, 609-1
Ok
minf-226, 610-1
Emoji: 6
Ok
einf-503, 24-17
-443
None
0
minf-227, 611-1
einf-504, 21-15
0
tinf-88, 1-87
notice: homo-76030; Ordinary message: 269; Ordinary message: 264; notice: homo-79546; notice: homo-80868
Ok
tinf-89, 1-88
Ok
einf-505, 50-7
Ok
Ok
er-239, 6-5, 33-8
einf-506, 14-25
Ok
None
minf-228, 612-1
minf-229, 613-1
minf-230, 614-1
Ok
einf-507, 24-18
einf-508, 55-3
Emoji: 0
Ok
Ok
None
0
minf-231, 615-1
0
-737
einf-509, 22-10
Ok
einf-510, 33-11
45
0
Ok
Ok
er-240, 2-7, 36-4
tinf-90, 1-89
-499
einf-511, 19-17
einf-512, 30-8
Ok
8
minf-232, 616-1
Ok
minf-233, 617-1
Ok
0
er-241, 6-6, 73-6
minf-234, 618-1
minf-235, 619-1
None
0
None
0
41
Emoji: 11
minf-236, 620-1
-840
er-242, 49-7, 71-7
0
tinf-91, 1-90
einf-513, 46-8
0
Ok
Ordinary message: 386; notice: homo-53037; Emoji: 3; Emoji: 4
minf-237, 621-1
einf-514, 17-18
0
er-243, 12-3, 46-4
notice: homo-47900; Emoji: 1; Emoji: 13; Emoji: 8; notice: homo-40
Ok
Ok
0
einf-515, 27-12
0
minf-238, 622-1
Ordinary message: 399; notice: homo-27278
minf-239, 623-1
None
notice: homo-35739; notice: homo-33665; Ordinary message: 271; notice: homo-49699; notice: homo-69244
None
einf-516, 21-16
Ok
Emoji: 1
Ok
minf-240, 624-1
einf-517, 38-10
Ordinary message: 277; Emoji: 11; Emoji: 8; notice: homo-85316
0
0
0
einf-518, 45-8
Ok
0
-705
einf-519, 52-6
pinf-34, 194-1
Ok
None
0
Ok
einf-520, 30-9
einf-521, 59-2
4
minf-241, 625-1
Ok
Ok
Ok
51
0
Ok
tinf-92, 1-91
Ok
Ok
einf-522, 37-8
0
einf-523, 56-5
None
einf-524, 48-4
Ok
0
Ok
Ok
Emoji: 6; Emoji: 12; Emoji: 9; notice: homo-26367; Emoji: 7
minf-242, 626-1
None
0
Ok
Ok
minf-243, 627-1
einf-525, 54-3
einf-526, 29-12
None
tinf-93, 1-92
4
0
Ok
6
eti-13, 1-13
einf-527, 57-2
Tag does not exist
einf-528, 38-11
Ok
einf-529, 18-16
-411
einf-530, 19-18
er-244, 27-8, 93-4
Ok
0
Ok
Ordinary message: 381; Ordinary message: 276
Ok
0
0
einf-531, 35-9
einf-532, 33-12
None
0
The person with this number does not exist
minf-244, 628-1
minf-245, 629-1
einf-533, 32-14
Ok
einf-534, 26-15
-443
None
-704
Ok
minf-246, 630-1
31
-237
Ordinary message: 237; Emoji: 4; notice: homo-16029; Ordinary message: 75
Ok
34
minf-247, 631-1
Ok
Ok
einf-535, 14-26
notice: homo-103769; Ordinary message: 259; Ordinary message: 161; notice: homo-6118
Ok
Ok
0
Ok
minf-248, 632-1
minf-249, 633-1
einf-536, 24-19
0
Ok
minf-250, 634-1
einf-537, 47-5
10
Ok
Ok
einf-538, 22-11
Emoji: 11; Ordinary message: 198
Ok
einf-539, 20-18
er-245, 23-5, 65-3
einf-540, 16-17
0
Ok
einf-541, 9-7
16
None
er-246, 54-4, 68-8
er-247, 33-9, 50-5
einf-542, 18-17
Ordinary message: 364
Ok
Ok
None
Ok
minf-251, 635-1
minf-252, 636-1
einf-543, 11-14
einf-544, 25-14
minf-253, 637-1
tinf-94, 1-93
Ok
Emoji: 0
einf-545, 22-12
Ok
minf-254, 638-1
tinf-95, 1-94
None
0
einf-546, 11-15
minf-255, 639-1
minf-256, 640-1
minf-257, 641-1
einf-547, 39-6
einf-548, 21-17
minf-258, 642-1
0
Ok
einf-549, 39-7
einf-550, 21-18
er-248, 8-7, 43-5
minf-259, 643-1
0
Ok
Ok
Ok
0
Ok
Ok
notice: homo-83200; Ordinary message: 247; Emoji: 2
minf-260, 644-1
0
einf-551, 24-20
Ok
minf-261, 645-1
0
minf-262, 646-1
-1028
einf-552, 37-9
Ok
Ok
Ok
einf-553, 7-9
einf-554, 54-4
minf-263, 647-1
Ok
0
minf-264, 648-1
minf-265, 649-1
0
minf-266, 650-1
Ok
0
0
er-249, 71-8, 79-8
Ok
er-250, 6-7, 46-5
Ok
minf-267, 651-1
0
Emoji: 10; notice: homo-89322; Emoji: 8; notice: homo-95988; Ordinary message: 168
Ok
er-251, 41-6, 86-4
Ok
einf-555, 25-15
Ok
None
minf-268, 652-1
Emoji: 18; Ordinary message: 93
Ok
4
Ok
Ok
minf-269, 653-1
Ok
einf-556, 16-18
None
einf-557, 31-13
0
0
Ok
Ok
None
er-252, 7-5, 29-4
rnf-35, 110-2, 123-1
minf-270, 654-1
None
minf-271, 655-1
Emoji: 3
0
Ok
er-253, 14-3, 43-6
Emoji: 12; Ordinary message: 194
minf-272, 656-1
Ok
einf-558, 21-19
einf-559, 56-6
0
0
einf-560, 48-5
Ok
Ok
einf-561, 15-17
6
Ok
Ok
None
minf-273, 657-1
einf-562, 24-21
einf-563, 41-9
0
minf-274, 658-1
0
0
minf-275, 659-1
einf-564, 8-15
einf-565, 60-1
einf-566, 34-12
einf-567, 39-8
Ok
0
0
minf-276, 660-1
einf-568, 29-13
epi-43, 106-1
0
minf-277, 661-1
0
0
Ok
Ok
minf-278, 662-1
notice: homo-76030; Ordinary message: 269; Ordinary message: 264; notice: homo-79546; notice: homo-80868
0
minf-279, 663-1
Ok
Ok
Ok
er-254, 80-5, 88-8
0
minf-280, 664-1
minf-281, 665-1
861
minf-282, 666-1
0
einf-569, 29-14
einf-570, 62-1
Ok
Ok
Ok
Ok
notice: homo-47900; Emoji: 1; Emoji: 13; Emoji: 8; notice: homo-40
None
er-255, 21-10, 95-7
The person with this number does not exist
minf-283, 667-1
0
-443
minf-284, 668-1
0
minf-285, 669-1
minf-286, 670-1
minf-287, 671-1
einf-571, 17-19
0
Ok
einf-572, 24-22
minf-288, 672-1
None
Ok
0
0
Ordinary message: 403; Emoji: 19; Emoji: 15; Ordinary message: 393; Emoji: 15
Ok
er-256, 78-3, 80-6
minf-289, 673-1
Ok
einf-573, 39-9
Ok
einf-574, 54-5
einf-575, 41-10
eti-14, 1-14
eti-15, 1-15
minf-290, 674-1
853
minf-291, 675-1
Ok
einf-576, 27-13
einf-577, 68-1
einf-578, 52-7
276
einf-579, 39-10
None
minf-292, 676-1
853
None
tinf-96, 1-95
Ok
Tag does not exist
er-257, 52-6, 59-6
minf-293, 677-1
None
Ok
minf-294, 678-1
einf-580, 22-13
None
tinf-97, 1-96
einf-581, 23-7
einf-582, 8-16
Ok
minf-295, 679-1
None
einf-583, 66-1
einf-584, 18-18
einf-585, 45-9
0
minf-296, 680-1
0
0
0
0
notice: homo-103769; Ordinary message: 259; Ordinary message: 161; notice: homo-6118
einf-586, 35-10
notice: homo-103769; Ordinary message: 259; Ordinary message: 161; notice: homo-6118
None
Ordinary message: 399; notice: homo-27278
0
tinf-98, 1-97
None
er-258, 40-6, 73-7
einf-587, 10-14
Ok
Ok
8
minf-297, 681-1
einf-588, 17-20
264
einf-589, 25-16
einf-590, 23-8
einf-591, 25-17
0
Ok
einf-592, 25-18
Ok
Ok
0
einf-593, 29-15
Ok
einf-594, 15-18
er-259, 14-4, 94-6
notice: homo-63687; Emoji: 7; notice: homo-11158; Ordinary message: 94; notice: homo-55122
Ok
er-260, 6-8, 93-5
einf-595, 46-9
minf-298, 682-1
0
Ordinary message: 386; notice: homo-53037; Emoji: 3; Emoji: 4
Tag does not exist
er-261, 25-3, 92-10
None
Ok
er-262, 50-6, 54-5
epi-44, 60-1
minf-299, 683-1
minf-300, 684-1
Ok
0
0
einf-596, 66-2
Ok
er-263, 34-7, 47-3
Ok
Ok
Ok
None
0
None
tinf-99, 1-98
minf-301, 685-1
notice: homo-99273; Ordinary message: 154; notice: homo-98624
None
None
einf-597, 15-19
None
Ok
624
minf-302, 686-1
-874
None
einf-598, 21-20
einf-599, 45-10
0
34
er-264, 17-5, 41-7
einf-600, 60-2
er-265, 17-6, 35-11
0
einf-601, 37-10
einf-602, 30-10
0
0
124
0
-726
minf-303, 687-1
einf-603, 36-7
notice: homo-63687; Emoji: 7; notice: homo-11158; Ordinary message: 94; notice: homo-55122
Ok
Ok
Emoji: 0
Ok
einf-604, 24-23
minf-304, 688-1
minf-305, 689-1
Ok
minf-306, 690-1
Ok
er-266, 34-8, 76-2
Ok
Ok
einf-605, 47-6
None
einf-606, 8-17
einf-607, 15-20
0
Ordinary message: 377; Ordinary message: 373; Emoji: 13; Ordinary message: 326; notice: homo-36261
einf-608, 45-11
Emoji: 13
minf-307, 691-1
Ok
einf-609, 40-12
minf-308, 692-1
minf-309, 693-1
einf-610, 28-19
0
Ok
0
Ordinary message: 350
Ok
notice: homo-107383; notice: homo-59783; Emoji: 5; Emoji: 6; notice: homo-5587
None
einf-611, 60-3
Ok
einf-612, 38-12
einf-613, 12-10
Ok
0
einf-614, 25-19
None
Ok
einf-615, 50-8
minf-310, 694-1
einf-616, 28-20
0
Ok
einf-617, 61-1
einf-618, 14-27
Emoji: 13; notice: homo-27373; Emoji: 0
0
Ok
einf-619, 13-17
None
minf-311, 695-1
276
0
Ok
Ok
minf-312, 696-1
einf-620, 50-9
einf-621, 45-12
Ok
0
Ok
einf-622, 17-21
notice: homo-16180; Ordinary message: 384; notice: homo-14472; Emoji: 4; Emoji: 4
Ordinary message: 377; Ordinary message: 373; Emoji: 13; Ordinary message: 326; notice: homo-36261
einf-623, 17-22
None
minf-313, 697-1
None
Ok
einf-624, 54-6
0
0
1008
Ok
0
0
minf-314, 698-1
0
0
0
0
Ok
einf-625, 43-5
minf-315, 699-1
Ok
einf-626, 66-3
0
0
einf-627, 32-15
Emoji: 1
einf-628, 25-20
minf-316, 700-1
0
0
0
Ok
0
Ok
Ok
Tag does not exist
einf-629, 72-1
Ok
einf-630, 24-24
Ordinary message: 399; notice: homo-27278
minf-317, 701-1
-704
einf-631, 55-4
notice: homo-83200; Ordinary message: 247; Emoji: 2
Ok
einf-632, 22-14
Ok
0
minf-318, 702-1
Ok
tinf-100, 1-99
Ok
0
Ok
Emoji: 11; Ordinary message: 198
minf-319, 703-1
0
0
notice: homo-47900; Emoji: 1; Emoji: 13; Emoji: 8; notice: homo-40
einf-633, 33-13
Ok
einf-634, 30-11
einf-635, 31-14
einf-636, 29-16
einf-637, 17-23
er-267, 91-6, 97-5
Ok
28
minf-320, 704-1
Ok
0
pinf-35, 204-1
minf-321, 705-1
einf-638, 58-1
Ok
tinf-101, 1-100
0
Ordinary message: 73
er-268, 74-3, 83-3
einf-639, 7-10
minf-322, 706-1
einf-640, 51-5
Ok
51
tinf-102, 1-101
Ok
0
Ordinary message: 73
epi-45, 15-1
minf-323, 707-1
tinf-103, 1-102
Ok
minf-324, 708-1
einf-641, 36-8
Ok
0
0
minf-325, 709-1
None
er-269, 31-4, 55-6
er-270, 15-8, 77-5
einf-642, 27-14
None
minf-326, 710-1
Ok
Ok
er-271, 51-11, 67-4
Emoji: 18; Ordinary message: 93
einf-643, 73-1
-1121
einf-644, 15-21
None
minf-327, 711-1
minf-328, 712-1
Ok
minf-329, 713-1
0
er-272, 21-11, 79-9
einf-645, 29-17
Ok
Ok
Ok
minf-330, 714-1
notice: homo-77123; Emoji: 0
einf-646, 44-10
Ok
einf-647, 31-15
einf-648, 28-21
notice: homo-16180; Ordinary message: 384; notice: homo-14472; Emoji: 4; Emoji: 4
tinf-104, 1-103
einf-649, 73-2
Ok
0
None
None
einf-650, 56-7
minf-331, 715-1
Ok
0
einf-651, 23-9
minf-332, 716-1
minf-333, 717-1
0
Ok
einf-652, 18-19
0
0
None
einf-653, 74-1
0
0
Ok
None
Ok
minf-334, 718-1
-439
The person with this number does not exist
0
einf-654, 20-19
minf-335, 719-1
Emoji: 0
0
None
Emoji: 6
einf-655, 40-13
einf-656, 66-4
None
epi-46, 42-1
minf-336, 720-1
minf-337, 721-1
einf-657, 8-18
minf-338, 722-1
Ok
None
41
Ok
minf-339, 723-1
Tag does not exist
None
Ok
Ok
0
einf-658, 35-11
einf-659, 75-1
epi-47, 126-1
einf-660, 71-1
0
0
minf-340, 724-1
-704
einf-661, 62-2
einf-662, 38-13
einf-663, 30-12
minf-341, 725-1
einf-664, 69-1
minf-342, 726-1
einf-665, 10-15
minf-343, 727-1
er-273, 28-5, 61-4
0
einf-666, 65-1
einf-667, 28-22
Ok
Ok
Ok
Emoji: 12
einf-668, 61-2
None
Ok
minf-344, 728-1
-539
Ok
-828
None
minf-345, 729-1
Emoji: 13; Emoji: 11; Emoji: 3; Emoji: 7
0
Ok
None
minf-346, 730-1
einf-669, 47-7
minf-347, 731-1
minf-348, 732-1
notice: homo-111551; Emoji: 3; Ordinary message: 308; Emoji: 11; Emoji: 7
Emoji: 10; notice: homo-108503
None
Ordinary message: 354; Emoji: 3; Ordinary message: 278; Emoji: 0
Ok
minf-349, 733-1
minf-350, 734-1
einf-670, 57-3
Ok
einf-671, 25-21
0
None
0
-840
0
minf-351, 735-1
Emoji: 3; notice: homo-69255; Ordinary message: 217; Emoji: 6
einf-672, 58-2
Emoji: 5; notice: homo-75921; Emoji: 5
einf-673, 62-3
minf-352, 736-1
minf-353, 737-1
None
einf-674, 75-2
einf-675, 21-21
einf-676, 23-10
None
-436
0
None
0
Ok
einf-677, 26-16
minf-354, 738-1
0
0
0
Ok
er-274, 93-6, 98-8
einf-678, 26-17
None
minf-355, 739-1
einf-679, 26-18
notice: homo-89616; Emoji: 9; notice: homo-106865; Emoji: 8; Ordinary message: 6
0
einf-680, 34-13
minf-356, 740-1
None
0
notice: homo-63687; Emoji: 7; notice: homo-11158; Ordinary message: 94; notice: homo-55122
minf-357, 741-1
367
Ok
1842
minf-358, 742-1
0
Ok
einf-681, 67-1
None
einf-682, 25-22
Emoji: 13
Ok
1096
Tag does not exist
0
minf-359, 743-1
er-275, 53-8, 61-5
0
einf-683, 70-1
Ok
einf-684, 39-11
Ok
minf-360, 744-1
einf-685, 21-22
einf-686, 15-22
None
0
None
minf-361, 745-1
0
er-276, 11-5, 93-7
eti-16, 1-16
0
None
0
notice: homo-63687; Emoji: 7; notice: homo-11158; Ordinary message: 94; notice: homo-55122
einf-687, 66-5
minf-362, 746-1
Ok
einf-688, 45-13
minf-363, 747-1
0
0
0
notice: homo-111551; Emoji: 3; Ordinary message: 308; Emoji: 11; Emoji: 7
einf-689, 47-8
Ok
Emoji: 6
Ok
1771
Ok
Ok
Ok
0
einf-690, 31-16
minf-364, 748-1
einf-691, 63-1
minf-365, 749-1
er-277, 5-3, 22-6
Ordinary message: 352; Emoji: 6
Ok
minf-366, 750-1
minf-367, 751-1
einf-692, 51-6
Ordinary message: 361
er-278, 50-7, 75-6
einf-693, 7-11
0
minf-368, 752-1
er-279, 2-8, 87-4
0
None
einf-694, 74-2
er-280, 15-9, 58-8
0
The person with this number does not exist
notice: homo-83200; Ordinary message: 247; Emoji: 2
einf-695, 13-18
Ok
notice: homo-33167; Emoji: 1
None
minf-369, 753-1
minf-370, 754-1
einf-696, 11-16
er-281, 56-8, 86-5
None
er-282, 79-10, 94-7
rnf-36, 94-1, 124-2
Ok
-618
einf-697, 30-13
minf-371, 755-1
einf-698, 40-14
Ordinary message: 345
minf-372, 756-1
einf-699, 39-12
epi-48, 101-1
er-283, 47-4, 85-5
einf-700, 50-10
Ok
minf-373, 757-1
51
notice: homo-16180; Ordinary message: 384; notice: homo-14472; Emoji: 4; Emoji: 4
einf-701, 25-23
Emoji: 6; Emoji: 12; Emoji: 9; notice: homo-26367; Emoji: 7
einf-702, 71-2
None
Emoji: 7; Ordinary message: 192; Emoji: 9; Ordinary message: 17
Ok
minf-374, 758-1
minf-375, 759-1
epi-49, 14-1
Ok
einf-703, 64-1
0
minf-376, 760-1
1712
Ok
minf-377, 761-1
None
0
Ok
minf-378, 762-1
0
Ok
Ok
minf-379, 763-1
minf-380, 764-1
Ordinary message: 386; notice: homo-53037; Emoji: 3; Emoji: 4
0
0
Ok
einf-704, 75-3
0
0
362
0
einf-705, 59-3
28
None
rnf-37, 30-1, 128-1
minf-381, 765-1
0
0
einf-706, 52-8
0
er-284, 40-7, 64-6
minf-382, 766-1
0
276
Ok
einf-707, 70-2
Ok
Ok
notice: homo-111551; Emoji: 3; Ordinary message: 308; Emoji: 11; Emoji: 7
0
Ok
einf-708, 34-14
einf-709, 30-14
None
367
minf-383, 767-1
Ok
Emoji: 10; notice: homo-89322; Emoji: 8; notice: homo-95988; Ordinary message: 168
Ok
Ok
Ok
None
Ordinary message: 399; notice: homo-27278
minf-384, 768-1
Ok
einf-710, 54-7
Ok
0
Ok
0
0
Ok
minf-385, 769-1
1096
minf-386, 770-1
Ok
einf-711, 50-11
None
Ok
Ok
minf-387, 771-1
Ok
0
0
0
minf-388, 772-1
Ok
None
einf-712, 39-13
Ok
einf-713, 11-17
Ok
None
einf-714, 61-3
tinf-105, 1-104
minf-389, 773-1
Ok
None
er-285, 41-8, 43-7
notice: homo-89616; Emoji: 9; notice: homo-106865; Emoji: 8; Ordinary message: 6
0
-1028
Ok
0
0
None
minf-390, 774-1
Ok
einf-715, 43-6
Emoji: 1
minf-391, 775-1
Ok
-874
einf-716, 66-6
einf-717, 47-9
einf-718, 72-2
Ok
0
Ok
einf-719, 73-3
eti-17, 1-17
720
einf-720, 20-20
Ok
notice: homo-58967
Ok
0
Ok
Ok
Ok
minf-392, 776-1
einf-721, 17-24
Ok
None
er-286, 2-9, 40-8
Ordinary message: 364
einf-722, 57-4
Ok
minf-393, 777-1
-726
er-287, 18-11, 36-5
Tag does not exist
minf-394, 778-1
pinf-36, 180-1
Ordinary message: 354; Emoji: 3; Ordinary message: 278; Emoji: 0
136
-874
minf-395, 779-1
Emoji: 6
minf-396, 780-1
minf-397, 781-1
Ok
rnf-38, 1-19, 132-1
Emoji: 11
einf-723, 70-3
Ok
einf-724, 22-15
Ok
einf-725, 29-18
einf-726, 69-2
0
None
minf-398, 782-1
einf-727, 25-24
0
None
er-288, 4-2, 95-8
0
Ok
minf-399, 783-1
0
None
0
minf-400, 784-1
minf-401, 785-1
einf-728, 51-7
einf-729, 39-14
Ok
einf-730, 36-9
Ok
einf-731, 65-2
einf-732, 41-11
0
Ok
Ok
minf-402, 786-1
0
minf-403, 787-1
minf-404, 788-1
Ok
0
tinf-106, 1-105
Ok
tinf-107, 1-106
einf-733, 27-15
-237
398
Ok
0
Emoji: 10; notice: homo-108503
Ok
Ok
None
None
minf-405, 789-1
None
0
tinf-108, 1-107
einf-734, 46-10
minf-406, 790-1
minf-407, 791-1
0
einf-735, 43-7
einf-736, 78-1
einf-737, 62-4
einf-738, 68-2
einf-739, 58-3
-469
Ok
minf-408, 792-1
tinf-109, 1-108
Emoji: 3
None
Ok
0
Ok
Ok
0
einf-740, 35-12
Ok
26
einf-741, 76-1
Emoji: 13; Emoji: 11; Emoji: 3; Emoji: 7
None
Emoji: 13; Emoji: 11; Emoji: 3; Emoji: 7
minf-409, 793-1
er-289, 60-7, 67-5
0
None
er-290, 25-4, 77-6
notice: homo-77123; Emoji: 0
Emoji: 8; Emoji: 9
Ok
0
None
tinf-110, 1-109
0
0
einf-742, 54-8
0
Emoji: 12
0
Ok
None
Ok
minf-410, 794-1
minf-411, 795-1
0
minf-412, 796-1
1008
einf-743, 78-2
Ok
minf-413, 797-1
Ok
20
0
-571
er-291, 44-2, 79-11
Ok
Ok
124
einf-744, 68-3
rnf-39, 107-2, 126-1
999
einf-745, 28-23
0
Ok
einf-746, 60-4
einf-747, 38-14
einf-748, 57-5
notice: homo-103769; Ordinary message: 259; Ordinary message: 161; notice: homo-6118
er-292, 8-8, 115-2
Ok
minf-414, 798-1
minf-415, 799-1
0
einf-749, 65-3
Ok
einf-750, 10-16
minf-416, 800-1
Ok
einf-751, 29-19
0
einf-752, 46-11
Ordinary message: 295
Ok
Ok
None
einf-753, 30-15
minf-417, 801-1
0
einf-754, 44-11
Ok
Ok
minf-418, 802-1
einf-755, 59-4
Emoji: 13
einf-756, 67-2
10
minf-419, 803-1
Ok
Ordinary message: 277; Emoji: 11; Emoji: 8; notice: homo-85316
0
minf-420, 804-1
minf-421, 805-1
Ok
None
Ok
minf-422, 806-1
None
0
Ok
einf-757, 20-21
minf-423, 807-1
None
0
minf-424, 808-1
Ok
minf-425, 809-1
einf-758, 62-5
Ok
minf-426, 810-1
0
Ok
Ok
einf-759, 54-9
Ok
einf-760, 56-8
Ok
minf-427, 811-1
-571
None
None
minf-428, 812-1
0
Ok
rnf-40, 1-20, 136-1
er-293, 66-5, 100-5
minf-429, 813-1
None
None
minf-430, 814-1
minf-431, 815-1
Ordinary message: 361
Ordinary message: 237; Emoji: 4; notice: homo-16029; Ordinary message: 75
eti-18, 1-18
minf-432, 816-1
einf-761, 64-2
minf-433, 817-1
minf-434, 818-1
minf-435, 819-1
Ok
minf-436, 820-1
Ok
0
0
Ok
Ok
rnf-41, 114-2, 119-1
-118
0
Ok
Tag does not exist
0
Ordinary message: 319; Ordinary message: 303
minf-437, 821-1
6
0
minf-438, 822-1
einf-762, 11-18
rnf-42, 1-21, 132-2
minf-439, 823-1
minf-440, 824-1
minf-441, 825-1
0
Ok
0
minf-442, 826-1
einf-763, 8-19
einf-764, 55-5
0
er-294, 22-7, 27-9
einf-765, 70-4
0
Ok
Ok
0
Ok
einf-766, 80-1
einf-767, 73-4
Ok
None
minf-443, 827-1
0
None
einf-768, 28-24
tinf-111, 1-110
Ok
minf-444, 828-1
einf-769, 51-8
minf-445, 829-1
Ok
notice: homo-63687; Emoji: 7; notice: homo-11158; Ordinary message: 94; notice: homo-55122
0
Ok
0
einf-770, 23-11
Ok
epi-50, 85-2
minf-446, 830-1
einf-771, 63-2
Ok
minf-447, 831-1
epi-51, 51-3
Ok
tinf-112, 1-111
Ordinary message: 277; Emoji: 11; Emoji: 8; notice: homo-85316
0
0
Ok
0
einf-772, 34-15
None
minf-448, 832-1
0
Ok
einf-773, 67-3
er-295, 26-7, 98-9
einf-774, 75-4
-1809
minf-449, 833-1
0
0
0
0
einf-775, 15-23
minf-450, 834-1
einf-776, 14-28
einf-777, 25-25
Ok
Ordinary message: 321; Emoji: 2; notice: homo-31621
minf-451, 835-1
The person with this number does not exist
Ok
minf-452, 836-1
minf-453, 837-1
minf-454, 838-1
tinf-113, 1-112
None
None
einf-778, 14-29
minf-455, 839-1
Emoji: 13; notice: homo-27373; Emoji: 0
epi-52, 27-1
minf-456, 840-1
epi-53, 54-2
Emoji: 12
Ok
einf-779, 53-3
minf-457, 841-1
499
24
Ordinary message: 354; Emoji: 3; Ordinary message: 278; Emoji: 0
Ordinary message: 399; notice: homo-27278
Ok
0
None
0
einf-780, 37-11
Ordinary message: 400; Ordinary message: 367; Emoji: 7; notice: homo-66332; Ordinary message: 101
einf-781, 19-19
tinf-114, 1-113
None
einf-782, 10-17
None
Ok
Ok
Ok
Ok
Ok
None
minf-458, 842-1
einf-783, 54-10
Ok
er-296, 41-9, 107-1
einf-784, 70-5
Emoji: 11
0
einf-785, 80-2
Ok
0
einf-786, 82-1
einf-787, 43-8
einf-788, 84-1
Ok
einf-789, 26-19
48
0
einf-790, 10-18
minf-459, 843-1
einf-791, 74-3
0
notice: homo-99273; Ordinary message: 154; notice: homo-98624
einf-792, 48-6
0
0
einf-793, 43-9
0
einf-794, 61-4
einf-795, 29-20
Ok
einf-796, 35-13
0
einf-797, 22-16
Ok
Ok
notice: homo-33167; Emoji: 1
Ok
Emoji: 18; Ordinary message: 93
epi-54, 7-1
-134
notice: homo-47900; Emoji: 1; Emoji: 13; Emoji: 8; notice: homo-40
einf-798, 27-16
0
0
Ok
0
0
0
einf-799, 79-1
Ok
einf-800, 79-2
0
Ok
0
None
-443
einf-801, 33-14
einf-802, 82-2
notice: homo-33167; Emoji: 1
einf-803, 18-20
einf-804, 41-12
Ok
0
einf-805, 29-21
None
51
Ok
Ok
er-297, 35-12, 54-6
0
tinf-115, 1-114
Ok
Ok
minf-460, 844-1
Ok
-726
0
einf-806, 39-15
Emoji: 13; notice: homo-27373; Emoji: 0
Emoji: 11; Ordinary message: 198
minf-461, 845-1
einf-807, 82-3
minf-462, 846-1
einf-808, 28-25
None
Ok
Emoji: 8; Emoji: 9
Ok
0
1322
Ok
Ok
epi-55, 115-2
Tag does not exist
Ok
0
0
Ordinary message: 337
einf-809, 85-1
notice: homo-16180; Ordinary message: 384; notice: homo-14472; Emoji: 4; Emoji: 4
einf-810, 7-12
0
0
Ok
0
minf-463, 847-1
einf-811, 85-2
0
Ordinary message: 352; Emoji: 6
None
rnf-43, 46-1, 122-1
einf-812, 17-25
einf-813, 48-7
Ok
minf-464, 848-1
einf-814, 62-6
er-298, 25-5, 75-7
Ordinary message: 350
minf-465, 849-1
1463
-499
0
Ordinary message: 237; Emoji: 4; notice: homo-16029; Ordinary message: 75
einf-815, 45-14
einf-816, 76-2
einf-817, 26-20
einf-818, 83-1
0
einf-819, 26-21
notice: homo-35739; notice: homo-33665; Ordinary message: 271; notice: homo-49699; notice: homo-69244
einf-820, 51-9
Ok
minf-466, 850-1
einf-821, 45-15
einf-822, 41-13
None
minf-467, 851-1
epi-56, 14-2
Ok
Ok
Ok
er-299, 59-7, 86-6
Ok
Ok
0
0
None
Ok
notice: homo-103769; Ordinary message: 259; Ordinary message: 161; notice: homo-6118
Ok
None
einf-823, 7-13
0
0
er-300, 19-6, 30-6
Ok
minf-468, 852-1
None
einf-824, 16-19
-669
Ok
0
0
8
0
Ok
minf-469, 853-1
minf-470, 854-1
Ok
None
1096
Ok
er-301, 13-7, 83-4
einf-825, 80-3
Emoji: 2; Ordinary message: 343; notice: homo-24184; Ordinary message: 121
None
None
Ok
minf-471, 855-1
minf-472, 856-1
0
eti-19, 1-19
epi-57, 57-1
minf-473, 857-1
Ok
einf-826, 39-16
minf-474, 858-1
eti-20, 1-20
Emoji: 0
einf-827, 26-22
epi-58, 65-1
einf-828, 67-4
0
einf-829, 7-14
The person with this number does not exist
None
0
minf-475, 859-1
499
minf-476, 860-1
Ordinary message: 381; Ordinary message: 276
0
einf-830, 79-3
8
minf-477, 861-1
1678
0
Ok
None
Emoji: 5; Ordinary message: 347
einf-831, 54-11
Emoji: 7; Ordinary message: 192; Emoji: 9; Ordinary message: 17
Ok
Emoji: 13; notice: homo-27373; Emoji: 0
rnf-44, 94-2, 105-2
minf-478, 862-1
einf-832, 24-25
Emoji: 6
tinf-116, 1-115
0
Ok
None
Ok
minf-479, 863-1
rnf-45, 61-1, 118-1
einf-833, 81-1
Ok
Ok
einf-834, 36-10
minf-480, 864-1
rnf-46, 89-1, 124-3
Ok
0
er-302, 25-6, 73-8
Ok
-674
einf-835, 56-9
None
minf-481, 865-1
einf-836, 75-5
0
Ok
Ok
0
-118
minf-482, 866-1
einf-837, 64-3
einf-838, 16-20
minf-483, 867-1
einf-839, 73-5
Ok
0
Ok
tinf-117, 1-116
0
minf-484, 868-1
epi-59, 4-1
0
einf-840, 30-16
er-303, 48-5, 51-12
einf-841, 82-4
minf-485, 869-1
Emoji: 13
Ok
er-304, 3-6, 43-8
einf-842, 46-12
Ordinary message: 237; Emoji: 4; notice: homo-16029; Ordinary message: 75
rnf-47, 12-1, 122-2
None
0
None
einf-843, 53-4
Ok
minf-486, 870-1
er-305, 2-10, 34-9
einf-844, 35-14
minf-487, 871-1
0
None
Ok
0
1463
Ok
Emoji: 6
minf-488, 872-1
Ok
1712
einf-845, 53-5
Ordinary message: 237; Emoji: 4; notice: homo-16029; Ordinary message: 75
einf-846, 39-17
None
The person with this number does not exist
Ok
Emoji: 13; notice: homo-27373; Emoji: 0
Ok
Ok
Ok
er-306, 3-7, 72-7
None
Ok
0
Ok
minf-489, 873-1
einf-847, 16-21
4
Ok
0
Ok
er-307, 28-6, 100-6
minf-490, 874-1
362
0
tinf-118, 1-117
minf-491, 875-1
minf-492, 876-1
0
0
einf-848, 45-16
er-308, 4-3, 41-10
0
einf-849, 74-4
notice: homo-76030; Ordinary message: 269; Ordinary message: 264; notice: homo-79546; notice: homo-80868
0
minf-493, 877-1
einf-850, 33-15
Ok
0
Emoji: 10; notice: homo-89322; Emoji: 8; notice: homo-95988; Ordinary message: 168
pinf-37, 174-1
0
er-309, 22-8, 60-8
einf-851, 60-5
minf-494, 878-1
minf-495, 879-1
minf-496, 880-1
minf-497, 881-1
minf-498, 882-1
-669
minf-499, 883-1
Ok
None
einf-852, 30-17
Ok
Emoji: 11; notice: homo-69524; notice: homo-93536; Ordinary message: 131; Emoji: 7
0
0
Emoji: 6
einf-853, 86-1
Ok
einf-854, 30-18
Ordinary message: 345
Ordinary message: 73
pinf-38, 255-1
16
Ok
einf-855, 40-15
minf-500, 884-1
Ok
None
Ok
einf-856, 15-24
epi-60, 95-2
0
0
Ok
einf-857, 45-17
minf-501, 885-1
Ok
Ok
Ok
minf-502, 886-1
Ok
0
0
0
Ok
einf-858, 33-16
0
0
Ok
51
Ordinary message: 358; Emoji: 1; Emoji: 11; Ordinary message: 149; Emoji: 1
einf-859, 38-15
0
er-310, 4-4, 47-5
Ok
minf-503, 887-1
Ok
einf-860, 36-11
-443
Ok
0
minf-504, 888-1
Ok
einf-861, 16-22
einf-862, 21-23
Ordinary message: 361
einf-863, 61-5
0
minf-505, 889-1
Ok
None
Ok
notice: homo-63687; Emoji: 7; notice: homo-11158; Ordinary message: 94; notice: homo-55122
Ordinary message: 319; Ordinary message: 303
einf-864, 42-11
Ok
tinf-119, 1-118
None
Ok
einf-865, 87-1
Ok
minf-506, 890-1
Ok
minf-507, 891-1
Ok
tinf-120, 1-119
0
0
einf-866, 23-12
Ok
Ok
einf-867, 51-10
48
einf-868, 8-20
Ok
Ok
Ok
0
einf-869, 26-23
Ok
Ok
einf-870, 67-5
minf-508, 892-1
0
Ok
einf-871, 38-16
eti-21, 1-21
0
einf-872, 78-3
Ok
minf-509, 893-1
Ok
Ordinary message: 354; Emoji: 3; Ordinary message: 278; Emoji: 0
minf-510, 894-1
1678
0
Ok
einf-873, 23-13
Ok
einf-874, 70-6
einf-875, 16-23
Ok
0
er-311, 66-6, 95-9
einf-876, 53-6
0
einf-877, 59-5
er-312, 39-7, 83-5
Ok
Emoji: 6; Emoji: 10
einf-878, 25-26
Ok
Ok
Ok
einf-879, 39-18
0
0
minf-511, 895-1
Ok
Ok
0
Emoji: 3
0
einf-880, 87-2
minf-512, 896-1
Ok
einf-881, 18-21
Ok
None
er-313, 66-7, 67-6
minf-513, 897-1
Ok
minf-514, 898-1
0
Ok
pinf-39, 196-1
minf-515, 899-1
eti-22, 1-22
31
0
minf-516, 900-1
minf-517, 901-1
minf-518, 902-1
-207
Ok
einf-882, 76-3
Ok
Ok
Ok
einf-883, 74-5
Ok
-436
notice: homo-103769; Ordinary message: 259; Ordinary message: 161; notice: homo-6118
einf-884, 58-4
minf-519, 903-1
einf-885, 44-12
Emoji: 15; Emoji: 1; notice: homo-26622; Emoji: 4
0
286
Emoji: 8; Emoji: 9
None
Ok
None
Ok
minf-520, 904-1
eti-23, 1-23
minf-521, 905-1
einf-886, 17-26
Ok
einf-887, 81-2
0
Ok
Ok
Ok
0
Ok
40
minf-522, 906-1
0
einf-888, 63-3
einf-889, 86-2
einf-890, 33-17
minf-523, 907-1
pinf-40, 270-1
einf-891, 42-12
einf-892, 12-11
er-314, 71-9, 93-8
minf-524, 908-1
einf-893, 79-4
Ok
Ok
0
eti-24, 1-24
Ok
Ok
einf-894, 52-9
0
0
0
1418
Ok
0
minf-525, 909-1
0
None
0
Ordinary message: 350
0
Ok
einf-895, 18-22
er-315, 42-5, 69-4
minf-526, 910-1
0
Ok
minf-527, 911-1
einf-896, 68-4
einf-897, 7-15
Ordinary message: 295
einf-898, 69-3
einf-899, 86-3
Ok
Ok
einf-900, 9-8
None
einf-901, 44-13
276
Ok
0
None
minf-528, 912-1
Ok
Ok
er-316, 53-9, 95-10
notice: homo-76030; Ordinary message: 269; Ordinary message: 264; notice: homo-79546; notice: homo-80868
-1809
Ok
Ok
einf-902, 24-26
minf-529, 913-1
None
-134
eti-25, 1-25
einf-903, 31-17
Ok
-499
einf-904, 12-12
0
minf-530, 914-1
0
einf-905, 23-14
Ok
einf-906, 22-17
einf-907, 24-27
minf-531, 915-1
rnf-48, 55-1, 109-1
minf-532, 916-1
minf-533, 917-1
Ok
einf-908, 75-6
Ok
einf-909, 39-19
None
None
Ok
Ordinary message: 319; Ordinary message: 303
124
Ok
Ok
einf-910, 32-16
einf-911, 63-4
einf-912, 62-7
Ok
einf-913, 12-13
0
einf-914, 11-19
None
1096
Ok
26
Ok
Ok
Emoji: 2; Ordinary message: 343; notice: homo-24184; Ordinary message: 121
minf-534, 918-1
0
Ok
einf-915, 22-18
Ok
0
None
None
None
Emoji: 7; Ordinary message: 192; Emoji: 9; Ordinary message: 17
Ok
tinf-121, 1-120
Ok
Ok
er-317, 20-5, 23-6
Ok
einf-916, 77-1
Ok
Ok
Ok
minf-535, 919-1
Ok
Ok
einf-917, 57-6
einf-918, 50-12
einf-919, 30-19
12
einf-920, 7-16
Ok
minf-536, 920-1
None
Ordinary message: 345
0
0
Ok
0
minf-537, 921-1
Ok
Ok
minf-538, 922-1
minf-539, 923-1
minf-540, 924-1
Ok
einf-921, 57-7
0
minf-541, 925-1
Ok
Emoji: 1
0
Ok
minf-542, 926-1
0
notice: homo-16180; Ordinary message: 384; notice: homo-14472; Emoji: 4; Emoji: 4
einf-922, 60-6
einf-923, 89-1
Ordinary message: 275
einf-924, 49-6
einf-925, 60-7
er-318, 32-9, 98-10
Ok
Ok
einf-926, 78-4
einf-927, 61-6
0
0
1096
0
Ok
er-319, 25-7, 99-7
minf-543, 927-1
0
einf-928, 8-21
0
Ok
Ordinary message: 399; notice: homo-27278
einf-929, 81-3
Ok
Ok
Ok
Ordinary message: 354; Emoji: 3; Ordinary message: 278; Emoji: 0
0
Emoji: 0
Ok
Ok
einf-930, 89-2
einf-931, 10-19
minf-544, 928-1
minf-545, 929-1
Ok
Emoji: 3; Emoji: 8; Ordinary message: 240
einf-932, 69-4
notice: homo-111551; Emoji: 3; Ordinary message: 308; Emoji: 11; Emoji: 7
er-320, 19-7, 83-6
Ok
einf-933, 58-5
Ok
einf-934, 31-18
minf-546, 930-1
0
einf-935, 70-7
Ok
0
0
Emoji: 5; Ordinary message: 347
None
0
Ok
minf-547, 931-1
Ok
None
minf-548, 932-1
20
eti-26, 1-26
rnf-49, 62-1, 103-4
-674
0
Ok
einf-936, 19-20
Emoji: 11; Ordinary message: 198
einf-937, 77-2
minf-549, 933-1
minf-550, 934-1
einf-938, 30-20
Emoji: 2; Ordinary message: 343; notice: homo-24184; Ordinary message: 121
einf-939, 83-2
0
-443
Ok
einf-940, 17-27
minf-551, 935-1
einf-941, 83-3
None
Ok
0
Ok
Ok
minf-552, 936-1
einf-942, 37-12
0
0
0
er-321, 76-3, 81-7
Ordinary message: 295
tinf-122, 1-121
minf-553, 937-1
einf-943, 30-21
Ok
0
minf-554, 938-1
Ok
eti-27, 1-27
einf-944, 89-3
Emoji: 11
Ok
-499
Ok
minf-555, 939-1
einf-945, 29-22
0
0
Ok
0
Ok
Ok
einf-946, 39-20
Ok
0
minf-556, 940-1
Ok
Ok
0
einf-947, 93-1
einf-948, 52-10
einf-949, 38-17
rnf-50, 46-2, 137-1
0
Ok
Ok
Ok
None
None
Ok
minf-557, 941-1
einf-950, 67-6
Ok
Ok
minf-558, 942-1
None
0
2
0
-443
0
Ok
Ok
0
None
Ok
0
einf-951, 41-14
minf-559, 943-1
epi-61, 108-1
0
Emoji: 5; Ordinary message: 347
0
minf-560, 944-1
None
Ok
Ok
einf-952, 60-8
Ok
6
notice: homo-16180; Ordinary message: 384; notice: homo-14472; Emoji: 4; Emoji: 4
Ok
Ok
0
rnf-51, 3-1, 132-3
er-322, 39-8, 109-1
er-323, 1-6, 82-6
einf-953, 73-6
minf-561, 945-1
notice: homo-76030; Ordinary message: 269; Ordinary message: 264; notice: homo-79546; notice: homo-80868
Emoji: 13
einf-954, 78-5
None
0
einf-955, 39-21
minf-562, 946-1
0
einf-956, 35-15
minf-563, 947-1
Ok
0
Ok
41
0
minf-564, 948-1
Tag does not exist
einf-957, 24-28
einf-958, 21-24
Ok
0
einf-959, 84-2
0
10
minf-565, 949-1
minf-566, 950-1
Ok
16
einf-960, 14-30
None
Ok
Emoji: 12; Ordinary message: 194
Ok
0
einf-961, 16-24
0
einf-962, 75-7
Ok
Ok
minf-567, 951-1
None
Ok
einf-963, 24-29
None
Ok
minf-568, 952-1
minf-569, 953-1
0
minf-570, 954-1
913
Emoji: 10; notice: homo-108503
minf-571, 955-1
minf-572, 956-1
minf-573, 957-1
Ordinary message: 399; notice: homo-27278
einf-964, 32-17
None
minf-574, 958-1
einf-965, 28-26
rnf-52, 91-1, 139-1
minf-575, 959-1
einf-966, 16-25
Ordinary message: 358; Emoji: 1; Emoji: 11; Ordinary message: 149; Emoji: 1
None
0
0
0
Ok
Ordinary message: 403; Emoji: 19; Emoji: 15; Ordinary message: 393; Emoji: 15
0
Ok
Ok
0
einf-967, 47-10
minf-576, 960-1
er-324, 45-4, 74-4
einf-968, 44-14
minf-577, 961-1
Ok
0
0
rnf-53, 82-1, 140-1
minf-578, 962-1
Ok
0
None
913
None
einf-969, 69-5
tinf-123, 1-122
None
einf-970, 28-27
einf-971, 53-7
Ok
er-325, 37-6, 51-13
minf-579, 963-1
einf-972, 69-6
Ok
minf-580, 964-1
Ok
einf-973, 80-4
einf-974, 30-22
er-326, 19-8, 92-11
0
Ok
minf-581, 965-1
einf-975, 56-10
7021
einf-976, 39-22
Ok
einf-977, 18-23
minf-582, 966-1
einf-978, 68-5
321
minf-583, 967-1
The person with this number does not exist
Ok
Ok
0
Ordinary message: 73
0
einf-979, 62-8
minf-584, 968-1
Ok
0
0
Ok
einf-980, 58-6
minf-585, 969-1
None
minf-586, 970-1
36
Emoji: 6; Emoji: 10
eti-28, 1-28
minf-587, 971-1
0
0
Ok
Ok
0
minf-588, 972-1
None
einf-981, 29-23
er-327, 9-5, 77-7
0
einf-982, 23-15
Ok
Emoji: 1
Ok
er-328, 82-7, 89-2
Ok
None
Ok
Ok
einf-983, 53-8
0
einf-984, 17-28
Ok
Ok
tinf-124, 1-123
minf-589, 973-1
Ok
None
Ok
None
Ok
Ok
minf-590, 974-1
notice: homo-77123; Emoji: 0
Ok
Ok
einf-985, 75-8
minf-591, 975-1
minf-592, 976-1
tinf-125, 1-124
0
0
Ok
einf-986, 82-5
Emoji: 12
0
minf-593, 977-1
einf-987, 50-13
einf-988, 20-22
None
Ok
None
minf-594, 978-1
einf-989, 30-23
Emoji: 5
einf-990, 19-21
einf-991, 86-4
Emoji: 1
Ok
minf-595, 979-1
Ok
einf-992, 72-3
einf-993, 34-16
einf-994, 16-26
Ok
er-329, 47-6, 55-7
minf-596, 980-1
0
einf-995, 12-14
Ok
rnf-54, 66-2, 108-3
minf-597, 981-1
Ok
einf-996, 56-11
einf-997, 77-3
einf-998, 25-27
Ok
minf-598, 982-1
Ok
Ok
Ok
Ordinary message: 386; notice: homo-53037; Emoji: 3; Emoji: 4
Emoji: 6
einf-999, 39-23
er-330, 10-5, 15-10
einf-1000, 16-27
einf-1001, 68-6
Ok
einf-1002, 71-3
minf-599, 983-1
minf-600, 984-1
Ok
0
einf-1003, 92-1
0
None
Ok
Ok
None
minf-601, 985-1
minf-602, 986-1
minf-603, 987-1
einf-1004, 79-5
minf-604, 988-1
Emoji: 2; Ordinary message: 343; notice: homo-24184; Ordinary message: 121
Ok
0
einf-1005, 94-1
0
minf-605, 989-1
minf-606, 990-1
Emoji: 0
0
einf-1006, 49-7
None
einf-1007, 48-8
minf-607, 991-1
Ok
einf-1008, 31-19
None
0
einf-1009, 21-25
einf-1010, 27-17
einf-1011, 31-20
Ok
pinf-41, 242-2
Ok
Emoji: 13; notice: homo-27373; Emoji: 0
None
tinf-126, 1-125
Emoji: 6
None
minf-608, 992-1
einf-1012, 8-22
Ok
einf-1013, 29-24
minf-609, 993-1
minf-610, 994-1
tinf-127, 1-126
einf-1014, 49-8
Ok
einf-1015, 38-18
Ok
er-331, 5-4, 42-6
Ok
1096
Ok
0
minf-611, 995-1
einf-1016, 66-7
minf-612, 996-1
einf-1017, 46-13
Ordinary message: 277; Emoji: 11; Emoji: 8; notice: homo-85316
einf-1018, 83-4
0
0
einf-1019, 89-4
28
minf-613, 997-1
Ok
minf-614, 998-1
0
einf-1020, 56-12
einf-1021, 79-6
minf-615, 999-1
einf-1022, 40-16
minf-616, 1000-1
einf-1023, 75-9
minf-617, 1001-1
None
Emoji: 15; Emoji: 1; notice: homo-26622; Emoji: 4
Ok
er-332, 8-9, 50-8
minf-618, 1002-1
minf-619, 1003-1
einf-1024, 56-13
0
0
einf-1025, 60-9
minf-620, 1004-1
minf-621, 1005-1
minf-622, 1006-1
1463
Ok
0
Ok
einf-1026, 82-6
0
-1028
None
0
einf-1027, 21-26
einf-1028, 38-19
tinf-128, 1-127
einf-1029, 13-19
0
rnf-55, 96-1, 123-2
einf-1030, 63-5
Ordinary message: 386; notice: homo-53037; Emoji: 3; Emoji: 4
minf-623, 1007-1
0
Ok
0
0
None
minf-624, 1008-1
einf-1031, 84-3
einf-1032, 45-18
einf-1033, 62-9
minf-625, 1009-1
Ok
minf-626, 1010-1
Ok
0
er-333, 34-10, 80-7
Ok
notice: homo-76030; Ordinary message: 269; Ordinary message: 264; notice: homo-79546; notice: homo-80868
einf-1034, 76-4
Ordinary message: 321; Emoji: 2; notice: homo-31621
None
Ok
minf-627, 1011-1
minf-628, 1012-1
Ok
einf-1035, 35-16
Ok
Emoji: 8; Emoji: 9
Ordinary message: 364
0
Ok
minf-629, 1013-1
The person with this number does not exist
None
Ordinary message: 400; Ordinary message: 367; Emoji: 7; notice: homo-66332; Ordinary message: 101
0
0
Ok
einf-1036, 63-6
0
0
einf-1037, 49-9
einf-1038, 35-17
einf-1039, 27-18
einf-1040, 27-19
einf-1041, 15-25
Ok
pinf-42, 289-1
7021
Ok
Ok
notice: homo-77123; Emoji: 0
0
Ok
None
0
Ok
Ordinary message: 381; Ordinary message: 276
einf-1042, 84-4
Ok
einf-1043, 56-14
minf-630, 1014-1
None
einf-1044, 67-7
minf-631, 1015-1
0
0
Ordinary message: 381; Ordinary message: 276
Ok
minf-632, 1016-1
einf-1045, 68-7
0
einf-1046, 17-29
Ok
einf-1047, 39-24
einf-1048, 30-24
0
Ordinary message: 361
Emoji: 8; Emoji: 9
einf-1049, 71-4
15
0
Ok
minf-633, 1017-1
Ok
minf-634, 1018-1
Ok
einf-1050, 10-20
einf-1051, 57-8
Ok
minf-635, 1019-1
Ok
Ok
minf-636, 1020-1
Ok
einf-1052, 84-5
0
minf-637, 1021-1
0
Ok
minf-638, 1022-1
None
Ok
Ok
Ordinary message: 361
0
notice: homo-89616; Emoji: 9; notice: homo-106865; Emoji: 8; Ordinary message: 6
None
Ordinary message: 377; Ordinary message: 373; Emoji: 13; Ordinary message: 326; notice: homo-36261
er-334, 3-8, 54-7
einf-1053, 59-6
0
Ok
Ok
minf-639, 1023-1
einf-1054, 9-9
Ok
pinf-43, 287-1
minf-640, 1024-1
Ok
einf-1055, 57-9
Ok
Ok
Ok
Ok
Ordinary message: 277; Emoji: 11; Emoji: 8; notice: homo-85316
0
pinf-44, 190-1
12
None
Ok
Ok
Ordinary message: 310; notice: homo-76135; Emoji: 7; Ordinary message: 119
Ok
0
0
Ok
einf-1056, 28-28
Ok
0
einf-1057, 80-5
minf-641, 1025-1
0
584
0
None
Ok
None
minf-642, 1026-1
0
748
0
Ok
-705
Ok
Ok
0
einf-1058, 9-10
None
0
minf-643, 1027-1
einf-1059, 93-2
minf-644, 1028-1
Ok
None
minf-645, 1029-1
minf-646, 1030-1
einf-1060, 39-25
Ok
0
Ok
einf-1061, 80-6
einf-1062, 100-1
er-335, 54-8, 62-5
minf-647, 1031-1
0
epi-62, 82-1
einf-1063, 79-7
er-336, 74-5, 92-12
minf-648, 1032-1
Ok
einf-1064, 54-12
er-337, 31-5, 52-7
einf-1065, 84-6
notice: homo-89616; Emoji: 9; notice: homo-106865; Emoji: 8; Ordinary message: 6
None
0
Ok
einf-1066, 32-18
720
Ok
Emoji: 2; Ordinary message: 343; notice: homo-24184; Ordinary message: 121
Ok
276
minf-649, 1033-1
minf-650, 1034-1
0
minf-651, 1035-1
Ok
Ordinary message: 321; Emoji: 2; notice: homo-31621
0
The person with this number does not exist
0
0
0
minf-652, 1036-1
0
Ordinary message: 295
minf-653, 1037-1
einf-1067, 25-28
Ordinary message: 403; Emoji: 19; Emoji: 15; Ordinary message: 393; Emoji: 15
minf-654, 1038-1
einf-1068, 49-10
Ok
7
The person with this number does not exist
0
Ok
minf-655, 1039-1
0
Ok
0
er-338, 68-9, 83-7
Ok
minf-656, 1040-1
minf-657, 1041-1
Ok
minf-658, 1042-1
Ok
Ok
minf-659, 1043-1
Ok
minf-660, 1044-1
Ordinary message: 352; Emoji: 6
einf-1069, 93-3
minf-661, 1045-1
0
einf-1070, 11-20
minf-662, 1046-1
einf-1071, 80-7
0
0
minf-663, 1047-1
Ok
Ok
Ok
einf-1072, 87-3
748
einf-1073, 18-24
einf-1074, 98-1
einf-1075, 27-20
einf-1076, 26-24
Ok
er-339, 86-7, 94-8
rnf-56, 6-1, 121-2
einf-1077, 13-20
notice: homo-89616; Emoji: 9; notice: homo-106865; Emoji: 8; Ordinary message: 6
minf-664, 1048-1
0
einf-1078, 55-6
minf-665, 1049-1
0
Ok
Ordinary message: 358; Emoji: 1; Emoji: 11; Ordinary message: 149; Emoji: 1
None
Ok
notice: homo-63687; Emoji: 7; notice: homo-11158; Ordinary message: 94; notice: homo-55122
einf-1079, 67-8
None
minf-666, 1050-1
807
None
pinf-45, 234-1
einf-1080, 73-7
minf-667, 1051-1
einf-1081, 93-4
0
minf-668, 1052-1
Ordinary message: 352; Emoji: 6
minf-669, 1053-1
None
einf-1082, 74-6
Ok
0
0
minf-670, 1054-1
0
0
Ok
0
0
er-340, 13-8, 49-8
0
einf-1083, 81-4
minf-671, 1055-1
None
Ok
0
einf-1084, 43-10
Ok
Ok
einf-1085, 70-8
tinf-129, 1-128
Emoji: 6; Emoji: 10
rnf-57, 68-3, 120-1
eti-29, 1-29
einf-1086, 58-7
einf-1087, 16-28
0
minf-672, 1056-1
epi-63, 14-3
minf-673, 1057-1
einf-1088, 7-17
einf-1089, 76-5
48
Ordinary message: 321; Emoji: 2; notice: homo-31621
None
einf-1090, 76-6
minf-674, 1058-1
einf-1091, 91-1
Ok
minf-675, 1059-1
Ok
40
0
Ok
None
None
einf-1092, 71-5
Ok
Ok
einf-1093, 37-13
1842
minf-676, 1060-1
einf-1094, 45-19
einf-1095, 51-11
minf-677, 1061-1
0
Emoji: 1
Ok
er-341, 6-9, 13-9
einf-1096, 54-13
Ok
Emoji: 10; notice: homo-108503
einf-1097, 16-29
einf-1098, 94-2
0
einf-1099, 9-11
861
0
einf-1100, 64-4
einf-1101, 67-9
Ok
None
einf-1102, 12-15
0
minf-678, 1062-1
einf-1103, 26-25
Ordinary message: 358; Emoji: 1; Emoji: 11; Ordinary message: 149; Emoji: 1
Emoji: 8; Emoji: 9
Ok
minf-679, 1063-1
einf-1104, 84-7
0
minf-680, 1064-1
minf-681, 1065-1
einf-1105, 81-5
Ordinary message: 361
einf-1106, 75-10
None
minf-682, 1066-1
Ok
notice: homo-111551; Emoji: 3; Ordinary message: 308; Emoji: 11; Emoji: 7
Ok
Ok
minf-683, 1067-1
16
minf-684, 1068-1
minf-685, 1069-1
None
einf-1107, 71-6
0
pinf-46, 226-1
1678
-1028
Ok
1842
Ok
Emoji: 18; Ordinary message: 93
minf-686, 1070-1
36
einf-1108, 98-2
Ok
minf-687, 1071-1
minf-688, 1072-1
Ok
0
einf-1109, 95-1
einf-1110, 95-2
Ok
einf-1111, 67-10
Ok
minf-689, 1073-1
Emoji: 5
einf-1112, 66-8
epi-64, 108-2
einf-1113, 13-21
0
Ok
notice: homo-16180; Ordinary message: 384; notice: homo-14472; Emoji: 4; Emoji: 4
0
Ok
einf-1114, 11-21
None
einf-1115, 44-15
0
er-342, 75-8, 100-7
None
-434
einf-1116, 96-1
minf-690, 1074-1
Ok
minf-691, 1075-1
einf-1117, 106-1
0
einf-1118, 11-22
einf-1119, 63-7
The person with this number does not exist
einf-1120, 10-21
Emoji: 3; notice: homo-69255; Ordinary message: 217; Emoji: 6
0
0
notice: homo-83200; Ordinary message: 247; Emoji: 2
rnf-58, 123-3, 143-1
Emoji: 18; Ordinary message: 93
748
Ok
0
807
minf-692, 1076-1
0
Emoji: 8; Emoji: 9
einf-1121, 72-4
tinf-130, 1-129
Ok
minf-693, 1077-1
er-343, 23-7, 81-8
einf-1122, 38-20
minf-694, 1078-1
0
minf-695, 1079-1
24
einf-1123, 41-15
einf-1124, 97-1
0
Ok
einf-1125, 53-9
None
Ok
None
minf-696, 1080-1
minf-697, 1081-1
45
einf-1126, 69-7
einf-1127, 64-5
einf-1128, 7-18
0
45
einf-1129, 89-5
minf-698, 1082-1
10
einf-1130, 34-17
Ok
einf-1131, 7-19
Ok
Ok
einf-1132, 17-30
tinf-131, 1-130
0
0
Ok
None
minf-699, 1083-1
807
einf-1133, 85-3
einf-1134, 87-4
None
er-344, 54-9, 63-5
er-345, 29-5, 94-9
einf-1135, 29-25
Ok
Ok
Ok
Ok
epi-65, 85-3
None
Ok
None
einf-1136, 18-25
Emoji: 7; Ordinary message: 192; Emoji: 9; Ordinary message: 17
er-346, 34-11, 63-6
None
None
Ok
einf-1137, 79-8
0
None
einf-1138, 46-14
None
0
0
rnf-59, 1-22, 118-2
minf-700, 1084-1
-840
0
0
Emoji: 12; Ordinary message: 194
6
tinf-132, 1-131
epi-66, 15-2
0
748
einf-1139, 106-2
Ordinary message: 377; Ordinary message: 373; Emoji: 13; Ordinary message: 326; notice: homo-36261
minf-701, 1085-1
eti-30, 1-30
6
Ok
None
Ok
Ok
0
0
einf-1140, 26-26
None
einf-1141, 64-6
Ok
notice: homo-47900; Emoji: 1; Emoji: 13; Emoji: 8; notice: homo-40
minf-702, 1086-1
0
None
Emoji: 2; Ordinary message: 343; notice: homo-24184; Ordinary message: 121
Ok
1463
None
0
16
0
Ok
Ok
0
minf-703, 1087-1
None
None
Ok
Emoji: 1
minf-704, 1088-1
einf-1142, 10-22
einf-1143, 41-16
Ok
einf-1144, 54-14
er-347, 68-10, 85-6
minf-705, 1089-1
Ok
minf-706, 1090-1
er-348, 47-7, 113-1
minf-707, 1091-1
0
Emoji: 0
einf-1145, 9-12
einf-1146, 40-17
Ok
Ok
einf-1147, 37-14
minf-708, 1092-1
einf-1148, 15-26
einf-1149, 89-6
7
Ok
The person with this number does not exist
eti-31, 1-31
Ok
epi-67, 119-1
Ok
einf-1150, 76-7
er-349, 51-14, 58-9
Ok
einf-1151, 99-1
einf-1152, 55-7
0
minf-709, 1093-1
einf-1153, 17-31
0
40
einf-1154, 105-1
einf-1155, 104-1
einf-1156, 58-8
Ok
einf-1157, 80-8
minf-710, 1094-1
0
Ok
einf-1158, 77-4
None
0
minf-711, 1095-1
minf-712, 1096-1
einf-1159, 95-3
minf-713, 1097-1
Ordinary message: 237; Emoji: 4; notice: homo-16029; Ordinary message: 75
Ok
einf-1160, 19-22
Ok
epi-68, 68-2
minf-714, 1098-1
Ok
einf-1161, 72-5
minf-715, 1099-1
0
einf-1162, 82-7
0
Emoji: 8; Emoji: 9
einf-1163, 76-8
minf-716, 1100-1
minf-717, 1101-1
einf-1164, 28-29
eti-32, 1-32
-828
0
einf-1165, 107-1
einf-1166, 16-30
er-350, 45-5, 62-6
einf-1167, 39-26
Ok
0
None
The person with this number does not exist
Tag does not exist
None
minf-718, 1102-1
einf-1168, 10-23
None
0
Ok
None
Ok
0
0
Ok
0
Ok
0
716
Ok
minf-719, 1103-1
0
einf-1169, 83-5
807
einf-1170, 43-11
0
Emoji: 10; notice: homo-89322; Emoji: 8; notice: homo-95988; Ordinary message: 168
minf-720, 1104-1
0
0
0
Ok
Ok
minf-721, 1105-1
0
minf-722, 1106-1
rnf-60, 40-2, 109-2
er-351, 70-9, 93-9
einf-1171, 84-8
0
None
einf-1172, 16-31
0
einf-1173, 20-23
0
er-352, 80-8, 99-8
minf-723, 1107-1
Ordinary message: 300; notice: homo-37228; Ordinary message: 185; Ordinary message: 70
768
rnf-61, 115-1, 119-2
None
0
minf-724, 1108-1
Ok
einf-1174, 31-21
Ok
Ok
Ok
einf-1175, 49-11
einf-1176, 19-23
0
None
minf-725, 1109-1
-707
-1809
Ok
einf-1177, 39-27
einf-1178, 61-7
Ok
0
Ok
Ok
minf-726, 1110-1
None
0
Ok
0
minf-727, 1111-1
einf-1179, 95-4
einf-1180, 92-2
minf-728, 1112-1
einf-1181, 76-9
einf-1182, 97-2
Emoji: 3
Ok
Ok
er-353, 20-6, 117-1
-737
minf-729, 1113-1
einf-1183, 62-10
minf-730, 1114-1
einf-1184, 85-4
einf-1185, 13-22
41
Ok
einf-1186, 9-13
einf-1187, 77-5
einf-1188, 95-5
minf-731, 1115-1
-825
None
tinf-133, 1-132
minf-732, 1116-1
Ok
einf-1189, 55-8
None
Ok
Emoji: 7; Ordinary message: 192; Emoji: 9; Ordinary message: 17
minf-733, 1117-1
rnf-62, 1-23, 143-2
minf-734, 1118-1
notice: homo-33167; Emoji: 1
Tag does not exist
0
0
None
einf-1190, 101-1
einf-1191, 107-2
0
-705
Ok
er-354, 20-7, 44-3
einf-1192, 65-4
einf-1193, 56-15
None
Ordinary message: 73
Ok
Ok
minf-735, 1119-1
einf-1194, 72-6
Ok
Ok
None
None
0
notice: homo-77123; Emoji: 0
0
einf-1195, 107-3
einf-1196, 81-6
-748
einf-1197, 18-26
0
-192
minf-736, 1120-1
einf-1198, 40-18
einf-1199, 86-5
minf-737, 1121-1
tinf-134, 1-133
-737
minf-738, 1122-1
einf-1200, 108-1
0
Ok
tinf-135, 1-134
Ok
None
None
minf-739, 1123-1
er-355, 83-8, 85-7
0
minf-740, 1124-1
minf-741, 1125-1
minf-742, 1126-1
Ok
minf-743, 1127-1
Ok
einf-1201, 27-21
Tag does not exist
einf-1202, 100-2
Ok
einf-1203, 26-27
Ok
0
Ok
einf-1204, 110-1
Ok
einf-1205, 77-6
minf-744, 1128-1
tinf-136, 1-135
Ok
einf-1206, 25-29
0
epi-69, 138-1
einf-1207, 54-15
einf-1208, 107-4
Ok
minf-745, 1129-1
minf-746, 1130-1
er-356, 51-15, 87-5
0
einf-1209, 83-6
Ok
einf-1210, 62-11
einf-1211, 65-5
0
0
minf-747, 1131-1
einf-1212, 12-16
0
0
einf-1213, 30-25
Ok
einf-1214, 99-2
Ok
einf-1215, 50-14
853
Ok
0
Ok
Ordinary message: 295
0
Ok
10
930
minf-748, 1132-1
einf-1216, 109-1
Emoji: 5
minf-749, 1133-1
None
0
einf-1217, 65-6
er-357, 67-7, 85-8
einf-1218, 106-3
Ok
0
0
Ok
minf-750, 1134-1
Ok
einf-1219, 27-22
minf-751, 1135-1
Ok
Ok
einf-1220, 111-1
None
Ok
einf-1221, 48-9
minf-752, 1136-1
0
einf-1222, 78-6
None
Ok
None
einf-1223, 12-17
-134
0
-726
-704
0
Ok
Ok
Ok
None
0
Ok
None
None
einf-1224, 60-10
Ok
minf-753, 1137-1
minf-754, 1138-1
einf-1225, 19-24
einf-1226, 101-2
0
None
einf-1227, 89-7
einf-1228, 108-2
Ok
0
einf-1229, 58-9
0
0
einf-1230, 8-23
einf-1231, 69-8
0
-748
minf-755, 1139-1
einf-1232, 108-3
-305
minf-756, 1140-1
0
notice: homo-111551; Emoji: 3; Ordinary message: 308; Emoji: 11; Emoji: 7
0
Ok
0
Tag does not exist
einf-1233, 33-18
einf-1234, 46-15
0
0
er-358, 8-10, 95-11
er-359, 15-11, 55-8
Emoji: 5
minf-757, 1141-1
Ordinary message: 237; Emoji: 4; notice: homo-16029; Ordinary message: 75
minf-758, 1142-1
minf-759, 1143-1
0
minf-760, 1144-1
0
minf-761, 1145-1
2
einf-1235, 103-1
tinf-137, 1-136
None
Ok
0
minf-762, 1146-1
einf-1236, 100-3
Emoji: 3; Emoji: 8; Ordinary message: 240
0
minf-763, 1147-1
0
0
Ok
einf-1237, 55-9
Emoji: 6
Ok
Ok
0
er-360, 16-8, 23-8
Ordinary message: 337
0
0
0
Ok
minf-764, 1148-1
Ok
0
0
0
einf-1238, 16-32
None
Ok
26
None
er-361, 12-4, 94-10
0
Ok
None
Ok
Ok
None
einf-1239, 45-20
er-362, 66-8, 81-9
minf-765, 1149-1
minf-766, 1150-1
0
einf-1240, 15-27
Ok
einf-1241, 25-30
None
Ok
Ok
minf-767, 1151-1
einf-1242, 20-24
einf-1243, 86-6
tinf-138, 1-137
None
minf-768, 1152-1
einf-1244, 22-19
tinf-139, 1-138
minf-769, 1153-1
einf-1245, 98-3
minf-770, 1154-1
0
Ordinary message: 295
None
0
Ok
minf-771, 1155-1
minf-772, 1156-1
Ok
Ok
einf-1246, 100-4
Ok
20
einf-1247, 100-5
Ok
minf-773, 1157-1
notice: homo-47900; Emoji: 1; Emoji: 13; Emoji: 8; notice: homo-40
minf-774, 1158-1
0
Ok
Ok
Ok
minf-775, 1159-1
None
Ok
Ok
Ok
minf-776, 1160-1
minf-777, 1161-1
0
einf-1248, 56-16
913
minf-778, 1162-1
0
Ok
Ok
epi-70, 139-1
einf-1249, 36-12
-748
notice: homo-76030; Ordinary message: 269; Ordinary message: 264; notice: homo-79546; notice: homo-80868
einf-1250, 40-19
Ok
minf-779, 1163-1
Ok
Ok
None
einf-1251, 23-16
Tag does not exist
0
minf-780, 1164-1
None
0
minf-781, 1165-1
-828
Ok
Ok
notice: homo-58967
0
minf-782, 1166-1
minf-783, 1167-1
minf-784, 1168-1
Ok
epi-71, 4-2
Ok
None
minf-785, 1169-1
Ok
einf-1252, 52-11
einf-1253, 77-7
einf-1254, 57-10
Ok
er-363, 75-9, 85-9
Ok
eti-33, 1-33
Ok
Ok
tinf-140, 1-139
0
einf-1255, 68-8
Emoji: 0
Ok
None
None
Ok
er-364, 45-6, 61-6
einf-1256, 93-5
0
0
Ok
0
tinf-141, 1-140
einf-1257, 50-15
None
0
Ordinary message: 358; Emoji: 1; Emoji: 11; Ordinary message: 149; Emoji: 1
Ok
einf-1258, 52-12
12
0
minf-786, 1170-1
716
einf-1259, 88-1
einf-1260, 84-9
einf-1261, 67-11
None
362
0
Emoji: 5; notice: homo-75921; Emoji: 5
389
einf-1262, 99-3
Ok
None
einf-1263, 98-4
minf-787, 1171-1
Ok
einf-1264, 58-10
0
Ok
einf-1265, 71-7
er-365, 10-6, 70-10
Ok
einf-1266, 29-26
0
einf-1267, 57-11
Ok
einf-1268, 31-22
Ok
0
einf-1269, 78-7
None
minf-788, 1172-1
Ok
minf-789, 1173-1
0
er-366, 46-6, 92-13
minf-790, 1174-1
minf-791, 1175-1
Ok
None
minf-792, 1176-1
Ok
0
einf-1270, 9-14
None
Ordinary message: 295
einf-1271, 35-18
0
Ok
einf-1272, 75-11
Ok
minf-793, 1177-1
einf-1273, 64-7
Ok
minf-794, 1178-1
er-367, 56-9, 83-9
0
Emoji: 6
minf-795, 1179-1
0
tinf-142, 1-141
0
Ok
minf-796, 1180-1
968
0
0
10
einf-1274, 72-7
Ok
einf-1275, 115-1
0
einf-1276, 68-9
minf-797, 1181-1
einf-1277, 35-19
0
0
einf-1278, 19-25
Ok
Ok
None
0
pinf-47, 283-1
Ok
Ok
Ordinary message: 321; Emoji: 2; notice: homo-31621
-142
einf-1279, 71-8
0
Emoji: 7; Ordinary message: 192; Emoji: 9; Ordinary message: 17
Ok
Ordinary message: 377; Ordinary message: 373; Emoji: 13; Ordinary message: 326; notice: homo-36261
Ok
einf-1280, 115-2
Ordinary message: 295
eti-34, 1-34
Ok
minf-798, 1182-1
0
Ok
None
einf-1281, 113-1
362
er-368, 81-10, 97-6
einf-1282, 17-32
tinf-143, 1-142
Ok
minf-799, 1183-1
tinf-144, 1-143
minf-800, 1184-1
Ok
einf-1283, 71-9
None
einf-1284, 86-7
0
rnf-63, 1-24, 147-1
minf-801, 1185-1
notice: homo-58967
0
einf-1285, 26-28
er-369, 45-7, 74-6
Ordinary message: 277; Emoji: 11; Emoji: 8; notice: homo-85316
minf-802, 1186-1
einf-1286, 96-2
Ok
minf-803, 1187-1
0
einf-1287, 43-12
einf-1288, 13-23
None
minf-804, 1188-1
tinf-145, 1-144
minf-805, 1189-1
0
Ok
einf-1289, 49-12
-618
minf-806, 1190-1
0
0
-443
notice: homo-111551; Emoji: 3; Ordinary message: 308; Emoji: 11; Emoji: 7
None
Ok
einf-1290, 101-3
Ok
er-370, 22-9, 67-8
Ok
None
0
minf-807, 1191-1
Ok
minf-808, 1192-1
0
einf-1291, 36-13
minf-809, 1193-1
minf-810, 1194-1
0
Ok
48
Ok
minf-811, 1195-1
None
minf-812, 1196-1
None
Ok
notice: homo-99273; Ordinary message: 154; notice: homo-98624
minf-813, 1197-1
0
Ok
minf-814, 1198-1
einf-1292, 110-2
notice: homo-103769; Ordinary message: 259; Ordinary message: 161; notice: homo-6118
Ok
0
einf-1293, 87-5
Ok
0
Ok
0
minf-815, 1199-1
0
0
Ok
notice: homo-89616; Emoji: 9; notice: homo-106865; Emoji: 8; Ordinary message: 6
None
0
-499
0
None
Ok
0
er-371, 2-11, 73-9
einf-1294, 68-10
None
0
einf-1295, 55-10
Ok
minf-816, 1200-1
0
Ok
0
einf-1296, 23-17
er-372, 20-8, 48-6
-707
0
er-373, 19-9, 56-10
einf-1297, 9-15
einf-1298, 44-16
0
minf-817, 1201-1
minf-818, 1202-1
Ok
Ok
rnf-64, 22-1, 146-1
None
minf-819, 1203-1
einf-1299, 62-12
0
Ok
einf-1300, 111-2
einf-1301, 61-8
0
minf-820, 1204-1
tinf-146, 1-145
0
einf-1302, 71-10
einf-1303, 100-6
0
Ok
Ordinary message: 277; Emoji: 11; Emoji: 8; notice: homo-85316
0
Ok
0
notice: homo-89616; Emoji: 9; notice: homo-106865; Emoji: 8; Ordinary message: 6
minf-821, 1205-1
einf-1304, 50-16
Ok
einf-1305, 67-12
Ok
minf-822, 1206-1
0
minf-823, 1207-1
Ok
minf-824, 1208-1
Ok
Ok
-669
Ok
1463
Ok
0
Emoji: 5; notice: homo-75921; Emoji: 5
Ok
Ok
10
Emoji: 18; Ordinary message: 93
0
0
einf-1306, 67-13
rnf-65, 77-1, 126-2
epi-72, 48-1
einf-1307, 109-2
None
Ok
Ok
einf-1308, 112-1
minf-825, 1209-1
0
einf-1309, 82-8
0
einf-1310, 48-10
Ok
einf-1311, 33-19
Ok
minf-826, 1210-1
notice: homo-16180; Ordinary message: 384; notice: homo-14472; Emoji: 4; Emoji: 4
einf-1312, 21-27
minf-827, 1211-1
einf-1313, 60-11
0
0
minf-828, 1212-1
einf-1314, 33-20
0
Ok
Ok
Ok
Ok
minf-829, 1213-1
Ok
Ok
Ok
Ok
0
einf-1315, 113-2
Emoji: 6; Emoji: 12; Emoji: 9; notice: homo-26367; Emoji: 7
0
0
er-374, 57-7, 112-1
einf-1316, 97-3
einf-1317, 79-9
einf-1318, 12-18
einf-1319, 65-7
einf-1320, 37-15
0
einf-1321, 65-8
None
Ordinary message: 300; notice: homo-37228; Ordinary message: 185; Ordinary message: 70
er-375, 50-9, 100-8
Ok
einf-1322, 58-11
0
einf-1323, 18-27
Ok
minf-830, 1214-1
einf-1324, 60-12
minf-831, 1215-1
Ok
0
einf-1325, 23-18
Ok
Ok
minf-832, 1216-1
0
minf-833, 1217-1
Ok
Ok
None
minf-834, 1218-1
minf-835, 1219-1
Ok
0
minf-836, 1220-1
Ok
einf-1326, 14-31
0
Ok
0
Ok
minf-837, 1221-1
0
einf-1327, 97-4
Emoji: 13; notice: homo-27373; Emoji: 0
einf-1328, 55-11
None
minf-838, 1222-1
einf-1329, 77-8
None
0
einf-1330, 19-26
er-376, 64-7, 92-14
Ok
0
0
None
Ok
einf-1331, 65-9
-1809
Ok
Ok
Ok
einf-1332, 85-5
einf-1333, 77-9
einf-1334, 9-16
0
einf-1335, 110-3
minf-839, 1223-1
None
0
Ok
Ok
Ok
minf-840, 1224-1
Ok
Ok
minf-841, 1225-1
minf-842, 1226-1
Ok
Ok
er-377, 43-9, 83-10
einf-1336, 8-24
Emoji: 7; Ordinary message: 192; Emoji: 9; Ordinary message: 17
0
Ok
Ordinary message: 350
er-378, 49-9, 64-8
0
None
minf-843, 1227-1
einf-1337, 99-4
einf-1338, 70-9
0
None
einf-1339, 67-14
Ok
Ok
einf-1340, 41-17
einf-1341, 27-23
minf-844, 1228-1
minf-845, 1229-1
Ordinary message: 361
0
minf-846, 1230-1
1712
6
0
None
minf-847, 1231-1
minf-848, 1232-1
0
minf-849, 1233-1
eti-35, 1-35
Ok
minf-850, 1234-1
0
minf-851, 1235-1
Ok
einf-1342, 62-13
minf-852, 1236-1
minf-853, 1237-1
einf-1343, 40-20
0
None
minf-854, 1238-1
einf-1344, 43-13
Ok
einf-1345, 67-15
minf-855, 1239-1
minf-856, 1240-1
er-379, 18-12, 49-10
0
0
einf-1346, 76-10
0
None
Ok
Emoji: 13; Emoji: 11; Emoji: 3; Emoji: 7
Ok
6
0
Ok
einf-1347, 66-9
Emoji: 11
minf-857, 1241-1
0
minf-858, 1242-1
einf-1348, 112-2
None
Ok
Emoji: 6; Emoji: 12; Emoji: 9; notice: homo-26367; Emoji: 7
None
Ok
einf-1349, 52-13
minf-859, 1243-1
None
notice: homo-35739; notice: homo-33665; Ordinary message: 271; notice: homo-49699; notice: homo-69244
einf-1350, 97-5
epi-73, 25-1
None
minf-860, 1244-1
einf-1351, 7-20
None
None
None
rnf-66, 108-4, 145-1
None
10
minf-861, 1245-1
0
einf-1352, 79-10
minf-862, 1246-1
rnf-67, 62-2, 135-1
0
notice: homo-33167; Emoji: 1
einf-1353, 8-25
einf-1354, 22-20
einf-1355, 115-3
einf-1356, 59-7
Ok
Ok
Emoji: 11
0
minf-863, 1247-1
0
-748
None
0
minf-864, 1248-1
0
Ok
None
minf-865, 1249-1
Tag does not exist
Ok
einf-1357, 45-21
Ok
notice: homo-63687; Emoji: 7; notice: homo-11158; Ordinary message: 94; notice: homo-55122
minf-866, 1250-1
0
einf-1358, 71-11
notice: homo-77123; Emoji: 0
einf-1359, 31-23
einf-1360, 105-2
Ok
0
minf-867, 1251-1
None
Ok
minf-868, 1252-1
Ordinary message: 352; Emoji: 6
minf-869, 1253-1
None
minf-870, 1254-1
minf-871, 1255-1
einf-1361, 79-11
The person with this number does not exist
Ok
minf-872, 1256-1
Emoji: 10; notice: homo-108503
einf-1362, 67-16
einf-1363, 46-16
Ok
0
0
1463
minf-873, 1257-1
Ok
Ok
minf-874, 1258-1
minf-875, 1259-1
Ok
Ok
minf-876, 1260-1
None
einf-1364, 112-3
einf-1365, 86-8
0
0
minf-877, 1261-1
Ok
einf-1366, 110-4
einf-1367, 51-12
minf-878, 1262-1
minf-879, 1263-1
Ok
einf-1368, 82-9
einf-1369, 80-9
-237
Ok
Ok
einf-1370, 8-26
0
0
0
Ok
pinf-48, 286-1
0
0
0
minf-880, 1264-1
einf-1371, 71-12
None
0
minf-881, 1265-1
notice: homo-77123; Emoji: 0
0
Ok
einf-1372, 23-19
Ok
minf-882, 1266-1
einf-1373, 99-5
Ok
0
tinf-147, 1-146
Ok
Ordinary message: 386; notice: homo-53037; Emoji: 3; Emoji: 4
0
einf-1374, 87-6
minf-883, 1267-1
Emoji: 12
None
Emoji: 15; Emoji: 1; notice: homo-26622; Emoji: 4
einf-1375, 34-18
Emoji: 11; notice: homo-69524; notice: homo-93536; Ordinary message: 131; Emoji: 7
0
einf-1376, 50-17
0
0
einf-1377, 89-8
0
minf-884, 1268-1
None
Ok
minf-885, 1269-1
Ok
einf-1378, 55-12
None
Ordinary message: 337
Ok
Emoji: 12; Ordinary message: 194
None
0
0
epi-74, 120-1
0
None
Ok
einf-1379, 77-10
Ok
Ok
