Ok
pinf-1, 147-1
pinf-2, 128-1
166650
Ok
pinf-3, 165-1
pinf-4, 120-1
epi-1, 95-1
pinf-5, 156-1
pinf-6, 121-1
pinf-7, 188-1
pinf-8, 121-2
1
pinf-9, 159-1
pinf-10, 125-1
Ok
pinf-11, 128-2
Ok
pinf-12, 158-1
pinf-13, 184-1
3
epi-2, 10-1
Ok
Ok
pinf-14, 157-1
5
pinf-15, 174-1
166650
pinf-16, 116-1
pinf-17, 113-1
pinf-18, 126-1
pinf-19, 185-1
5
pinf-20, 177-1
Ok
pinf-21, 148-1
pinf-22, 126-2
pinf-23, 172-1
Ok
pinf-24, 176-1
pinf-25, 149-1
pinf-26, 129-1
7
7
pinf-27, 154-1
pinf-28, 198-1
pinf-29, 142-1
epi-3, 65-1
pinf-30, 179-1
pinf-31, 136-1
pinf-32, 120-2
pinf-33, 144-1
pinf-34, 173-1
pinf-35, 117-1
pinf-36, 116-2
pinf-37, 125-2
pinf-38, 129-2
pinf-39, 123-1
pinf-40, 109-1
pinf-41, 112-1
7
7
pinf-42, 116-3
epi-4, 24-1
pinf-43, 149-2
pinf-44, 205-1
pinf-45, 145-1
pinf-46, 164-1
epi-5, 64-1
Ok
pinf-47, 113-2
pinf-48, 200-1
pinf-49, 156-2
pinf-50, 146-1
pinf-51, 118-1
8
pinf-52, 216-1
8
8
pinf-53, 122-1
pinf-54, 133-1
pinf-55, 197-1
pinf-56, 128-3
pinf-57, 151-1
pinf-58, 111-1
pinf-59, 162-1
8
pinf-60, 143-1
pinf-61, 155-1
pinf-62, 186-1
pinf-63, 198-2
pinf-64, 137-1
pinf-65, 148-2
pinf-66, 149-3
Ok
pinf-67, 124-1
Ok
pinf-68, 162-2
pinf-69, 183-1
pinf-70, 150-1
pinf-71, 132-1
pinf-72, 145-2
pinf-73, 163-1
pinf-74, 163-2
pinf-75, 157-2
10
pinf-76, 166-1
pinf-77, 166-2
10
pinf-78, 179-2
Ok
11
pinf-79, 186-2
pinf-80, 140-1
pinf-81, 148-3
pinf-82, 157-3
pinf-83, 199-1
pinf-84, 133-2
pinf-85, 215-1
pinf-86, 126-3
pinf-87, 112-2
11
pinf-88, 147-2
epi-6, 51-1
pinf-89, 222-1
11
pinf-90, 132-2
pinf-91, 114-1
pinf-92, 204-1
pinf-93, 180-1
11
epi-7, 51-2
pinf-94, 138-1
pinf-95, 222-2
pinf-96, 128-4
pinf-97, 148-4
11
pinf-98, 211-1
pinf-99, 199-2
pinf-100, 141-1
pinf-101, 150-2
pinf-102, 199-3
11
pinf-103, 155-2
pinf-104, 214-1
pinf-105, 143-2
pinf-106, 186-3
pinf-107, 194-1
Ok
pinf-108, 151-2
pinf-109, 220-1
12
pinf-110, 120-3
12
pinf-111, 154-2
pinf-112, 142-2
pinf-113, 139-1
pinf-114, 121-3
pinf-115, 204-2
pinf-116, 164-2
12
pinf-117, 115-1
pinf-118, 149-4
pinf-119, 152-1
pinf-120, 121-4
pinf-121, 165-2
pinf-122, 117-2
pinf-123, 131-1
pinf-124, 195-1
pinf-125, 203-1
pinf-126, 221-1
pinf-127, 123-2
epi-8, 18-1
12
pinf-128, 172-2
pinf-129, 139-2
pinf-130, 223-1
pinf-131, 126-4
12
pinf-132, 176-2
pinf-133, 145-3
Ok
pinf-134, 193-1
pinf-135, 195-2
pinf-136, 204-3
Ok
pinf-137, 115-2
pinf-138, 154-3
pinf-139, 182-1
pinf-140, 169-1
pinf-141, 159-2
pinf-142, 220-2
166650
pinf-143, 133-3
epi-9, 23-1
pinf-144, 116-4
pinf-145, 209-1
pinf-146, 122-2
pinf-147, 133-4
pinf-148, 187-1
pinf-149, 124-2
14
pinf-150, 164-3
pinf-151, 177-2
pinf-152, 197-2
pinf-153, 203-2
14
pinf-154, 190-1
pinf-155, 136-2
pinf-156, 160-1
pinf-157, 135-1
pinf-158, 158-2
pinf-159, 149-5
pinf-160, 146-2
pinf-161, 145-4
pinf-162, 204-4
pinf-163, 220-3
14
Ok
pinf-164, 211-2
15
pinf-165, 203-3
Ok
pinf-166, 133-5
pinf-167, 168-1
pinf-168, 207-1
Ok
17
pinf-169, 154-4
pinf-170, 217-1
pinf-171, 145-5
pinf-172, 210-1
17
pinf-173, 147-3
pinf-174, 167-1
pinf-175, 133-6
pinf-176, 203-4
pinf-177, 206-1
pinf-178, 201-1
pinf-179, 206-2
pinf-180, 148-5
pinf-181, 167-2
17
pinf-182, 211-3
17
pinf-183, 228-1
Ok
pinf-184, 236-1
18
pinf-185, 140-2
pinf-186, 177-3
pinf-187, 120-4
pinf-188, 148-6
pinf-189, 236-2
pinf-190, 162-3
pinf-191, 165-3
pinf-192, 199-4
pinf-193, 145-6
pinf-194, 155-3
pinf-195, 163-3
pinf-196, 192-1
pinf-197, 157-4
pinf-198, 221-2
pinf-199, 213-1
pinf-200, 138-2
pinf-201, 170-1
pinf-202, 190-2
pinf-203, 188-2
pinf-204, 120-5
pinf-205, 197-3
pinf-206, 224-1
pinf-207, 123-3
pinf-208, 218-1
18
pinf-209, 127-1
pinf-210, 176-3
pinf-211, 154-5
pinf-212, 224-2
pinf-213, 129-3
pinf-214, 198-3
166650
pinf-215, 156-3
pinf-216, 131-2
pinf-217, 234-1
pinf-218, 205-2
Ok
pinf-219, 203-5
epi-10, 85-1
pinf-220, 178-1
pinf-221, 205-3
pinf-222, 226-1
pinf-223, 162-4
pinf-224, 148-7
pinf-225, 212-1
pinf-226, 225-1
pinf-227, 176-4
pinf-228, 216-2
pinf-229, 144-2
pinf-230, 222-3
19
epi-11, 82-1
pinf-231, 140-3
19
pinf-232, 188-3
pinf-233, 176-5
pinf-234, 121-5
pinf-235, 130-1
19
pinf-236, 214-2
pinf-237, 121-6
pinf-238, 138-3
pinf-239, 138-4
pinf-240, 143-3
pinf-241, 128-5
19
pinf-242, 208-1
pinf-243, 158-3
pinf-244, 134-1
19
19
pinf-245, 125-3
pinf-246, 162-5
pinf-247, 154-6
epi-12, 44-1
epi-13, 67-1
pinf-248, 181-1
pinf-249, 208-2
19
19
19
pinf-250, 190-3
pinf-251, 133-7
pinf-252, 206-3
pinf-253, 236-3
pinf-254, 237-1
pinf-255, 198-4
pinf-256, 121-7
pinf-257, 136-3
pinf-258, 160-2
pinf-259, 210-2
pinf-260, 142-3
pinf-261, 136-4
pinf-262, 152-2
pinf-263, 182-2
epi-14, 73-1
pinf-264, 167-3
19
pinf-265, 174-2
19
19
pinf-266, 201-2
pinf-267, 200-2
Ok
pinf-268, 195-3
pinf-269, 171-1
pinf-270, 205-4
pinf-271, 125-4
20
20
pinf-272, 221-3
20
pinf-273, 190-4
pinf-274, 239-1
pinf-275, 163-4
pinf-276, 236-4
pinf-277, 145-7
pinf-278, 147-4
pinf-279, 221-4
20
pinf-280, 182-3
166650
pinf-281, 233-1
pinf-282, 155-4
pinf-283, 146-3
pinf-284, 235-1
pinf-285, 122-3
pinf-286, 196-1
pinf-287, 132-3
pinf-288, 134-2
pinf-289, 167-4
pinf-290, 223-2
pinf-291, 139-3
pinf-292, 221-5
pinf-293, 206-4
pinf-294, 125-5
pinf-295, 131-3
20
pinf-296, 125-6
pinf-297, 178-2
pinf-298, 223-3
pinf-299, 165-4
pinf-300, 137-2
pinf-301, 126-5
epi-15, 116-1
pinf-302, 180-2
pinf-303, 196-2
pinf-304, 159-3
pinf-305, 217-2
pinf-306, 190-5
pinf-307, 162-6
epi-16, 66-1
pinf-308, 176-6
pinf-309, 171-2
20
pinf-310, 147-5
pinf-311, 174-3
pinf-312, 240-1
166650
pinf-313, 155-5
pinf-314, 142-4
Ok
pinf-315, 189-1
pinf-316, 148-8
pinf-317, 140-4
pinf-318, 196-3
Ok
pinf-319, 182-4
pinf-320, 195-4
pinf-321, 215-2
pinf-322, 236-5
pinf-323, 205-5
pinf-324, 222-4
Ok
pinf-325, 142-5
pinf-326, 179-3
pinf-327, 162-7
pinf-328, 180-3
pinf-329, 203-6
23
23
epi-17, 106-1
pinf-330, 219-1
Ok
pinf-331, 178-3
Ok
pinf-332, 159-4
pinf-333, 195-5
25
pinf-334, 143-4
pinf-335, 239-2
pinf-336, 214-3
pinf-337, 228-2
25
pinf-338, 131-4
pinf-339, 161-1
pinf-340, 147-6
pinf-341, 150-3
25
pinf-342, 221-6
pinf-343, 242-1
pinf-344, 195-6
Ok
Ok
pinf-345, 167-5
pinf-346, 168-2
pinf-347, 205-6
pinf-348, 204-5
pinf-349, 164-4
pinf-350, 220-4
true
27
pinf-351, 155-6
pinf-352, 227-1
pinf-353, 142-6
pinf-354, 229-1
pinf-355, 211-4
pinf-356, 212-2
27
pinf-357, 235-2
27
pinf-358, 162-8
pinf-359, 154-7
pinf-360, 222-5
Ok
166650
pinf-361, 205-7
28
pinf-362, 218-2
pinf-363, 226-2
pinf-364, 233-2
pinf-365, 145-8
pinf-366, 236-6
pinf-367, 235-3
pinf-368, 141-2
pinf-369, 218-3
pinf-370, 197-4
pinf-371, 155-7
pinf-372, 196-4
pinf-373, 159-5
pinf-374, 253-1
pinf-375, 240-2
pinf-376, 215-3
pinf-377, 207-2
pinf-378, 193-2
pinf-379, 174-4
pinf-380, 238-1
pinf-381, 166-3
pinf-382, 250-1
pinf-383, 141-3
pinf-384, 246-1
pinf-385, 133-8
pinf-386, 177-4
pinf-387, 201-3
pinf-388, 223-4
pinf-389, 254-1
pinf-390, 159-6
pinf-391, 158-4
pinf-392, 202-1
pinf-393, 204-6
pinf-394, 208-3
pinf-395, 219-2
pinf-396, 201-4
pinf-397, 209-2
pinf-398, 254-2
pinf-399, 148-9
pinf-400, 223-5
pinf-401, 244-1
pinf-402, 193-3
pinf-403, 227-2
pinf-404, 174-5
epi-18, 11-1
pinf-405, 156-4
pinf-406, 212-3
pinf-407, 184-2
pinf-408, 216-3
pinf-409, 243-1
pinf-410, 129-4
pinf-411, 189-2
pinf-412, 229-2
pinf-413, 142-7
pinf-414, 231-1
28
pinf-415, 222-6
pinf-416, 156-5
pinf-417, 153-1
pinf-418, 185-2
pinf-419, 151-3
pinf-420, 130-2
pinf-421, 238-2
epi-19, 81-1
pinf-422, 153-2
pinf-423, 159-7
pinf-424, 205-8
28
pinf-425, 250-2
pinf-426, 197-5
pinf-427, 223-6
28
pinf-428, 180-4
pinf-429, 138-5
pinf-430, 224-3
28
pinf-431, 176-7
pinf-432, 203-7
pinf-433, 163-5
Ok
pinf-434, 190-6
pinf-435, 176-8
pinf-436, 201-5
pinf-437, 211-5
pinf-438, 234-2
pinf-439, 241-1
pinf-440, 194-2
pinf-441, 251-1
pinf-442, 256-1
epi-20, 19-1
pinf-443, 197-6
Ok
pinf-444, 131-5
pinf-445, 174-6
Ok
pinf-446, 174-7
pinf-447, 185-3
pinf-448, 183-2
31
31
Ok
pinf-449, 146-4
166650
pinf-450, 252-1
pinf-451, 264-1
32
pinf-452, 247-1
pinf-453, 166-4
pinf-454, 157-5
pinf-455, 143-5
pinf-456, 178-4
pinf-457, 151-4
pinf-458, 252-2
pinf-459, 199-5
pinf-460, 181-2
pinf-461, 165-5
pinf-462, 261-1
pinf-463, 157-6
pinf-464, 212-4
pinf-465, 178-5
pinf-466, 143-6
166650
32
pinf-467, 206-5
pinf-468, 137-3
pinf-469, 201-6
pinf-470, 263-1
pinf-471, 174-8
pinf-472, 179-4
pinf-473, 145-9
32
pinf-474, 222-7
pinf-475, 138-6
pinf-476, 233-3
pinf-477, 137-4
pinf-478, 249-1
pinf-479, 162-9
pinf-480, 166-5
pinf-481, 166-6
pinf-482, 159-8
pinf-483, 176-9
pinf-484, 191-1
epi-21, 69-1
pinf-485, 158-5
32
Ok
pinf-486, 186-4
pinf-487, 178-6
pinf-488, 176-10
pinf-489, 221-7
33
pinf-490, 212-5
pinf-491, 228-3
33
pinf-492, 212-6
33
33
pinf-493, 162-10
pinf-494, 175-1
pinf-495, 236-7
pinf-496, 220-5
pinf-497, 213-2
pinf-498, 150-4
pinf-499, 201-7
pinf-500, 184-3
pinf-501, 188-4
pinf-502, 187-2
pinf-503, 242-2
pinf-504, 210-3
pinf-505, 184-4
pinf-506, 166-7
pinf-507, 207-3
pinf-508, 205-9
pinf-509, 139-4
Ok
pinf-510, 141-4
pinf-511, 180-5
pinf-512, 152-3
34
34
166650
pinf-513, 160-3
34
pinf-514, 163-6
pinf-515, 213-3
pinf-516, 232-1
pinf-517, 258-1
pinf-518, 196-5
Ok
pinf-519, 157-7
pinf-520, 196-6
pinf-521, 162-11
pinf-522, 164-5
35
35
pinf-523, 174-9
epi-22, 131-1
epi-23, 4-1
pinf-524, 178-7
166650
pinf-525, 263-2
pinf-526, 155-8
35
pinf-527, 264-2
pinf-528, 267-1
pinf-529, 180-6
pinf-530, 170-2
Ok
pinf-531, 181-3
36
pinf-532, 137-5
pinf-533, 228-4
pinf-534, 237-2
Ok
pinf-535, 264-3
pinf-536, 140-5
pinf-537, 271-1
pinf-538, 221-8
pinf-539, 210-4
pinf-540, 269-1
pinf-541, 178-8
166650
epi-24, 14-1
pinf-542, 149-6
pinf-543, 211-6
pinf-544, 208-4
pinf-545, 139-5
pinf-546, 144-3
pinf-547, 270-1
pinf-548, 160-4
epi-25, 96-1
pinf-549, 146-5
pinf-550, 267-2
166650
pinf-551, 194-3
pinf-552, 212-7
epi-26, 41-1
pinf-553, 207-4
pinf-554, 189-3
pinf-555, 155-9
pinf-556, 172-3
pinf-557, 150-5
pinf-558, 201-8
pinf-559, 229-3
pinf-560, 178-9
pinf-561, 264-4
pinf-562, 268-1
pinf-563, 160-5
pinf-564, 210-5
pinf-565, 237-3
pinf-566, 164-6
pinf-567, 195-7
pinf-568, 233-4
pinf-569, 149-7
pinf-570, 250-3
epi-27, 65-2
pinf-571, 229-4
pinf-572, 216-4
pinf-573, 225-2
pinf-574, 262-1
pinf-575, 243-2
epi-28, 136-1
epi-29, 113-1
pinf-576, 250-4
37
pinf-577, 249-2
37
pinf-578, 265-1
pinf-579, 166-8
pinf-580, 248-1
pinf-581, 176-11
epi-30, 125-1
pinf-582, 264-5
37
pinf-583, 200-3
pinf-584, 155-10
pinf-585, 254-3
Ok
pinf-586, 228-5
epi-31, 131-2
pinf-587, 149-8
pinf-588, 227-3
pinf-589, 214-4
pinf-590, 247-2
pinf-591, 194-4
Ok
Ok
pinf-592, 202-2
pinf-593, 157-8
rnf-1, 110-1, 132-1
40
pinf-594, 145-10
pinf-595, 269-2
pinf-596, 191-2
pinf-597, 164-7
40
pinf-598, 212-8
pinf-599, 251-2
pinf-600, 163-7
pinf-601, 145-11
pinf-602, 156-6
pinf-603, 209-3
pinf-604, 238-3
pinf-605, 199-6
pinf-606, 191-3
pinf-607, 257-1
pinf-608, 177-5
pinf-609, 154-8
pinf-610, 167-6
40
pinf-611, 164-8
pinf-612, 241-2
pinf-613, 243-3
pinf-614, 169-2
pinf-615, 260-1
pinf-616, 154-9
pinf-617, 198-5
pinf-618, 166-9
pinf-619, 193-4
pinf-620, 227-4
pinf-621, 196-7
Ok
41
pinf-622, 167-7
pinf-623, 237-4
pinf-624, 236-8
pinf-625, 241-3
pinf-626, 269-3
41
pinf-627, 182-5
pinf-628, 274-1
pinf-629, 241-4
41
pinf-630, 193-5
pinf-631, 169-3
pinf-632, 261-2
41
pinf-633, 158-6
pinf-634, 187-3
pinf-635, 232-2
pinf-636, 176-12
41
pinf-637, 162-12
pinf-638, 219-3
epi-32, 100-1
pinf-639, 228-6
pinf-640, 277-1
pinf-641, 270-2
pinf-642, 249-3
41
pinf-643, 219-4
epi-33, 53-1
166650
pinf-644, 236-9
pinf-645, 205-10
41
pinf-646, 247-3
pinf-647, 166-10
pinf-648, 175-2
pinf-649, 209-4
epi-34, 71-1
pinf-650, 260-2
pinf-651, 144-4
41
pinf-652, 226-3
pinf-653, 267-3
pinf-654, 163-8
41
pinf-655, 230-1
pinf-656, 146-6
epi-35, 36-1
pinf-657, 171-3
41
pinf-658, 234-3
pinf-659, 229-5
41
pinf-660, 251-3
pinf-661, 168-3
epi-36, 12-1
pinf-662, 255-1
pinf-663, 268-2
166650
pinf-664, 243-4
Ok
pinf-665, 268-3
pinf-666, 218-4
Ok
pinf-667, 196-8
pinf-668, 276-1
pinf-669, 162-13
pinf-670, 154-10
pinf-671, 264-6
pinf-672, 282-1
pinf-673, 259-1
pinf-674, 199-7
pinf-675, 247-4
pinf-676, 244-2
pinf-677, 269-4
pinf-678, 253-2
pinf-679, 269-5
41
pinf-680, 282-2
166650
41
pinf-681, 228-7
epi-37, 18-2
epi-38, 133-1
pinf-682, 252-3
pinf-683, 187-4
pinf-684, 192-2
pinf-685, 173-2
epi-39, 117-1
pinf-686, 183-3
pinf-687, 222-8
pinf-688, 160-6
pinf-689, 148-10
pinf-690, 208-5
pinf-691, 173-3
pinf-692, 261-3
pinf-693, 270-3
pinf-694, 154-11
pinf-695, 221-9
pinf-696, 249-4
pinf-697, 189-4
pinf-698, 195-8
pinf-699, 259-2
pinf-700, 252-4
Ok
pinf-701, 283-1
pinf-702, 171-4
pinf-703, 238-4
pinf-704, 200-4
pinf-705, 206-6
pinf-706, 226-4
pinf-707, 248-2
pinf-708, 225-3
pinf-709, 194-5
pinf-710, 185-4
pinf-711, 275-1
pinf-712, 184-5
Ok
pinf-713, 190-7
pinf-714, 174-10
43
pinf-715, 148-11
pinf-716, 155-11
pinf-717, 265-2
pinf-718, 278-1
epi-40, 64-2
pinf-719, 195-9
pinf-720, 154-12
Ok
pinf-721, 259-3
pinf-722, 271-2
pinf-723, 165-6
44
false
pinf-724, 289-1
Ok
pinf-725, 264-7
pinf-726, 172-4
pinf-727, 275-2
pinf-728, 185-5
pinf-729, 217-3
pinf-730, 282-3
pinf-731, 165-7
pinf-732, 251-4
pinf-733, 200-5
pinf-734, 197-7
pinf-735, 243-5
pinf-736, 210-6
pinf-737, 255-2
pinf-738, 248-3
45
pinf-739, 209-5
pinf-740, 268-4
45
pinf-741, 163-9
pinf-742, 241-5
Ok
pinf-743, 200-6
pinf-744, 230-2
166650
46
pinf-745, 196-9
pinf-746, 262-2
Ok
pinf-747, 275-3
pinf-748, 226-5
pinf-749, 182-6
pinf-750, 286-1
pinf-751, 171-5
epi-41, 138-1
pinf-752, 287-1
pinf-753, 215-4
47
pinf-754, 284-1
pinf-755, 238-5
pinf-756, 239-3
47
pinf-757, 225-4
pinf-758, 253-3
pinf-759, 233-5
pinf-760, 262-3
166650
pinf-761, 206-7
pinf-762, 246-2
pinf-763, 262-4
pinf-764, 196-10
pinf-765, 231-2
pinf-766, 244-3
pinf-767, 169-4
pinf-768, 174-11
pinf-769, 203-8
pinf-770, 229-6
pinf-771, 164-9
pinf-772, 167-8
pinf-773, 291-1
pinf-774, 290-1
pinf-775, 268-5
pinf-776, 241-6
pinf-777, 204-7
pinf-778, 291-2
pinf-779, 218-5
pinf-780, 237-5
pinf-781, 247-5
pinf-782, 149-9
pinf-783, 261-4
pinf-784, 199-8
pinf-785, 177-6
pinf-786, 186-5
pinf-787, 222-9
pinf-788, 167-9
pinf-789, 196-11
47
pinf-790, 187-5
pinf-791, 292-1
pinf-792, 273-1
pinf-793, 213-4
pinf-794, 156-7
pinf-795, 290-2
pinf-796, 260-3
pinf-797, 158-7
pinf-798, 265-3
pinf-799, 280-1
47
Ok
pinf-800, 295-1
pinf-801, 170-3
pinf-802, 239-4
pinf-803, 274-2
pinf-804, 173-4
pinf-805, 242-3
pinf-806, 216-5
pinf-807, 264-8
pinf-808, 241-7
pinf-809, 166-11
pinf-810, 293-1
pinf-811, 223-7
pinf-812, 200-7
pinf-813, 189-5
pinf-814, 282-4
pinf-815, 261-5
pinf-816, 182-7
pinf-817, 240-3
pinf-818, 155-12
pinf-819, 204-8
Ok
pinf-820, 218-6
pinf-821, 233-6
pinf-822, 180-7
epi-42, 88-1
pinf-823, 258-2
pinf-824, 279-1
epi-43, 104-1
pinf-825, 159-9
pinf-826, 258-3
49
pinf-827, 234-4
pinf-828, 250-5
pinf-829, 222-10
epi-44, 20-1
pinf-830, 174-12
pinf-831, 298-1
pinf-832, 219-5
pinf-833, 198-6
pinf-834, 230-3
pinf-835, 299-1
pinf-836, 286-2
49
pinf-837, 244-4
pinf-838, 185-6
pinf-839, 179-5
Ok
pinf-840, 189-6
pinf-841, 207-5
pinf-842, 203-9
epi-45, 95-2
Ok
pinf-843, 207-6
pinf-844, 192-3
pinf-845, 294-1
pinf-846, 164-10
pinf-847, 244-5
pinf-848, 157-9
pinf-849, 232-3
pinf-850, 273-2
Ok
pinf-851, 171-6
pinf-852, 246-3
epi-46, 83-1
pinf-853, 284-2
pinf-854, 218-7
pinf-855, 178-10
pinf-856, 303-1
pinf-857, 244-6
pinf-858, 287-2
51
pinf-859, 264-9
pinf-860, 231-3
166551
51
pinf-861, 157-10
pinf-862, 161-2
pinf-863, 182-8
pinf-864, 206-8
pinf-865, 175-3
pinf-866, 166-12
epi-47, 30-1
51
pinf-867, 181-4
Ok
Ok
pinf-868, 264-10
pinf-869, 267-4
pinf-870, 298-2
pinf-871, 168-4
pinf-872, 253-4
pinf-873, 196-12
pinf-874, 269-6
pinf-875, 193-6
53
pinf-876, 166-13
pinf-877, 242-4
epi-48, 66-2
pinf-878, 298-3
epi-49, 89-1
pinf-879, 179-6
53
pinf-880, 182-9
pinf-881, 293-2
Ok
pinf-882, 242-5
pinf-883, 299-2
pinf-884, 178-11
pinf-885, 164-11
pinf-886, 220-6
54
pinf-887, 246-4
pinf-888, 211-7
pinf-889, 268-6
pinf-890, 174-13
pinf-891, 172-5
pinf-892, 303-2
pinf-893, 289-2
pinf-894, 258-4
pinf-895, 158-8
pinf-896, 274-3
epi-50, 79-1
pinf-897, 219-6
54
pinf-898, 295-2
Ok
pinf-899, 196-13
pinf-900, 304-1
epi-51, 62-1
55
pinf-901, 310-1
epi-52, 27-1
pinf-902, 213-5
pinf-903, 275-4
pinf-904, 246-5
pinf-905, 212-9
pinf-906, 184-6
pinf-907, 261-6
pinf-908, 242-6
pinf-909, 301-1
pinf-910, 214-5
pinf-911, 255-3
pinf-912, 220-7
pinf-913, 187-6
epi-53, 122-1
55
55
55
55
55
55
pinf-914, 162-14
pinf-915, 233-7
pinf-916, 209-6
55
pinf-917, 266-1
pinf-918, 174-14
pinf-919, 173-5
Ok
pinf-920, 314-1
166551
pinf-921, 287-3
pinf-922, 176-13
pinf-923, 203-10
pinf-924, 202-3
epi-54, 69-2
pinf-925, 305-1
pinf-926, 184-7
pinf-927, 275-5
166551
pinf-928, 271-3
pinf-929, 213-6
56
pinf-930, 259-4
pinf-931, 262-5
pinf-932, 194-6
pinf-933, 224-4
pinf-934, 179-7
pinf-935, 223-8
pinf-936, 210-7
pinf-937, 271-4
pinf-938, 246-6
pinf-939, 230-4
Ok
pinf-940, 182-10
pinf-941, 171-7
pinf-942, 312-1
166551
pinf-943, 246-7
pinf-944, 195-10
pinf-945, 249-5
pinf-946, 272-1
pinf-947, 174-15
pinf-948, 314-2
pinf-949, 216-6
Ok
pinf-950, 176-14
Ok
pinf-951, 300-1
pinf-952, 211-8
Ok
60
pinf-953, 267-5
pinf-954, 298-4
pinf-955, 193-7
60
pinf-956, 298-5
Ok
pinf-957, 171-8
pinf-958, 298-6
pinf-959, 239-5
Ok
pinf-960, 224-5
pinf-961, 287-4
pinf-962, 229-7
pinf-963, 178-12
pinf-964, 215-5
pinf-965, 190-8
pinf-966, 165-8
pinf-967, 305-2
pinf-968, 306-1
pinf-969, 175-4
epi-55, 120-1
pinf-970, 281-1
62
pinf-971, 215-6
pinf-972, 197-8
pinf-973, 209-7
pinf-974, 268-7
pinf-975, 201-9
pinf-976, 235-4
Ok
pinf-977, 302-1
Ok
pinf-978, 292-2
pinf-979, 172-6
pinf-980, 238-6
pinf-981, 255-4
Ok
Ok
pinf-982, 305-3
pinf-983, 324-1
pinf-984, 275-6
pinf-985, 326-1
64
64
pinf-986, 210-8
pinf-987, 177-7
pinf-988, 320-1
pinf-989, 204-9
pinf-990, 213-7
pinf-991, 278-2
pinf-992, 226-6
pinf-993, 171-9
pinf-994, 274-4
pinf-995, 169-5
pinf-996, 275-7
pinf-997, 242-7
pinf-998, 244-7
pinf-999, 222-11
pinf-1000, 280-2
pinf-1001, 238-7
pinf-1002, 320-2
epi-56, 125-2
pinf-1003, 243-6
epi-57, 61-1
pinf-1004, 291-3
64
pinf-1005, 227-5
166551
pinf-1006, 271-5
pinf-1007, 269-7
64
pinf-1008, 242-8
pinf-1009, 234-5
pinf-1010, 260-4
pinf-1011, 321-1
epi-58, 15-1
epi-59, 33-1
pinf-1012, 285-1
pinf-1013, 190-9
pinf-1014, 229-8
pinf-1015, 293-3
pinf-1016, 251-5
pinf-1017, 282-5
pinf-1018, 190-10
pinf-1019, 197-9
64
Ok
pinf-1020, 224-6
pinf-1021, 270-4
65
pinf-1022, 231-4
pinf-1023, 242-9
pinf-1024, 327-1
pinf-1025, 228-8
pinf-1026, 268-8
pinf-1027, 329-1
pinf-1028, 311-1
pinf-1029, 284-3
pinf-1030, 197-10
pinf-1031, 235-5
pinf-1032, 191-4
pinf-1033, 330-1
pinf-1034, 280-3
pinf-1035, 292-3
pinf-1036, 218-8
pinf-1037, 242-10
pinf-1038, 196-14
pinf-1039, 186-6
pinf-1040, 202-4
pinf-1041, 241-8
pinf-1042, 309-1
pinf-1043, 199-9
pinf-1044, 201-10
pinf-1045, 288-1
pinf-1046, 180-8
pinf-1047, 304-2
pinf-1048, 312-2
pinf-1049, 307-1
pinf-1050, 253-5
epi-60, 49-1
pinf-1051, 242-11
pinf-1052, 331-1
epi-61, 83-2
pinf-1053, 238-8
Ok
pinf-1054, 279-2
pinf-1055, 325-1
pinf-1056, 324-2
pinf-1057, 257-2
pinf-1058, 200-8
pinf-1059, 244-8
pinf-1060, 215-7
Ok
pinf-1061, 191-5
pinf-1062, 176-15
pinf-1063, 256-2
pinf-1064, 266-2
pinf-1065, 310-2
epi-62, 58-1
pinf-1066, 295-3
Ok
Ok
pinf-1067, 229-9
pinf-1068, 182-11
pinf-1069, 281-2
pinf-1070, 205-11
pinf-1071, 322-1
pinf-1072, 293-4
pinf-1073, 228-9
pinf-1074, 183-4
pinf-1075, 305-4
pinf-1076, 307-2
epi-63, 11-2
pinf-1077, 332-1
pinf-1078, 305-5
166551
pinf-1079, 324-3
69
epi-64, 35-1
pinf-1080, 321-2
pinf-1081, 239-6
pinf-1082, 299-3
pinf-1083, 232-4
pinf-1084, 220-8
pinf-1085, 212-10
Ok
pinf-1086, 246-8
pinf-1087, 314-3
Ok
pinf-1088, 230-5
69
pinf-1089, 278-3
pinf-1090, 260-5
Ok
pinf-1091, 311-2
pinf-1092, 263-3
pinf-1093, 333-1
pinf-1094, 216-7
70
pinf-1095, 204-10
pinf-1096, 243-7
70
pinf-1097, 303-3
pinf-1098, 193-8
pinf-1099, 179-8
70
pinf-1100, 198-7
pinf-1101, 195-11
pinf-1102, 277-2
pinf-1103, 309-2
pinf-1104, 322-2
pinf-1105, 269-8
pinf-1106, 343-1
pinf-1107, 267-6
pinf-1108, 292-4
pinf-1109, 178-13
pinf-1110, 315-1
pinf-1111, 295-4
pinf-1112, 189-7
pinf-1113, 309-3
pinf-1114, 286-3
70
pinf-1115, 273-3
pinf-1116, 273-4
pinf-1117, 250-6
pinf-1118, 333-2
pinf-1119, 176-16
pinf-1120, 226-7
pinf-1121, 232-5
pinf-1122, 180-9
pinf-1123, 218-9
epi-65, 95-3
pinf-1124, 185-7
pinf-1125, 334-1
Ok
71
pinf-1126, 214-6
pinf-1127, 235-6
pinf-1128, 218-10
pinf-1129, 301-2
pinf-1130, 185-8
pinf-1131, 197-11
pinf-1132, 209-8
71
pinf-1133, 259-5
pinf-1134, 315-2
pinf-1135, 336-1
71
71
pinf-1136, 183-5
pinf-1137, 269-9
pinf-1138, 286-4
71
71
166551
pinf-1139, 217-4
pinf-1140, 287-5
pinf-1141, 216-8
pinf-1142, 324-4
pinf-1143, 175-5
71
pinf-1144, 193-9
pinf-1145, 181-5
pinf-1146, 319-1
pinf-1147, 176-17
pinf-1148, 347-1
pinf-1149, 217-5
epi-66, 5-1
epi-67, 122-2
pinf-1150, 176-18
pinf-1151, 317-1
pinf-1152, 189-8
epi-68, 34-1
epi-69, 76-1
pinf-1153, 178-14
pinf-1154, 181-6
71
pinf-1155, 301-3
pinf-1156, 259-6
pinf-1157, 292-5
pinf-1158, 179-9
pinf-1159, 214-7
epi-70, 172-1
pinf-1160, 211-9
pinf-1161, 347-2
epi-71, 4-2
71
pinf-1162, 236-10
71
pinf-1163, 183-6
pinf-1164, 211-10
pinf-1165, 231-5
pinf-1166, 224-7
pinf-1167, 340-1
pinf-1168, 264-11
pinf-1169, 336-2
pinf-1170, 202-5
pinf-1171, 274-5
pinf-1172, 326-2
pinf-1173, 294-2
pinf-1174, 208-6
pinf-1175, 298-7
Ok
pinf-1176, 176-19
pinf-1177, 187-7
pinf-1178, 195-12
72
pinf-1179, 179-10
pinf-1180, 221-10
pinf-1181, 348-1
72
72
pinf-1182, 240-4
pinf-1183, 245-1
pinf-1184, 262-6
pinf-1185, 342-1
Ok
pinf-1186, 263-4
73
pinf-1187, 276-2
pinf-1188, 194-7
pinf-1189, 205-12
pinf-1190, 258-5
73
pinf-1191, 345-1
Ok
74
pinf-1192, 296-1
74
pinf-1193, 309-4
pinf-1194, 275-8
pinf-1195, 276-3
pinf-1196, 318-1
Ok
pinf-1197, 249-6
pinf-1198, 217-6
pinf-1199, 355-1
pinf-1200, 291-4
pinf-1201, 211-11
pinf-1202, 218-11
pinf-1203, 287-6
pinf-1204, 302-2
pinf-1205, 295-5
pinf-1206, 333-3
pinf-1207, 234-6
pinf-1208, 202-6
pinf-1209, 352-1
166551
pinf-1210, 261-7
pinf-1211, 320-3
pinf-1212, 205-13
pinf-1213, 259-7
75
pinf-1214, 219-7
pinf-1215, 309-5
75
Ok
pinf-1216, 255-5
pinf-1217, 298-8
Ok
77
Ok
pinf-1218, 247-6
pinf-1219, 358-1
pinf-1220, 305-6
pinf-1221, 241-9
pinf-1222, 189-9
78
pinf-1223, 210-9
pinf-1224, 343-2
pinf-1225, 345-2
pinf-1226, 218-12
pinf-1227, 272-2
pinf-1228, 258-6
pinf-1229, 297-1
Ok
79
pinf-1230, 257-3
pinf-1231, 335-1
pinf-1232, 289-3
pinf-1233, 237-6
pinf-1234, 214-8
pinf-1235, 193-10
pinf-1236, 202-7
79
pinf-1237, 199-10
pinf-1238, 295-6
pinf-1239, 331-2
Ok
pinf-1240, 212-11
pinf-1241, 210-10
166551
pinf-1242, 231-6
pinf-1243, 186-7
epi-72, 80-1
pinf-1244, 290-3
pinf-1245, 196-15
pinf-1246, 358-2
166551
pinf-1247, 208-7
epi-73, 138-2
epi-74, 117-2
pinf-1248, 266-3
80
pinf-1249, 331-3
pinf-1250, 302-3
Ok
pinf-1251, 325-2
pinf-1252, 197-12
pinf-1253, 309-6
81
81
pinf-1254, 207-7
81
pinf-1255, 282-6
81
pinf-1256, 325-3
pinf-1257, 363-1
81
pinf-1258, 221-11
166551
pinf-1259, 334-2
pinf-1260, 198-8
pinf-1261, 223-9
pinf-1262, 366-1
pinf-1263, 193-11
pinf-1264, 233-8
pinf-1265, 256-3
Ok
Ok
pinf-1266, 366-2
pinf-1267, 370-1
83
83
pinf-1268, 249-7
pinf-1269, 202-8
epi-75, 140-1
pinf-1270, 187-8
pinf-1271, 233-9
Ok
pinf-1272, 328-1
pinf-1273, 334-3
pinf-1274, 309-7
pinf-1275, 227-6
pinf-1276, 321-3
pinf-1277, 244-9
Ok
85
pinf-1278, 345-3
pinf-1279, 199-11
pinf-1280, 215-8
pinf-1281, 220-9
166551
pinf-1282, 223-10
85
pinf-1283, 207-8
pinf-1284, 229-10
Ok
pinf-1285, 336-3
pinf-1286, 358-3
epi-76, 94-1
pinf-1287, 210-11
pinf-1288, 201-11
pinf-1289, 234-7
pinf-1290, 235-7
Ok
pinf-1291, 345-4
pinf-1292, 368-1
pinf-1293, 250-7
pinf-1294, 249-8
pinf-1295, 207-9
pinf-1296, 333-4
pinf-1297, 342-2
pinf-1298, 283-2
pinf-1299, 366-3
pinf-1300, 202-9
166551
epi-77, 177-1
pinf-1301, 311-3
pinf-1302, 249-9
pinf-1303, 326-3
pinf-1304, 243-8
pinf-1305, 209-9
pinf-1306, 198-9
86
86
pinf-1307, 221-12
pinf-1308, 213-8
pinf-1309, 301-4
pinf-1310, 378-1
pinf-1311, 354-1
epi-78, 119-1
pinf-1312, 245-2
pinf-1313, 355-2
pinf-1314, 234-8
pinf-1315, 344-1
pinf-1316, 196-16
pinf-1317, 272-3
pinf-1318, 226-8
pinf-1319, 317-2
Ok
87
epi-79, 133-2
Ok
pinf-1320, 325-4
pinf-1321, 286-5
pinf-1322, 324-5
pinf-1323, 292-6
pinf-1324, 217-7
pinf-1325, 380-1
pinf-1326, 242-12
pinf-1327, 328-2
pinf-1328, 317-3
pinf-1329, 272-4
pinf-1330, 379-1
pinf-1331, 339-1
Ok
pinf-1332, 366-4
89
pinf-1333, 252-5
Ok
pinf-1334, 262-7
pinf-1335, 384-1
pinf-1336, 289-4
Ok
pinf-1337, 230-6
pinf-1338, 203-11
Ok
pinf-1339, 377-1
pinf-1340, 260-6
pinf-1341, 335-2
pinf-1342, 264-12
pinf-1343, 322-3
91
pinf-1344, 371-1
Ok
pinf-1345, 264-13
pinf-1346, 200-9
pinf-1347, 358-4
pinf-1348, 262-8
pinf-1349, 350-1
pinf-1350, 377-2
92
92
pinf-1351, 314-4
pinf-1352, 267-7
pinf-1353, 326-4
pinf-1354, 279-3
pinf-1355, 233-10
pinf-1356, 286-6
pinf-1357, 329-2
pinf-1358, 348-2
pinf-1359, 302-4
pinf-1360, 304-3
pinf-1361, 294-3
epi-80, 97-1
pinf-1362, 326-5
pinf-1363, 245-3
pinf-1364, 336-4
92
pinf-1365, 342-3
pinf-1366, 339-2
Ok
pinf-1367, 364-1
pinf-1368, 298-9
pinf-1369, 252-6
pinf-1370, 341-1
pinf-1371, 295-7
pinf-1372, 282-7
pinf-1373, 355-3
pinf-1374, 391-1
pinf-1375, 335-3
pinf-1376, 286-7
pinf-1377, 206-9
pinf-1378, 249-10
pinf-1379, 338-1
pinf-1380, 306-2
pinf-1381, 382-1
pinf-1382, 298-10
pinf-1383, 317-4
pinf-1384, 328-3
pinf-1385, 328-4
pinf-1386, 256-4
pinf-1387, 349-1
pinf-1388, 367-1
93
pinf-1389, 355-4
pinf-1390, 348-3
pinf-1391, 377-3
pinf-1392, 315-3
pinf-1393, 292-7
pinf-1394, 284-4
pinf-1395, 281-3
pinf-1396, 299-4
pinf-1397, 279-4
pinf-1398, 268-9
pinf-1399, 270-5
pinf-1400, 282-8
pinf-1401, 346-1
pinf-1402, 238-9
pinf-1403, 206-10
pinf-1404, 355-5
pinf-1405, 226-9
pinf-1406, 251-6
pinf-1407, 382-2
pinf-1408, 295-8
pinf-1409, 375-1
93
pinf-1410, 381-1
pinf-1411, 261-8
pinf-1412, 257-4
pinf-1413, 243-9
pinf-1414, 374-1
Ok
pinf-1415, 278-4
pinf-1416, 243-10
epi-81, 155-1
pinf-1417, 201-12
Ok
pinf-1418, 271-6
pinf-1419, 282-9
pinf-1420, 339-3
pinf-1421, 278-5
rnf-2, 73-1, 197-1
pinf-1422, 312-3
pinf-1423, 290-4
epi-82, 137-1
95
pinf-1424, 299-5
pinf-1425, 358-5
pinf-1426, 231-7
pinf-1427, 394-1
pinf-1428, 284-5
epi-83, 189-1
pinf-1429, 252-7
pinf-1430, 357-1
pinf-1431, 226-10
pinf-1432, 250-8
pinf-1433, 355-6
166452
pinf-1434, 253-6
pinf-1435, 349-2
pinf-1436, 257-5
pinf-1437, 373-1
pinf-1438, 238-10
pinf-1439, 349-3
pinf-1440, 262-9
pinf-1441, 364-2
pinf-1442, 237-7
pinf-1443, 249-11
pinf-1444, 247-7
epi-84, 99-1
pinf-1445, 273-5
pinf-1446, 336-5
pinf-1447, 333-5
pinf-1448, 395-1
pinf-1449, 314-5
pinf-1450, 213-9
epi-85, 105-1
pinf-1451, 366-5
95
pinf-1452, 200-10
95
166452
pinf-1453, 348-4
pinf-1454, 371-2
pinf-1455, 247-8
pinf-1456, 233-11
pinf-1457, 262-10
95
Ok
epi-86, 134-1
Ok
pinf-1458, 375-2
pinf-1459, 287-7
pinf-1460, 356-1
pinf-1461, 227-7
pinf-1462, 308-1
pinf-1463, 360-1
pinf-1464, 278-6
pinf-1465, 236-11
pinf-1466, 270-6
97
pinf-1467, 385-1
pinf-1468, 210-12
Ok
Ok
pinf-1469, 324-6
pinf-1470, 322-4
pinf-1471, 297-2
epi-87, 19-2
pinf-1472, 374-2
99
Ok
pinf-1473, 304-4
100
166452
pinf-1474, 355-7
pinf-1475, 272-5
pinf-1476, 314-6
pinf-1477, 228-10
pinf-1478, 264-14
pinf-1479, 319-2
pinf-1480, 229-11
pinf-1481, 260-7
166452
pinf-1482, 272-6
Ok
pinf-1483, 372-1
pinf-1484, 356-2
pinf-1485, 303-4
pinf-1486, 388-1
pinf-1487, 276-4
pinf-1488, 261-9
pinf-1489, 260-8
pinf-1490, 222-12
pinf-1491, 308-2
pinf-1492, 404-1
101
pinf-1493, 373-2
pinf-1494, 377-4
pinf-1495, 205-14
epi-88, 101-1
101
pinf-1496, 396-1
pinf-1497, 251-7
pinf-1498, 393-1
pinf-1499, 317-5
pinf-1500, 352-2
166452
Ok
pinf-1501, 329-3
pinf-1502, 245-4
pinf-1503, 300-2
pinf-1504, 351-1
pinf-1505, 369-1
pinf-1506, 324-7
pinf-1507, 324-8
pinf-1508, 268-10
101
pinf-1509, 250-9
pinf-1510, 228-11
pinf-1511, 291-5
pinf-1512, 362-1
pinf-1513, 220-10
pinf-1514, 330-2
pinf-1515, 343-3
pinf-1516, 394-2
101
pinf-1517, 370-2
Ok
pinf-1518, 306-3
102
pinf-1519, 408-1
pinf-1520, 269-10
pinf-1521, 272-7
pinf-1522, 272-8
pinf-1523, 241-10
pinf-1524, 343-4
epi-89, 11-3
pinf-1525, 341-2
pinf-1526, 366-6
pinf-1527, 244-10
102
pinf-1528, 307-3
pinf-1529, 364-3
pinf-1530, 304-5
pinf-1531, 301-5
pinf-1532, 295-9
pinf-1533, 399-1
pinf-1534, 282-10
102
pinf-1535, 299-6
Ok
pinf-1536, 242-13
Ok
pinf-1537, 354-2
pinf-1538, 223-11
pinf-1539, 339-4
pinf-1540, 216-9
pinf-1541, 246-9
pinf-1542, 296-2
pinf-1543, 330-3
pinf-1544, 351-2
pinf-1545, 363-2
104
pinf-1546, 301-6
pinf-1547, 236-12
pinf-1548, 400-1
pinf-1549, 389-1
104
pinf-1550, 290-5
pinf-1551, 276-5
pinf-1552, 371-3
pinf-1553, 280-4
pinf-1554, 395-2
pinf-1555, 273-6
pinf-1556, 356-3
104
pinf-1557, 376-1
pinf-1558, 328-5
epi-90, 42-1
pinf-1559, 286-8
pinf-1560, 385-2
epi-91, 43-1
epi-92, 120-2
pinf-1561, 278-7
166452
pinf-1562, 326-6
pinf-1563, 307-4
pinf-1564, 399-2
166452
epi-93, 44-2
pinf-1565, 212-12
pinf-1566, 396-2
pinf-1567, 373-3
pinf-1568, 389-2
pinf-1569, 293-5
pinf-1570, 263-5
pinf-1571, 348-5
104
pinf-1572, 302-5
pinf-1573, 340-2
pinf-1574, 334-4
pinf-1575, 353-1
pinf-1576, 363-3
pinf-1577, 221-13
pinf-1578, 364-4
pinf-1579, 323-1
pinf-1580, 293-6
pinf-1581, 222-13
pinf-1582, 356-4
pinf-1583, 414-1
166452
pinf-1584, 412-1
pinf-1585, 330-4
pinf-1586, 333-6
166452
104
pinf-1587, 300-3
pinf-1588, 314-7
pinf-1589, 233-12
pinf-1590, 254-4
Ok
pinf-1591, 392-1
pinf-1592, 248-4
pinf-1593, 365-1
105
pinf-1594, 234-9
pinf-1595, 319-3
pinf-1596, 340-3
pinf-1597, 262-11
pinf-1598, 325-5
pinf-1599, 343-5
pinf-1600, 310-3
105
pinf-1601, 233-13
pinf-1602, 369-2
pinf-1603, 366-7
pinf-1604, 272-9
pinf-1605, 210-13
pinf-1606, 389-3
105
pinf-1607, 384-2
pinf-1608, 352-3
pinf-1609, 299-7
pinf-1610, 361-1
Ok
pinf-1611, 260-9
pinf-1612, 294-4
pinf-1613, 306-4
Ok
pinf-1614, 374-3
epi-94, 134-2
pinf-1615, 368-2
pinf-1616, 232-6
pinf-1617, 236-13
pinf-1618, 384-3
105
pinf-1619, 366-8
pinf-1620, 391-2
pinf-1621, 366-9
pinf-1622, 241-11
pinf-1623, 375-3
pinf-1624, 263-6
pinf-1625, 256-5
105
pinf-1626, 211-12
pinf-1627, 316-1
epi-95, 178-1
pinf-1628, 402-1
pinf-1629, 387-1
pinf-1630, 353-2
pinf-1631, 373-4
pinf-1632, 374-4
epi-96, 158-1
pinf-1633, 402-2
pinf-1634, 261-10
pinf-1635, 322-5
pinf-1636, 292-8
pinf-1637, 357-2
105
pinf-1638, 410-1
pinf-1639, 224-8
pinf-1640, 373-5
