Ok
pinf-1, 111-1
pinf-2, 86-1
pinf-3, 140-1
pinf-4, 127-1
pinf-5, 124-1
82160
pinf-6, 113-1
pinf-7, 125-1
pinf-8, 95-1
pinf-9, 81-1
pinf-10, 109-1
pinf-11, 126-1
pinf-12, 149-1
pinf-13, 115-1
pinf-14, 145-1
pinf-15, 96-1
pinf-16, 89-1
1
pinf-17, 141-1
pinf-18, 132-1
pinf-19, 140-2
82160
pinf-20, 120-1
82160
epi-1, 47-1
pinf-21, 130-1
pinf-22, 107-1
82160
pinf-23, 92-1
pinf-24, 87-1
pinf-25, 121-1
pinf-26, 155-1
pinf-27, 159-1
pinf-28, 132-2
pinf-29, 124-2
pinf-30, 119-1
pinf-31, 81-2
Ok
pinf-32, 135-1
pinf-33, 114-1
pinf-34, 96-2
pinf-35, 103-1
pinf-36, 148-1
pinf-37, 121-2
pinf-38, 124-3
pinf-39, 123-1
pinf-40, 90-1
2
pinf-41, 159-2
pinf-42, 108-1
2
pinf-43, 160-1
pinf-44, 89-2
pinf-45, 137-1
pinf-46, 86-2
pinf-47, 123-2
pinf-48, 96-3
pinf-49, 99-1
epi-2, 30-1
pinf-50, 141-2
pinf-51, 95-2
pinf-52, 88-1
pinf-53, 110-1
pinf-54, 161-1
pinf-55, 88-2
pinf-56, 139-1
pinf-57, 88-3
pinf-58, 99-2
epi-3, 11-1
pinf-59, 154-1
2
pinf-60, 106-1
pinf-61, 161-2
pinf-62, 136-1
2
2
pinf-63, 127-2
2
pinf-64, 106-2
pinf-65, 132-3
pinf-66, 155-2
pinf-67, 137-2
pinf-68, 125-2
pinf-69, 141-3
pinf-70, 147-1
pinf-71, 128-1
Ok
3
pinf-72, 164-1
pinf-73, 160-2
pinf-74, 118-1
pinf-75, 138-1
epi-4, 31-1
3
pinf-76, 100-1
pinf-77, 156-1
pinf-78, 150-1
pinf-79, 126-2
pinf-80, 156-2
pinf-81, 125-3
pinf-82, 137-3
pinf-83, 108-2
pinf-84, 135-2
pinf-85, 89-3
pinf-86, 159-3
pinf-87, 119-2
pinf-88, 105-1
epi-5, 45-1
pinf-89, 148-2
pinf-90, 113-2
pinf-91, 132-4
pinf-92, 112-1
pinf-93, 102-1
pinf-94, 125-4
3
Ok
pinf-95, 88-4
pinf-96, 93-1
pinf-97, 115-2
pinf-98, 158-1
4
pinf-99, 143-1
pinf-100, 110-2
pinf-101, 150-2
pinf-102, 148-3
pinf-103, 94-1
4
4
pinf-104, 141-4
pinf-105, 166-1
pinf-106, 106-3
epi-6, 57-1
pinf-107, 150-3
82160
4
pinf-108, 95-3
pinf-109, 115-3
pinf-110, 130-2
Ok
pinf-111, 115-4
pinf-112, 104-1
epi-7, 33-1
pinf-113, 121-3
pinf-114, 130-3
pinf-115, 137-4
epi-8, 11-2
pinf-116, 159-4
pinf-117, 140-3
pinf-118, 115-5
pinf-119, 116-1
pinf-120, 135-3
pinf-121, 115-6
Ok
pinf-122, 168-1
pinf-123, 92-2
pinf-124, 122-1
pinf-125, 96-4
6
pinf-126, 93-2
pinf-127, 118-2
Ok
pinf-128, 152-1
pinf-129, 121-4
pinf-130, 91-1
pinf-131, 143-2
7
Ok
8
pinf-132, 148-4
epi-9, 82-1
Ok
pinf-133, 94-2
pinf-134, 174-1
9
9
pinf-135, 95-4
pinf-136, 162-1
pinf-137, 112-2
pinf-138, 132-5
pinf-139, 171-1
9
pinf-140, 174-2
pinf-141, 176-1
Ok
pinf-142, 135-4
pinf-143, 175-1
pinf-144, 145-2
pinf-145, 138-2
pinf-146, 99-3
pinf-147, 171-2
pinf-148, 95-5
pinf-149, 178-1
pinf-150, 115-7
pinf-151, 129-1
pinf-152, 172-1
pinf-153, 108-3
pinf-154, 125-5
pinf-155, 139-2
pinf-156, 173-1
pinf-157, 136-2
pinf-158, 104-2
pinf-159, 152-2
pinf-160, 113-3
pinf-161, 134-1
pinf-162, 176-2
pinf-163, 169-1
pinf-164, 136-3
pinf-165, 128-2
pinf-166, 148-5
epi-10, 67-1
pinf-167, 145-3
pinf-168, 157-1
pinf-169, 115-8
pinf-170, 161-3
epi-11, 5-1
pinf-171, 111-2
pinf-172, 141-5
pinf-173, 107-2
pinf-174, 120-2
pinf-175, 112-3
10
pinf-176, 153-1
pinf-177, 135-5
pinf-178, 139-3
epi-12, 28-1
pinf-179, 100-2
pinf-180, 133-1
pinf-181, 127-3
pinf-182, 175-2
pinf-183, 142-1
10
pinf-184, 100-3
10
Ok
epi-13, 30-2
pinf-185, 104-3
pinf-186, 153-2
pinf-187, 115-9
pinf-188, 176-3
epi-14, 77-1
pinf-189, 101-1
pinf-190, 105-2
pinf-191, 113-4
pinf-192, 125-6
pinf-193, 133-2
pinf-194, 148-6
pinf-195, 118-3
pinf-196, 164-2
pinf-197, 105-3
11
pinf-198, 91-2
pinf-199, 176-4
pinf-200, 121-5
pinf-201, 101-2
Ok
pinf-202, 97-1
pinf-203, 170-1
pinf-204, 177-1
pinf-205, 163-1
pinf-206, 139-4
pinf-207, 157-2
pinf-208, 154-2
pinf-209, 137-5
pinf-210, 175-3
pinf-211, 125-7
pinf-212, 115-10
Ok
pinf-213, 141-6
pinf-214, 178-2
13
pinf-215, 104-4
pinf-216, 95-6
pinf-217, 183-1
pinf-218, 162-2
epi-15, 39-1
pinf-219, 173-2
13
82160
Ok
pinf-220, 120-3
pinf-221, 163-2
pinf-222, 108-4
pinf-223, 94-3
pinf-224, 186-1
pinf-225, 115-11
pinf-226, 164-3
pinf-227, 185-1
pinf-228, 174-3
pinf-229, 110-3
pinf-230, 162-3
pinf-231, 112-4
pinf-232, 180-1
pinf-233, 173-3
14
pinf-234, 162-4
82160
pinf-235, 181-1
pinf-236, 94-4
pinf-237, 101-3
epi-16, 76-1
pinf-238, 94-5
pinf-239, 150-4
pinf-240, 186-2
pinf-241, 121-6
pinf-242, 184-1
pinf-243, 155-3
pinf-244, 143-3
pinf-245, 108-5
pinf-246, 109-2
pinf-247, 133-3
pinf-248, 96-5
pinf-249, 127-4
pinf-250, 111-3
pinf-251, 163-3
pinf-252, 133-4
pinf-253, 151-1
pinf-254, 127-5
pinf-255, 155-4
14
Ok
pinf-256, 109-3
15
pinf-257, 179-1
pinf-258, 125-8
pinf-259, 174-4
15
pinf-260, 117-1
epi-17, 21-1
pinf-261, 141-7
pinf-262, 126-3
pinf-263, 103-2
pinf-264, 119-3
pinf-265, 122-2
pinf-266, 124-4
pinf-267, 178-3
Ok
15
pinf-268, 146-1
pinf-269, 180-2
pinf-270, 98-1
15
pinf-271, 183-2
15
pinf-272, 185-2
pinf-273, 132-6
pinf-274, 157-3
pinf-275, 103-3
Ok
pinf-276, 190-1
16
pinf-277, 145-4
pinf-278, 110-4
pinf-279, 124-5
pinf-280, 188-1
16
16
pinf-281, 97-2
pinf-282, 167-1
pinf-283, 163-4
pinf-284, 148-7
16
pinf-285, 109-4
pinf-286, 114-2
pinf-287, 149-2
16
pinf-288, 139-5
Ok
17
pinf-289, 138-3
pinf-290, 157-4
pinf-291, 114-3
pinf-292, 117-2
pinf-293, 190-2
pinf-294, 157-5
pinf-295, 129-2
pinf-296, 149-3
pinf-297, 156-3
pinf-298, 171-3
pinf-299, 99-4
pinf-300, 149-4
pinf-301, 108-6
epi-18, 49-1
pinf-302, 136-4
82238
pinf-303, 105-4
pinf-304, 105-5
pinf-305, 100-4
pinf-306, 182-1
pinf-307, 168-2
pinf-308, 149-5
epi-19, 28-2
pinf-309, 186-3
pinf-310, 126-4
pinf-311, 102-2
pinf-312, 189-1
pinf-313, 165-1
pinf-314, 159-5
17
pinf-315, 108-7
Ok
18
pinf-316, 154-3
pinf-317, 193-1
pinf-318, 151-2
Ok
pinf-319, 102-3
epi-20, 91-1
Ok
pinf-320, 162-5
Ok
pinf-321, 166-2
epi-21, 40-1
pinf-322, 140-4
pinf-323, 182-2
epi-22, 35-1
pinf-324, 127-6
Ok
pinf-325, 163-5
22
pinf-326, 197-1
22
pinf-327, 157-6
pinf-328, 174-5
pinf-329, 112-5
Ok
epi-23, 70-1
pinf-330, 155-5
pinf-331, 188-2
pinf-332, 186-4
pinf-333, 159-6
pinf-334, 191-1
pinf-335, 190-3
pinf-336, 121-7
pinf-337, 186-5
pinf-338, 164-4
pinf-339, 149-6
pinf-340, 106-4
pinf-341, 157-7
pinf-342, 118-4
pinf-343, 128-3
pinf-344, 139-6
pinf-345, 177-2
pinf-346, 173-4
pinf-347, 161-4
pinf-348, 164-5
pinf-349, 191-2
pinf-350, 181-2
pinf-351, 186-6
pinf-352, 123-3
Ok
82238
pinf-353, 121-8
pinf-354, 144-1
Ok
pinf-355, 111-4
pinf-356, 118-5
pinf-357, 184-2
pinf-358, 105-6
pinf-359, 118-6
pinf-360, 184-3
pinf-361, 121-9
pinf-362, 148-8
pinf-363, 186-7
pinf-364, 183-3
pinf-365, 159-7
pinf-366, 120-4
pinf-367, 177-3
25
pinf-368, 162-6
pinf-369, 150-5
pinf-370, 188-3
pinf-371, 170-2
pinf-372, 135-6
pinf-373, 148-9
pinf-374, 128-4
epi-24, 78-1
25
pinf-375, 181-3
pinf-376, 187-1
pinf-377, 151-3
pinf-378, 150-6
pinf-379, 179-2
pinf-380, 173-5
pinf-381, 168-3
25
pinf-382, 202-1
pinf-383, 202-2
pinf-384, 182-3
Ok
epi-25, 18-1
pinf-385, 197-2
pinf-386, 131-1
pinf-387, 201-1
pinf-388, 113-5
pinf-389, 188-4
epi-26, 86-1
pinf-390, 198-1
26
pinf-391, 131-2
pinf-392, 210-1
pinf-393, 209-1
pinf-394, 116-2
pinf-395, 119-4
26
pinf-396, 199-1
pinf-397, 146-2
pinf-398, 131-3
Ok
pinf-399, 208-1
pinf-400, 135-7
pinf-401, 156-4
epi-27, 58-1
pinf-402, 140-5
pinf-403, 144-2
pinf-404, 189-2
pinf-405, 132-7
pinf-406, 210-2
pinf-407, 197-3
pinf-408, 200-1
pinf-409, 111-5
Ok
pinf-410, 120-5
pinf-411, 117-3
pinf-412, 185-3
pinf-413, 177-4
pinf-414, 145-5
pinf-415, 200-2
pinf-416, 110-5
pinf-417, 192-1
pinf-418, 156-5
Ok
pinf-419, 197-4
pinf-420, 190-4
pinf-421, 143-4
pinf-422, 120-6
pinf-423, 184-4
pinf-424, 128-5
pinf-425, 204-1
pinf-426, 178-4
epi-28, 84-1
pinf-427, 179-3
29
pinf-428, 140-6
pinf-429, 179-4
pinf-430, 171-4
pinf-431, 184-5
epi-29, 81-1
pinf-432, 136-5
pinf-433, 167-2
pinf-434, 166-3
29
29
pinf-435, 118-7
pinf-436, 176-5
pinf-437, 168-4
pinf-438, 207-1
epi-30, 31-2
pinf-439, 202-3
pinf-440, 193-2
pinf-441, 156-6
pinf-442, 132-8
pinf-443, 173-6
Ok
pinf-444, 112-6
30
Ok
pinf-445, 125-9
pinf-446, 182-4
pinf-447, 217-1
pinf-448, 215-1
pinf-449, 176-6
31
pinf-450, 139-7
pinf-451, 173-7
pinf-452, 112-7
pinf-453, 192-2
pinf-454, 207-2
pinf-455, 169-2
82238
pinf-456, 130-4
pinf-457, 139-8
pinf-458, 137-6
pinf-459, 161-5
pinf-460, 114-4
82238
pinf-461, 152-3
pinf-462, 164-6
pinf-463, 180-3
pinf-464, 180-4
pinf-465, 127-7
pinf-466, 121-10
pinf-467, 148-10
31
pinf-468, 183-4
pinf-469, 178-5
pinf-470, 118-8
31
pinf-471, 125-10
pinf-472, 132-9
pinf-473, 145-6
pinf-474, 114-5
pinf-475, 174-6
pinf-476, 207-3
pinf-477, 184-6
rnf-1, 64-1, 89-1
31
pinf-478, 215-2
82238
pinf-479, 124-6
pinf-480, 128-6
pinf-481, 121-11
pinf-482, 133-5
pinf-483, 181-4
31
Ok
pinf-484, 202-4
32
pinf-485, 131-4
pinf-486, 204-2
pinf-487, 214-1
pinf-488, 175-4
pinf-489, 191-3
pinf-490, 173-8
pinf-491, 219-1
pinf-492, 205-1
pinf-493, 199-2
pinf-494, 165-2
true
pinf-495, 165-3
pinf-496, 151-4
epi-31, 42-1
Ok
pinf-497, 217-2
pinf-498, 145-7
pinf-499, 188-5
pinf-500, 135-8
pinf-501, 131-5
pinf-502, 220-1
epi-32, 18-2
33
pinf-503, 155-6
epi-33, 1-1
pinf-504, 154-4
pinf-505, 205-2
pinf-506, 189-3
33
pinf-507, 129-3
Ok
pinf-508, 212-1
pinf-509, 213-1
pinf-510, 162-7
pinf-511, 142-2
pinf-512, 168-5
pinf-513, 131-6
pinf-514, 114-6
pinf-515, 194-1
pinf-516, 149-7
pinf-517, 183-5
pinf-518, 157-8
pinf-519, 168-6
pinf-520, 167-3
pinf-521, 133-6
pinf-522, 123-4
pinf-523, 173-9
34
pinf-524, 174-7
pinf-525, 189-4
34
pinf-526, 218-1
pinf-527, 180-5
pinf-528, 169-3
pinf-529, 131-7
pinf-530, 172-2
pinf-531, 157-9
pinf-532, 132-10
pinf-533, 149-8
pinf-534, 149-9
pinf-535, 222-1
Ok
pinf-536, 176-7
pinf-537, 168-7
pinf-538, 130-5
35
pinf-539, 180-6
pinf-540, 218-2
pinf-541, 226-1
Ok
pinf-542, 139-9
pinf-543, 147-2
pinf-544, 200-3
pinf-545, 168-8
82238
36
Ok
101
Ok
pinf-546, 205-3
pinf-547, 203-1
Ok
pinf-548, 171-5
pinf-549, 198-2
pinf-550, 210-3
pinf-551, 194-2
Ok
pinf-552, 175-5
Ok
pinf-553, 175-6
pinf-554, 227-1
pinf-555, 190-5
Ok
pinf-556, 197-5
42
pinf-557, 210-4
Ok
pinf-558, 139-10
pinf-559, 229-1
43
pinf-560, 208-2
82238
pinf-561, 162-8
pinf-562, 199-3
43
pinf-563, 177-5
pinf-564, 142-3
pinf-565, 191-4
pinf-566, 219-2
43
pinf-567, 230-1
pinf-568, 151-5
pinf-569, 198-3
pinf-570, 214-2
pinf-571, 181-5
43
pinf-572, 240-1
pinf-573, 149-10
pinf-574, 148-11
pinf-575, 227-2
pinf-576, 219-3
pinf-577, 171-6
pinf-578, 205-4
pinf-579, 240-2
pinf-580, 226-2
pinf-581, 135-9
pinf-582, 208-3
pinf-583, 189-5
pinf-584, 141-8
pinf-585, 129-4
pinf-586, 185-4
82238
pinf-587, 130-6
pinf-588, 201-2
Ok
pinf-589, 174-8
pinf-590, 203-2
pinf-591, 179-5
44
pinf-592, 208-4
pinf-593, 193-3
pinf-594, 150-7
pinf-595, 156-7
pinf-596, 138-4
44
pinf-597, 232-1
pinf-598, 139-11
Ok
pinf-599, 159-8
45
pinf-600, 133-7
82238
pinf-601, 175-7
pinf-602, 179-6
pinf-603, 198-4
pinf-604, 179-7
Ok
pinf-605, 223-1
pinf-606, 217-3
pinf-607, 221-1
pinf-608, 205-5
pinf-609, 178-6
45
pinf-610, 152-4
pinf-611, 203-3
pinf-612, 134-2
pinf-613, 180-7
epi-34, 97-1
pinf-614, 167-4
pinf-615, 190-6
pinf-616, 150-8
pinf-617, 173-10
pinf-618, 140-7
epi-35, 10-1
pinf-619, 203-4
45
pinf-620, 191-5
pinf-621, 188-6
pinf-622, 228-1
pinf-623, 172-3
pinf-624, 158-2
pinf-625, 219-4
pinf-626, 126-5
pinf-627, 187-2
pinf-628, 183-6
pinf-629, 141-9
pinf-630, 133-8
pinf-631, 207-4
pinf-632, 233-1
pinf-633, 234-1
pinf-634, 220-2
epi-36, 117-1
45
pinf-635, 134-3
45
pinf-636, 209-2
pinf-637, 126-6
45
pinf-638, 231-1
pinf-639, 177-6
pinf-640, 235-1
pinf-641, 247-1
pinf-642, 169-4
45
pinf-643, 167-5
pinf-644, 220-3
45
45
45
pinf-645, 175-8
pinf-646, 230-2
45
pinf-647, 243-1
pinf-648, 222-2
pinf-649, 140-8
pinf-650, 131-8
pinf-651, 130-7
pinf-652, 247-2
82316
pinf-653, 170-3
epi-37, 13-1
pinf-654, 215-3
Ok
pinf-655, 229-2
pinf-656, 210-5
pinf-657, 143-5
pinf-658, 137-7
pinf-659, 207-5
pinf-660, 154-5
pinf-661, 208-5
46
pinf-662, 224-1
pinf-663, 187-3
pinf-664, 216-1
pinf-665, 221-2
Ok
pinf-666, 128-7
Ok
pinf-667, 245-1
pinf-668, 135-10
pinf-669, 128-8
pinf-670, 183-7
pinf-671, 226-3
Ok
pinf-672, 236-1
pinf-673, 181-6
pinf-674, 160-3
pinf-675, 149-11
pinf-676, 230-3
pinf-677, 181-7
pinf-678, 153-3
pinf-679, 245-2
49
pinf-680, 173-11
Ok
Ok
pinf-681, 147-3
pinf-682, 259-1
51
pinf-683, 171-7
pinf-684, 132-11
pinf-685, 171-8
pinf-686, 201-3
pinf-687, 233-2
pinf-688, 164-7
51
Ok
52
pinf-689, 255-1
epi-38, 18-3
pinf-690, 213-2
pinf-691, 260-1
52
pinf-692, 237-1
pinf-693, 213-3
epi-39, 84-2
epi-40, 129-1
pinf-694, 133-9
pinf-695, 261-1
pinf-696, 168-9
epi-41, 112-1
epi-42, 7-1
pinf-697, 260-2
Ok
pinf-698, 155-7
pinf-699, 212-2
pinf-700, 231-2
pinf-701, 168-10
pinf-702, 199-4
pinf-703, 134-4
pinf-704, 165-4
Ok
pinf-705, 218-3
pinf-706, 184-7
54
54
pinf-707, 211-1
pinf-708, 145-8
rnf-2, 7-1, 96-1
54
epi-43, 101-1
pinf-709, 177-7
54
pinf-710, 150-9
pinf-711, 173-12
pinf-712, 236-2
pinf-713, 137-8
pinf-714, 259-2
pinf-715, 243-2
pinf-716, 261-2
pinf-717, 138-5
Ok
pinf-718, 239-1
pinf-719, 208-6
pinf-720, 180-8
pinf-721, 168-11
pinf-722, 142-4
55
pinf-723, 144-3
pinf-724, 212-3
pinf-725, 149-12
pinf-726, 175-9
pinf-727, 139-12
pinf-728, 228-2
pinf-729, 216-2
pinf-730, 217-4
pinf-731, 155-8
pinf-732, 218-4
pinf-733, 165-5
Ok
pinf-734, 165-6
56
Ok
pinf-735, 187-4
pinf-736, 141-10
pinf-737, 248-1
pinf-738, 209-3
pinf-739, 164-8
epi-44, 124-1
pinf-740, 260-3
57
pinf-741, 233-3
epi-45, 110-1
pinf-742, 177-8
pinf-743, 167-6
57
pinf-744, 193-4
pinf-745, 138-6
pinf-746, 245-3
pinf-747, 185-5
pinf-748, 141-11
pinf-749, 143-6
pinf-750, 242-1
pinf-751, 172-4
pinf-752, 255-2
pinf-753, 261-3
pinf-754, 159-9
pinf-755, 253-1
pinf-756, 217-5
pinf-757, 176-8
Ok
pinf-758, 268-1
pinf-759, 138-7
pinf-760, 266-1
pinf-761, 217-6
pinf-762, 262-1
pinf-763, 270-1
pinf-764, 184-8
pinf-765, 181-8
epi-46, 134-1
pinf-766, 155-9
pinf-767, 162-9
pinf-768, 243-3
epi-47, 123-1
pinf-769, 268-2
58
pinf-770, 190-7
pinf-771, 145-9
pinf-772, 196-1
pinf-773, 188-7
pinf-774, 181-9
pinf-775, 243-4
pinf-776, 197-6
pinf-777, 249-1
pinf-778, 253-2
58
pinf-779, 186-8
pinf-780, 153-4
pinf-781, 152-5
58
pinf-782, 199-5
58
pinf-783, 170-4
pinf-784, 256-1
Ok
pinf-785, 179-8
pinf-786, 189-6
pinf-787, 243-5
pinf-788, 145-10
pinf-789, 238-1
pinf-790, 212-4
pinf-791, 239-2
pinf-792, 200-4
Ok
pinf-793, 256-2
pinf-794, 199-6
rnf-3, 49-1, 125-1
pinf-795, 195-1
pinf-796, 152-6
60
pinf-797, 275-1
pinf-798, 204-3
pinf-799, 161-6
pinf-800, 210-6
60
pinf-801, 179-9
pinf-802, 148-12
pinf-803, 178-7
pinf-804, 275-2
pinf-805, 189-7
pinf-806, 247-3
pinf-807, 151-6
pinf-808, 251-1
pinf-809, 158-3
82316
pinf-810, 231-3
pinf-811, 233-4
pinf-812, 152-7
pinf-813, 236-3
pinf-814, 148-13
pinf-815, 271-1
pinf-816, 239-3
pinf-817, 200-5
pinf-818, 206-1
pinf-819, 248-2
pinf-820, 184-9
Ok
pinf-821, 242-2
pinf-822, 150-10
pinf-823, 183-8
pinf-824, 220-4
pinf-825, 163-6
pinf-826, 183-9
pinf-827, 236-4
pinf-828, 187-5
pinf-829, 194-3
pinf-830, 147-4
pinf-831, 210-7
pinf-832, 250-1
pinf-833, 190-8
Ok
pinf-834, 271-2
pinf-835, 179-10
pinf-836, 217-7
pinf-837, 239-4
pinf-838, 230-4
pinf-839, 209-4
pinf-840, 142-5
pinf-841, 207-6
pinf-842, 160-4
pinf-843, 273-1
pinf-844, 276-1
epi-48, 121-1
pinf-845, 159-10
epi-49, 79-1
pinf-846, 142-6
pinf-847, 260-4
Ok
pinf-848, 193-5
pinf-849, 242-3
63
Ok
82316
pinf-850, 237-2
pinf-851, 150-11
pinf-852, 221-3
pinf-853, 179-11
pinf-854, 189-8
pinf-855, 204-4
pinf-856, 267-1
pinf-857, 163-7
pinf-858, 168-12
pinf-859, 254-1
pinf-860, 222-3
pinf-861, 145-11
pinf-862, 148-14
64
pinf-863, 159-11
pinf-864, 167-7
pinf-865, 199-7
pinf-866, 171-9
pinf-867, 206-2
pinf-868, 210-8
82316
pinf-869, 161-7
64
pinf-870, 215-4
pinf-871, 264-1
pinf-872, 206-3
pinf-873, 274-1
pinf-874, 163-8
pinf-875, 174-9
198
pinf-876, 177-9
pinf-877, 215-5
pinf-878, 191-6
pinf-879, 218-5
pinf-880, 201-4
Ok
pinf-881, 152-8
pinf-882, 157-10
pinf-883, 255-3
pinf-884, 217-8
pinf-885, 267-2
pinf-886, 278-1
65
65
pinf-887, 208-7
pinf-888, 246-1
pinf-889, 230-5
pinf-890, 228-3
pinf-891, 168-13
pinf-892, 286-1
pinf-893, 222-4
pinf-894, 240-3
pinf-895, 175-10
Ok
pinf-896, 225-1
pinf-897, 289-1
pinf-898, 217-9
82316
pinf-899, 247-4
pinf-900, 167-8
66
Ok
pinf-901, 161-8
pinf-902, 163-9
pinf-903, 256-3
pinf-904, 275-3
pinf-905, 197-7
pinf-906, 290-1
pinf-907, 221-4
pinf-908, 219-5
67
pinf-909, 201-5
pinf-910, 268-3
67
pinf-911, 238-2
pinf-912, 217-10
pinf-913, 233-5
pinf-914, 152-9
pinf-915, 201-6
pinf-916, 252-1
Ok
pinf-917, 221-5
pinf-918, 173-13
pinf-919, 222-5
pinf-920, 152-10
68
pinf-921, 256-4
pinf-922, 285-1
pinf-923, 230-6
epi-50, 58-2
pinf-924, 264-2
82316
Ok
Ok
pinf-925, 160-5
70
Ok
pinf-926, 198-5
pinf-927, 288-1
pinf-928, 234-2
pinf-929, 163-10
pinf-930, 216-3
pinf-931, 258-1
pinf-932, 216-4
pinf-933, 271-3
pinf-934, 208-8
pinf-935, 196-2
Ok
72
pinf-936, 228-4
pinf-937, 195-2
pinf-938, 212-5
72
pinf-939, 281-1
pinf-940, 234-3
pinf-941, 211-2
pinf-942, 256-5
epi-51, 146-1
72
pinf-943, 271-4
pinf-944, 300-1
epi-52, 132-1
72
pinf-945, 154-6
pinf-946, 253-3
pinf-947, 272-1
72
pinf-948, 224-2
pinf-949, 292-1
Ok
pinf-950, 273-2
73
73
pinf-951, 212-6
pinf-952, 207-7
pinf-953, 231-4
82316
epi-53, 81-2
pinf-954, 297-1
pinf-955, 190-9
pinf-956, 175-11
Ok
epi-54, 113-1
pinf-957, 165-7
pinf-958, 229-3
pinf-959, 272-2
pinf-960, 234-4
pinf-961, 223-2
pinf-962, 249-2
pinf-963, 259-3
pinf-964, 225-2
pinf-965, 217-11
pinf-966, 286-2
pinf-967, 216-5
pinf-968, 186-9
pinf-969, 164-9
pinf-970, 154-7
pinf-971, 161-9
74
pinf-972, 278-2
82316
82316
pinf-973, 218-6
Ok
Ok
pinf-974, 213-4
pinf-975, 289-2
epi-55, 67-2
pinf-976, 257-1
pinf-977, 180-9
Ok
pinf-978, 249-3
77
pinf-979, 264-3
pinf-980, 210-9
pinf-981, 268-4
epi-56, 96-1
77
epi-57, 136-1
pinf-982, 255-4
pinf-983, 260-5
pinf-984, 241-1
77
77
Ok
pinf-985, 182-5
pinf-986, 261-4
pinf-987, 306-1
pinf-988, 250-2
pinf-989, 224-3
pinf-990, 218-7
pinf-991, 310-1
pinf-992, 203-5
pinf-993, 217-12
82316
78
pinf-994, 308-1
pinf-995, 281-2
epi-58, 127-1
pinf-996, 302-1
pinf-997, 309-1
pinf-998, 306-2
pinf-999, 178-8
pinf-1000, 180-10
pinf-1001, 212-7
pinf-1002, 243-6
pinf-1003, 175-12
pinf-1004, 161-10
pinf-1005, 225-3
pinf-1006, 252-2
pinf-1007, 230-7
pinf-1008, 312-1
pinf-1009, 250-3
pinf-1010, 226-4
pinf-1011, 256-6
pinf-1012, 302-2
pinf-1013, 299-1
pinf-1014, 195-3
pinf-1015, 227-3
pinf-1016, 307-1
pinf-1017, 159-12
pinf-1018, 310-2
pinf-1019, 205-6
Ok
pinf-1020, 223-3
pinf-1021, 197-8
Ok
Ok
pinf-1022, 305-1
pinf-1023, 301-1
pinf-1024, 165-8
pinf-1025, 294-1
pinf-1026, 283-1
81
pinf-1027, 309-2
pinf-1028, 300-2
pinf-1029, 177-10
pinf-1030, 211-3
pinf-1031, 316-1
Ok
pinf-1032, 259-4
82
pinf-1033, 214-3
pinf-1034, 200-6
rnf-4, 38-1, 89-2
pinf-1035, 206-4
pinf-1036, 204-5
pinf-1037, 185-6
pinf-1038, 183-10
pinf-1039, 212-8
pinf-1040, 176-9
pinf-1041, 188-8
pinf-1042, 236-5
82
pinf-1043, 183-11
pinf-1044, 163-11
pinf-1045, 245-4
pinf-1046, 223-4
82316
Ok
pinf-1047, 289-3
pinf-1048, 293-1
pinf-1049, 195-4
pinf-1050, 253-4
pinf-1051, 222-6
pinf-1052, 232-2
83
pinf-1053, 279-1
pinf-1054, 292-2
pinf-1055, 269-1
pinf-1056, 307-2
pinf-1057, 267-3
pinf-1058, 285-2
83
pinf-1059, 322-1
pinf-1060, 163-12
pinf-1061, 167-9
pinf-1062, 299-2
pinf-1063, 209-5
pinf-1064, 163-13
Ok
pinf-1065, 238-3
pinf-1066, 322-2
pinf-1067, 244-1
pinf-1068, 305-2
pinf-1069, 210-10
pinf-1070, 321-1
84
pinf-1071, 180-11
pinf-1072, 318-1
pinf-1073, 182-6
pinf-1074, 282-1
pinf-1075, 280-1
pinf-1076, 273-3
pinf-1077, 174-10
pinf-1078, 193-6
pinf-1079, 234-5
pinf-1080, 276-2
pinf-1081, 312-2
pinf-1082, 318-2
epi-59, 19-1
pinf-1083, 244-2
pinf-1084, 189-9
pinf-1085, 259-5
pinf-1086, 250-4
pinf-1087, 236-6
pinf-1088, 168-14
84
pinf-1089, 199-8
pinf-1090, 191-7
pinf-1091, 315-1
pinf-1092, 305-3
pinf-1093, 235-2
pinf-1094, 310-3
pinf-1095, 292-3
pinf-1096, 164-10
pinf-1097, 174-11
pinf-1098, 173-14
pinf-1099, 308-2
pinf-1100, 288-2
pinf-1101, 196-3
pinf-1102, 292-4
epi-60, 79-2
epi-61, 10-2
pinf-1103, 313-1
pinf-1104, 244-3
epi-62, 81-3
pinf-1105, 216-6
pinf-1106, 258-2
Ok
pinf-1107, 307-3
pinf-1108, 243-7
pinf-1109, 165-9
pinf-1110, 186-10
pinf-1111, 288-3
pinf-1112, 325-1
pinf-1113, 276-3
85
pinf-1114, 288-4
82316
pinf-1115, 289-4
pinf-1116, 192-3
pinf-1117, 177-11
pinf-1118, 208-9
85
pinf-1119, 166-4
pinf-1120, 288-5
pinf-1121, 266-2
pinf-1122, 304-1
pinf-1123, 186-11
pinf-1124, 272-3
pinf-1125, 221-6
pinf-1126, 183-12
Ok
Ok
pinf-1127, 298-1
pinf-1128, 264-4
pinf-1129, 238-4
pinf-1130, 283-2
pinf-1131, 311-1
pinf-1132, 262-2
pinf-1133, 203-6
pinf-1134, 224-4
87
Ok
pinf-1135, 303-1
pinf-1136, 303-2
pinf-1137, 253-5
Ok
pinf-1138, 280-2
pinf-1139, 209-6
pinf-1140, 301-2
pinf-1141, 182-7
pinf-1142, 173-15
pinf-1143, 202-5
pinf-1144, 266-3
pinf-1145, 248-3
pinf-1146, 199-9
pinf-1147, 222-7
pinf-1148, 280-3
pinf-1149, 290-2
pinf-1150, 321-2
pinf-1151, 220-5
pinf-1152, 234-6
pinf-1153, 179-12
pinf-1154, 262-3
pinf-1155, 192-4
pinf-1156, 252-3
Ok
pinf-1157, 226-5
pinf-1158, 245-5
pinf-1159, 180-12
pinf-1160, 263-1
pinf-1161, 248-4
pinf-1162, 290-3
89
