[   1.6280]RECEIVE-3-6
[   2.0290]ARRIVE-2-6
[   2.4300]ARRIVE-3-6
[   2.8300]ARRIVE-4-6
[   3.2310]ARRIVE-5-6
[   3.6310]ARRIVE-6-6
[   3.6320]OPEN-6-6
[   3.8320]IN-3-6-6
[   4.0320]CLOSE-6-6
[   4.4330]ARRIVE-7-6
[   4.8330]ARRIVE-8-6
[   5.2340]ARRIVE-9-6
[   5.6340]ARRIVE-10-6
[   6.0350]ARRIVE-11-6
[   6.0350]OPEN-11-6
[   6.2260]RECEIVE-31-3
[   6.2260]OPEN-1-3
[   6.2350]OUT-3-11-6
[   6.4260]IN-31-1-3
[   6.4360]CLOSE-11-6
[   6.6270]CLOSE-1-3
[   7.0270]ARRIVE-2-3
[   7.4280]ARRIVE-3-3
[   7.4280]OPEN-3-3
[   7.6280]OUT-31-3-3
[   7.8290]CLOSE-3-3
[  10.6250]RECEIVE-28-2
[  11.0260]ARRIVE-2-2
[  11.4260]ARRIVE-3-2
[  11.4270]OPEN-3-2
[  11.6270]IN-28-3-2
[  11.8270]CLOSE-3-2
[  12.2280]ARRIVE-4-2
[  12.4260]RESET_ACCEPT-5-6-3-0.5
[  12.4260]RESET_BEGIN-5
[  12.6280]ARRIVE-5-2
[  13.0290]ARRIVE-6-2
[  13.4290]ARRIVE-7-2
[  13.6270]RESET_END-5
[  13.8290]ARRIVE-8-2
[  13.8300]OPEN-8-2
[  14.0300]OUT-28-8-2
[  14.2300]CLOSE-8-2
[  14.8250]RECEIVE-40-6
[  15.2250]ARRIVE-10-6
[  15.6260]ARRIVE-9-6
[  16.0260]ARRIVE-8-6
[  16.4260]ARRIVE-7-6
[  16.8270]ARRIVE-6-6
[  17.2270]ARRIVE-5-6
[  17.6280]ARRIVE-4-6
[  17.9250]RECEIVE-16-5-B
[  18.0280]ARRIVE-3-6
[  18.4260]ARRIVE-8-5-B
[  18.4260]OPEN-8-5-B
[  18.4280]ARRIVE-2-6
[  18.4290]OPEN-2-6
[  18.5230]RECEIVE-62-4
[  18.6270]IN-16-8-5-B
[  18.6290]IN-40-2-6
[  18.8270]CLOSE-8-5-B
[  18.8290]CLOSE-2-6
[  18.9230]ARRIVE-2-4
[  19.2290]ARRIVE-1-6
[  19.2300]OPEN-1-6
[  19.3240]ARRIVE-3-4
[  19.3270]ARRIVE-9-5-B
[  19.4300]OUT-40-1-6
[  19.6300]CLOSE-1-6
[  19.7240]RECEIVE-2-6
[  19.7240]ARRIVE-4-4
[  19.8280]ARRIVE-10-5-B
[  20.1240]ARRIVE-2-6
[  20.1240]ARRIVE-5-4
[  20.2230]RECEIVE-47-2
[  20.3280]ARRIVE-11-5-B
[  20.3280]OPEN-11-5-B
[  20.5240]ARRIVE-3-6
[  20.5250]ARRIVE-6-4
[  20.5280]OUT-16-11-5-B
[  20.6230]ARRIVE-7-2
[  20.7290]CLOSE-11-5-B
[  20.9250]ARRIVE-4-6
[  20.9250]OPEN-4-6
[  20.9250]ARRIVE-7-4
[  21.0240]ARRIVE-6-2
[  21.1250]IN-2-4-6
[  21.3250]ARRIVE-8-4
[  21.3260]CLOSE-4-6
[  21.4240]ARRIVE-5-2
[  21.7260]ARRIVE-9-4
[  21.7260]OPEN-9-4
[  21.7260]ARRIVE-3-6
[  21.7260]OPEN-3-6
[  21.8250]ARRIVE-4-2
[  21.9260]IN-62-9-4
[  21.9260]OUT-2-3-6
[  22.0230]RECEIVE-48-4
[  22.1220]RESET_ACCEPT-3-8-0.4
[  22.1230]RESET_BEGIN-3
[  22.1270]CLOSE-9-4
[  22.1270]CLOSE-3-6
[  22.2250]ARRIVE-3-2
[  22.5270]ARRIVE-8-4
[  22.6250]ARRIVE-2-2
[  22.6260]OPEN-2-2
[  22.8260]IN-47-2-2
[  22.9270]ARRIVE-7-4
[  23.0260]CLOSE-2-2
[  23.3230]RESET_END-3
[  23.3270]ARRIVE-6-4
[  23.4270]ARRIVE-3-2
[  23.7280]ARRIVE-5-4
[  23.8270]ARRIVE-4-2
[  24.1280]ARRIVE-4-4
[  24.2270]ARRIVE-5-2
[  24.2280]OPEN-5-2
[  24.4280]OUT-47-5-2
[  24.5290]ARRIVE-3-4
[  24.5290]OPEN-3-4
[  24.6280]CLOSE-5-2
[  24.7290]OUT-62-3-4
[  24.9290]CLOSE-3-4
[  25.3300]ARRIVE-4-4
[  25.7300]ARRIVE-5-4
[  26.1300]ARRIVE-6-4
[  26.5310]ARRIVE-7-4
[  26.9320]ARRIVE-8-4
[  27.3320]ARRIVE-9-4
[  27.7330]ARRIVE-10-4
[  28.1330]ARRIVE-11-4
[  28.1330]OPEN-11-4
[  28.3330]IN-48-11-4
[  28.5340]CLOSE-11-4
[  28.9340]ARRIVE-10-4
[  29.3340]ARRIVE-9-4
[  29.5300]RECEIVE-6-6
[  29.7350]ARRIVE-8-4
[  29.8230]RESET_ACCEPT-6-6-8-0.2
[  29.9300]ARRIVE-4-6
[  29.9300]RESET_BEGIN-6
[  29.9310]RECEIVE-6-1
[  30.1350]ARRIVE-7-4
[  30.1350]OPEN-7-4
[  30.3310]ARRIVE-2-1
[  30.3360]OUT-48-7-4
[  30.5360]CLOSE-7-4
[  30.7310]ARRIVE-3-1
[  31.1310]RESET_END-6
[  31.1320]ARRIVE-4-1
[  31.3310]ARRIVE-6-6-B
[  31.3320]OPEN-6-6-B
[  31.5320]ARRIVE-5-1
[  31.7320]CLOSE-6-6-B
[  31.7320]IN-6-6-6-B
[  31.9320]ARRIVE-6-1
[  31.9320]ARRIVE-7-6-B
[  31.9330]OPEN-6-1
[  31.9330]OPEN-7-6-B
[  32.1330]IN-6-6-1
[  32.1330]OUT-6-7-6-B
[  32.3330]CLOSE-6-1
[  32.3330]CLOSE-7-6-B
[  32.7340]ARRIVE-7-1
[  32.7340]OPEN-7-1
[  32.9340]OUT-6-7-1
[  33.1340]CLOSE-7-1
