[   1.1580]RECEIVE-18-3
[   1.2530]RECEIVE-61-3
[   1.4550]RESET_ACCEPT-2-7-4-0.3
[   1.4550]RESET_BEGIN-2
[   1.5580]ARRIVE-2-3
[   1.8530]RECEIVE-59-5
[   1.8540]RECEIVE-10-6
[   1.8540]OPEN-1-5
[   1.8540]OPEN-1-6
[   1.9590]ARRIVE-3-3
[   1.9590]OPEN-3-3
[   2.0540]IN-59-1-5
[   2.0550]IN-10-1-6
[   2.1590]IN-18-3-3
[   2.2550]CLOSE-1-5
[   2.2550]CLOSE-1-6
[   2.3600]CLOSE-3-3
[   2.6550]ARRIVE-2-5
[   2.6550]ARRIVE-2-6
[   2.6560]RESET_END-2
[   2.6560]RECEIVE-60-2
[   2.7600]ARRIVE-4-3
[   2.8540]RECEIVE-48-5
[   3.0560]ARRIVE-3-5
[   3.0560]ARRIVE-3-6
[   3.1610]ARRIVE-5-3
[   3.4540]RESET_ACCEPT-5-6-8-0.2
[   3.4560]ARRIVE-4-5
[   3.4560]ARRIVE-4-6
[   3.4560]OPEN-4-5
[   3.5610]ARRIVE-6-3
[   3.5610]OPEN-6-3
[   3.6570]OUT-59-4-5
[   3.6570]RECEIVE-59-4
[   3.7620]IN-61-6-3
[   3.8570]ARRIVE-5-6
[   3.8570]CLOSE-4-5
[   3.8570]RESET_BEGIN-5
[   3.8580]RECEIVE-48-6
[   3.9620]CLOSE-6-3
[   4.0540]RECEIVE-41-2-A
[   4.0580]ARRIVE-2-4
[   4.2530]RECEIVE-69-2-B
[   4.2570]ARRIVE-6-6
[   4.3540]ARRIVE-5-2-A
[   4.3620]ARRIVE-7-3
[   4.4530]RECEIVE-21-3
[   4.4580]ARRIVE-3-4
[   4.5540]ARRIVE-9-2-B
[   4.6540]ARRIVE-4-2-A
[   4.6570]ARRIVE-7-6
[   4.6580]OPEN-7-6
[   4.7630]ARRIVE-8-3
[   4.8540]ARRIVE-10-2-B
[   4.8580]IN-48-7-6
[   4.8580]ARRIVE-4-4
[   4.8580]OPEN-4-4
[   4.9550]ARRIVE-3-2-A
[   4.9550]OPEN-3-2-A
[   5.0580]RESET_END-5
[   5.0580]OPEN-7-5-B
[   5.0580]CLOSE-7-6
[   5.0590]IN-59-4-4
[   5.1540]ARRIVE-11-2-B
[   5.1550]OPEN-11-2-B
[   5.1560]IN-41-3-2-A
[   5.1630]ARRIVE-9-3
[   5.2580]IN-48-7-5-B
[   5.2590]CLOSE-4-4
[   5.3550]IN-69-11-2-B
[   5.3560]CLOSE-3-2-A
[   5.4590]ARRIVE-8-6
[   5.4590]CLOSE-7-5-B
[   5.5550]CLOSE-11-2-B
[   5.5630]ARRIVE-10-3
[   5.5640]OPEN-10-3
[   5.6540]RECEIVE-1-6
[   5.6560]ARRIVE-4-2-A
[   5.6590]ARRIVE-5-4
[   5.6590]ARRIVE-8-5-B
[   5.7640]OUT-61-10-3
[   5.8560]ARRIVE-10-2-B
[   5.8590]ARRIVE-9-6
[   5.8590]ARRIVE-9-5-B
[   5.9560]ARRIVE-5-2-A
[   5.9570]OPEN-5-2-A
[   5.9640]CLOSE-10-3
[   6.0590]ARRIVE-6-4
[   6.0600]ARRIVE-10-5-B
[   6.0600]OPEN-10-5-B
[   6.1560]ARRIVE-9-2-B
[   6.1570]OUT-41-5-2-A
[   6.2590]ARRIVE-10-6
[   6.2590]OPEN-10-6
[   6.2600]OUT-59-10-5-B
[   6.2600]OUT-48-10-5-B
[   6.3570]CLOSE-5-2-A
[   6.3650]ARRIVE-11-3
[   6.3650]OPEN-11-3
[   6.4570]ARRIVE-8-2-B
[   6.4600]OUT-10-10-6
[   6.4600]ARRIVE-7-4
[   6.4600]OUT-48-10-6
[   6.4600]CLOSE-10-5-B
[   6.5650]OUT-18-11-3
[   6.6600]CLOSE-10-6
[   6.6610]ARRIVE-11-5-B
[   6.7570]ARRIVE-7-2-B
[   6.7570]OPEN-7-2-B
[   6.7650]CLOSE-11-3
[   6.8600]ARRIVE-8-4
[   6.8610]ARRIVE-12-5-B
[   6.9580]OUT-69-7-2-B
[   6.9580]RECEIVE-69-3
[   7.0610]ARRIVE-9-6
[   7.1580]CLOSE-7-2-B
[   7.1660]ARRIVE-10-3
[   7.2550]RECEIVE-44-4
[   7.2550]RECEIVE-70-4
[   7.2610]ARRIVE-9-4
[   7.4530]RECEIVE-25-6
[   7.4580]ARRIVE-8-2-B
[   7.4610]ARRIVE-8-6
[   7.5660]ARRIVE-9-3
[   7.6610]ARRIVE-10-4
[   7.6610]OPEN-10-4
[   7.8610]ARRIVE-7-6
[   7.8620]OUT-59-10-4
[   7.9670]ARRIVE-8-3
[   8.0620]CLOSE-10-4
[   8.1540]RECEIVE-27-2-A
[   8.2620]ARRIVE-6-6
[   8.3530]RECEIVE-67-6
[   8.3670]ARRIVE-7-3
[   8.3670]OPEN-7-3
[   8.4540]ARRIVE-4-2-A
[   8.4620]ARRIVE-11-4
[   8.4630]OPEN-11-4
[   8.5670]IN-69-7-3
[   8.6620]ARRIVE-5-6
[   8.6630]IN-44-11-4
[   8.7540]ARRIVE-3-2-A
[   8.7540]OPEN-3-2-A
[   8.7680]CLOSE-7-3
[   8.8630]CLOSE-11-4
[   8.9550]IN-27-3-2-A
[   9.0630]ARRIVE-4-6
[   9.1540]RESET_ACCEPT-6-4-0.5
[   9.1550]CLOSE-3-2-A
[   9.1680]ARRIVE-6-3
[   9.2630]ARRIVE-10-4
[   9.2640]OPEN-10-4
[   9.4550]ARRIVE-4-2-A
[   9.4630]ARRIVE-3-6
[   9.4630]RESET_BEGIN-6
[   9.4630]RECEIVE-1-4
[   9.4630]RECEIVE-67-4
[   9.4630]RECEIVE-25-4
[   9.4640]IN-70-10-4
[   9.4640]IN-25-10-4
[   9.5530]RESET_ACCEPT-4-5-4-0.3
[   9.5680]ARRIVE-5-3
[   9.6640]CLOSE-10-4
[   9.6640]OPEN-10-4
[   9.7560]ARRIVE-5-2-A
[   9.8650]OUT-70-10-4
[   9.8650]OUT-44-10-4
[   9.8650]OUT-25-10-4
[   9.8650]RECEIVE-70-4
[   9.8650]RECEIVE-44-1
[   9.9680]ARRIVE-4-3
[   9.9690]OPEN-4-3
[  10.0560]ARRIVE-6-2-A
[  10.0650]CLOSE-10-4
[  10.0650]RESET_BEGIN-4
[  10.0650]RECEIVE-67-1
[  10.1690]OUT-69-4-3
[  10.2650]ARRIVE-2-1
[  10.3560]ARRIVE-7-2-A
[  10.3570]OPEN-7-2-A
[  10.3690]CLOSE-4-3
[  10.5570]OUT-27-7-2-A
[  10.5570]RECEIVE-27-3
[  10.6630]RESET_END-6
[  10.6640]RECEIVE-25-6
[  10.6660]ARRIVE-3-1
[  10.7570]CLOSE-7-2-A
[  10.7700]ARRIVE-3-3
[  11.0580]ARRIVE-6-2-A
[  11.0660]ARRIVE-4-1
[  11.1640]ARRIVE-4-6
[  11.1700]ARRIVE-2-3
[  11.1700]OPEN-2-3
[  11.2650]RESET_END-4
[  11.2660]RECEIVE-1-4
[  11.2660]RECEIVE-70-4
[  11.2660]OPEN-6-4-B
[  11.3540]RECEIVE-11-1
[  11.3700]IN-21-2-3
[  11.4660]ARRIVE-5-1
[  11.4660]IN-67-6-4-B
[  11.5530]RECEIVE-62-4-A
[  11.5660]ARRIVE-3-4-A
[  11.5700]CLOSE-2-3
[  11.6640]ARRIVE-5-6
[  11.6670]CLOSE-6-4-B
[  11.8660]ARRIVE-2-4-A
[  11.8670]ARRIVE-6-1
[  11.8670]OPEN-2-4-A
[  11.8670]OPEN-6-1
[  11.9670]ARRIVE-7-4-B
[  11.9670]OPEN-7-4-B
[  11.9710]ARRIVE-3-3
[  12.0720]IN-1-2-4-A
[  12.0720]IN-67-6-1
[  12.1640]ARRIVE-6-6
[  12.1670]OUT-67-7-4-B
[  12.2720]CLOSE-2-4-A
[  12.2730]CLOSE-6-1
[  12.3680]CLOSE-7-4-B
[  12.3710]ARRIVE-4-3
[  12.5730]ARRIVE-1-4-A
[  12.5730]OPEN-1-4-A
[  12.6650]ARRIVE-7-6
[  12.6730]ARRIVE-7-1
[  12.6730]OPEN-7-1
[  12.7710]ARRIVE-5-3
[  12.7720]OPEN-5-3
[  12.7730]OUT-1-1-4-A
[  12.8540]RECEIVE-8-4-B
[  12.8730]OUT-67-7-1
[  12.9720]OUT-21-5-3
[  12.9740]CLOSE-1-4-A
[  12.9740]OPEN-1-4-A
[  13.0740]CLOSE-7-1
[  13.1540]ARRIVE-6-4-B
[  13.1550]OPEN-6-4-B
[  13.1650]ARRIVE-8-6
[  13.1720]CLOSE-5-3
[  13.1740]IN-62-1-4-A
[  13.3550]IN-8-6-4-B
[  13.3740]CLOSE-1-4-A
[  13.4740]ARRIVE-8-1
[  13.5540]RECEIVE-37-3
[  13.5550]CLOSE-6-4-B
[  13.5720]ARRIVE-6-3
[  13.6650]ARRIVE-9-6
[  13.6740]ARRIVE-2-4-A
[  13.8560]ARRIVE-7-4-B
[  13.8740]ARRIVE-9-1
[  13.9730]ARRIVE-7-3
[  13.9730]OPEN-7-3
[  13.9750]ARRIVE-3-4-A
[  14.0530]RECEIVE-51-6
[  14.1560]ARRIVE-8-4-B
[  14.1570]OPEN-8-4-B
[  14.1660]ARRIVE-10-6
[  14.1660]OPEN-10-6
[  14.1730]IN-27-7-3
[  14.2750]ARRIVE-10-1
[  14.2750]OPEN-10-1
[  14.2750]ARRIVE-4-4-A
[  14.3570]OUT-44-8-4-B
[  14.3570]OUT-25-8-4-B
[  14.3660]IN-25-10-6
[  14.3730]CLOSE-7-3
[  14.4750]IN-44-10-1
[  14.4750]IN-11-10-1
[  14.5570]CLOSE-8-4-B
[  14.5660]CLOSE-10-6
[  14.5750]ARRIVE-5-4-A
[  14.5760]OPEN-5-4-A
[  14.6750]CLOSE-10-1
[  14.7740]ARRIVE-8-3
[  14.7760]OUT-62-5-4-A
[  14.7760]RECEIVE-62-3
[  14.8580]ARRIVE-9-4-B
[  14.9760]CLOSE-5-4-A
[  15.0540]RECEIVE-64-3
[  15.0670]ARRIVE-9-6
[  15.0760]ARRIVE-9-1
[  15.1580]ARRIVE-10-4-B
[  15.1580]OPEN-10-4-B
[  15.1740]ARRIVE-9-3
[  15.1740]OPEN-9-3
[  15.2760]ARRIVE-4-4-A
[  15.3580]OUT-8-10-4-B
[  15.3740]OUT-27-9-3
[  15.4760]ARRIVE-8-1
[  15.4760]OPEN-8-1
[  15.5590]CLOSE-10-4-B
[  15.5670]ARRIVE-8-6
[  15.5670]OPEN-8-6
[  15.5750]CLOSE-9-3
[  15.6760]OUT-44-8-1
[  15.6770]OUT-11-8-1
[  15.7670]OUT-25-8-6
[  15.8590]ARRIVE-11-4-B
[  15.8770]CLOSE-8-1
[  15.9680]CLOSE-8-6
[  15.9750]ARRIVE-10-3
[  16.1590]ARRIVE-12-4-B
[  16.3750]ARRIVE-11-3
[  16.3750]OPEN-11-3
[  16.4680]ARRIVE-7-6
[  16.5760]IN-37-11-3
[  16.6540]RECEIVE-9-2-B
[  16.6550]OPEN-8-2-B
[  16.7760]CLOSE-11-3
[  16.8550]IN-9-8-2-B
[  16.9530]RECEIVE-16-2-B
[  16.9680]ARRIVE-6-6
[  17.0550]CLOSE-8-2-B
[  17.0560]OPEN-8-2-B
[  17.1760]ARRIVE-10-3
[  17.2560]IN-16-8-2-B
[  17.3530]RESET_ACCEPT-6-5-0.5
[  17.4560]CLOSE-8-2-B
[  17.4690]ARRIVE-5-6
[  17.4690]RESET_BEGIN-6
[  17.4690]RECEIVE-51-1
[  17.5530]RECEIVE-35-2-A
[  17.5770]ARRIVE-9-3
[  17.5770]OPEN-9-3
[  17.7560]ARRIVE-7-2-B
[  17.7560]OPEN-7-2-B
[  17.7770]OUT-37-9-3
[  17.8530]ARRIVE-5-2-A
[  17.8690]ARRIVE-7-1
[  17.9570]OUT-16-7-2-B
[  17.9570]OUT-9-7-2-B
[  17.9570]RECEIVE-16-4-B
[  17.9570]RECEIVE-9-3
[  17.9770]CLOSE-9-3
[  18.1540]ARRIVE-4-2-A
[  18.1570]CLOSE-7-2-B
[  18.2690]ARRIVE-6-1
[  18.3770]ARRIVE-8-3
[  18.4540]ARRIVE-3-2-A
[  18.4570]ARRIVE-8-2-B
[  18.6690]RESET_END-6
[  18.6700]ARRIVE-5-1
[  18.7540]ARRIVE-2-2-A
[  18.7540]OPEN-2-2-A
[  18.7780]ARRIVE-7-3
[  18.7780]OPEN-7-3
[  18.8540]RECEIVE-23-3
[  18.8540]RECEIVE-52-1
[  18.9550]IN-35-2-2-A
[  18.9780]IN-9-7-3
[  19.0700]ARRIVE-4-1
[  19.1550]CLOSE-2-2-A
[  19.1780]CLOSE-7-3
[  19.4550]ARRIVE-3-2-A
[  19.4700]ARRIVE-3-1
[  19.5540]RECEIVE-49-1
[  19.5790]ARRIVE-6-3
[  19.5790]OPEN-6-3
[  19.7550]ARRIVE-4-2-A
[  19.7790]OUT-9-6-3
[  19.8700]ARRIVE-2-1
[  19.9790]CLOSE-6-3
[  20.0560]ARRIVE-5-2-A
[  20.2710]ARRIVE-1-1
[  20.2710]OPEN-1-1
[  20.3560]ARRIVE-6-2-A
[  20.3790]ARRIVE-5-3
[  20.4710]IN-51-1-1
[  20.6530]RECEIVE-12-5-A
[  20.6530]RECEIVE-30-5-B
[  20.6560]ARRIVE-7-2-A
[  20.6560]OPEN-7-2-A
[  20.6760]CLOSE-1-1
[  20.7800]ARRIVE-4-3
[  20.7800]OPEN-4-3
[  20.8530]ARRIVE-6-5-A
[  20.8540]OPEN-6-5-A
[  20.8570]OUT-35-7-2-A
[  20.8570]RECEIVE-35-2-B
[  20.9800]IN-64-4-3
[  21.0570]CLOSE-7-2-A
[  21.0760]ARRIVE-2-1
[  21.1800]CLOSE-4-3
[  21.2540]CLOSE-6-5-A
[  21.2540]IN-12-6-5-A
[  21.3570]ARRIVE-6-2-A
[  21.3570]ARRIVE-7-2-B
[  21.3580]OPEN-7-2-B
[  21.4540]ARRIVE-5-5-A
[  21.4770]ARRIVE-3-1
[  21.5810]ARRIVE-3-3
[  21.6550]ARRIVE-4-5-A
[  21.6550]OPEN-4-5-A
[  21.7580]CLOSE-7-2-B
[  21.7580]IN-35-7-2-B
[  21.8550]OUT-12-4-5-A
[  21.8770]ARRIVE-4-1
[  21.9810]ARRIVE-2-3
[  22.0550]CLOSE-4-5-A
[  22.0580]ARRIVE-8-2-B
[  22.2770]ARRIVE-5-1
[  22.3530]RECEIVE-53-5-B
[  22.3580]ARRIVE-9-2-B
[  22.3810]ARRIVE-1-3
[  22.3810]OPEN-1-3
[  22.5810]OUT-64-1-3
[  22.6530]RECEIVE-42-6
[  22.6580]ARRIVE-10-2-B
[  22.6590]OPEN-10-2-B
[  22.6770]ARRIVE-6-1
[  22.7820]CLOSE-1-3
[  22.7820]OPEN-1-3
[  22.8590]OUT-35-10-2-B
[  22.9820]IN-23-1-3
[  23.0590]CLOSE-10-2-B
[  23.0780]ARRIVE-7-1
[  23.1530]ARRIVE-4-6
[  23.1820]CLOSE-1-3
[  23.4780]ARRIVE-8-1
[  23.5830]ARRIVE-2-3
[  23.6540]ARRIVE-3-6
[  23.8780]ARRIVE-9-1
[  23.9830]ARRIVE-3-3
[  24.0540]RECEIVE-65-1
[  24.1540]ARRIVE-2-6
[  24.1540]OPEN-2-6
[  24.2780]ARRIVE-10-1
[  24.2790]OPEN-10-1
[  24.3540]IN-42-2-6
[  24.3830]ARRIVE-4-3
[  24.4790]OUT-51-10-1
[  24.4790]IN-65-10-1
[  24.5550]CLOSE-2-6
[  24.6530]RECEIVE-63-2-B
[  24.6790]CLOSE-10-1
[  24.7830]ARRIVE-5-3
[  24.7840]OPEN-5-3
[  24.9540]ARRIVE-11-2-B
[  24.9540]OPEN-11-2-B
[  24.9840]IN-62-5-3
[  25.0550]ARRIVE-3-6
[  25.0550]OPEN-3-6
[  25.0790]ARRIVE-11-1
[  25.0800]OPEN-11-1
[  25.1540]IN-63-11-2-B
[  25.1840]CLOSE-5-3
[  25.2550]OUT-42-3-6
[  25.2800]OUT-65-11-1
[  25.3540]RECEIVE-7-1
[  25.3540]CLOSE-11-2-B
[  25.4550]CLOSE-3-6
[  25.4800]CLOSE-11-1
[  25.4800]OPEN-11-1
[  25.5840]ARRIVE-6-3
[  25.6550]ARRIVE-10-2-B
[  25.6800]IN-49-11-1
[  25.8530]RECEIVE-15-3
[  25.8800]CLOSE-11-1
[  25.9550]ARRIVE-9-2-B
[  25.9840]ARRIVE-7-3
[  25.9850]OPEN-7-3
[  26.1850]OUT-23-7-3
[  26.2530]RECEIVE-24-1
[  26.2550]ARRIVE-8-2-B
[  26.2810]ARRIVE-10-1
[  26.2810]OPEN-10-1
[  26.3850]CLOSE-7-3
[  26.4810]OUT-49-10-1
[  26.5530]RECEIVE-2-5-A
[  26.5550]ARRIVE-7-2-B
[  26.5550]OPEN-7-2-B
[  26.6530]RECEIVE-50-5-B
[  26.6530]RECEIVE-31-5-B
[  26.6810]CLOSE-10-1
[  26.7530]ARRIVE-5-5-A
[  26.7540]OPEN-5-5-A
[  26.7550]OUT-63-7-2-B
[  26.7560]RECEIVE-63-5-B
[  26.7850]ARRIVE-8-3
[  26.7850]OPEN-8-3
[  26.9540]IN-2-5-5-A
[  26.9560]CLOSE-7-2-B
[  26.9860]IN-15-8-3
[  27.0530]RECEIVE-57-5-A
[  27.0820]ARRIVE-9-1
[  27.1540]CLOSE-5-5-A
[  27.1860]CLOSE-8-3
[  27.2560]ARRIVE-8-2-B
[  27.3540]ARRIVE-6-5-A
[  27.3540]OPEN-6-5-A
[  27.4820]ARRIVE-8-1
[  27.4820]OPEN-8-1
[  27.5550]OUT-2-6-5-A
[  27.5860]ARRIVE-9-3
[  27.6820]IN-7-8-1
[  27.7550]CLOSE-6-5-A
[  27.7550]OPEN-6-5-A
[  27.8820]CLOSE-8-1
[  27.9860]ARRIVE-10-3
[  27.9860]OPEN-10-3
[  28.1540]RECEIVE-5-5-A
[  28.1550]CLOSE-6-5-A
[  28.1550]IN-57-6-5-A
[  28.1870]OUT-62-10-3
[  28.1870]OUT-15-10-3
[  28.2830]ARRIVE-7-1
[  28.3550]ARRIVE-5-5-A
[  28.3560]OPEN-5-5-A
[  28.3870]CLOSE-10-3
[  28.4530]RECEIVE-28-5-B
[  28.5560]OUT-57-5-5-A
[  28.6830]ARRIVE-6-1
[  28.7560]CLOSE-5-5-A
[  28.9560]ARRIVE-4-5-A
[  29.0830]ARRIVE-5-1
[  29.0840]OPEN-5-1
[  29.1570]ARRIVE-3-5-A
[  29.2840]IN-52-5-1
[  29.3570]ARRIVE-2-5-A
[  29.4840]CLOSE-5-1
[  29.5570]ARRIVE-1-5-A
[  29.5570]OPEN-1-5-A
[  29.6540]RECEIVE-54-1
[  29.6540]RESET_ACCEPT-1-5-5-0.2
[  29.7570]IN-5-1-5-A
[  29.8840]ARRIVE-4-1
[  29.8840]OPEN-4-1
[  29.9580]CLOSE-1-5-A
[  30.0840]OUT-52-4-1
[  30.0850]OUT-7-4-1
[  30.0850]RECEIVE-7-6
[  30.1580]ARRIVE-2-5-A
[  30.2850]CLOSE-4-1
[  30.2850]RESET_BEGIN-1
[  30.2850]RECEIVE-24-4-A
[  30.2850]RECEIVE-54-5-B
[  30.2850]OPEN-4-4-A
[  30.3580]ARRIVE-3-5-A
[  30.4850]IN-24-4-4-A
[  30.5580]ARRIVE-4-5-A
[  30.5850]ARRIVE-4-6
[  30.5850]OPEN-4-6
[  30.6860]CLOSE-4-4-A
[  30.7580]ARRIVE-5-5-A
[  30.7590]OPEN-5-5-A
[  30.7850]IN-7-4-6
[  30.9590]OUT-5-5-5-A
[  30.9850]CLOSE-4-6
[  30.9860]ARRIVE-5-4-A
[  30.9860]OPEN-5-4-A
[  31.1590]CLOSE-5-5-A
[  31.1860]OUT-24-5-4-A
[  31.1860]RECEIVE-24-2-A
[  31.3860]CLOSE-5-4-A
[  31.4850]RESET_END-1
[  31.4860]ARRIVE-3-6
[  31.4860]ARRIVE-5-2-A
[  31.4860]OPEN-5-2-A
[  31.6850]ARRIVE-7-1-B
[  31.6870]ARRIVE-4-4-A
[  31.6870]IN-24-5-2-A
[  31.8860]ARRIVE-8-1-B
[  31.8870]CLOSE-5-2-A
[  31.9860]ARRIVE-2-6
[  32.0860]ARRIVE-9-1-B
[  32.0860]OPEN-9-1-B
[  32.1870]ARRIVE-6-2-A
[  32.2860]IN-54-9-1-B
[  32.4860]ARRIVE-1-6
[  32.4860]OPEN-1-6
[  32.4860]CLOSE-9-1-B
[  32.4870]ARRIVE-7-2-A
[  32.4870]OPEN-7-2-A
[  32.6860]OUT-7-1-6
[  32.6870]ARRIVE-8-1-B
[  32.6870]OUT-24-7-2-A
[  32.8860]CLOSE-1-6
[  32.8870]ARRIVE-7-1-B
[  32.8870]CLOSE-7-2-A
[  33.0870]ARRIVE-6-1-B
[  33.0870]OPEN-6-1-B
[  33.1880]ARRIVE-6-2-A
[  33.2870]OUT-54-6-1-B
[  33.4880]CLOSE-6-1-B
